=== Run started at Mon Nov 24 12:10:51 UTC 2025 ===
[BUILD] Build directory found, running the script
[RUN] Starting para-exec.sh...
[0;90m2025-11-24 12:10:51.218 [0;1;96m[ Debug ][m: reopen RouDi's IPC channel!
[0;90m2025-11-24 12:10:51.218 [0;1;93m[Warning][m: RouDi not found - waiting ...
Log level set to: [0;1;93m[Warning][m
Reserving 92775704 bytes in the shared memory [iceoryx_mgmt]
[ Reserving shared memory successful ] 
Reserving 484809200 bytes in the shared memory [root]
[ Reserving shared memory successful ] 
RouDi is ready for clients
[0;90m2025-11-24 12:10:51.518 [0;1;96m[ Debug ][m: RouDi IPC Channel found!
[0;90m2025-11-24 12:10:51.518 [0;1;93m[Warning][m: ... RouDi found.
[0;90m2025-11-24 12:10:51.519 [0;1;96m[ Debug ][m: Application registered management segment 0x73f71a5a3000 with size 92775704 to id 1
[0;90m2025-11-24 12:10:51.519 [0;1;96m[ Debug ][m: Application registered payload data segment 0x73f6fd749000 with size 484809200 to id 2
[0;90m2025-11-24 12:10:52.025 [0;1;96m[ Debug ][m: Application registered management segment 0x7321e289c000 with size 92775704 to id 1
[0;90m2025-11-24 12:10:52.025 [0;1;96m[ Debug ][m: Application registered payload data segment 0x7321c5a42000 with size 484809200 to id 2
[0;90m2025-11-24 12:10:52.050 [0;1;96m[ Debug ][m: Application registered management segment 0x7848475ae000 with size 92775704 to id 1
[0;90m2025-11-24 12:10:52.050 [0;1;96m[ Debug ][m: Application registered payload data segment 0x78482a754000 with size 484809200 to id 2
[0;90m2025-11-24 12:10:52.059 [0;1;93m[Warning][m: IPC channel still there, doing an unlink of ProviderSensor
[0;90m2025-11-24 12:10:52.060 [0;1;96m[ Debug ][m: Application registered management segment 0x722dfca34000 with size 92775704 to id 1
[0;90m2025-11-24 12:10:52.060 [0;1;96m[ Debug ][m: Application registered payload data segment 0x722ddfbda000 with size 484809200 to id 2
2025/11/24 12:10:52.061741  128980454 000 ECU1 PVSE PVSE log verbose V 1 [ProviderSensor::Initialize]
[12898.045533]~DLT~39348~ERROR    ~dlt_user_log_send_log: File size (0 bytes) reached to defined maximum size (0 bytes)
[0;90m2025-11-24 12:10:52.090 [0;1;96m[ Debug ][m: Application registered management segment 0x759f8708b000 with size 92775704 to id 1
[0;90m2025-11-24 12:10:52.090 [0;1;96m[ Debug ][m: Application registered payload data segment 0x759f6a231000 with size 484809200 to id 2
2025/11/24 12:10:52.090918  128980746 000 ECU1 CLSE CLSE log verbose V 1 [ClientSensor::Initialize]
[12898.074670]~DLT~39369~ERROR    ~dlt_user_log_send_log: File size (0 bytes) reached to defined maximum size (0 bytes)
2025/11/24 12:10:52.090942  128980746 001 ECU1 CLSE CLSE log verbose V 1 [ClientSensor::Start]
2025/11/24 12:10:52.090946  128980746 002 ECU1 CLSE CLSE log verbose V 1 [Sensor::Start]
2025/11/24 12:10:52.092136  128980758 003 ECU1 CLSE CLSE log verbose V 1 [Sensor::Start::StartFindService]
2025/11/24 12:10:52.092139  128980758 004 ECU1 CLSE CLSE log verbose V 4 [Sensor::Find::Searched Instance::ServiceId = 21 , InstanceId = 1]
2025/11/24 12:10:52.092156  128980758 005 ECU1 CLSE CLSE log verbose V 1 [Sensorv2::Start]
2025/11/24 12:10:52.092177  128980759 006 ECU1 CLSE CLSE log verbose V 4 [Sensor::Find::Using Instance::ServiceId = 21 , InstanceId = 1]
2025/11/24 12:10:52.092671  128980764 007 ECU1 CLSE CLSE log verbose V 1 [Sensor::SubscribeEvent_transferData::Subscribed]
2025/11/24 12:10:52.092688  128980764 008 ECU1 CLSE CLSE log verbose V 1 [Sensorv2::Find::Service Instances not found]
2025/11/24 12:10:52.092798  128980765 009 ECU1 CLSE CLSE log verbose V 1 [Sensorv2::Start::StartFindService]
2025/11/24 12:10:52.096908  128980806 010 ECU1 CLSE CLSE log verbose V 1 [Running adaptive application]
2025/11/24 12:10:52.096967  128980807 011 ECU1 CLSE CLSE log verbose V 1 [ClientSensor::Run]
2025/11/24 12:10:52.097091  128980808 012 ECU1 CLSE CLSE log verbose V 2 [Sensor::ReceiveEventEvent_transferData::GetNewSamples:: 0]
2025/11/24 12:10:52.114491  128980982 013 ECU1 CLSE CLSE log verbose V 4 [Sensorv2::Find::Searched Instance::ServiceId = 22 , InstanceId = 2]
2025/11/24 12:10:52.114518  128980982 014 ECU1 CLSE CLSE log verbose V 4 [Sensorv2::Find::Using Instance::ServiceId = 22 , InstanceId = 2]
2025/11/24 12:10:52.115282  128980990 015 ECU1 CLSE CLSE log verbose V 1 [Sensorv2::SubscribeEvent_RequestData::Subscribed]
2025/11/24 12:10:53.097233  128990809 016 ECU1 CLSE CLSE log verbose V 2 [Sensor::ReceiveEventEvent_transferData::GetNewSamples:: 1]
2025/11/24 12:10:53.097277  128990810 017 ECU1 CLSE CLSE log info V 3 [Sensorv2::ReadDataEvent_RequestData - Received  1000  bytes]
2025/11/24 12:10:53.097290  128990810 018 ECU1 CLSE CLSE log info V 1 [First 50 bytes: 1c 6d 76 0a e9 9d 83 ab 9f 1a a5 d0 b3 3b aa dc 42 eb 02 1a c6 c6 4d 12 80 14 ac e2 fc 08 dc 68 e0 47 38 fe d9 ee b7 8a 28 f9 55 08 66 29 3f a4 9a 10 ]
2025/11/24 12:10:53.097293  128990810 019 ECU1 CLSE CLSE log verbose V 2 [Sensorv2::ReceiveEventEvent_RequestData::GetNewSamples:: 1]
2025/11/24 12:10:54.097384  129000811 020 ECU1 CLSE CLSE log info V 3 [Sensorv2::ReadDataEvent_RequestData - Received  1000  bytes]
2025/11/24 12:10:54.097405  129000811 022 ECU1 CLSE CLSE log info V 1 [First 50 bytes: a0 f3 f7 7f c7 44 cb 84 94 42 a1 fb fd d3 2f cc da db b6 14 63 07 53 b7 77 69 34 93 cc 7c 02 5d f2 fa 83 83 b3 99 98 1e 1d f7 2d 37 60 87 c5 08 5e 6f ]
2025/11/24 12:10:54.097408  129000811 023 ECU1 CLSE CLSE log verbose V 2 [Sensorv2::ReceiveEventEvent_RequestData::GetNewSamples:: 1]
2025/11/24 12:10:54.097387  129000811 021 ECU1 CLSE CLSE log verbose V 2 [Sensor::ReceiveEventEvent_transferData::GetNewSamples:: 1]
2025/11/24 12:10:55.097497  129010812 024 ECU1 CLSE CLSE log info V 3 [Sensorv2::ReadDataEvent_RequestData - Received  1000  bytes]
2025/11/24 12:10:55.097529  129010812 025 ECU1 CLSE CLSE log info V 1 [First 50 bytes: 29 3a e7 71 89 8b a7 57 45 17 18 b0 b9 6a d0 59 16 9e 8c 13 88 53 4d e1 6b 2a 21 65 7f 13 35 c3 b7 ce 51 42 4b d9 cf 6d 45 45 21 47 d1 c6 55 ce d6 bb ]
2025/11/24 12:10:55.097532  129010812 026 ECU1 CLSE CLSE log verbose V 2 [Sensorv2::ReceiveEventEvent_RequestData::GetNewSamples:: 1]
2025/11/24 12:10:55.097601  129010813 027 ECU1 CLSE CLSE log verbose V 2 [Sensor::ReceiveEventEvent_transferData::GetNewSamples:: 1]
2025/11/24 12:10:56.097632  129020813 028 ECU1 CLSE CLSE log info V 3 [Sensorv2::ReadDataEvent_RequestData - Received  1000  bytes]
2025/11/24 12:10:56.097647  129020813 029 ECU1 CLSE CLSE log info V 1 [First 50 bytes: df fe ba 2a 0c ab 40 07 6d 06 5c ec 06 77 9e bb ce ff f8 5c 41 fa 37 86 0c 03 0c b0 11 20 1f 86 c5 f4 58 6e 5b a4 4d a7 c4 c6 60 9a 9f 44 aa 2e 53 67 ]
2025/11/24 12:10:56.097651  129020813 030 ECU1 CLSE CLSE log verbo2025/11/24 12:10:52.061816  128980455 001 ECU1 PVSE PVSE log verbose V 1 [ProviderSensor::Start]
2025/11/24 12:10:52.061825  128980455 002 ECU1 PVSE PVSE log verbose V 1 [Sensor::Start]
2025/11/24 12:10:52.065436  128980491 003 ECU1 PVSE PVSE log verbose V 1 [Sensor::Start::OfferService]
2025/11/24 12:10:52.065463  128980491 004 ECU1 PVSE PVSE log verbose V 1 [Sensorv2::Start]
2025/11/24 12:10:52.068072  128980518 005 ECU1 PVSE PVSE log verbose V 1 [Sensorv2::Start::OfferService]
2025/11/24 12:10:52.076937  128980606 006 ECU1 PVSE PVSE log verbose V 1 [Running adaptive application]
2025/11/24 12:10:52.076961  128980606 007 ECU1 PVSE PVSE log verbose V 1 [ProviderSensor::Run]
 128980609 008 ECU1 PVSE PVSE log info V 3 [Sensorv2::SendEventEvent_RequestDataCyclic::Received  1000  bytes]
 V  128980609 010 ECU1 PVSE [Sensor::SendEventEvent_transferDataCyclic::Send::i no clients ]
Sensor::SendEventEvent_transferDataCyclic::Send::i no clients 1 [First 50 bytes: d1 9b 91 a2 e2 77 55 5e 8e e6 b2 8d 66 95 4e 3a 95 60 98 17 61 9c 2b 10 d7 bd 44 b4 10 cb 55 d3 2d f1 ec e2 1c 63 b4 07 e4 b9 12 0f 7b 35 2a 73 93 9f ]
2025/11/24 12:10:52.077608  128980613 011 ECU1 PVSE PVSE log error V 2 [Sensorv2::SendEventEvent_RequestDataCyclic::Received:: no clients]
2025/11/24 12:10:53.077548  128990612 012 ECU1 PVSE PVSE log verbose V 1 [Sensor::SendEventEvent_transferDataCyclic::Send]
2025/11/24 12:10:53.077847  128990615 013 ECU1 PVSE PVSE log info V 3 [Sensorv2::SendEventEvent_RequestDataCyclic::Received  1000  bytes]
2025/11/24 12:10:53.077898  128990616 014 ECU1 PVSE PVSE log info V 1 [First 50 bytes: 1c 6d 76 0a e9 9d 83 ab 9f 1a a5 d0 b3 3b aa dc 42 eb 02 1a c6 c6 4d 12 80 14 ac e2 fc 08 dc 68 e0 47 38 fe d9 ee b7 8a 28 f9 55 08 66 29 3f a4 9a 10 ]
2025/11/24 12:10:53.078307  128990620 015 ECU1 PVSE PVSE log verbose V 1 [Sensorv2::SendEventEvent_RequestDataCyclic::Received]
2025/11/24 12:10:54.078196  129000619 016 ECU1 PVSE PVSE log verbose V 1 [Sensor::SendEventEvent_transferDataCyclic::Send]
2025/11/24 12:10:54.078400  129000621 017 ECU1 PVSE PVSE log info V 3 [Sensorv2::SendEventEvent_RequestDataCyclic::Received  1000  bytes]
2025/11/24 12:10:54.078448  129000621 018 ECU1 PVSE PVSE log info V 1 [First 50 bytes: a0 f3 f7 7f c7 44 cb 84 94 42 a1 fb fd d3 2f cc da db b6 14 63 07 53 b7 77 69 34 93 cc 7c 02 5d f2 fa 83 83 b3 99 98 1e 1d f7 2d 37 60 87 c5 08 5e 6f ]
2025/11/24 12:10:54.078774  129000625 019 ECU1 PVSE PVSE log verbose V 1 [Sensorv2::SendEventEvent_RequestDataCyclic::Received]
2025/11/24 12:10:55.078861  129010625 020 ECU1 PVSE PVSE log verbose V 1 [Sensor::SendEventEvent_transferDataCyclic::Send]
2025/11/24 12:10:55.078972  129010627 021 ECU1 PVSE PVSE log info V 3 [Sensorv2::SendEventEvent_RequestDataCyclic::Received  1000  bytes]
2025/11/24 12:10:55.079028  129010627 022 ECU1 PVSE PVSE log info V 1 [First 50 bytes: 29 3a e7 71 89 8b a7 57 45 17 18 b0 b9 6a d0 59 16 9e 8c 13 88 53 4d e1 6b 2a 21 65 7f 13 35 c3 b7 ce 51 42 4b d9 cf 6d 45 45 21 47 d1 c6 55 ce d6 bb ]
2025/11/24 12:10:55.079279  129010630 023 ECU1 PVSE PVSE log verbose V 1 [Sensorv2::SendEventEvent_RequestDataCyclic::Received]
2025/11/24 12:10:56.079384  129020631 024 ECU1 PVSE PVSE log info V 3 [Sensorv2::SendEventEvent_RequestDataCyclic::Received  1000  bytes]
2025/11/24 12:10:56.079440  129020631 025 ECU1 PVSE PVSE log info V 1 [First 50 bytes: df fe ba 2a 0c ab 40 07 6d 06 5c ec 06 77 9e bb ce ff f8 5c 41 fa 37 86 0c 03 0c b0 11 20 1f 86 c5 f4 58 6e 5b a4 4d a7 c4 c6 60 9a 9f 44 aa 2e 53 67 ]
2025/11/24 12:10:56.079584  129020633 026 ECU1 PVSE PVSE log verbose V 1 [Sensor::SendEventEvent_transferDataCyclic::Send]
2025/11/24 12:10:56.079862  129020635 027 ECU1 PVSE PVSE log verbose V 1 [Sensorv2::SendEventEvent_RequestDataCyclic::Received]
2025/11/24 12:10:57.080064  129030638 028 ECU1 PVSE PVSE log info V 3 [Sensorv2::SendEventEvent_RequestDataCyclic::Received  1000  bytes]
2025/11/24 12:10:57.080129  129030638 029 ECU1 PVSE PVSE log info V 1 [First 50 bytes: 9c af 41 c7 3d 14 bf 53 d9 fe 32 0c 11 89 b4 1a 0f fd 75 e9 2f 90 2e 8e 91 8d b2 9e 54 e0 05 fb 9a se V 2 [Sensorv2::ReceiveEventEvent_RequestData::GetNewSamples:: 1]
2025/11/24 12:10:56.097743  129020814 031 ECU1 CLSE CLSE log verbose V 2 [Sensor::ReceiveEventEvent_transferData::GetNewSamples:: 1]
2025/11/24 12:10:57.097770  129030815 032 ECU1 CLSE CLSE log info V 3 [Sensorv2::ReadDataEvent_RequestData - Received  1000  bytes]
2025/11/24 12:10:57.097805  129030815 033 ECU1 CLSE CLSE log info V 1 [First 50 bytes: 9c af 41 c7 3d 14 bf 53 d9 fe 32 0c 11 89 b4 1a 0f fd 75 e9 2f 90 2e 8e 91 8d b2 9e 54 e0 05 fb 9a f1 52 2e 38 ce 78 7f 46 46 cf 35 ba 7c 75 7b 1f 24 ]
2025/11/24 12:10:57.097809  129030815 034 ECU1 CLSE CLSE log verbose V 2 [Sensorv2::ReceiveEventEvent_RequestData::GetNewSamples:: 1]
2025/11/24 12:10:57.097816  129030815 035 ECU1 CLSE CLSE log verbose V 2 [Sensor::ReceiveEventEvent_transferData::GetNewSamples:: 1]
2025/11/24 12:10:58.097919  129040816 036 ECU1 CLSE CLSE log verbose V 2 [Sensor::ReceiveEventEvent_transferData::GetNewSamples:: 1]
2025/11/24 12:10:58.097946  129040816 037 ECU1 CLSE CLSE log info V 3 [Sensorv2::ReadDataEvent_RequestData - Received  1000  bytes]
2025/11/24 12:10:58.097958  129040816 038 ECU1 CLSE CLSE log info V 1 [First 50 bytes: a3 37 59 de ff 1d 9f 51 4f 6a 60 01 5d 4d e0 43 ac 63 15 a2 a3 13 02 6a 78 b2 90 b4 af 7b ff 3e 09 be 51 b3 2d 5f f3 76 99 62 3f c2 32 6b f3 26 b8 31 ]
2025/11/24 12:10:58.097961  129040816 039 ECU1 CLSE CLSE log verbose V 2 [Sensorv2::ReceiveEventEvent_RequestData::GetNewSamples:: 1]
2025/11/24 12:10:59.098041  129050817 040 ECU1 CLSE CLSE log verbose V 2 [Sensor::ReceiveEventEvent_transferData::GetNewSamples:: 1]
2025/11/24 12:10:59.098092  129050818 041 ECU1 CLSE CLSE log info V 3 [Sensorv2::ReadDataEvent_RequestData - Received  1000  bytes]
2025/11/24 12:10:59.098103  129050818 042 ECU1 CLSE CLSE log info V 1 [First 50 bytes: 5b 7a c2 fc e3 4d 3b da de 42 87 7b 4d 7d e1 6b 03 00 78 a7 5b 1d 74 ea 7b b5 a0 ef c4 9a 29 65 b1 38 fa c4 1a 26 ea a2 eb 0c 6f 35 cc 3c b8 34 30 e3 ]
2025/11/24 12:10:59.098106  129050818 043 ECU1 CLSE CLSE log verbose V 2 [Sensorv2::ReceiveEventEvent_RequestData::GetNewSamples:: 1]
 [Sensor::ReceiveEventEvent_transferData::GetNewSamples:: 1]
2025/11/24 12:11:00.098188  129060819 045 ECU1 CLSE CLSE log info V 3 [Sensorv2::ReadDataEvent_RequestData - Received  1000  bytes]
2025/11/24 12:11:00.098199  129060819 046 ECU1 CLSE CLSE log info V 1 [First 50 bytes: f0 68 2c 62 86 7c a2 e8 bf 35 05 00 4b f1 15 93 f7 af c1 3c dd a2 74 d4 09 59 e8 47 53 cd 32 4c 05 96 ad 35 31 6a cb f1 34 1d 2c 08 5e b8 ce 02 a8 b4 ]
2025/11/24 12:11:00.098202  129060819 047 ECU1 CLSE CLSE log verbose V 2 [Sensorv2::ReceiveEventEvent_RequestData::GetNewSamples:: 1]
2025/11/24 12:11:01.098300  129070820 048 ECU1 CLSE CLSE log info V 3 [Sensorv2::ReadDataEvent_RequestData - Received  1000  bytes]
2025/11/24 12:11:01.098314  129070820 049 ECU1 CLSE CLSE log info V 1 [First 50 bytes: 68 12 2a b4 80 b8 3c e8 3a 17 ad dc d6 7f f9 dd 60 f2 6e ad 8c a3 c2 77 99 72 52 ad f9 25 31 57 f1 b3 bb 2f 56 ff 12 33 b1 96 1f f0 ad cc b4 d4 93 aa ]
2025/11/24 12:11:01.098317  129070820 050 ECU1 CLSE CLSE log verbose V 2 [Sensorv2::ReceiveEventEvent_RequestData::GetNewSamples:: 1]
2025/11/24 12:11:01.098328  129070820 051 ECU1 CLSE CLSE log verbose V 2 [Sensor::ReceiveEventEvent_transferData::GetNewSamples:: 1]
2025/11/24 12:11:02.098437  129080821 052 ECU1 CLSE CLSE log verbose V 2 [Sensor::ReceiveEventEvent_transferData::GetNewSamples:: 1]
2025/11/24 12:11:02.098465  129080821 053 ECU1 CLSE CLSE log info V 3 [Sensorv2::ReadDataEvent_RequestData - Received  1000  bytes]
2025/11/24 12:11:02.098476  129080822 054 ECU1 CLSE CLSE log info V 1 [First 50 bytes: 15 03 5e c8 67 51 d7 5b 3c fd 96 6a eb 9f ae 46 d6 61 e8 0c 45 16 a4 60 d1 32 b7 ef c4 19 1b 6b a3 1f 51 36 c6 89 f1 97 42 b0 a7 48 f9 36 89 b1 1f 19 ]
2025/11/24 12:11:02.098479  129080822 055 ECU1 CLSE CLSE log verbose V 2 [Sensorv2::ReceiveEventEvent_RequestData::GetNewSamples:: 1]
2025/11/24 12:11:03.098567  129090823 056 ECU1 CLSE CLSE log verbose V 2 [Sensor::ReceiveEventEvent_transferData::GetNewSamples:: 1]
2025/1f1 52 2e 38 ce 78 7f 46 46 cf 35 ba 7c 75 7b 1f 24 ]
2025/11/24 12:10:57.080291  129030640 030 ECU1 PVSE PVSE log verbose V 1 [Sensor::SendEventEvent_transferDataCyclic::Send]
2025/11/24 12:10:57.080346  129030640 031 ECU1 PVSE PVSE log verbose V 1 [Sensorv2::SendEventEvent_RequestDataCyclic::Received]
2025/11/24 12:10:58.080546  129040642 032 ECU1 PVSE PVSE log info V 3 [Sensorv2::SendEventEvent_RequestDataCyclic::Received  1000  bytes]
2025/11/24 12:10:58.080594  129040643 033 ECU1 PVSE PVSE log info V 1 [First 50 bytes: a3 37 59 de ff 1d 9f 51 4f 6a 60 01 5d 4d e0 43 ac 63 15 a2 a3 13 02 6a 78 b2 90 b4 af 7b ff 3e 09 be 51 b3 2d 5f f3 76 99 62 3f c2 32 6b f3 26 b8 31 ]
2025/11/24 12:10:58.080710  129040644 034 ECU1 PVSE PVSE log verbose V 1 [Sensor::SendEventEvent_transferDataCyclic::Send]
2025/11/24 12:10:58.080927  129040646 035 ECU1 PVSE PVSE log verbose V 1 [Sensorv2::SendEventEvent_RequestDataCyclic::Received]
2025/11/24 12:10:59.081139  129050648 036 ECU1 PVSE PVSE log info V 3 [Sensorv2::SendEventEvent_RequestDataCyclic::Received  1000  bytes]
2025/11/24 12:10:59.081193  129050649 037 ECU1 PVSE PVSE log info V 1 [First 50 bytes: 5b 7a c2 fc e3 4d 3b da de 42 87 7b 4d 7d e1 6b 03 00 78 a7 5b 1d 74 ea 7b b5 a0 ef c4 9a 29 65 b1 38 fa c4 1a 26 ea a2 eb 0c 6f 35 cc 3c b8 34 30 e3 ]
2025/11/24 12:10:59.081227  129050649 038 ECU1 PVSE PVSE log verbose V 1 [Sensor::SendEventEvent_transferDataCyclic::Send]
2025/11/24 12:10:59.081596  129050653 039 ECU1 PVSE PVSE log verbose V 1 [Sensorv2::SendEventEvent_RequestDataCyclic::Received]
2025/11/24 12:11:00.081586  129060653 040 ECU1 PVSE PVSE log verbose V 1 [Sensor::SendEventEvent_transferDataCyclic::Send]
2025/11/24 12:11:00.081841  129060655 041 ECU1 PVSE PVSE log info V 3 [Sensorv2::SendEventEvent_RequestDataCyclic::Received  1000  bytes]
2025/11/24 12:11:00.081896  129060656 042 ECU1 PVSE PVSE log info V 1 [First 50 bytes: f0 68 2c 62 86 7c a2 e8 bf 35 05 00 4b f1 15 93 f7 af c1 3c dd a2 74 d4 09 59 e8 47 53 cd 32 4c 05 96 ad 35 31 6a cb f1 34 1d 2c 08 5e b8 ce 02 a8 b4 ]
2025/11/24 12:11:00.082186  129060659 043 ECU1 PVSE PVSE log verbose V 1 [Sensorv2::SendEventEvent_RequestDataCyclic::Received]
2025/11/24 12:11:01.082024  129070657 044 ECU1 PVSE PVSE log verbose V 1 [Sensor::SendEventEvent_transferDataCyclic::Send]
2025/11/24 12:11:01.082308  129070660 045 ECU1 PVSE PVSE log info V 3 [Sensorv2::SendEventEvent_RequestDataCyclic::Received  1000  bytes]
2025/11/24 12:11:01.082356  129070660 046 ECU1 PVSE PVSE log info V 1 [First 50 bytes: 68 12 2a b4 80 b8 3c e8 3a 17 ad dc d6 7f f9 dd 60 f2 6e ad 8c a3 c2 77 99 72 52 ad f9 25 31 57 f1 b3 bb 2f 56 ff 12 33 b1 96 1f f0 ad cc b4 d4 93 aa ]
2025/11/24 12:11:01.082686  129070664 047 ECU1 PVSE PVSE log verbose V 1 [Sensorv2::SendEventEvent_RequestDataCyclic::Received]
2025/11/24 12:11:02.082600  129080663 048 ECU1 PVSE PVSE log verbose V 1 [Sensor::SendEventEvent_transferDataCyclic::Send]
2025/11/24 12:11:02.082872  129080666 049 ECU1 PVSE PVSE log info V 3 [Sensorv2::SendEventEvent_RequestDataCyclic::Received  1000  bytes]
2025/11/24 12:11:02.082930  129080666 050 ECU1 PVSE PVSE log info V 1 [First 50 bytes: 15 03 5e c8 67 51 d7 5b 3c fd 96 6a eb 9f ae 46 d6 61 e8 0c 45 16 a4 60 d1 32 b7 ef c4 19 1b 6b a3 1f 51 36 c6 89 f1 97 42 b0 a7 48 f9 36 89 b1 1f 19 ]
2025/11/24 12:11:02.083244  129080669 051 ECU1 PVSE PVSE log verbose V 1 [Sensorv2::SendEventEvent_RequestDataCyclic::Received]
2025/11/24 12:11:03.083150  129090668 052 ECU1 PVSE PVSE log verbose V 1 [Sensor::SendEventEvent_transferDataCyclic::Send]
2025/11/24 12:11:03.083419  129090671 053 ECU1 PVSE PVSE log info V 3 [Sensorv2::SendEventEvent_RequestDataCyclic::Received  1000  bytes]
2025/11/24 12:11:03.083483  129090672 054 ECU1 PVSE PVSE log info V 1 [First 50 bytes: 55 ea 4c ca 8e fc 89 06 55 29 4e b4 69 76 0f d6 99 a3 b8 2e 23 65 3c 87 6b 00 3a 24 03 8b 03 c0 c2 03 f8 20 60 0e 68 37 c3 85 a1 7b 07 c2 82 49 4d e1 ]
2025/11/24 12:11:03.083872  129090676 055 ECU1 PVSE PVSE log verbose V 1 [Sensorv2::SendEventEvent_RequestDataCyclic::Received]
2025/11/24 12:11:04.08361/24 12:11:03.098571  129090823 057 ECU1 CLSE CLSE log info V 3 [Sensorv2::ReadDataEvent_RequestData - Received  1000  bytes]
2025/11/24 12:11:03.098600  129090823 058 ECU1 CLSE CLSE log info V 1 [First 50 bytes: 55 ea 4c ca 8e fc 89 06 55 29 4e b4 69 76 0f d6 99 a3 b8 2e 23 65 3c 87 6b 00 3a 24 03 8b 03 c0 c2 03 f8 20 60 0e 68 37 c3 85 a1 7b 07 c2 82 49 4d e1 ]
2025/11/24 12:11:03.098604  129090823 059 ECU1 CLSE CLSE log verbose V 2 [Sensorv2::ReceiveEventEvent_RequestData::GetNewSamples:: 1]
2025/11/24 12:11:04.098656  129100823 060 ECU1 CLSE CLSE log verbose V 2 [Sensor::ReceiveEventEvent_transferData::GetNewSamples:: 1]
2025/11/24 12:11:04.098719  129100824 061 ECU1 CLSE CLSE log info V 3 [Sensorv2::ReadDataEvent_RequestData - Received  1000  bytes]
2025/11/24 12:11:04.098731  129100824 062 ECU1 CLSE CLSE log info V 1 [First 50 bytes: e8 4d c6 ca e4 42 a4 c0 5e 4c 55 aa 46 08 c6 2a ee b0 fc 70 9b e0 25 47 b5 58 83 70 0d 4f 7a c1 5d 62 21 9f 30 f5 38 bd 1e 73 1f 5a f4 bf 64 a4 c2 be ]
2025/11/24 12:11:04.098734  129100824 063 ECU1 CLSE CLSE log verbose V 2 [Sensorv2::ReceiveEventEvent_RequestData::GetNewSamples:: 1]
2025/11/24 12:11:05.098762  129110824 064 ECU1 CLSE CLSE log verbose V 2 [Sensor::ReceiveEventEvent_transferData::GetNewSamples:: 1]
2025/11/24 12:11:05.098821  129110825 065 ECU1 CLSE CLSE log info V 3 [Sensorv2::ReadDataEvent_RequestData - Received  1000  bytes]
2025/11/24 12:11:05.098858  129110825 066 ECU1 CLSE CLSE log info V 1 [First 50 bytes: 7c a6 a8 78 1f 41 59 1a ce ba 1b 4a 1d 7a 2e a6 97 2d d2 17 b2 b1 59 5b 54 02 08 c7 58 55 80 c0 0f 12 44 14 9f 95 76 9e 34 2b fc be b3 35 88 ba 4f af ]
2025/11/24 12:11:05.098869  129110826 067 ECU1 CLSE CLSE log verbose V 2 [Sensorv2::ReceiveEventEvent_RequestData::GetNewSamples:: 1]
2025/11/24 12:11:06.098872  129120826 068 ECU1 CLSE CLSE log verbose V 2 [Sensor::ReceiveEventEvent_transferData::GetNewSamples:: 1]
2025/11/24 12:11:06.098967  129120827 069 ECU1 CLSE CLSE log info V 3 [Sensorv2::ReadDataEvent_RequestData - Received  1000  bytes]
2025/11/24 12:11:06.099007  129120827 070 ECU1 CLSE CLSE log info V 1 [First 50 bytes: a8 ed f0 52 3c 5e ab a4 30 52 2c 3c f6 d7 9a 34 31 07 6b 41 2b 8e c2 41 58 c9 e4 b2 9d f5 c0 2a 08 f2 30 1f 93 89 a3 b1 65 ad 60 f0 d0 e5 38 ff 31 a9 ]
2025/11/24 12:11:06.099010  129120827 071 ECU1 CLSE CLSE log verbose V 2 [Sensorv2::ReceiveEventEvent_RequestData::GetNewSamples:: 1]
2025/11/24 12:11:07.098985  129130827 072 ECU1 CLSE CLSE log verbose V 2 [Sensor::ReceiveEventEvent_transferData::GetNewSamples:: 1]
2025/11/24 12:11:07.099088  129130828 073 ECU1 CLSE CLSE log info V 3 [Sensorv2::ReadDataEvent_RequestData - Received  1000  bytes]
2025/11/24 12:11:07.099099  129130828 074 ECU1 CLSE CLSE log info V 1 [First 50 bytes: 35 26 e1 d3 45 fc ef d9 b7 18 1b e9 60 fb 71 4f e5 2e e1 47 77 63 11 b7 1b 92 df 5d 3a 39 10 24 84 16 63 74 c0 97 c1 22 f1 da 4a b4 16 bd 41 ec 5e ba ]
2025/11/24 12:11:07.099102  129130828 075 ECU1 CLSE CLSE log verbose V 2 [Sensorv2::ReceiveEventEvent_RequestData::GetNewSamples:: 1]
2025/11/24 12:11:08.099110  129140828 076 ECU1 CLSE CLSE log verbose V 2 [Sensor::ReceiveEventEvent_transferData::GetNewSamples:: 1]
2025/11/24 12:11:08.099253  129140829 077 ECU1 CLSE CLSE log info V 3 [Sensorv2::ReadDataEvent_RequestData - Received  1000  bytes]
2025/11/24 12:11:08.099270  129140830 078 ECU1 CLSE CLSE log info V 1 [First 50 bytes: f0 22 45 1b 71 2d 37 28 b4 14 73 37 05 d4 65 08 0d 90 d5 f4 49 cf db 94 ab 0b 24 83 f2 90 9d fe d0 5a aa eb 48 fe 47 9f 54 5f 06 71 dc e8 23 61 c7 53 ]
2025/11/24 12:11:08.099274  129140830 079 ECU1 CLSE CLSE log verbose V 2 [Sensorv2::ReceiveEventEvent_RequestData::GetNewSamples:: 1]
2025/11/24 12:11:09.099238  129150829 080 ECU1 CLSE CLSE log verbose V 2 [Sensor::ReceiveEventEvent_transferData::GetNewSamples:: 1]
2025/11/24 12:11:09.099395  129150831 081 ECU1 CLSE CLSE log info V 3 [Sensorv2::ReadDataEvent_RequestData - Received  1000  bytes]
2025/11/24 12:11:09.099409  129150831 082 ECU1 CLSE CLSE log info V 1 [First 50 bytes: 27 37 ae 9c 87 65 b7 f3 f4 d7 50 ad 45 a9 3a fd 6e e2 792  129100674 056 ECU1 PVSE PVSE log verbose V 1 [Sensor::SendEventEvent_transferDataCyclic::Send]
2025/11/24 12:11:04.084076  129100678 057 ECU1 PVSE PVSE log info V 3 [Sensorv2::SendEventEvent_RequestDataCyclic::Received  1000  bytes]
2025/11/24 12:11:04.084116  129100678 058 ECU1 PVSE PVSE log info V 1 [First 50 bytes: e8 4d c6 ca e4 42 a4 c0 5e 4c 55 aa 46 08 c6 2a ee b0 fc 70 9b e0 25 47 b5 58 83 70 0d 4f 7a c1 5d 62 21 9f 30 f5 38 bd 1e 73 1f 5a f4 bf 64 a4 c2 be ]
2025/11/24 12:11:04.084567  129100683 059 ECU1 PVSE PVSE log verbose V 1 [Sensorv2::SendEventEvent_RequestDataCyclic::Received]
2025/11/24 12:11:05.083955  129110676 060 ECU1 PVSE PVSE log verbose V 1 [Sensor::SendEventEvent_transferDataCyclic::Send]
2025/11/24 12:11:05.084782  129110685 061 ECU1 PVSE PVSE log info V 3 [Sensorv2::SendEventEvent_RequestDataCyclic::Received  1000  bytes]
2025/11/24 12:11:05.084835  129110685 062 ECU1 PVSE PVSE log info V 1 [First 50 bytes: 7c a6 a8 78 1f 41 59 1a ce ba 1b 4a 1d 7a 2e a6 97 2d d2 17 b2 b1 59 5b 54 02 08 c7 58 55 80 c0 0f 12 44 14 9f 95 76 9e 34 2b fc be b3 35 88 ba 4f af ]
2025/11/24 12:11:05.085350  129110690 063 ECU1 PVSE PVSE log verbose V 1 [Sensorv2::SendEventEvent_RequestDataCyclic::Received]
2025/11/24 12:11:06.084542  129120682 064 ECU1 PVSE PVSE log verbose V 1 [Sensor::SendEventEvent_transferDataCyclic::Send]
2025/11/24 12:11:06.085442  129120691 065 ECU1 PVSE PVSE log info V 3 [Sensorv2::SendEventEvent_RequestDataCyclic::Received  1000  bytes]
2025/11/24 12:11:06.085497  129120692 066 ECU1 PVSE PVSE log info V 1 [First 50 bytes: a8 ed f0 52 3c 5e ab a4 30 52 2c 3c f6 d7 9a 34 31 07 6b 41 2b 8e c2 41 58 c9 e4 b2 9d f5 c0 2a 08 f2 30 1f 93 89 a3 b1 65 ad 60 f0 d0 e5 38 ff 31 a9 ]
2025/11/24 12:11:06.086006  129120697 067 ECU1 PVSE PVSE log verbose V 1 [Sensorv2::SendEventEvent_RequestDataCyclic::Received]
2025/11/24 12:11:07.085157  129130688 068 ECU1 PVSE PVSE log verbose V 1 [Sensor::SendEventEvent_transferDataCyclic::Send]
2025/11/24 12:11:07.086202  129130699 069 ECU1 PVSE PVSE log info V 3 [Sensorv2::SendEventEvent_RequestDataCyclic::Received  1000  bytes]
2025/11/24 12:11:07.086258  129130699 070 ECU1 PVSE PVSE log info V 1 [First 50 bytes: 35 26 e1 d3 45 fc ef d9 b7 18 1b e9 60 fb 71 4f e5 2e e1 47 77 63 11 b7 1b 92 df 5d 3a 39 10 24 84 16 63 74 c0 97 c1 22 f1 da 4a b4 16 bd 41 ec 5e ba ]
2025/11/24 12:11:07.086673  129130704 071 ECU1 PVSE PVSE log verbose V 1 [Sensorv2::SendEventEvent_RequestDataCyclic::Received]
2025/11/24 12:11:08.085794  129140695 072 ECU1 PVSE PVSE log verbose V 1 [Sensor::SendEventEvent_transferDataCyclic::Send]
2025/11/24 12:11:08.086800  129140705 073 ECU1 PVSE PVSE log info V 3 [Sensorv2::SendEventEvent_RequestDataCyclic::Received  1000  bytes]
2025/11/24 12:11:08.086860  129140705 074 ECU1 PVSE PVSE log info V 1 [First 50 bytes: f0 22 45 1b 71 2d 37 28 b4 14 73 37 05 d4 65 08 0d 90 d5 f4 49 cf db 94 ab 0b 24 83 f2 90 9d fe d0 5a aa eb 48 fe 47 9f 54 5f 06 71 dc e8 23 61 c7 53 ]
2025/11/24 12:11:08.087100  129140708 075 ECU1 PVSE PVSE log verbose V 1 [Sensorv2::SendEventEvent_RequestDataCyclic::Received]
2025/11/24 12:11:09.086282  129150700 076 ECU1 PVSE PVSE log verbose V 1 [Sensor::SendEventEvent_transferDataCyclic::Send]
2025/11/24 12:11:09.087201  129150709 077 ECU1 PVSE PVSE log info V 3 [Sensorv2::SendEventEvent_RequestDataCyclic::Received  1000  bytes]
2025/11/24 12:11:09.087251  129150709 078 ECU1 PVSE PVSE log info V 1 [First 50 bytes: 27 37 ae 9c 87 65 b7 f3 f4 d7 50 ad 45 a9 3a fd 6e e2 71 1c 2c eb 0d 2d e1 ca 53 79 60 19 6a 8f 9b 6e 53 ea 57 17 d5 68 fd 77 33 bd f8 88 7d 56 33 76 ]
2025/11/24 12:11:09.087427  129150711 079 ECU1 PVSE PVSE log verbose V 1 [Sensorv2::SendEventEvent_RequestDataCyclic::Received]
2025/11/24 12:11:10.086757  129160704 080 ECU1 PVSE PVSE log verbose V 1 [Sensor::SendEventEvent_transferDataCyclic::Send]
2025/11/24 12:11:10.087527  129160712 081 ECU1 PVSE PVSE log info V 3 [Sensorv2::SendEventEvent_RequestDataCyclic::Received  1000  bytes]
2025/11/24 12:11:10.087574  129160713 082 ECU1 PVSE PVSE log info V 1 [First 50 bytes: 46 c1 1c 2c eb 0d 2d e1 ca 53 79 60 19 6a 8f 9b 6e 53 ea 57 17 d5 68 fd 77 33 bd f8 88 7d 56 33 76 ]
2025/11/24 12:11:09.099419  129150831 083 ECU1 CLSE CLSE log verbose V 2 [Sensorv2::ReceiveEventEvent_RequestData::GetNewSamples:: 1]
2025/11/24 12:11:10.099394  129160831 084 ECU1 CLSE CLSE log verbose V 2 [Sensor::ReceiveEventEvent_transferData::GetNewSamples:: 1]
2025/11/24 12:11:10.099509  129160832 085 ECU1 CLSE CLSE log info V 3 [Sensorv2::ReadDataEvent_RequestData - Received  1000  bytes]
2025/11/24 12:11:10.099533  129160832 086 ECU1 CLSE CLSE log info V 1 [First 50 bytes: 46 c8 c7 49 cf 45 6d ac 5c eb 6e 3c 10 8b 01 29 37 55 9a 24 3f 07 70 8d d2 6c 81 6c 82 a2 a4 d4 d0 10 2a 22 56 1a ee 29 67 ff 92 a5 54 c2 33 fc 4f bf ]
2025/11/24 12:11:10.099536  129160832 087 ECU1 CLSE CLSE log verbose V 2 [Sensorv2::ReceiveEventEvent_RequestData::GetNewSamples:: 1]
2025/11/24 12:11:11.099509  129170832 088 ECU1 CLSE CLSE log verbose V 2 [Sensor::ReceiveEventEvent_transferData::GetNewSamples:: 1]
2025/11/24 12:11:11.099624  129170833 089 ECU1 CLSE CLSE log info V 3 [Sensorv2::ReadDataEvent_RequestData - Received  1000  bytes]
2025/11/24 12:11:11.099670  129170834 090 ECU1 CLSE CLSE log info V 1 [First 50 bytes: 87 79 79 1e c4 e5 d2 05 88 66 41 57 9f 96 7e 0c 51 61 4f 4a 59 5a bc 57 c8 18 60 86 ff 5e 23 16 17 2a 2a 32 1f 75 76 00 8d f9 e5 58 80 47 3d ac ef b0 ]
2025/11/24 12:11:11.099673  129170834 091 ECU1 CLSE CLSE log verbose V 2 [Sensorv2::ReceiveEventEvent_RequestData::GetNewSamples:: 1]
2025/11/24 12:11:12.099619  129180833 092 ECU1 CLSE CLSE log verbose V 2 [Sensor::ReceiveEventEvent_transferData::GetNewSamples:: 1]
2025/11/24 12:11:12.099760  129180834 093 ECU1 CLSE CLSE log info V 3 [Sensorv2::ReadDataEvent_RequestData - Received  1000  bytes]
2025/11/24 12:11:12.099798  129180835 094 ECU1 CLSE CLSE log info V 1 [First 50 bytes: c7 42 48 73 eb 3f be 71 ad 96 13 00 4e 54 c9 b0 e8 95 0b 53 94 44 c8 7d be a4 95 33 5c e7 03 25 7d 91 75 14 9f b5 92 a9 b1 10 a2 ee 39 41 5a 52 49 28 ]
2025/11/24 12:11:12.099809  129180835 095 ECU1 CLSE CLSE log verbose V 2 [Sensorv2::ReceiveEventEvent_RequestData::GetNewSamples:: 1]
2025/11/24 12:11:13.099742  129190834 096 ECU1 CLSE CLSE log verbose V 2 [Sensor::ReceiveEventEvent_transferData::GetNewSamples:: 1]
2025/11/24 12:11:13.099951  129190836 097 ECU1 CLSE CLSE log info V 3 [Sensorv2::ReadDataEvent_RequestData - Received  1000  bytes]
2025/11/24 12:11:13.099966  129190837 098 ECU1 CLSE CLSE log info V 1 [First 50 bytes: 72 56 69 a9 d2 d6 4f 59 eb 4a 34 a9 03 78 ed fb 84 a9 41 ee ac 29 98 d8 fc 2c bf a0 71 35 b3 5d 6a bf a0 e9 11 f1 4b c1 2a 8e 8a 1d d5 af c7 7e 48 76 ]
2025/11/24 12:11:13.099969  129190837 099 ECU1 CLSE CLSE log verbose V 2 [Sensorv2::ReceiveEventEvent_RequestData::GetNewSamples:: 1]
2025/11/24 12:11:14.099913  129200836 100 ECU1 CLSE CLSE log verbose V 2 [Sensor::ReceiveEventEvent_transferData::GetNewSamples:: 1]
2025/11/24 12:11:14.100060  129200837 101 ECU1 CLSE CLSE log info V 3 [Sensorv2::ReadDataEvent_RequestData - Received  1000  bytes]
2025/11/24 12:11:14.100080  129200838 102 ECU1 CLSE CLSE log info V 1 [First 50 bytes: 87 5f d9 bd d5 c9 7b d7 05 ed 17 52 77 37 3c 3f 48 62 e1 34 75 75 b3 2b a2 11 1a 2f 67 d0 7b a0 30 b0 df 1a 6b b2 ea 39 4f b5 cf 9a 58 41 92 89 be d5 ]
2025/11/24 12:11:14.100083  129200838 103 ECU1 CLSE CLSE log verbose V 2 [Sensorv2::ReceiveEventEvent_RequestData::GetNewSamples:: 1]
2025/11/24 12:11:15.100028  129210837 104 ECU1 CLSE CLSE log verbose V 2 [Sensor::ReceiveEventEvent_transferData::GetNewSamples:: 1]
2025/11/24 12:11:15.100221  129210839 105 ECU1 CLSE CLSE log info V 3 [Sensorv2::ReadDataEvent_RequestData - Received  1000  bytes]
2025/11/24 12:11:15.100234  129210839 106 ECU1 CLSE CLSE log info V 1 [First 50 bytes: cd 30 18 a4 cb 44 d9 e3 53 cb 3e e4 cb 5c df e0 20 9e bb 58 fd 1c f2 a1 15 93 37 34 a0 d3 87 54 c2 3e 60 bb f4 88 bc 6b 3f 12 d4 45 16 6a 64 eb 18 65 ]
2025/11/24 12:11:15.100237  129210839 107 ECU1 CLSE CLSE log verbose V 2 [Sensorv2::ReceiveEventEvent_RequestData::GetNewSamples:: 1]
2025/11/24 12:11:16.100138  1292208388 c7 49 cf 45 6d ac 5c eb 6e 3c 10 8b 01 29 37 55 9a 24 3f 07 70 8d d2 6c 81 6c 82 a2 a4 d4 d0 10 2a 22 56 1a ee 29 67 ff 92 a5 54 c2 33 fc 4f bf ]
2025/11/24 12:11:10.087863  129160715 083 ECU1 PVSE PVSE log verbose V 1 [Sensorv2::SendEventEvent_RequestDataCyclic::Received]
2025/11/24 12:11:11.087280  129170710 084 ECU1 PVSE PVSE log verbose V 1 [Sensor::SendEventEvent_transferDataCyclic::Send]
2025/11/24 12:11:11.088120  129170718 085 ECU1 PVSE PVSE log info V 3 [Sensorv2::SendEventEvent_RequestDataCyclic::Received  1000  bytes]
2025/11/24 12:11:11.088172  129170719 086 ECU1 PVSE PVSE log info V 1 [First 50 bytes: 87 79 79 1e c4 e5 d2 05 88 66 41 57 9f 96 7e 0c 51 61 4f 4a 59 5a bc 57 c8 18 60 86 ff 5e 23 16 17 2a 2a 32 1f 75 76 00 8d f9 e5 58 80 47 3d ac ef b0 ]
2025/11/24 12:11:11.088773  129170725 087 ECU1 PVSE PVSE log verbose V 1 [Sensorv2::SendEventEvent_RequestDataCyclic::Received]
2025/11/24 12:11:12.087637  129180713 088 ECU1 PVSE PVSE log verbose V 1 [Sensor::SendEventEvent_transferDataCyclic::Send]
2025/11/24 12:11:12.088961  129180726 089 ECU1 PVSE PVSE log info V 3 [Sensorv2::SendEventEvent_RequestDataCyclic::Received  1000  bytes]
2025/11/24 12:11:12.089007  129180727 090 ECU1 PVSE PVSE log info V 1 [First 50 bytes: c7 42 48 73 eb 3f be 71 ad 96 13 00 4e 54 c9 b0 e8 95 0b 53 94 44 c8 7d be a4 95 33 5c e7 03 25 7d 91 75 14 9f b5 92 a9 b1 10 a2 ee 39 41 5a 52 49 28 ]
2025/11/24 12:11:12.089506  129180732 091 ECU1 PVSE PVSE log verbose V 1 [Sensorv2::SendEventEvent_RequestDataCyclic::Received]
2025/11/24 12:11:13.088008  129190717 092 ECU1 PVSE PVSE log verbose V 1 [Sensor::SendEventEvent_transferDataCyclic::Send]
2025/11/24 12:11:13.089689  129190734 093 ECU1 PVSE PVSE log info V 3 [Sensorv2::SendEventEvent_RequestDataCyclic::Received  1000  bytes]
2025/11/24 12:11:13.089748  129190734 094 ECU1 PVSE PVSE log info V 1 [First 50 bytes: 72 56 69 a9 d2 d6 4f 59 eb 4a 34 a9 03 78 ed fb 84 a9 41 ee ac 29 98 d8 fc 2c bf a0 71 35 b3 5d 6a bf a0 e9 11 f1 4b c1 2a 8e 8a 1d d5 af c7 7e 48 76 ]
2025/11/24 12:11:13.090265  129190740 095 ECU1 PVSE PVSE log verbose V 1 [Sensorv2::SendEventEvent_RequestDataCyclic::Received]
2025/11/24 12:11:14.088572  129200723 096 ECU1 PVSE PVSE log verbose V 1 [Sensor::SendEventEvent_transferDataCyclic::Send]
2025/11/24 12:11:14.090439  129200741 097 ECU1 PVSE PVSE log info V 3 [Sensorv2::SendEventEvent_RequestDataCyclic::Received  1000  bytes]
2025/11/24 12:11:14.090489  129200742 098 ECU1 PVSE PVSE log info V 1 [First 50 bytes: 87 5f d9 bd d5 c9 7b d7 05 ed 17 52 77 37 3c 3f 48 62 e1 34 75 75 b3 2b a2 11 1a 2f 67 d0 7b a0 30 b0 df 1a 6b b2 ea 39 4f b5 cf 9a 58 41 92 89 be d5 ]
2025/11/24 12:11:14.091035  129200747 099 ECU1 PVSE PVSE log verbose V 1 [Sensorv2::SendEventEvent_RequestDataCyclic::Received]
2025/11/24 12:11:15.089021  129210727 100 ECU1 PVSE PVSE log verbose V 1 [Sensor::SendEventEvent_transferDataCyclic::Send]
2025/11/24 12:11:15.091330  129210750 101 ECU1 PVSE PVSE log info V 3 [Sensorv2::SendEventEvent_RequestDataCyclic::Received  1000  bytes]
2025/11/24 12:11:15.091374  129210751 102 ECU1 PVSE PVSE log info V 1 [First 50 bytes: cd 30 18 a4 cb 44 d9 e3 53 cb 3e e4 cb 5c df e0 20 9e bb 58 fd 1c f2 a1 15 93 37 34 a0 d3 87 54 c2 3e 60 bb f4 88 bc 6b 3f 12 d4 45 16 6a 64 eb 18 65 ]
2025/11/24 12:11:15.091748  129210754 103 ECU1 PVSE PVSE log verbose V 1 [Sensorv2::SendEventEvent_RequestDataCyclic::Received]
2025/11/24 12:11:16.089361  129220730 104 ECU1 PVSE PVSE log verbose V 1 [Sensor::SendEventEvent_transferDataCyclic::Send]
2025/11/24 12:11:16.092026  129220757 105 ECU1 PVSE PVSE log info V 3 [Sensorv2::SendEventEvent_RequestDataCyclic::Received  1000  bytes]
2025/11/24 12:11:16.092084  129220758 106 ECU1 PVSE PVSE log info V 1 [First 50 bytes: 67 31 d2 1f 52 70 ed c3 fe 3c 36 d9 bd 36 2b 2e 4c 06 06 97 56 17 69 d6 64 dc dd a4 45 d1 af 1a d3 11 e2 90 e9 7f ea 1e fa 4f 8d 73 59 3b 31 e6 65 c3 ]
2025/11/24 12:11:16.092407  129220761 107 ECU1 PVSE PVSE log verbose V 1 [Sensorv2::SendEventEvent_RequestDataCyclic::Received]
2025/11/24 12:11:17.089697  129230734 108 ECU1 PVSE  108 ECU1 CLSE CLSE log verbose V 2 [Sensor::ReceiveEventEvent_transferData::GetNewSamples:: 1]
2025/11/24 12:11:16.100277  129220840 109 ECU1 CLSE CLSE log info V 3 [Sensorv2::ReadDataEvent_RequestData - Received  1000  bytes]
2025/11/24 12:11:16.100284  129220840 110 ECU1 CLSE CLSE log info V 1 [First 50 bytes: 67 31 d2 1f 52 70 ed c3 fe 3c 36 d9 bd 36 2b 2e 4c 06 06 97 56 17 69 d6 64 dc dd a4 45 d1 af 1a d3 11 e2 90 e9 7f ea 1e fa 4f 8d 73 59 3b 31 e6 65 c3 ]
2025/11/24 12:11:16.100287  129220840 111 ECU1 CLSE CLSE log verbose V 2 [Sensorv2::ReceiveEventEvent_RequestData::GetNewSamples:: 1]
2025/11/24 12:11:17.100293  129230840 112 ECU1 CLSE CLSE log verbose V 2 [Sensor::ReceiveEventEvent_transferData::GetNewSamples:: 1]
2025/11/24 12:11:17.100359  129230840 113 ECU1 CLSE CLSE log info V 3 [Sensorv2::ReadDataEvent_RequestData - Received  1000  bytes]
2025/11/24 12:11:17.100385  129230841 114 ECU1 CLSE CLSE log info V 1 [First 50 bytes: 78 4e ea 49 ff 13 c7 57 5f 6f 6a 9f e4 53 45 ce 5a 8c 1b 0b 2d 3a f6 9a 9b 32 7a 0f 77 85 27 09 50 be 6c 3d 99 87 1f de 5c 47 e5 2a f5 ca f8 92 fd 44 ]
2025/11/24 12:11:17.100396  129230841 115 ECU1 CLSE CLSE log verbose V 2 [Sensorv2::ReceiveEventEvent_RequestData::GetNewSamples:: 1]
2025/11/24 12:11:18.100396  129240841 116 ECU1 CLSE CLSE log verbose V 2 [Sensor::ReceiveEventEvent_transferData::GetNewSamples:: 1]
2025/11/24 12:11:18.100471  129240842 117 ECU1 CLSE CLSE log info V 3 [Sensorv2::ReadDataEvent_RequestData - Received  1000  bytes]
2025/11/24 12:11:18.100486  129240842 118 ECU1 CLSE CLSE log info V 1 [First 50 bytes: 6f 23 ec 7f 82 c8 46 e6 c3 34 dc cb e1 23 76 86 6a c8 09 5b d0 b2 e5 b4 35 9a f4 ab 5a e9 cf 18 e4 e1 a1 f1 22 80 ec 52 18 c8 57 00 be fe ea 94 a8 68 ]
2025/11/24 12:11:18.100489  129240842 119 ECU1 CLSE CLSE log verbose V 2 [Sensorv2::ReceiveEventEvent_RequestData::GetNewSamples:: 1]
2025/11/24 12:11:19.100599  129250843 120 ECU1 CLSE CLSE log verbose V 2 [Sensor::ReceiveEventEvent_transferData::GetNewSamples:: 1]
2025/11/24 12:11:19.100613  129250843 121 ECU1 CLSE CLSE log info V 3 [Sensorv2::ReadDataEvent_RequestData - Received  1000  bytes]
2025/11/24 12:11:19.100630  129250843 122 ECU1 CLSE CLSE log info V 1 [First 50 bytes: 86 b2 ff 25 f6 7e c3 f9 f2 0c 3e 93 da 35 34 42 4a e9 86 6c 38 99 f5 3b 97 e2 28 eb c3 80 29 6d 99 70 76 ab 5a 6e 67 00 c1 6f f8 98 7d 42 04 b9 7e bf ]
2025/11/24 12:11:19.100633  129250843 123 ECU1 CLSE CLSE log verbose V 2 [Sensorv2::ReceiveEventEvent_RequestData::GetNewSamples:: 1]
2025/11/24 12:11:20.100728  129260844 124 ECU1 CLSE CLSE log info V 3 [Sensorv2::ReadDataEvent_RequestData - Received  1000  bytes]
 [Sensor::ReceiveEventEvent_transferData::GetNewSamples:: 1]
2025/11/24 12:11:20.100748  129260844 126 ECU1 CLSE CLSE log info V 1 [First 50 bytes: 91 ba 0d 09 a9 00 55 b8 40 84 05 e8 f0 a5 95 a4 c0 76 d0 04 61 c5 f2 72 2a e3 2f 2a bf 59 bc c2 48 b7 dc a0 7e e9 b7 4c 7e 92 2d 25 eb fc b3 76 0e 00 ]
2025/11/24 12:11:20.100752  129260844 127 ECU1 CLSE CLSE log verbose V 2 [Sensorv2::ReceiveEventEvent_RequestData::GetNewSamples:: 1]
2025/11/24 12:11:21.100855  129270845 128 ECU1 CLSE CLSE log verbose V 2 [Sensor::ReceiveEventEvent_transferData::GetNewSamples:: 1]
2025/11/24 12:11:21.100938  129270846 129 ECU1 CLSE CLSE log info V 3 [Sensorv2::ReadDataEvent_RequestData - Received  1000  bytes]
2025/11/24 12:11:21.100952  129270846 130 ECU1 CLSE CLSE log info V 1 [First 50 bytes: b4 32 88 d1 0c 42 48 91 b1 c1 82 ed 4b d6 c7 f9 e3 73 4b cf dd d8 b2 2b 18 ab b8 b9 a1 d6 31 c3 91 50 d7 f8 ae 08 f9 e6 ef 53 d0 49 67 d5 ce 5f 5e 9f ]
2025/11/24 12:11:21.100955  129270846 131 ECU1 CLSE CLSE log verbose V 2 [Sensorv2::ReceiveEventEvent_RequestData::GetNewSamples:: 1]
2025/11/24 12:11:22.100960  129280846 132 ECU1 CLSE CLSE log verbose V 2 [Sensor::ReceiveEventEvent_transferData::GetNewSamples:: 1]
2025/11/24 12:11:22.101133  129280848 133 ECU1 CLSE CLSE log info V 3 [Sensorv2::ReadDataEvent_RequestData - Received  1000  bytes]
2025/11/24 12:11:22.101145  129280848 134 ECU1 CLSE CLSE log info V 1 [First 50 bytes: c8 57 38 a3 3c d7 bd f2 4PVSE log verbose V 1 [Sensor::SendEventEvent_transferDataCyclic::Send]
2025/11/24 12:11:17.092563  129230763 109 ECU1 PVSE PVSE log info V 3 [Sensorv2::SendEventEvent_RequestDataCyclic::Received  1000  bytes]
2025/11/24 12:11:17.092608  129230763 110 ECU1 PVSE PVSE log info V 1 [First 50 bytes: 78 4e ea 49 ff 13 c7 57 5f 6f 6a 9f e4 53 45 ce 5a 8c 1b 0b 2d 3a f6 9a 9b 32 7a 0f 77 85 27 09 50 be 6c 3d 99 87 1f de 5c 47 e5 2a f5 ca f8 92 fd 44 ]
2025/11/24 12:11:17.092942  129230766 111 ECU1 PVSE PVSE log verbose V 1 [Sensorv2::SendEventEvent_RequestDataCyclic::Received]
2025/11/24 12:11:18.090044  129240737 112 ECU1 PVSE PVSE log verbose V 1 [Sensor::SendEventEvent_transferDataCyclic::Send]
2025/11/24 12:11:18.093139  129240768 113 ECU1 PVSE PVSE log info V 3 [Sensorv2::SendEventEvent_RequestDataCyclic::Received  1000  bytes]
2025/11/24 12:11:18.093182  129240769 114 ECU1 PVSE PVSE log info V 1 [First 50 bytes: 6f 23 ec 7f 82 c8 46 e6 c3 34 dc cb e1 23 76 86 6a c8 09 5b d0 b2 e5 b4 35 9a f4 ab 5a e9 cf 18 e4 e1 a1 f1 22 80 ec 52 18 c8 57 00 be fe ea 94 a8 68 ]
2025/11/24 12:11:18.093502  129240772 115 ECU1 PVSE PVSE log verbose V 1 [Sensorv2::SendEventEvent_RequestDataCyclic::Received]
2025/11/24 12:11:19.090717  129250744 116 ECU1 PVSE PVSE log verbose V 1 [Sensor::SendEventEvent_transferDataCyclic::Send]
2025/11/24 12:11:19.093703  129250774 117 ECU1 PVSE PVSE log info V 3 [Sensorv2::SendEventEvent_RequestDataCyclic::Received  1000  bytes]
2025/11/24 12:11:19.093759  129250774 118 ECU1 PVSE PVSE log info V 1 [First 50 bytes: 86 b2 ff 25 f6 7e c3 f9 f2 0c 3e 93 da 35 34 42 4a e9 86 6c 38 99 f5 3b 97 e2 28 eb c3 80 29 6d 99 70 76 ab 5a 6e 67 00 c1 6f f8 98 7d 42 04 b9 7e bf ]
2025/11/24 12:11:19.094232  129250779 119 ECU1 PVSE PVSE log verbose V 1 [Sensorv2::SendEventEvent_RequestDataCyclic::Received]
2025/11/24 12:11:20.091135  129260748 120 ECU1 PVSE PVSE log verbose V 1 [Sensor::SendEventEvent_transferDataCyclic::Send]
2025/11/24 12:11:20.094487  129260782 121 ECU1 PVSE PVSE log info V 3 [Sensorv2::SendEventEvent_RequestDataCyclic::Received  1000  bytes]
2025/11/24 12:11:20.094547  129260782 122 ECU1 PVSE PVSE log info V 1 [First 50 bytes: 91 ba 0d 09 a9 00 55 b8 40 84 05 e8 f0 a5 95 a4 c0 76 d0 04 61 c5 f2 72 2a e3 2f 2a bf 59 bc c2 48 b7 dc a0 7e e9 b7 4c 7e 92 2d 25 eb fc b3 76 0e 00 ]
2025/11/24 12:11:20.094955  129260786 123 ECU1 PVSE PVSE log verbose V 1 [Sensorv2::SendEventEvent_RequestDataCyclic::Received]
2025/11/24 12:11:21.091624  129270753 124 ECU1 PVSE PVSE log verbose V 1 [Sensor::SendEventEvent_transferDataCyclic::Send]
2025/11/24 12:11:21.095155  129270788 125 ECU1 PVSE PVSE log info V 3 [Sensorv2::SendEventEvent_RequestDataCyclic::Received  1000  bytes]
2025/11/24 12:11:21.095211  129270789 126 ECU1 PVSE PVSE log info V 1 [First 50 bytes: b4 32 88 d1 0c 42 48 91 b1 c1 82 ed 4b d6 c7 f9 e3 73 4b cf dd d8 b2 2b 18 ab b8 b9 a1 d6 31 c3 91 50 d7 f8 ae 08 f9 e6 ef 53 d0 49 67 d5 ce 5f 5e 9f ]
2025/11/24 12:11:21.095675  129270794 127 ECU1 PVSE PVSE log verbose V 1 [Sensorv2::SendEventEvent_RequestDataCyclic::Received]
2025/11/24 12:11:22.092050  129280757 128 ECU1 PVSE PVSE log verbose V 1 [Sensor::SendEventEvent_transferDataCyclic::Send]
2025/11/24 12:11:22.095801  129280795 129 ECU1 PVSE PVSE log info V 3 [Sensorv2::SendEventEvent_RequestDataCyclic::Received  1000  bytes]
2025/11/24 12:11:22.095849  129280795 130 ECU1 PVSE PVSE log info V 1 [First 50 bytes: c8 57 38 a3 3c d7 bd f2 43 54 62 e9 fb 94 3a cb cc 23 ad 48 5f 7c c6 82 ee 5e f6 cd 0c 84 6f 52 44 e2 22 17 36 03 aa 3f a7 07 e8 44 56 49 1f cd 4f c5 ]
2025/11/24 12:11:22.096107  129280798 131 ECU1 PVSE PVSE log verbose V 1 [Sensorv2::SendEventEvent_RequestDataCyclic::Received]
2025/11/24 12:11:23.092436  129290761 132 ECU1 PVSE PVSE log verbose V 1 [Sensor::SendEventEvent_transferDataCyclic::Send]
2025/11/24 12:11:23.096218  129290799 133 ECU1 PVSE PVSE log info V 3 [Sensorv2::SendEventEvent_RequestDataCyclic::Received  1000  bytes]
2025/11/24 12:11:23.096283  129290800 134 ECU1 PVSE PVSE log info V 1 [First 50 bytes: 61 5c 17 02 33 94 b2 6d 25 f6 8a3 54 62 e9 fb 94 3a cb cc 23 ad 48 5f 7c c6 82 ee 5e f6 cd 0c 84 6f 52 44 e2 22 17 36 03 aa 3f a7 07 e8 44 56 49 1f cd 4f c5 ]
2025/11/24 12:11:22.101152  129280848 135 ECU1 CLSE CLSE log verbose V 2 [Sensorv2::ReceiveEventEvent_RequestData::GetNewSamples:: 1]
2025/11/24 12:11:23.101017  129290847 136 ECU1 CLSE CLSE log verbose V 2 [Sensor::ReceiveEventEvent_transferData::GetNewSamples:: 1]
2025/11/24 12:11:23.101227  129290849 137 ECU1 CLSE CLSE log info V 3 [Sensorv2::ReadDataEvent_RequestData - Received  1000  bytes]
2025/11/24 12:11:23.101261  129290849 138 ECU1 CLSE CLSE log info V 1 [First 50 bytes: 61 5c 17 02 33 94 b2 6d 25 f6 8a d5 90 16 01 2d a2 3f 5e d8 09 ab 8c 28 ab 5f 14 9b 28 99 b7 43 c3 5e f9 38 be 86 e0 71 dd 5f 22 51 d4 91 e4 dd 91 ab ]
2025/11/24 12:11:23.101293  129290850 139 ECU1 CLSE CLSE log verbose V 2 [Sensorv2::ReceiveEventEvent_RequestData::GetNewSamples:: 1]
2025/11/24 12:11:24.101114  129300848 140 ECU1 CLSE CLSE log verbose V 2 [Sensor::ReceiveEventEvent_transferData::GetNewSamples:: 1]
2025/11/24 12:11:24.101382  129300851 141 ECU1 CLSE CLSE log info V 3 [Sensorv2::ReadDataEvent_RequestData - Received  1000  bytes]
2025/11/24 12:11:24.101408  129300851 142 ECU1 CLSE CLSE log info V 1 [First 50 bytes: b5 24 43 45 9e 4f e0 f8 f0 1b d3 fa 94 db e4 6a 2a 92 df 02 c9 d9 51 45 6a 70 3d 65 74 c1 fd 98 73 9c da db fe 37 c8 ba a7 69 82 bb 37 ff 2f e7 87 e5 ]
2025/11/24 12:11:24.101414  129300851 143 ECU1 CLSE CLSE log verbose V 2 [Sensorv2::ReceiveEventEvent_RequestData::GetNewSamples:: 1]
2025/11/24 12:11:25.101242  129310849 144 ECU1 CLSE CLSE log verbose V 2 [Sensor::ReceiveEventEvent_transferData::GetNewSamples:: 1]
2025/11/24 12:11:25.101494  129310852 145 ECU1 CLSE CLSE log info V 3 [Sensorv2::ReadDataEvent_RequestData - Received  1000  bytes]
2025/11/24 12:11:25.101522  129310852 146 ECU1 CLSE CLSE log info V 1 [First 50 bytes: b8 e8 d9 2e 0a 3e 5b 63 1e 1b f8 b0 95 d2 85 bc b4 bc 4a be f1 98 b8 bc b2 b0 7d 1f 4d b9 4b b8 0b 1d 06 8f f1 1d 29 4a 29 f8 81 a1 2d f7 36 70 47 95 ]
2025/11/24 12:11:25.101530  129310852 147 ECU1 CLSE CLSE log verbose V 2 [Sensorv2::ReceiveEventEvent_RequestData::GetNewSamples:: 1]
2025/11/24 12:11:26.101377  129320851 148 ECU1 CLSE CLSE log verbose V 2 [Sensor::ReceiveEventEvent_transferData::GetNewSamples:: 1]
2025/11/24 12:11:26.101611  129320853 149 ECU1 CLSE CLSE log info V 3 [Sensorv2::ReadDataEvent_RequestData - Received  1000  bytes]
2025/11/24 12:11:26.101634  129320853 150 ECU1 CLSE CLSE log info V 1 [First 50 bytes: 1e 8e 89 bb 18 51 24 ef 65 9b 41 88 26 b5 60 db 15 9e 8c 73 7e d7 3f c9 e3 9c 9a bb 4b 34 13 ce d2 fd fe 90 01 58 33 a1 cf 41 cd fe ec 67 1c fb cd be ]
2025/11/24 12:11:26.101643  129320853 151 ECU1 CLSE CLSE log verbose V 2 [Sensorv2::ReceiveEventEvent_RequestData::GetNewSamples:: 1]
2025/11/24 12:11:27.101604  129330853 152 ECU1 CLSE CLSE log verbose V 2 [Sensor::ReceiveEventEvent_transferData::GetNewSamples:: 1]
2025/11/24 12:11:27.101724  129330854 153 ECU1 CLSE CLSE log info V 3 [Sensorv2::ReadDataEvent_RequestData - Received  1000  bytes]
2025/11/24 12:11:27.101745  129330854 154 ECU1 CLSE CLSE log info V 1 [First 50 bytes: b7 f5 3f a4 74 f6 11 ca 3e 3e 70 22 5d 6d 89 e3 d2 c5 16 34 25 16 c8 a5 0a 4b 10 44 ae b2 66 87 e3 b2 85 f4 0a aa 03 08 6d 73 de 87 5f 0f 39 4e 79 d4 ]
2025/11/24 12:11:27.101754  129330854 155 ECU1 CLSE CLSE log verbose V 2 [Sensorv2::ReceiveEventEvent_RequestData::GetNewSamples:: 1]
2025/11/24 12:11:28.101716  129340854 156 ECU1 CLSE CLSE log verbose V 2 [Sensor::ReceiveEventEvent_transferData::GetNewSamples:: 1]
2025/11/24 12:11:28.101840  129340855 157 ECU1 CLSE CLSE log info V 3 [Sensorv2::ReadDataEvent_RequestData - Received  1000  bytes]
2025/11/24 12:11:28.101864  129340855 158 ECU1 CLSE CLSE log info V 1 [First 50 bytes: da f8 32 17 1d 06 82 64 09 80 c7 2c 53 ab 71 9a 47 99 60 da 97 4a 36 3f ec fb d9 01 da 7c 58 b9 3e bf 69 b4 25 4e 7a 23 e7 c4 5f 09 36 30 ce c6 e9 bb ]
2025/11/24 12:11:28.101867  129340856 159 ECU1 CLSE CLSE log verbose V 2 [Sensorv2::ReceiveEventEvent_RequestData::GetNewSamples:: 1]
2025/11 d5 90 16 01 2d a2 3f 5e d8 09 ab 8c 28 ab 5f 14 9b 28 99 b7 43 c3 5e f9 38 be 86 e0 71 dd 5f 22 51 d4 91 e4 dd 91 ab ]
2025/11/24 12:11:23.096536  129290802 135 ECU1 PVSE PVSE log verbose V 1 [Sensorv2::SendEventEvent_RequestDataCyclic::Received]
2025/11/24 12:11:24.092833  129300765 136 ECU1 PVSE PVSE log verbose V 1 [Sensor::SendEventEvent_transferDataCyclic::Send]
2025/11/24 12:11:24.096657  129300803 137 ECU1 PVSE PVSE log info V 3 [Sensorv2::SendEventEvent_RequestDataCyclic::Received  1000  bytes]
2025/11/24 12:11:24.096694  129300804 138 ECU1 PVSE PVSE log info V 1 [First 50 bytes: b5 24 43 45 9e 4f e0 f8 f0 1b d3 fa 94 db e4 6a 2a 92 df 02 c9 d9 51 45 6a 70 3d 65 74 c1 fd 98 73 9c da db fe 37 c8 ba a7 69 82 bb 37 ff 2f e7 87 e5 ]
2025/11/24 12:11:24.096989  129300807 139 ECU1 PVSE PVSE log verbose V 1 [Sensorv2::SendEventEvent_RequestDataCyclic::Received]
2025/11/24 12:11:25.093245  129310769 140 ECU1 PVSE PVSE log verbose V 1 [Sensor::SendEventEvent_transferDataCyclic::Send]
2025/11/24 12:11:25.097093  129310808 141 ECU1 PVSE PVSE log info V 3 [Sensorv2::SendEventEvent_RequestDataCyclic::Received  1000  bytes]
2025/11/24 12:11:25.097143  129310808 142 ECU1 PVSE PVSE log info V 1 [First 50 bytes: b8 e8 d9 2e 0a 3e 5b 63 1e 1b f8 b0 95 d2 85 bc b4 bc 4a be f1 98 b8 bc b2 b0 7d 1f 4d b9 4b b8 0b 1d 06 8f f1 1d 29 4a 29 f8 81 a1 2d f7 36 70 47 95 ]
2025/11/24 12:11:25.097435  129310811 143 ECU1 PVSE PVSE log verbose V 1 [Sensorv2::SendEventEvent_RequestDataCyclic::Received]
2025/11/24 12:11:26.093819  129320775 144 ECU1 PVSE PVSE log verbose V 1 [Sensor::SendEventEvent_transferDataCyclic::Send]
2025/11/24 12:11:26.097552  129320812 145 ECU1 PVSE PVSE log info V 3 [Sensorv2::SendEventEvent_RequestDataCyclic::Received  1000  bytes]
2025/11/24 12:11:26.097603  129320813 146 ECU1 PVSE PVSE log info V 1 [First 50 bytes: 1e 8e 89 bb 18 51 24 ef 65 9b 41 88 26 b5 60 db 15 9e 8c 73 7e d7 3f c9 e3 9c 9a bb 4b 34 13 ce d2 fd fe 90 01 58 33 a1 cf 41 cd fe ec 67 1c fb cd be ]
2025/11/24 12:11:26.098148  129320818 147 ECU1 PVSE PVSE log verbose V 1 [Sensorv2::SendEventEvent_RequestDataCyclic::Received]
2025/11/24 12:11:27.094183  129330779 148 ECU1 PVSE PVSE log verbose V 1 [Sensor::SendEventEvent_transferDataCyclic::Send]
2025/11/24 12:11:27.098286  129330820 149 ECU1 PVSE PVSE log info V 3 [Sensorv2::SendEventEvent_RequestDataCyclic::Received  1000  bytes]
2025/11/24 12:11:27.098323  129330820 150 ECU1 PVSE PVSE log info V 1 [First 50 bytes: b7 f5 3f a4 74 f6 11 ca 3e 3e 70 22 5d 6d 89 e3 d2 c5 16 34 25 16 c8 a5 0a 4b 10 44 ae b2 66 87 e3 b2 85 f4 0a aa 03 08 6d 73 de 87 5f 0f 39 4e 79 d4 ]
2025/11/24 12:11:27.098534  129330822 151 ECU1 PVSE PVSE log verbose V 1 [Sensorv2::SendEventEvent_RequestDataCyclic::Received]
2025/11/24 12:11:28.094599  129340783 152 ECU1 PVSE PVSE log verbose V 1 [Sensor::SendEventEvent_transferDataCyclic::Send]
2025/11/24 12:11:28.098724  129340824 153 ECU1 PVSE PVSE log info V 3 [Sensorv2::SendEventEvent_RequestDataCyclic::Received  1000  bytes]
2025/11/24 12:11:28.098783  129340825 154 ECU1 PVSE PVSE log info V 1 [First 50 bytes: da f8 32 17 1d 06 82 64 09 80 c7 2c 53 ab 71 9a 47 99 60 da 97 4a 36 3f ec fb d9 01 da 7c 58 b9 3e bf 69 b4 25 4e 7a 23 e7 c4 5f 09 36 30 ce c6 e9 bb ]
2025/11/24 12:11:28.099043  129340827 155 ECU1 PVSE PVSE log verbose V 1 [Sensorv2::SendEventEvent_RequestDataCyclic::Received]
2025/11/24 12:11:29.095066  129350788 156 ECU1 PVSE PVSE log verbose V 1 [Sensor::SendEventEvent_transferDataCyclic::Send]
2025/11/24 12:11:29.099153  129350828 157 ECU1 PVSE PVSE log info V 3 [Sensorv2::SendEventEvent_RequestDataCyclic::Received  1000  bytes]
2025/11/24 12:11:29.099216  129350829 158 ECU1 PVSE PVSE log info V 1 [First 50 bytes: 6c 0c e1 ef e9 a6 1c 1c 97 9e f2 71 50 19 3c 00 ca 87 07 46 86 7b 56 4f 35 45 03 03 cc d5 35 ef be 18 70 92 f6 5c ca 4c 76 58 9e 9e dd b5 41 db bb 76 ]
2025/11/24 12:11:29.099525  129350832 159 ECU1 PVSE PVSE log verbose V 1 [Sensorv2::SendEventEvent_RequestDataCyclic::Received]
2025/11/24 12:11:30.095621  129360793 160 ECU1 PVSE PVSE log verbose V 1 [Sensor