=== Run started at Mon Nov 24 12:04:00 UTC 2025 ===
[BUILD] Build directory found, running the script
[RUN] Starting para-exec.sh...
[0;90m2025-11-24 12:04:00.892 [0;1;96m[ Debug ][m: reopen RouDi's IPC channel!
[0;90m2025-11-24 12:04:00.892 [0;1;93m[Warning][m: RouDi not found - waiting ...
Log level set to: [0;1;93m[Warning][m
Reserving 92775704 bytes in the shared memory [iceoryx_mgmt]
[ Reserving shared memory successful ] 
Reserving 484809200 bytes in the shared memory [root]
[ Reserving shared memory successful ] 
RouDi is ready for clients
[0;90m2025-11-24 12:04:01.192 [0;1;96m[ Debug ][m: RouDi IPC Channel found!
[0;90m2025-11-24 12:04:01.192 [0;1;93m[Warning][m: ... RouDi found.
[0;90m2025-11-24 12:04:01.193 [0;1;96m[ Debug ][m: Application registered management segment 0x7e39e9054000 with size 92775704 to id 1
[0;90m2025-11-24 12:04:01.193 [0;1;96m[ Debug ][m: Application registered payload data segment 0x7e39cc1fa000 with size 484809200 to id 2
[0;90m2025-11-24 12:04:01.698 [0;1;96m[ Debug ][m: Application registered management segment 0x7bb7addae000 with size 92775704 to id 1
[0;90m2025-11-24 12:04:01.699 [0;1;96m[ Debug ][m: Application registered payload data segment 0x7bb790f54000 with size 484809200 to id 2
[0;90m2025-11-24 12:04:01.723 [0;1;96m[ Debug ][m: Application registered management segment 0x71df91563000 with size 92775704 to id 1
[0;90m2025-11-24 12:04:01.723 [0;1;96m[ Debug ][m: Application registered payload data segment 0x71df74709000 with size 484809200 to id 2
[0;90m2025-11-24 12:04:01.733 [0;1;96m[ Debug ][m: Application registered management segment 0x762ba57d7000 with size 92775704 to id 1
[0;90m2025-11-24 12:04:01.733 [0;1;96m[ Debug ][m: Application registered payload data segment 0x762b8897d000 with size 484809200 to id 2
2025/11/24 12:04:01.734153  124877178 000 ECU1 PVSE PVSE log verbose V 1 [ProviderSensor::Initialize]
[12487.717908]~DLT~36255~ERROR    ~dlt_user_log_send_log: File size (0 bytes) reached to defined maximum size (0 bytes)
[0;90m2025-11-24 12:04:01.753 [0;1;96m[ Debug ][m: Application registered management segment 0x72ceccb28000 with size 92775704 to id 1
[0;90m2025-11-24 12:04:01.753 [0;1;96m[ Debug ][m: Application registered payload data segment 0x72ceafcce000 with size 484809200 to id 2
2025/11/24 12:04:01.754287  124877380 000 ECU1 CLSE CLSE log verbose V 1 [ClientSensor::Initialize]
[12487.738042]~DLT~36276~ERROR    ~dlt_user_log_send_log: File size (0 bytes) reached to defined maximum size (0 bytes)
2025/11/24 12:04:01.754315  124877380 001 ECU1 CLSE CLSE log verbose V 1 [ClientSensor::Start]
2025/11/24 12:04:01.754319  124877380 002 ECU1 CLSE CLSE log verbose V 1 [Sensor::Start]
2025/11/24 12:04:01.755459  124877391 003 ECU1 CLSE CLSE log verbose V 1 [Sensor::Start::StartFindService]
  V 1CLSE log  Se1 [Se1]
[Sensorv2::Start]
2025/11/24 12:04:01.755575  124877393 006 ECU1 CLSE CLSE log verbose V 1 [Sensorv2::Start::StartFindService]
2025/11/24 12:04:01.755578  124877393 007 ECU1 CLSE CLSE log verbose V 1 [Sensorv2::Find::Service Instances not found]
2025/11/24 12:04:01.761166  124877449 008 ECU1 CLSE CLSE log verbose V 1 [Running adaptive application]
2025/11/24 12:04:01.761173  124877449 009 ECU1 CLSE CLSE log verbose V 1 [ClientSensor::Run]
2025/11/24 12:04:01.799347  124877830 010 ECU1 CLSE CLSE log verbose V 4 [Sensor::Find::Searched Instance::ServiceId = 21 , InstanceId = 1]
2025/11/24 12:04:01.799374  124877831 011 ECU1 CLSE CLSE log verbose V 4 [Sensor::Find::Using Instance::ServiceId = 21 , InstanceId = 1]
2025/11/24 12:04:01.800180  124877839 012 ECU1 CLSE CLSE log verbose V 1 [Sensor::SubscribeEvent_transferData::Subscribed]
2025/11/24 12:04:01.828808  124878125 013 ECU1 CLSE CLSE log verbose V 4 [Sensorv2::Find::Searched Instance::ServiceId = 22 , InstanceId = 2]
2025/11/24 12:04:01.828821  124878125 014 ECU1 CLSE CLSE log verbose V 4 [Sensorv2::Find::Using Instance::ServiceId = 22 , InstanceId = 2]
2025/11/24 12:04:01.829318  124878130 015 ECU1 CLSE CLSE log verbose V 1 [Sensorv2::SubscribeEvent_RequestData::Subscribed]
2025/11/24 12:04:02.761275  124887450 016 ECU1 CLSE CLSE log verbose V 2 [Sensorv2::ReceiveEventEvent_RequestData::GetNewSamples:: 0]
2025/11/24 12:04:02.761351  124887450 017 ECU1 CLSE CLSE log verbose V 2 [Sensor::ReceiveEventEvent_transferData::GetNewSamples:: 1]
2025/11/24 12:04:03.761362  124897450 018 ECU1 CLSE CLSE log verbose V 2 [Sensorv2::ReceiveEventEvent_RequestData::GetNewSamples:: 0]
2025/11/24 12:04:03.761527  124897452 019 ECU1 CLSE CLSE log verbose V 2 [Sensor::ReceiveEventEvent_transferData::GetNewSamples:: 1]
2025/11/24 12:04:04.761599  124907453 020 ECU1 CLSE CLSE log verbose V 2 [Sensorv2::ReceiveEventEvent_RequestData::GetNewSamples:: 0]
2025/11/24 12:04:04.761651  124907453 021 ECU1 CLSE CLSE log verbose V 2 [Sensor::ReceiveEventEvent_transferData::GetNewSamples:: 1]
2025/11/24 12:04:05.761714  124917454 022 ECU1 CLSE CLSE log verbose V 2 [Sensorv2::ReceiveEventEvent_RequestData::GetNewSamples:: 0]
2025/11/24 12:04:05.761768  124917455 023 ECU1 CLSE CLSE log verbose V 2 [Sensor::ReceiveEventEvent_transferData::GetNewSamples:: 1]
2025/11/24 12:04:06.761850  124927455 024 ECU1 CLSE CLSE log verbose V 2 [Sensorv2::ReceiveEventEvent_RequestData::GetNewSamples:: 0]
2025/11/24 12:04:06.761982  124927457 025 ECU1 CLSE CLSE log verbose V 2 [Sensor::ReceiveEventEvent_transferData::GetNewSamples:: 1]
2025/11/24 12:04:07.761984  124937457 026 ECU1 CLSE CLSE log verbose V 2 [Sensorv2::ReceiveEventEvent_RequestData::GetNewSamples:: 0]
2025/11/24 12:04:07.762126  124937458 027 ECU1 CLSE CLSE log verbose V 2 [Sensor::ReceiveEventEvent_transferData::GetNewSamples:: 1]
2025/11/24 12:04:08.762111  124947458 028 ECU1 CLSE CLSE log verbose V 2 [Sensorv2::ReceiveEventEvent_RequestData::GetNewSamples:: 0]
2025/11/24 12:04:08.762273  124947460 029 ECU1 CLSE CLSE log verbose V 2 [Sensor::ReceiveEventEvent_transferData::GetNewSamples:: 1]
2025/11/24 12:04:09.762228  124957459 030 ECU1 CLSE CLSE log verbose V 2 [Sensorv2::ReceiveEventEvent_RequestData::GetNewSamples:: 0]
2025/11/24 12:04:09.762431  124957461 031 ECU1 CLSE CLSE log verbose V 2 [Sensor::ReceiveEventEvent_transferData::GetNewSamples:: 1]
2025/11/24 12:04:10.762300  124967460 032 ECU1 CLSE CLSE log verbose V 2 [Sensorv2::ReceiveEventEvent_RequestData::GetNewSamples:: 0]
2025/11/24 12:04:10.762610  124967463 033 ECU1 CLSE CLSE log verbose V 2 [Sensor::ReceiveEventEvent_transferData::GetNewSamples:: 1]
2025/11/24 12:04:11.762393  124977461 034 ECU1 CLSE CLSE log verbose V 2 [Sensorv2::ReceiveEventEvent_RequestData::GetNewSamples:2025/11/24 12:04:01.734180  124877179 001 ECU1 PVSE PVSE log verbose V 1 [ProviderSensor::Start]
2025/11/24 12:04:01.734183  124877179 002 ECU1 PVSE PVSE log verbose V 1 [Sensor::Start]
2025/11/24 12:04:01.736106  124877198 003 ECU1 PVSE PVSE log verbose V 1 [Sensor::Start::OfferService]
2025/11/24 12:04:01.736125  124877198 004 ECU1 PVSE PVSE log verbose V 1 [Sensorv2::Start]
2025/11/24 12:04:01.737569  124877213 005 ECU1 PVSE PVSE log verbose V 1 [Sensorv2::Start::OfferService]
2025/11/24 12:04:01.740067  124877238 006 ECU1 PVSE PVSE log verbose V 1 [Running adaptive application]
2025/11/24 12:04:01.740091  124877238 007 ECU1 PVSE PVSE log verbose V 1 [ProviderSensor::Run]
2025/11/24 12:04:01.740194  124877239 008 ECU1 PVSE PVSE log info V 3 [Sensorv2::SendEventEvent_RequestDataCyclic::Received  1300  bytes]
2025/11/24 12:04:01.740211  124877239 009 ECU1 PVSE PVSE log info V 1 [First 50 bytes: 6e 82 07 9e e4 df da ff 9d 07 35 7e 90 78 d7 fc df ce af 78 4d 36 b7 82 a2 1f 16 9e 99 e7 7a d6 12 4f af 22 6c 9d f1 fa cb ec 0c 21 7c da dc 5e 36 10 ]
2025/11/24 12:04:01.740557  124877242 010 ECU1 PVSE PVSE log error V 2 [Sensorv2::SendEventEvent_RequestDataCyclic::Received:: no clients]
2025/11/24 12:04:01.740580  124877243 011 ECU1 PVSE PVSE log error V 2 [Sensor::SendEventEvent_transferDataCyclic::Send:: no clients]
2025/11/24 12:04:02.740933  124887246 012 ECU1 PVSE PVSE log verbose V 1 [Sensor::SendEventEvent_transferDataCyclic::Send]
2025/11/24 12:04:03.741492  124897252 013 ECU1 PVSE PVSE log verbose V 1 [Sensor::SendEventEvent_transferDataCyclic::Send]
2025/11/24 12:04:04.742013  124907257 014 ECU1 PVSE PVSE log verbose V 1 [Sensor::SendEventEvent_transferDataCyclic::Send]
2025/11/24 12:04:05.742601  124917263 015 ECU1 PVSE PVSE log verbose V 1 [Sensor::SendEventEvent_transferDataCyclic::Send]
2025/11/24 12:04:06.743157  124927268 016 ECU1 PVSE PVSE log verbose V 1 [Sensor::SendEventEvent_transferDataCyclic::Send]
2025/11/24 12:04:07.743490  124937272 017 ECU1 PVSE PVSE log verbose V 1 [Sensor::SendEventEvent_transferDataCyclic::Send]
2025/11/24 12:04:08.743936  124947276 018 ECU1 PVSE PVSE log verbose V 1 [Sensor::SendEventEvent_transferDataCyclic::Send]
2025/11/24 12:04:09.744397  124957281 019 ECU1 PVSE PVSE log verbose V 1 [Sensor::SendEventEvent_transferDataCyclic::Send]
2025/11/24 12:04:10.744883  124967286 020 ECU1 PVSE PVSE log verbose V 1 [Sensor::SendEventEvent_transferDataCyclic::Send]
2025/11/24 12:04:11.740667  124977244 021 ECU1 PVSE PVSE log info V 3 [Sensorv2::SendEventEvent_RequestDataCyclic::Received  1300  bytes]
2025/11/24 12:04:11.740700  124977244 022 ECU1 PVSE PVSE log info V 1 [First 50 bytes: 32 ed 6c 24 0c 13 e3 0f 6f 1a 0a f3 01 0a 2c 35 6a a2 2d 9e 45 03 d3 2e 87 bc b6 3a 42 17 28 b4 f1 b0 e8 e5 0a 72 f1 4e 98 7f 21 b3 38 1a 6a db 2f 30 ]
2025/11/24 12:04:11.741308  124977250 023 ECU1 PVSE PVSE log verbose V 1 [Sensorv2::SendEventEvent_RequestDataCyclic::Received]
2025/11/24 12:04:11.745264  124977289 024 ECU1 PVSE PVSE log verbose V 1 [Sensor::SendEventEvent_transferDataCyclic::Send]
2025/11/24 12:04:12.745688  124987294 025 ECU1 PVSE PVSE log verbose V 1 [Sensor::SendEventEvent_transferDataCyclic::Send]
2025/11/24 12:04:13.746319  124997300 026 ECU1 PVSE PVSE log verbose V 1 [Sensor::SendEventEvent_transferDataCyclic::Send]
2025/11/24 12:04:14.746877  125007306 027 ECU1 PVSE PVSE log verbose V 1 [Sensor::SendEventEvent_transferDataCyclic::Send]
2025/11/24 12:04:15.747422  125017311 028 ECU1 PVSE PVSE log verbose V 1 [Sensor::SendEventEvent_transferDataCyclic::Send]
2025/11/24 12:04:16.748015  125027317 029 ECU1 PVSE PVSE log verbose V 1 [Sensor::SendEventEvent_transferDataCyclic::Send]
2025/11/24 12:04:17.748412  125037321 030 ECU1 PVSE PVSE log verbose V 1 [Sensor::SendEventEvent_transferDataCyclic::Send]
2025/11/24 12:04:18.748917  125047326 031 ECU1 PVSE PVSE log verbose V 1 [Sensor::SendEventEvent_transferDataCyclic::Send]
2025/11/24 12:04:19.749351  125057330 032 ECU1 PVSE PVSE log verbose V 1 [Sensor::SendEventEvent_transferDataCyclic::Send]
2025/11/24 12:04:20.749883  125067336 033 E: 1]
2025/11/24 12:04:11.762712  124977464 035 ECU1 CLSE CLSE log verbose V 2 [Sensor::ReceiveEventEvent_transferData::GetNewSamples:: 1]
2025/11/24 12:04:12.762500  124987462 036 ECU1 CLSE CLSE log verbose V 2 [Sensorv2::ReceiveEventEvent_RequestData::GetNewSamples:: 0]
2025/11/24 12:04:12.762842  124987465 037 ECU1 CLSE CLSE log verbose V 2 [Sensor::ReceiveEventEvent_transferData::GetNewSamples:: 1]
2025/11/24 12:04:13.762631  124997463 038 ECU1 CLSE CLSE log verbose V 2 [Sensorv2::ReceiveEventEvent_RequestData::GetNewSamples:: 0]
2025/11/24 12:04:13.762965  124997467 039 ECU1 CLSE CLSE log verbose V 2 [Sensor::ReceiveEventEvent_transferData::GetNewSamples:: 1]
2025/11/24 12:04:14.762808  125007465 040 ECU1 CLSE CLSE log verbose V 2 [Sensorv2::ReceiveEventEvent_RequestData::GetNewSamples:: 0]
2025/11/24 12:04:14.763078  125007468 041 ECU1 CLSE CLSE log verbose V 2 [Sensor::ReceiveEventEvent_transferData::GetNewSamples:: 1]
2025/11/24 12:04:15.762997  125017467 042 ECU1 CLSE CLSE log verbose V 2 [Sensorv2::ReceiveEventEvent_RequestData::GetNewSamples:: 0]
2025/11/24 12:04:15.763242  125017469 043 ECU1 CLSE CLSE log verbose V 2 [Sensor::ReceiveEventEvent_transferData::GetNewSamples:: 1]
2025/11/24 12:04:16.763201  125027469 044 ECU1 CLSE CLSE log verbose V 2 [Sensorv2::ReceiveEventEvent_RequestData::GetNewSamples:: 0]
2025/11/24 12:04:16.763306  125027470 045 ECU1 CLSE CLSE log verbose V 2 [Sensor::ReceiveEventEvent_transferData::GetNewSamples:: 1]
2025/11/24 12:04:17.763284  125037470 046 ECU1 CLSE CLSE log verbose V 2 [Sensorv2::ReceiveEventEvent_RequestData::GetNewSamples:: 0]
2025/11/24 12:04:17.763462  125037471 047 ECU1 CLSE CLSE log verbose V 2 [Sensor::ReceiveEventEvent_transferData::GetNewSamples:: 1]
2025/11/24 12:04:18.763378  125047471 048 ECU1 CLSE CLSE log verbose V 2 [Sensorv2::ReceiveEventEvent_RequestData::GetNewSamples:: 0]
2025/11/24 12:04:18.763594  125047473 049 ECU1 CLSE CLSE log verbose V 2 [Sensor::ReceiveEventEvent_transferData::GetNewSamples:: 1]
2025/11/24 12:04:19.763489  125057472 050 ECU1 CLSE CLSE log verbose V 2 [Sensorv2::ReceiveEventEvent_RequestData::GetNewSamples:: 0]
2025/11/24 12:04:19.763734  125057474 051 ECU1 CLSE CLSE log verbose V 2 [Sensor::ReceiveEventEvent_transferData::GetNewSamples:: 1]
2025/11/24 12:04:20.763609  125067473 052 ECU1 CLSE CLSE log verbose V 2 [Sensorv2::ReceiveEventEvent_RequestData::GetNewSamples:: 0]
2025/11/24 12:04:20.763868  125067476 053 ECU1 CLSE CLSE log verbose V 2 [Sensor::ReceiveEventEvent_transferData::GetNewSamples:: 1]
2025/11/24 12:04:21.763719  125077474 054 ECU1 CLSE CLSE log verbose V 2 [Sensorv2::ReceiveEventEvent_RequestData::GetNewSamples:: 1]
2025/11/24 12:04:21.763992  125077477 055 ECU1 CLSE CLSE log verbose V 2 [Sensor::ReceiveEventEvent_transferData::GetNewSamples:: 1]
2025/11/24 12:04:22.763844  125087475 056 ECU1 CLSE CLSE log verbose V 2 [Sensorv2::ReceiveEventEvent_RequestData::GetNewSamples:: 0]
2025/11/24 12:04:22.764167  125087479 057 ECU1 CLSE CLSE log verbose V 2 [Sensor::ReceiveEventEvent_transferData::GetNewSamples:: 1]
2025/11/24 12:04:23.763953  125097476 058 ECU1 CLSE CLSE log verbose V 2 [Sensorv2::ReceiveEventEvent_RequestData::GetNewSamples:: 0]
2025/11/24 12:04:23.764366  125097481 059 ECU1 CLSE CLSE log verbose V 2 [Sensor::ReceiveEventEvent_transferData::GetNewSamples:: 1]
2025/11/24 12:04:24.764122  125107478 060 ECU1 CLSE CLSE log verbose V 2 [Sensorv2::ReceiveEventEvent_RequestData::GetNewSamples:: 0]
2025/11/24 12:04:24.764475  125107482 061 ECU1 CLSE CLSE log verbose V 2 [Sensor::ReceiveEventEvent_transferData::GetNewSamples:: 1]
2025/11/24 12:04:25.764349  125117480 062 ECU1 CLSE CLSE log verbose V 2 [Sensorv2::ReceiveEventEvent_RequestData::GetNewSamples:: 0]
2025/11/24 12:04:25.764592  125117483 063 ECU1 CLSE CLSE log verbose V 2 [Sensor::ReceiveEventEvent_transferData::GetNewSamples:: 1]
2025/11/24 12:04:26.764449  125127481 064 ECU1 CLSE CLSE log verbose V 2 [Sensorv2::ReceiveEventEvent_RequestData::GetNewSamples:: 0]
2025/11/24 12:04:26.764724  125127484 065 ECU1 CLSE CLSE log verbose V 2 [Sensor::ReceCU1 PVSE PVSE log verbose V 1 [Sensor::SendEventEvent_transferDataCyclic::Send]
2025/11/24 12:04:21.741438  125077251 034 ECU1 PVSE PVSE log info V 3 [Sensorv2::SendEventEvent_RequestDataCyclic::Received  1300  bytes]
2025/11/24 12:04:21.741491  125077252 035 ECU1 PVSE PVSE log info V 1 [First 50 bytes: 0b 81 4f dd 69 3f ed 2e 38 d9 8c 1d 71 6d 1e c5 7b 42 91 2b 85 c8 9c 70 d3 86 a0 85 9b 7a 85 65 ec 8e 73 da 22 f7 bf 61 66 29 66 29 21 61 5c 26 1f 39 ]
2025/11/24 12:04:21.741776  125077255 036 ECU1 PVSE PVSE log verbose V 1 [Sensorv2::SendEventEvent_RequestDataCyclic::Received]
2025/11/24 12:04:21.750194  125077339 037 ECU1 PVSE PVSE log verbose V 1 [Sensor::SendEventEvent_transferDataCyclic::Send]
2025/11/24 12:04:22.750731  125087344 038 ECU1 PVSE PVSE log verbose V 1 [Sensor::SendEventEvent_transferDataCyclic::Send]
2025/11/24 12:04:23.751322  125097350 039 ECU1 PVSE PVSE log verbose V 1 [Sensor::SendEventEvent_transferDataCyclic::Send]
2025/11/24 12:04:24.751870  125107356 040 ECU1 PVSE PVSE log verbose V 1 [Sensor::SendEventEvent_transferDataCyclic::Send]
2025/11/24 12:04:25.752407  125117361 041 ECU1 PVSE PVSE log verbose V 1 [Sensor::SendEventEvent_transferDataCyclic::Send]
2025/11/24 12:04:26.752896  125127366 042 ECU1 PVSE PVSE log verbose V 1 [Sensor::SendEventEvent_transferDataCyclic::Send]
2025/11/24 12:04:27.753372  125137371 043 ECU1 PVSE PVSE log verbose V 1 [Sensor::SendEventEvent_transferDataCyclic::Send]
2025/11/24 12:04:28.754035  125147377 044 ECU1 PVSE PVSE log verbose V 1 [Sensor::SendEventEvent_transferDataCyclic::Send]
2025/11/24 12:04:29.754522  125157382 045 ECU1 PVSE PVSE log verbose V 1 [Sensor::SendEventEvent_transferDataCyclic::Send]
2025/11/24 12:04:30.754881  125167386 046 ECU1 PVSE PVSE log verbose V 1 [Sensor::SendEventEvent_transferDataCyclic::Send]
2025/11/24 12:04:31.741919  125177256 047 ECU1 PVSE PVSE log info V 3 [Sensorv2::SendEventEvent_RequestDataCyclic::Received  1300  bytes]
2025/11/24 12:04:31.741958  125177256 048 ECU1 PVSE PVSE log info V 1 [First 50 bytes: b3 d1 57 d9 81 76 c2 7e 07 35 e3 c1 14 3c 3a 9f cc a3 44 87 cd 4c ff 95 3e 57 7c 8a 30 cc 58 e9 90 cf 8a 7c d2 32 0c 99 ce 13 6a 7c 7f 8b 2e 64 15 ee ]
2025/11/24 12:04:31.742314  125177260 049 ECU1 PVSE PVSE log verbose V 1 [Sensorv2::SendEventEvent_RequestDataCyclic::Received]
2025/11/24 12:04:31.755168  125177389 050 ECU1 PVSE PVSE log verbose V 1 [Sensor::SendEventEvent_transferDataCyclic::Send]
2025/11/24 12:04:32.755510  125187392 051 ECU1 PVSE PVSE log verbose V 1 [Sensor::SendEventEvent_transferDataCyclic::Send]
2025/11/24 12:04:33.756095  125197398 052 ECU1 PVSE PVSE log verbose V 1 [Sensor::SendEventEvent_transferDataCyclic::Send]
2025/11/24 12:04:34.756674  125207404 053 ECU1 PVSE PVSE log verbose V 1 [Sensor::SendEventEvent_transferDataCyclic::Send]
2025/11/24 12:04:35.757243  125217409 054 ECU1 PVSE PVSE log verbose V 1 [Sensor::SendEventEvent_transferDataCyclic::Send]
2025/11/24 12:04:36.757641  125227413 055 ECU1 PVSE PVSE log verbose V 1 [Sensor::SendEventEvent_transferDataCyclic::Send]
2025/11/24 12:04:37.758061  125237417 056 ECU1 PVSE PVSE log verbose V 1 [Sensor::SendEventEvent_transferDataCyclic::Send]
2025/11/24 12:04:38.758669  125247424 057 ECU1 PVSE PVSE log verbose V 1 [Sensor::SendEventEvent_transferDataCyclic::Send]
2025/11/24 12:04:39.759112  125257428 058 ECU1 PVSE PVSE log verbose V 1 [Sensor::SendEventEvent_transferDataCyclic::Send]
2025/11/24 12:04:40.759479  125267432 059 ECU1 PVSE PVSE log verbose V 1 [Sensor::SendEventEvent_transferDataCyclic::Send]
2025/11/24 12:04:41.742451  125277261 060 ECU1 PVSE PVSE log info V 3 [Sensorv2::SendEventEvent_RequestDataCyclic::Received  1300  bytes]
2025/11/24 12:04:41.742517  125277262 061 ECU1 PVSE PVSE log info V 1 [First 50 bytes: ab cf c9 da ca 8e 5f 3c 99 12 de 55 84 b4 cc ff cd 92 78 79 55 6b 22 4e b6 a6 94 c7 ae 83 3a f7 75 6c 51 a6 17 6d 9d 58 f5 5b c7 28 61 4c cb d9 1d 34 ]
2025/11/24 12:04:41.742901  125277266 062 ECU1 PVSE PVSE log verbose V 1 [Sensorv2::SendEventEvent_RequestDataCyclic::Received]
2025/11/24 12:04:41.759788  125277435 063iveEventEvent_transferData::GetNewSamples:: 1]
2025/11/24 12:04:27.764635  125137483 066 ECU1 CLSE CLSE log verbose V 2 [Sensorv2::ReceiveEventEvent_RequestData::GetNewSamples:: 0]
2025/11/24 12:04:27.764866  125137486 067 ECU1 CLSE CLSE log verbose V 2 [Sensor::ReceiveEventEvent_transferData::GetNewSamples:: 1]
2025/11/24 12:04:28.764806  125147485 068 ECU1 CLSE CLSE log verbose V 2 [Sensorv2::ReceiveEventEvent_RequestData::GetNewSamples:: 0]
2025/11/24 12:04:28.765065  125147488 069 ECU1 CLSE CLSE log verbose V 2 [Sensor::ReceiveEventEvent_transferData::GetNewSamples:: 1]
2025/11/24 12:04:29.765020  125157487 070 ECU1 CLSE CLSE log verbose V 2 [Sensorv2::ReceiveEventEvent_RequestData::GetNewSamples:: 0]
2025/11/24 12:04:29.765193  125157489 071 ECU1 CLSE CLSE log verbose V 2 [Sensor::ReceiveEventEvent_transferData::GetNewSamples:: 1]
2025/11/24 12:04:30.765126  125167488 072 ECU1 CLSE CLSE log verbose V 2 [Sensorv2::ReceiveEventEvent_RequestData::GetNewSamples:: 0]
2025/11/24 12:04:30.765321  125167490 073 ECU1 CLSE CLSE log verbose V 2 [Sensor::ReceiveEventEvent_transferData::GetNewSamples:: 1]
2025/11/24 12:04:31.765295  125177490 074 ECU1 CLSE CLSE log verbose V 2 [Sensorv2::ReceiveEventEvent_RequestData::GetNewSamples:: 1]
2025/11/24 12:04:31.765469  125177492 075 ECU1 CLSE CLSE log verbose V 2 [Sensor::ReceiveEventEvent_transferData::GetNewSamples:: 1]
2025/11/24 12:04:32.765447  125187491 076 ECU1 CLSE CLSE log verbose V 2 [Sensorv2::ReceiveEventEvent_RequestData::GetNewSamples:: 0]
2025/11/24 12:04:32.765622  125187493 077 ECU1 CLSE CLSE log verbose V 2 [Sensor::ReceiveEventEvent_transferData::GetNewSamples:: 1]
2025/11/24 12:04:33.765642  125197493 078 ECU1 CLSE CLSE log verbose V 2 [Sensorv2::ReceiveEventEvent_RequestData::GetNewSamples:: 0]
2025/11/24 12:04:33.765793  125197495 079 ECU1 CLSE CLSE log verbose V 2 [Sensor::ReceiveEventEvent_transferData::GetNewSamples:: 1]
2025/11/24 12:04:34.765808  125207495 080 ECU1 CLSE CLSE log verbose V 2 [Sensorv2::ReceiveEventEvent_RequestData::GetNewSamples:: 0]
2025/11/24 12:04:34.765935  125207496 081 ECU1 CLSE CLSE log verbose V 2 [Sensor::ReceiveEventEvent_transferData::GetNewSamples:: 1]
2025/11/24 12:04:35.765985  125217497 082 ECU1 CLSE CLSE log verbose V 2 [Sensorv2::ReceiveEventEvent_RequestData::GetNewSamples:: 0]
2025/11/24 12:04:35.766091  125217498 083 ECU1 CLSE CLSE log verbose V 2 [Sensor::ReceiveEventEvent_transferData::GetNewSamples:: 1]
2025/11/24 12:04:36.766141  125227498 084 ECU1 CLSE CLSE log verbose V 2 [Sensorv2::ReceiveEventEvent_RequestData::GetNewSamples:: 0]
2025/11/24 12:04:36.766241  125227499 085 ECU1 CLSE CLSE log verbose V 2 [Sensor::ReceiveEventEvent_transferData::GetNewSamples:: 1]
2025/11/24 12:04:37.766324  125237500 086 ECU1 CLSE CLSE log verbose V 2 [Sensorv2::ReceiveEventEvent_RequestData::GetNewSamples:: 0]
2025/11/24 12:04:37.766399  125237501 087 ECU1 CLSE CLSE log verbose V 2 [Sensor::ReceiveEventEvent_transferData::GetNewSamples:: 1]
2025/11/24 12:04:38.766477  125247502 088 ECU1 CLSE CLSE log verbose V 2 [Sensorv2::ReceiveEventEvent_RequestData::GetNewSamples:: 0]
2025/11/24 12:04:38.766555  125247502 089 ECU1 CLSE CLSE log verbose V 2 [Sensor::ReceiveEventEvent_transferData::GetNewSamples:: 1]
2025/11/24 12:04:39.766645  125257503 090 ECU1 CLSE CLSE log verbose V 2 [Sensorv2::ReceiveEventEvent_RequestData::GetNewSamples:: 0]
2025/11/24 12:04:39.766707  125257504 091 ECU1 CLSE CLSE log verbose V 2 [Sensor::ReceiveEventEvent_transferData::GetNewSamples:: 1]
2025/11/24 12:04:40.766803  125267505 092 ECU1 CLSE CLSE log verbose V 2 [Sensorv2::ReceiveEventEvent_RequestData::GetNewSamples:: 0]
2025/11/24 12:04:40.766864  125267506 093 ECU1 CLSE CLSE log verbose V 2 [Sensor::ReceiveEventEvent_transferData::GetNewSamples:: 1]
2025/11/24 12:04:41.766992  125277507 094 ECU1 CLSE CLSE log verbose V 2 []
2025/11/24 12:04:41.767034  125277507 095 ECU1 CLSE CLSE log verbose V 2 [Sensor::ReceiveEventEvent_transferData::GetNewSamples:: 1]
 Sen ECU1 CLSE  [Sensor::ReceiveEventEvent_transferData::GetNewSamples::]
[Sensor::ReceiveEventEvent_transferData::GetNewSamples:: 1]
2025/11/24 12:04:43.767341  125297510 098 ECU1 CLSE CLSE log verbose V 2 [Sensorv2::ReceiveEventEvent_RequestData::GetNewSamples:: 0]
2025/11/24 12:04:43.767724  125297514 099 ECU1 CLSE CLSE log verbose V 2 [Sensor::ReceiveEventEvent_transferData::GetNewSamples:: 1]
2025/11/24 12:04:44.767485  125307512 100 ECU1 CLSE CLSE log verbose V 2 [Sensorv2::ReceiveEventEvent_RequestData::GetNewSamples:: 0]
2025/11/24 12:04:44.767853  125307515 101 ECU1 CLSE CLSE log verbose V 2 [Sensor::ReceiveEventEvent_transferData::GetNewSamples:: 1]
2025/11/24 12:04:45.767669  125317514 102 ECU1 CLSE CLSE log verbose V 2 [Sensorv2::ReceiveEventEvent_RequestData::GetNewSamples:: 0]
2025/11/24 12:04:45.768105  125317518 103 ECU1 CLSE CLSE log verbose V 2 [Sensor::ReceiveEventEvent_transferData::GetNewSamples:: 1]
2025/11/24 12:04:46.767920  125327516 104 ECU1 CLSE CLSE log verbose V 2 [Sensorv2::ReceiveEventEvent_RequestData::GetNewSamples:: 0]
2025/11/24 12:04:46.768400  125327521 105 ECU1 CLSE CLSE log verbose V 2 [Sensor::ReceiveEventEvent_transferData::GetNewSamples:: 1]
2025/11/24 12:04:47.768095  125337518 106 ECU1 CLSE CLSE log verbose V 2 [Sensorv2::ReceiveEventEvent_RequestData::GetNewSamples:: 0]
2025/11/24 12:04:47.768555  125337522 107 ECU1 CLSE CLSE log verbose V 2 [Sensor::ReceiveEventEvent_transferData::GetNewSamples:: 1]
2025/11/24 12:04:48.768310  125347520 108 ECU1 CLSE CLSE log verbose V 2 [Sensorv2::ReceiveEventEvent_RequestData::GetNewSamples:: 0]
2025/11/24 12:04:48.768740  125347524 109 ECU1 CLSE CLSE log verbose V 2 [Sensor::ReceiveEventEvent_transferData::GetNewSamples:: 1]
2025/11/24 12:04:49.768562  125357523 110 ECU1 CLSE CLSE log verbose V 2 [Sensorv2::ReceiveEventEvent_RequestData::GetNewSamples:: 0]
2025/11/24 12:04:49.768911  125357526 111 ECU1 CLSE CLSE log verbose V 2 [Sensor::ReceiveEventEvent_transferData::GetNewSamples:: 1]
2025/11/24 12:04:50.768784  125367525 112 ECU1 CLSE CLSE log verbose V 2 [Sensorv2::ReceiveEventEvent_RequestData::GetNewSamples:: 0]
2025/11/24 12:04:50.769099  125367528 113 ECU1 CLSE CLSE log verbose V 2 [Sensor::ReceiveEventEvent_transferData::GetNewSamples:: 1]
2025/11/24 12:04:51.769015  125377527 114 ECU1 CLSE CLSE log verbose V 2 [Sensorv2::ReceiveEventEvent_RequestData::GetNewSamples:: 1]
2025/11/24 12:04:51.769260  125377529 115 ECU1 CLSE CLSE log verbose V 2 [Sensor::ReceiveEventEvent_transferData::GetNewSamples:: 1]
2025/11/24 12:04:52.769241  125387529 116 ECU1 CLSE CLSE log verbose V 2 [Sensorv2::ReceiveEventEvent_RequestData::GetNewSamples:: 0]
2025/11/24 12:04:52.769402  125387531 117 ECU1 CLSE CLSE log verbose V 2 [Sensor::ReceiveEventEvent_transferData::GetNewSamples:: 1]
2025/11/24 12:04:53.769495  125397532 118 ECU1 CLSE CLSE log verbose V 2 [Sensorv2::ReceiveEventEvent_RequestData::GetNewSamples:: 0]
2025/11/24 12:04:53.769584  125397533 119 ECU1 CLSE CLSE log verbose V 2 [Sensor::ReceiveEventEvent_transferData::GetNewSamples:: 1]
2025/11/24 12:04:54.769676  125407534 120 ECU1 CLSE CLSE log verbose V 2 [Sensorv2::ReceiveEventEvent_RequestData::GetNewSamples:: 0]
2025/11/24 12:04:54.769763  125407535 121 ECU1 CLSE CLSE log verbose V 2 [Sensor::ReceiveEventEvent_transferData::GetNewSamples:: 1]
2025/11/24 12:04:55.769850  125417535 122 ECU1 CLSE CLSE log verbose V 2 [Sensorv2::ReceiveEventEvent_RequestData::GetNewSamples:: 0]
2025/11/24 12:04:55.769982  125417537 123 ECU1 CLSE CLSE log verbose V 2 [Sensor::ReceiveEventEvent_transferData::GetNewSamples:: 1]
2025/11/24 12:04:56.770015  125427537 124 ECU1 CLSE CLSE log verbose V 2 [Sensorv2::ReceiveEventEvent_RequestData::GetNewSamples:: 0]
2025/11/24 12:04:56.770151  125427538 125 ECU1 CLSE CLSE log verbose V 2 [Sensor::ReceiveEventEvent_transferData::GetNewSamples:: 1]
 verbose V 2 [Sensorv2::ReceiveEventEvent_RequestData::GetNewSamples:: 0]
2025/11/24 12:04:57.770309  125437540 127 ECU1 CLSE CLSE log verbose V 2 [Sensor::ReceiveEventEvent_transferData::GetNewSamples:: 1]
2025/11/24 12:04:58.770416  125447541 128 ECU1 CLSE CLSE log verbose V 2 [Sensorv2::ReceiveEventEvent_RequestData::GetN ECU1 PVSE PVSE log verbose V 1 [Sensor::SendEventEvent_transferDataCyclic::Send]
2025/11/24 12:04:42.760300  125287440 064 ECU1 PVSE PVSE log verbose V 1 [Sensor::SendEventEvent_transferDataCyclic::Send]
2025/11/24 12:04:43.760847  125297445 065 ECU1 PVSE PVSE log verbose V 1 [Sensor::SendEventEvent_transferDataCyclic::Send]
2025/11/24 12:04:44.761163  125307448 066 ECU1 PVSE PVSE log verbose V 1 [Sensor::SendEventEvent_transferDataCyclic::Send]
2025/11/24 12:04:45.761774  125317455 067 ECU1 PVSE PVSE log verbose V 1 [Sensor::SendEventEvent_transferDataCyclic::Send]
2025/11/24 12:04:46.762131  125327458 068 ECU1 PVSE PVSE log verbose V 1 [Sensor::SendEventEvent_transferDataCyclic::Send]
2025/11/24 12:04:47.762602  125337463 069 ECU1 PVSE PVSE log verbose V 1 [Sensor::SendEventEvent_transferDataCyclic::Send]
2025/11/24 12:04:48.763071  125347468 070 ECU1 PVSE PVSE log verbose V 1 [Sensor::SendEventEvent_transferDataCyclic::Send]
2025/11/24 12:04:49.763663  125357473 071 ECU1 PVSE PVSE log verbose V 1 [Sensor::SendEventEvent_transferDataCyclic::Send]
2025/11/24 12:04:50.764142  125367478 072 ECU1 PVSE PVSE log verbose V 1 [Sensor::SendEventEvent_transferDataCyclic::Send]
2025/11/24 12:04:51.743025  125377267 073 ECU1 PVSE PVSE log info V 3 [Sensorv2::SendEventEvent_RequestDataCyclic::Received  1300  bytes]
2025/11/24 12:04:51.743064  125377267 074 ECU1 PVSE PVSE log info V 1 [First 50 bytes: 8d 64 a4 6f c7 a4 d9 17 83 d1 8f 8b 84 13 48 26 ac fd 68 ad 7f a7 01 1d 1c 2b 24 37 72 23 a9 66 79 7d ca 22 93 8a b1 f9 2e 90 79 d6 7b 23 85 9e 03 7f ]
2025/11/24 12:04:51.743495  125377272 075 ECU1 PVSE PVSE log verbose V 1 [Sensorv2::SendEventEvent_RequestDataCyclic::Received]
2025/11/24 12:04:51.764447  125377481 076 ECU1 PVSE PVSE log verbose V 1 [Sensor::SendEventEvent_transferDataCyclic::Send]
2025/11/24 12:04:52.764852  125387485 077 ECU1 PVSE PVSE log verbose V 1 [Sensor::SendEventEvent_transferDataCyclic::Send]
2025/11/24 12:04:53.765372  125397491 078 ECU1 PVSE PVSE log verbose V 1 [Sensor::SendEventEvent_transferDataCyclic::Send]
2025/11/24 12:04:54.765969  125407497 079 ECU1 PVSE PVSE log verbose V 1 [Sensor::SendEventEvent_transferDataCyclic::Send]
2025/11/24 12:04:55.766627  125417503 080 ECU1 PVSE PVSE log verbose V 1 [Sensor::SendEventEvent_transferDataCyclic::Send]
2025/11/24 12:04:56.767223  125427509 081 ECU1 PVSE PVSE log verbose V 1 [Sensor::SendEventEvent_transferDataCyclic::Send]
2025/11/24 12:04:57.767948  125437516 082 ECU1 PVSE PVSE log verbose V 1 [Sensor::SendEventEvent_transferDataCyclic::Send]
2025/11/24 12:04:58.768343  125447520 083 ECU1 PVSE PVSE log verbose V 1 [Sensor::SendEventEvent_transferDataCyclic::Send]
2025/11/24 12:04:59.768750  125457524 084 ECU1 PVSE PVSE log verbose V 1 [Sensor::SendEventEvent_transferDataCyclic::Send]
2025/11/24 12:05:00.769113  125467528 085 ECU1 PVSE PVSE log verbose V 1 [Sensor::SendEventEvent_transferDataCyclic::Send]
2025/11/24 12:05:01.743621  125477273 086 ECU1 PVSE PVSE log info V 3 [Sensorv2::SendEventEvent_RequestDataCyclic::Received  1300  bytes]
2025/11/24 12:05:01.743672  125477274 087 ECU1 PVSE PVSE log info V 1 [First 50 bytes: f7 23 24 a7 71 3d 22 e6 12 81 85 29 db 06 27 b0 45 fe 74 58 d6 a4 e7 3e bf c9 f0 50 86 77 a3 cf 3a 3e 77 37 c6 3c 02 c1 fd a6 e8 10 e0 26 b3 17 cd f8 ]
2025/11/24 12:05:01.744005  125477277 088 ECU1 PVSE PVSE log verbose V 1 [Sensorv2::SendEventEvent_RequestDataCyclic::Received]
2025/11/24 12:05:01.769343  125477530 089 ECU1 PVSE PVSE log verbose V 1 [Sensor::SendEventEvent_transferDataCyclic::Send]
2025/11/24 12:05:02.769865  125487536 090 ECU1 PVSE PVSE log verbose V 1 [Sensor::SendEventEvent_transferDataCyclic::Send]
2025/11/24 12:05:03.770484  125497542 091 ECU1 PVSE PVSE log verbose V 1 [Sensor::SendEventEvent_transferDataCyclic::Send]
2025/11/24 12:05:04.771036  125507547 092 ECU1 PVSE PVSE log verbose V 1 [Sensor::SendEventEvent_transferDataCyclic::Send]
2025/11/24 12:05:05.771504  125517552 093 ECU1 PVSE PVSE log verbose V 1 [Sensor::SendEventEvent_transferDataCyclic::Send]
2025/11/24 12:05:06.771993  125527557 094 ECU1 PVSE ewSamples:: 0]
2025/11/24 12:04:58.770444  125447541 129 ECU1 CLSE CLSE log verbose V 2 [Sensor::ReceiveEventEvent_transferData::GetNewSamples:: 1]
2025/11/24 12:04:59.770649  125457543 130 ECU1 CLSE CLSE log verbose V 2 [Sensorv2::ReceiveEventEvent_RequestData::GetNewSamples:: 0]
2025/11/24 12:04:59.770677  125457544 131 ECU1 CLSE CLSE log verbose V 2 [Sensor::ReceiveEventEvent_transferData::GetNewSamples:: 1]
2025/11/24 12:05:00.770951  125467546 132 ECU1 CLSE CLSE log verbose V 2 [Sensorv2::ReceiveEventEvent_RequestData::GetNewSamples:: 0]
2025/11/24 12:05:00.771104  125467548 133 ECU1 CLSE CLSE log verbose V 2 [Sensor::ReceiveEventEvent_transferData::GetNewSamples:: 1]
2025/11/24 12:05:01.771209  125477549 134 ECU1 CLSE CLSE log verbose V 2 [Sensorv2::ReceiveEventEvent_RequestData::GetNewSamples:: 1]
2025/11/24 12:05:01.771419  125477551 135 ECU1 CLSE CLSE log verbose V 2 [Sensor::ReceiveEventEvent_transferData::GetNewSamples:: 1]
2025/11/24 12:05:02.771502  125487552 136 ECU1 CLSE CLSE log verbose V 2 [Sensorv2::ReceiveEventEvent_RequestData::GetNewSamples:: 0]
2025/11/24 12:05:02.771608  125487553 137 ECU1 CLSE CLSE log verbose V 2 [Sensor::ReceiveEventEvent_transferData::GetNewSamples:: 1]
2025/11/24 12:05:03.771735  125497554 138 ECU1 CLSE CLSE log verbose V 2 [Sensorv2::ReceiveEventEvent_RequestData::GetNewSamples:: 0]
2025/11/24 12:05:03.771816  125497555 139 ECU1 CLSE CLSE log verbose V 2 [Sensor::ReceiveEventEvent_transferData::GetNewSamples:: 1]
2025/11/24 12:05:04.771928  125507556 140 ECU1 CLSE CLSE log verbose V 2 [ 0]
2025/11/24 12:05:04.771977  125507557 141 ECU1 CLSE CLSE log verbose V 2 [Sensor::ReceiveEventEvent_transferData::GetNewSamples:: 1]
2025/11/24 12:05:05.772097  125517558 142 ECU1 CLSE CLSE log verbose V 2 [Sensorv2::ReceiveEventEvent_RequestData::GetNewSamples:: 0]
2025/11/24 12:05:05.772162  125517559 143 ECU1 CLSE CLSE log verbose V 2 [Sensor::ReceiveEventEvent_transferData::GetNewSamples:: 1]
2025/11/24 12:05:06.772264  125527560 144 ECU1 CLSE CLSE log verbose V 2 [Sensorv2::ReceiveEventEvent_RequestData::GetNewSamples:: 0]
2025/11/24 12:05:06.772302  125527560 145 ECU1 CLSE CLSE log verbose V 2 [Sensor::ReceiveEventEvent_transferData::GetNewSamples:: 1]
2025/11/24 12:05:07.772437  125537561 146 ECU1 CLSE CLSE log verbose V 2 [Sensorv2::ReceiveEventEvent_RequestData::GetNewSamples:: 0]
2025/11/24 12:05:07.772450  125537561 147 ECU1 CLSE CLSE log verbose V 2 [Sensor::ReceiveEventEvent_transferData::GetNewSamples:: 0]
2025/11/24 12:05:08.772620  125547563 148 ECU1 CLSE CLSE log verbose V 2 [Sensorv2::ReceiveEventEvent_RequestData::GetNewSamples:: 0]
2025/11/24 12:05:08.772639  125547563 149 ECU1 CLSE CLSE log verbose V 2 [Sensor::ReceiveEventEvent_transferData::GetNewSamples:: 1]
2025/11/24 12:05:09.772875  125557566 151 ECU1 CLSE CLSE log verbose V 2 [Sensor::ReceiveEventEvent_transferData::GetNewSamples:: 1]
2025/11/24 12:05:09.772869  125557566 150 ECU1 CLSE CLSE log verbose V 2 [Sensorv2::ReceiveEventEvent_RequestData::GetNewSamples:: 0]
2025/11/24 12:05:10.773100  125567568 152 ECU1 CLSE CLSE log verbose V 2 [Sensorv2::ReceiveEventEvent_RequestData::GetNewSamples:: 0]
2025/11/24 12:05:10.773109  125567568 153 ECU1 CLSE CLSE log verbose V 2 [Sensor::ReceiveEventEvent_transferData::GetNewSamples:: 1]
2025/11/24 12:05:11.773348  125577570 155 ECU1 CLSE CLSE log verbose V 2 [Sensor::ReceiveEventEvent_transferData::GetNewSamples:: 1]
2025/11/24 12:05:11.773348  125577570 154 ECU1 CLSE CLSE log verbose V 2 [Sensorv2::ReceiveEventEvent_RequestData::GetNewSamples:: 1]
2025/11/24 12:05:12.773575  125587573 156 ECU1 CLSE CLSE log verbose V 2 [Sensor::ReceiveEventEvent_transferData::GetNewSamples:: 1]
2025/11/24 12:05:12.773615  125587573 157 ECU1 CLSE CLSE log verbose V 2 [Sensorv2::ReceiveEventEvent_RequestData::GetNewSamples:: 0]
2025/11/24 12:05:13.773802  125597575 158 ECU1 CLSE CLSE log verbose V 2 [Sensorv2::ReceiveEventEvent_RequestData::GetNewSamples:: 0]
2025/11/24 12:05:13.773805  125597575 159 ECU1 CLSE CLSE log verbose V 2 [Sensor::ReceiveEventEvent_transferData::GetNewSamples:: 1]
2025/11/24 12:05:14.774014  125607577 160 ECU1 CLSE CLSE log verbose V 2 [Sensorv2::ReceiveEventEvent_RequestData::GetNewSamples:: 0]
2025/11/24 12:05:14.774023  125607577 161 ECU1 CLSE CLSE log verbose V 2 [Sensor::ReceiveEventEvent_transferData::GetNewSamples:: 1]
2025/11/24 12:05:15.774260  125617580 162 ECU1 CLSE CLSE log verbose V 2 [Sensorv2::ReceiveEventEvent_RequestData::GetNewSamples:: 0]
2025/11/24 12:05:15.774290  125617580 163 ECU1 CLSE CLSE log verbose V 2 [Sensor::ReceiveEventEvent_transferData::GetNewSamples:: 1]
2025/11/24 12:05:16.774551  125627582 164 ECU1 CLSE CLSE log verbose V 2 [Sensorv2::ReceiveEventEvent_RequestData::GetNewSamples:: 0]
2025/11/24 12:05:16.774560  125627582 165 ECU1 CLSE CLSE log verbose V 2 [Sensor::ReceiveEventEvent_transferData::GetNewSamples:: 1]
2025/11/24 12:05:17.774802  125637585 166 ECU1 CLSE CLSE log verbose V 2 [Sensorv2::ReceiveEventEvent_RequestData::GetNewSamples:: 0]
2025/11/24 12:05:17.774883  125637586 167 ECU1 CLSE CLSE log verbose V 2 [Sensor::ReceiveEventEvent_transferData::GetNewSamples:: 1]
2025/11/24 12:05:18.774994  125647587 168 ECU1 CLSE CLSE log verbose V 2 [Sensorv2::ReceiveEventEvent_RequestData::GetNewSamples:: 0]
2025/11/24 12:05:18.775026  125647587 169 ECU1 CLSE CLSE log verbose V 2 [Sensor::ReceiveEventEvent_transferData::GetNewSamples:: 1]
2025/11/24 12:05:19.775152  125657588 170 ECU1 CLSE CLSE log verbose V 2 [Sensorv2::ReceiveEventEvent_RequestData::GetNewSamples:: 0]
2025/11/24 12:05:19.775157  125657588 171 ECU1 CLSE CLSE log verbose V 2 [Sensor::ReceiveEventEvent_transferData::GetNewSamples:: 1]
2025/11/24 12:05:20.775306  125667590 172 ECU1 CLSE CLSE log verbose V 2 [Sensorv2::ReceiveEventEvent_RequestData::GetNewSamples:: 0]
2025/11/24 12:05:20.775327  125667590 173 ECU1 CLSE CLSE log verbose V 2 [Sensor::ReceiveEventEvent_transferData::GetNewSamples:: 1]
2025/11/24 12:05:21.775482  125677592 174 ECU1 CLSE CLSE log verbose V 2 [Sensorv2::ReceiveEventEvent_RequestData::GetNewSamples:: 1]
2025/11/24 12:05:21.775486  125677592 175 ECU1 CLSE CLSE log verbose V 2 [Sensor::ReceiveEventEvent_transferData::GetNewSamples:: 1]
2025/11/24 12:05:22.775650  125687593 176 ECU1 CLSE CLSE log verbose V 2 [Sensorv2::ReceiveEventEvent_RequestData::GetNewSamples:: 0]
2025/11/24 12:05:22.775782  125687595 177 ECU1 CLSE CLSE log verbose V 2 [Sensor::ReceiveEventEvent_transferData::GetNewSamples:: 1]
2025/11/24 12:05:23.775824  125697595 178 ECU1 CLSE CLSE log verbose V 2 [Sensorv2::ReceiveEventEvent_RequestData::GetNewSamples:: 0]
2025/11/24 12:05:23.776084  125697598 179 ECU1 CLSE CLSE log verbose V 2 [Sensor::ReceiveEventEvent_transferData::GetNewSamples:: 1]
2025/11/24 12:05:24.776028  125707597 180 ECU1 CLSE CLSE log verbose V 2 [Sensorv2::ReceiveEventEvent_RequestData::GetNewSamples:: 0]
2025/11/24 12:05:24.776369  125707601 181 ECU1 CLSE CLSE log verbose V 2 [Sensor::ReceiveEventEvent_transferData::GetNewSamples:: 1]
2025/11/24 12:05:25.776253  125717599 182 ECU1 CLSE CLSE log verbose V 2 [Sensorv2::ReceiveEventEvent_RequestData::GetNewSamples:: 0]
2025/11/24 12:05:25.776589  125717603 183 ECU1 CLSE CLSE log verbose V 2 [Sensor::ReceiveEventEvent_transferData::GetNewSamples:: 1]
2025/11/24 12:05:26.776464  125727602 184 ECU1 CLSE CLSE log verbose V 2 [Sensorv2::ReceiveEventEvent_RequestData::GetNewSamples:: 0]
2025/11/24 12:05:26.776769  125727605 185 ECU1 CLSE CLSE log verbose V 2 [Sensor::ReceiveEventEvent_transferData::GetNewSamples:: 1]
2025/11/24 12:05:27.776662  125737604 186 ECU1 CLSE CLSE log verbose V 2 [Sensorv2::ReceiveEventEvent_RequestData::GetNewSamples:: 0]
2025/11/24 12:05:27.777052  125737607 187 ECU1 CLSE CLSE log verbose V 2 [Sensor::ReceiveEventEvent_transferData::GetNewSamples:: 1]
2025/11/24 12:05:28.776872  125747606 188 ECU1 CLSE CLSE log verbose V 2 [Sensorv2::ReceiveEventEvent_RequestData::GetNewSamples:: 0]
2025/11/24 12:05:28.777363  125747611 189 ECU1 CLSE CLSE log verbose V 2 [Sensor::ReceiveEventEvent_transferData::GetNewSamples:: 1]
2025/11/24 12:05:29.777074  125757608 190 ECU1 CLSE CLSE log verbose V 2 [Sensorv2::ReceivPVSE log verbose V 1 [Sensor::SendEventEvent_transferDataCyclic::Send]
2025/11/24 12:05:07.772518  125537562 095 ECU1 PVSE PVSE log verbose V 1 [Sensor::SendEventEvent_transferDataCyclic::Send]
2025/11/24 12:05:08.773042  125547567 096 ECU1 PVSE PVSE log verbose V 1 [Sensor::SendEventEvent_transferDataCyclic::Send]
2025/11/24 12:05:09.773582  125557573 097 ECU1 PVSE PVSE log verbose V 1 [Sensor::SendEventEvent_transferDataCyclic::Send]
2025/11/24 12:05:10.774085  125567578 098 ECU1 PVSE PVSE log verbose V 1 [Sensor::SendEventEvent_transferDataCyclic::Send]
2025/11/24 12:05:11.744132  125577278 099 ECU1 PVSE PVSE log info V 3 [Sensorv2::SendEventEvent_RequestDataCyclic::Received  1300  bytes]
2025/11/24 12:05:11.744174  125577279 100 ECU1 PVSE PVSE log info V 1 [First 50 bytes: 50 d6 9a f5 ab 54 cc c5 cd ad 81 72 37 d0 ef ed 2e 8b 8e 34 86 61 33 ee a6 4a 78 c1 83 10 11 57 6e 4c 84 02 06 e2 fa 55 81 0e 25 55 b4 6b 84 0d 0c 69 ]
2025/11/24 12:05:11.744572  125577283 101 ECU1 PVSE PVSE log verbose V 1 [Sensorv2::SendEventEvent_RequestDataCyclic::Received]
2025/11/24 12:05:11.774494  125577582 102 ECU1 PVSE PVSE log verbose V 1 [Sensor::SendEventEvent_transferDataCyclic::Send]
2025/11/24 12:05:12.774987  125587587 103 ECU1 PVSE PVSE log verbose V 1 [Sensor::SendEventEvent_transferDataCyclic::Send]
2025/11/24 12:05:13.775494  125597592 104 ECU1 PVSE PVSE log verbose V 1 [Sensor::SendEventEvent_transferDataCyclic::Send]
2025/11/24 12:05:14.776160  125607598 105 ECU1 PVSE PVSE log verbose V 1 [Sensor::SendEventEvent_transferDataCyclic::Send]
2025/11/24 12:05:15.776757  125617604 106 ECU1 PVSE PVSE log verbose V 1 [Sensor::SendEventEvent_transferDataCyclic::Send]
2025/11/24 12:05:16.777122  125627608 107 ECU1 PVSE PVSE log verbose V 1 [Sensor::SendEventEvent_transferDataCyclic::Send]
2025/11/24 12:05:17.777564  125637613 108 ECU1 PVSE PVSE log verbose V 1 [Sensor::SendEventEvent_transferDataCyclic::Send]
2025/11/24 12:05:18.777895  125647616 109 ECU1 PVSE PVSE log verbose V 1 [Sensor::SendEventEvent_transferDataCyclic::Send]
2025/11/24 12:05:19.778223  125657619 110 ECU1 PVSE PVSE log verbose V 1 [Sensor::SendEventEvent_transferDataCyclic::Send]
2025/11/24 12:05:20.778708  125667624 111 ECU1 PVSE PVSE log verbose V 1 [Sensor::SendEventEvent_transferDataCyclic::Send]
2025/11/24 12:05:21.744680  125677284 112 ECU1 PVSE PVSE log info V 3 [Sensorv2::SendEventEvent_RequestDataCyclic::Received  1300  bytes]
2025/11/24 12:05:21.744742  125677284 113 ECU1 PVSE PVSE log info V 1 [First 50 bytes: 9b 76 41 38 a1 7f 0f 1e cf 71 da e1 6c 6a 89 21 d1 38 90 98 95 76 dd 30 81 5e 2f 93 c7 28 4b ff bf ac be 74 20 b2 c1 c8 73 a4 44 98 5b 25 52 ee 3d 0d ]
2025/11/24 12:05:21.745166  125677289 114 ECU1 PVSE PVSE log verbose V 1 [Sensorv2::SendEventEvent_RequestDataCyclic::Received]
2025/11/24 12:05:21.779177  125677629 115 ECU1 PVSE PVSE log verbose V 1 [Sensor::SendEventEvent_transferDataCyclic::Send]
2025/11/24 12:05:22.779895  125687636 116 ECU1 PVSE PVSE log verbose V 1 [Sensor::SendEventEvent_transferDataCyclic::Send]
2025/11/24 12:05:23.780492  125697642 117 ECU1 PVSE PVSE log verbose V 1 [Sensor::SendEventEvent_transferDataCyclic::Send]
2025/11/24 12:05:24.781113  125707648 118 ECU1 PVSE PVSE log verbose V 1 [Sensor::SendEventEvent_transferDataCyclic::Send]
2025/11/24 12:05:25.781848  125717655 119 ECU1 PVSE PVSE log verbose V 1 [Sensor::SendEventEvent_transferDataCyclic::Send]
2025/11/24 12:05:26.782322  125727660 120 ECU1 PVSE PVSE log verbose V 1 [Sensor::SendEventEvent_transferDataCyclic::Send]
2025/11/24 12:05:27.783174  125737669 121 ECU1 PVSE PVSE log verbose V 1 [Sensor::SendEventEvent_transferDataCyclic::Send]
2025/11/24 12:05:28.783829  125747675 122 ECU1 PVSE PVSE log verbose V 1 [Sensor::SendEventEvent_transferDataCyclic::Send]
2025/11/24 12:05:29.784358  125757680 123 ECU1 PVSE PVSE log verbose V 1 [Sensor::SendEventEvent_transferDataCyclic::Send]
2025/11/24 12:05:30.784970  125767687 124 ECU1 PVSE PVSE log verbose V 1 [Sensor::SendEventEvent_transferDataCyclic::Send]
2025/11/24 12:05:31.745342  125777290 125 ECU1 PVSE PVSE log ineEventEvent_RequestData::GetNewSamples:: 0]
2025/11/24 12:05:29.777507  125757612 191 ECU1 CLSE CLSE log verbose V 2 [Sensor::ReceiveEventEvent_transferData::GetNewSamples:: 1]
2025/11/24 12:05:30.777323  125767610 192 ECU1 CLSE CLSE log verbose V 2 [Sensorv2::ReceiveEventEvent_RequestData::GetNewSamples:: 0]
2025/11/24 12:05:30.777659  125767613 193 ECU1 CLSE CLSE log verbose V 2 [Sensor::ReceiveEventEvent_transferData::GetNewSamples:: 1]
2025/11/24 12:05:31.777545  125777612 194 ECU1 CLSE CLSE log verbose V 2 [Sensorv2::ReceiveEventEvent_RequestData::GetNewSamples:: 1]
2025/11/24 12:05:31.777837  125777615 195 ECU1 CLSE CLSE log verbose V 2 [Sensor::ReceiveEventEvent_transferData::GetNewSamples:: 1]
2025/11/24 12:05:32.777729  125787614 196 ECU1 CLSE CLSE log verbose V 2 [Sensorv2::ReceiveEventEvent_RequestData::GetNewSamples:: 0]
2025/11/24 12:05:32.777997  125787617 197 ECU1 CLSE CLSE log verbose V 2 [Sensor::ReceiveEventEvent_transferData::GetNewSamples:: 1]
2025/11/24 12:05:33.777910  125797616 198 ECU1 CLSE CLSE log verbose V 2 [Sensorv2::ReceiveEventEvent_RequestData::GetNewSamples:: 0]
2025/11/24 12:05:33.778143  125797618 199 ECU1 CLSE CLSE log verbose V 2 [Sensor::ReceiveEventEvent_transferData::GetNewSamples:: 1]
2025/11/24 12:05:34.778152  125807618 200 ECU1 CLSE CLSE log verbose V 2 [Sensorv2::ReceiveEventEvent_RequestData::GetNewSamples:: 0]
2025/11/24 12:05:34.778457  125807621 201 ECU1 CLSE CLSE log verbose V 2 [Sensor::ReceiveEventEvent_transferData::GetNewSamples:: 1]
2025/11/24 12:05:35.778324  125817620 202 ECU1 CLSE CLSE log verbose V 2 [Sensorv2::ReceiveEventEvent_RequestData::GetNewSamples:: 0]
2025/11/24 12:05:35.778619  125817623 203 ECU1 CLSE CLSE log verbose V 2 [Sensor::ReceiveEventEvent_transferData::GetNewSamples:: 1]
2025/11/24 12:05:36.778566  125827623 204 ECU1 CLSE CLSE log verbose V 2 [Sensorv2::ReceiveEventEvent_RequestData::GetNewSamples:: 0]
2025/11/24 12:05:36.778859  125827625 205 ECU1 CLSE CLSE log verbose V 2 [Sensor::ReceiveEventEvent_transferData::GetNewSamples:: 1]
2025/11/24 12:05:37.778712  125837624 206 ECU1 CLSE CLSE log verbose V 2 [Sensorv2::ReceiveEventEvent_RequestData::GetNewSamples:: 0]
2025/11/24 12:05:37.778957  125837626 207 ECU1 CLSE CLSE log verbose V 2 [Sensor::ReceiveEventEvent_transferData::GetNewSamples:: 1]
2025/11/24 12:05:38.778946  125847626 208 ECU1 CLSE CLSE log verbose V 2 [Sensorv2::ReceiveEventEvent_RequestData::GetNewSamples:: 0]
2025/11/24 12:05:38.779049  125847627 209 ECU1 CLSE CLSE log verbose V 2 [Sensor::ReceiveEventEvent_transferData::GetNewSamples:: 1]
2025/11/24 12:05:39.779074  125857628 210 ECU1 CLSE CLSE log verbose V 2 [Sensorv2::ReceiveEventEvent_RequestData::GetNewSamples:: 0]
2025/11/24 12:05:39.779176  125857629 211 ECU1 CLSE CLSE log verbose V 2 [Sensor::ReceiveEventEvent_transferData::GetNewSamples:: 1]
2025/11/24 12:05:40.779214  125867629 212 ECU1 CLSE CLSE log verbose V 2 [Sensorv2::ReceiveEventEvent_RequestData::GetNewSamples:: 0]
2025/11/24 12:05:40.779315  125867630 213 ECU1 CLSE CLSE log verbose V 2 [Sensor::ReceiveEventEvent_transferData::GetNewSamples:: 1]
2025/11/24 12:05:41.779391  125877631 214 ECU1 CLSE CLSE log verbose V 2 [Sensorv2::ReceiveEventEvent_RequestData::GetNewSamples:: 1]
2025/11/24 12:05:41.779441  125877631 215 ECU1 CLSE CLSE log verbose V 2 [Sensor::ReceiveEventEvent_transferData::GetNewSamples:: 1]
2025/11/24 12:05:42.779533  125887632 216 ECU1 CLSE CLSE log verbose V 2 [Sensorv2::ReceiveEventEvent_RequestData::GetNewSamples:: 0]
2025/11/24 12:05:42.779575  125887633 217 ECU1 CLSE CLSE log verbose V 2 [Sensor::ReceiveEventEvent_transferData::GetNewSamples:: 1]
2025/11/24 12:05:43.779673  125897634 218 ECU1 CLSE CLSE log verbose V 2 [Sensorv2::ReceiveEventEvent_RequestData::GetNewSamples:: 0]
2025/11/24 12:05:43.779694  125897634 219 ECU1 CLSE CLSE log verbose V 2 [Sensor::ReceiveEventEvent_transferData::GetNewSamples:: 1]
2025/11/24 12:05:44.779806  125907635 220 ECU1 CLSE CLSE log verbose V 2 [Sensorv2::ReceiveEventEvent_RequestData::GetNewSamples:: 0]
2025/11/24 12:05:44.779816  125907635 221 ECU1 fo V 3 [Sensorv2::SendEventEvent_RequestDataCyclic::Received  1300  bytes]
2025/11/24 12:05:31.745442  125777291 126 ECU1 PVSE PVSE log info V 1 [First 50 bytes: bd 65 0b 1b 28 1f 2c 97 8f c3 c0 18 be 72 04 bc a8 11 bb d7 1f c7 d7 05 89 4c 27 86 e3 00 08 c1 0a 14 31 92 3f f9 4d ef f5 a1 fc fc 08 83 85 2a 53 67 ]
2025/11/24 12:05:31.745975  125777297 127 ECU1 PVSE PVSE log verbose V 1 [Sensorv2::SendEventEvent_RequestDataCyclic::Received]
2025/11/24 12:05:31.785504  125777692 128 ECU1 PVSE PVSE log verbose V 1 [Sensor::SendEventEvent_transferDataCyclic::Send]
2025/11/24 12:05:32.786245  125787699 129 ECU1 PVSE PVSE log verbose V 1 [Sensor::SendEventEvent_transferDataCyclic::Send]
2025/11/24 12:05:33.786884  125797706 130 ECU1 PVSE PVSE log verbose V 1 [Sensor::SendEventEvent_transferDataCyclic::Send]
2025/11/24 12:05:34.787613  125807713 131 ECU1 PVSE PVSE log verbose V 1 [Sensor::SendEventEvent_transferDataCyclic::Send]
2025/11/24 12:05:35.788210  125817719 132 ECU1 PVSE PVSE log verbose V 1 [Sensor::SendEventEvent_transferDataCyclic::Send]
2025/11/24 12:05:36.788587  125827723 133 ECU1 PVSE PVSE log verbose V 1 [Sensor::SendEventEvent_transferDataCyclic::Send]
2025/11/24 12:05:37.789001  125837727 134 ECU1 PVSE PVSE log verbose V 1 [Sensor::SendEventEvent_transferDataCyclic::Send]
2025/11/24 12:05:38.789613  125847733 135 ECU1 PVSE PVSE log verbose V 1 [Sensor::SendEventEvent_transferDataCyclic::Send]
2025/11/24 12:05:39.790193  125857739 136 ECU1 PVSE PVSE log verbose V 1 [Sensor::SendEventEvent_transferDataCyclic::Send]
2025/11/24 12:05:40.790530  125867742 137 ECU1 PVSE PVSE log verbose V 1 [Sensor::SendEventEvent_transferDataCyclic::Send]
2025/11/24 12:05:41.746130  125877298 138 ECU1 PVSE PVSE log info V 3 [Sensorv2::SendEventEvent_RequestDataCyclic::Received  1300  bytes]
2025/11/24 12:05:41.746202  125877299 139 ECU1 PVSE PVSE log info V 1 [First 50 bytes: 44 5a ca a4 c6 6c 92 8a 39 8c b5 38 dd 26 49 87 85 ac 46 dd 43 ec 4f 2f 45 70 49 81 5c 6e eb 87 0b de 0b d3 d0 64 14 1c ad 18 a4 f6 03 33 50 c1 e1 1b ]
2025/11/24 12:05:41.746776  125877305 140 ECU1 PVSE PVSE log verbose V 1 [Sensorv2::SendEventEvent_RequestDataCyclic::Received]
2025/11/24 12:05:41.791063  125877747 141 ECU1 PVSE PVSE log verbose V 1 [Sensor::SendEventEvent_transferDataCyclic::Send]
2025/11/24 12:05:42.791793  125887755 142 ECU1 PVSE PVSE log verbose V 1 [Sensor::SendEventEvent_transferDataCyclic::Send]
2025/11/24 12:05:43.792149  125897758 143 ECU1 PVSE PVSE log verbose V 1 [Sensor::SendEventEvent_transferDataCyclic::Send]
2025/11/24 12:05:44.792642  125907763 144 ECU1 PVSE PVSE log verbose V 1 [Sensor::SendEventEvent_transferDataCyclic::Send]
2025/11/24 12:05:45.792983  125917767 145 ECU1 PVSE PVSE log verbose V 1 [Sensor::SendEventEvent_transferDataCyclic::Send]
2025/11/24 12:05:46.793587  125927773 146 ECU1 PVSE PVSE log verbose V 1 [Sensor::SendEventEvent_transferDataCyclic::Send]
2025/11/24 12:05:47.793949  125937776 147 ECU1 PVSE PVSE log verbose V 1 [Sensor::SendEventEvent_transferDataCyclic::Send]
2025/11/24 12:05:48.794220  125947779 148 ECU1 PVSE PVSE log verbose V 1 [Sensor::SendEventEvent_transferDataCyclic::Send]
2025/11/24 12:05:49.794558  125957782 149 ECU1 PVSE PVSE log verbose V 1 [Sensor::SendEventEvent_transferDataCyclic::Send]
2025/11/24 12:05:50.794861  125967785 150 ECU1 PVSE PVSE log verbose V 1 [Sensor::SendEventEvent_transferDataCyclic::Send]
2025/11/24 12:05:51.746941  125977306 151 ECU1 PVSE PVSE log info V 3 [Sensorv2::SendEventEvent_RequestDataCyclic::Received  1300  bytes]
2025/11/24 12:05:51.747024  125977307 152 ECU1 PVSE PVSE log info V 1 [First 50 bytes: 8b 77 fd ed 75 11 6d 14 50 f4 ea 5a d6 55 8d 3b ba 8b da b9 ff a6 65 a6 af 5a 88 25 b5 78 02 c8 b1 ff 29 67 4d 46 da 67 31 9c bf e1 2b 2c ae b3 45 fe ]
2025/11/24 12:05:51.747612  125977313 153 ECU1 PVSE PVSE log verbose V 1 [Sensorv2::SendEventEvent_RequestDataCyclic::Received]
2025/11/24 12:05:51.795332  125977790 154 ECU1 PVSE PVSE log verbose V 1 [Sensor::SendEventEvent_transferDataCyclic::Send]
2025/11/24 12:05:52.795693  125987794 155 ECU1 PVSE PVSE log CLSE CLSE log verbose V 2 [Sensor::ReceiveEventEvent_transferData::GetNewSamples:: 1]
2025/11/24 12:05:45.780064  125917638 222 ECU1 CLSE CLSE log verbose V 2 [Sensorv2::ReceiveEventEvent_RequestData::GetNewSamples:: 0]
2025/11/24 12:05:45.780076  125917638 223 ECU1 CLSE CLSE log verbose V 2 [Sensor::ReceiveEventEvent_transferData::GetNewSamples:: 1]
2025/11/24 12:05:46.780182  125927639 224 ECU1 CLSE CLSE log verbose V 2 [Sensorv2::ReceiveEventEvent_RequestData::GetNewSamples:: 0]
2025/11/24 12:05:46.780223  125927639 225 ECU1 CLSE CLSE log verbose V 2 [Sensor::ReceiveEventEvent_transferData::GetNewSamples:: 1]
2025/11/24 12:05:47.780400  125937641 226 ECU1 CLSE CLSE log verbose V 2 [Sensorv2::ReceiveEventEvent_RequestData::GetNewSamples:: 0]
2025/11/24 12:05:47.780462  125937641 227 ECU1 CLSE CLSE log verbose V 2 [Sensor::ReceiveEventEvent_transferData::GetNewSamples:: 1]
2025/11/24 12:05:48.780559  125947642 228 ECU1 CLSE CLSE log verbose V 2 [Sensorv2::ReceiveEventEvent_RequestData::GetNewSamples:: 0]
2025/11/24 12:05:48.780674  125947644 229 ECU1 CLSE CLSE log verbose V 2 [Sensor::ReceiveEventEvent_transferData::GetNewSamples:: 1]
2025/11/24 12:05:49.780710  125957644 230 ECU1 CLSE CLSE log verbose V 2 [Sensorv2::ReceiveEventEvent_RequestData::GetNewSamples:: 0]
2025/11/24 12:05:49.780796  125957645 231 ECU1 CLSE CLSE log verbose V 2 [Sensor::ReceiveEventEvent_transferData::GetNewSamples:: 1]
2025/11/24 12:05:50.780841  125967645 232 ECU1 CLSE CLSE log verbose V 2 [Sensorv2::ReceiveEventEvent_RequestData::GetNewSamples:: 0]
2025/11/24 12:05:50.781023  125967647 233 ECU1 CLSE CLSE log verbose V 2 [Sensor::ReceiveEventEvent_transferData::GetNewSamples:: 1]
2025/11/24 12:05:51.781046  125977647 234 ECU1 CLSE CLSE log verbose V 2 [Sensorv2::ReceiveEventEvent_RequestData::GetNewSamples:: 1]
2025/11/24 12:05:51.781264  125977650 235 ECU1 CLSE CLSE log verbose V 2 [Sensor::ReceiveEventEvent_transferData::GetNewSamples:: 1]
2025/11/24 12:05:52.781200  125987649 236 ECU1 CLSE CLSE log verbose V 2 [Sensorv2::ReceiveEventEvent_RequestData::GetNewSamples:: 0]
2025/11/24 12:05:52.781474  125987652 237 ECU1 CLSE CLSE log verbose V 2 [Sensor::ReceiveEventEvent_transferData::GetNewSamples:: 1]
2025/11/24 12:05:53.781400  125997651 238 ECU1 CLSE CLSE log verbose V 2 [Sensorv2::ReceiveEventEvent_RequestData::GetNewSamples:: 0]
2025/11/24 12:05:53.781593  125997653 239 ECU1 CLSE CLSE log verbose V 2 [Sensor::ReceiveEventEvent_transferData::GetNewSamples:: 1]
2025/11/24 12:05:54.781607  126007653 240 ECU1 CLSE CLSE log verbose V 2 [Sensorv2::ReceiveEventEvent_RequestData::GetNewSamples:: 0]
2025/11/24 12:05:54.781711  126007654 241 ECU1 CLSE CLSE log verbose V 2 [Sensor::ReceiveEventEvent_transferData::GetNewSamples:: 1]
2025/11/24 12:05:55.781749  126017654 242 ECU1 CLSE CLSE log verbose V 2 [Sensorv2::ReceiveEventEvent_RequestData::GetNewSamples:: 0]
2025/11/24 12:05:55.781818  126017655 243 ECU1 CLSE CLSE log verbose V 2 [Sensor::ReceiveEventEvent_transferData::GetNewSamples:: 1]
2025/11/24 12:05:56.781936  126027656 244 ECU1 CLSE CLSE log verbose V 2 [Sensorv2::ReceiveEventEvent_RequestData::GetNewSamples:: 0]
2025/11/24 12:05:56.782024  126027657 245 ECU1 CLSE CLSE log verbose V 2 [Sensor::ReceiveEventEvent_transferData::GetNewSamples:: 1]
 verbose V 2 [Sensorv2::ReceiveEventEvent_RequestData::GetNewSamples:: 0]
2025/11/24 12:05:57.782274  126037660 247 ECU1 CLSE CLSE log verbose V 2 [Sensor::ReceiveEventEvent_transferData::GetNewSamples:: 1]
2025/11/24 12:05:58.782396  126047661 248 ECU1 CLSE CLSE log verbose V 2 [Sensorv2::ReceiveEventEvent_RequestData::GetNewSamples:: 0]
2025/11/24 12:05:58.782398  126047661 249 ECU1 CLSE CLSE log verbose V 2 [Sensor::ReceiveEventEvent_transferData::GetNewSamples:: 1]
2025/11/24 12:05:59.782553  126057662 250 ECU1 CLSE CLSE log verbose V 2 [Sensorv2::ReceiveEventEvent_RequestData::GetNewSamples:: 0]
2025/11/24 12:05:59.782581  126057663 251 ECU1 CLSE CLSE log verbose V 2 [Sensor::ReceiveEventEvent_transferData::GetNewSamples:: 1]
2025/11/24 12:06:00.782715  126067664 252 ECU1 CLSE CLSE log verbose V 2 [Sensorv2::ReceiveEventEvent_RequestData::GetNewSamples:: 0]
2025/11/24 12:06:00.782799  126067665 253 ECU1 CLSE CLSE log verbose V 2 [Sensor::ReceiveEventEvent_transferData::GetNewSamples:: 1]
2025/11/24 12:06:01.782881  126077666 254 ECU1 CLSE CLSE log verbose V 2 [Sensorv2::ReceiveEventEvent_RequestData::GetNewSamples:: 1]
2025/11/24 12:06:01.782935  126077666 255 ECU1 CLSE CLSE log verbose V 2 [Sensor::ReceiveEventEvent_transferData::GetNewSamples:: 1]
2025/11/24 12:06:02.783159  126087668 000 ECU1 CLSE CLSE log verbose V 2 [Sensorv2::ReceiveEventEvent_RequestData::GetNewSamples:: 0]
2025/11/24 12:06:02.783162  126087668 001 ECU1 CLSE CLSE log verbose V 2 [Sensor::ReceiveEventEvent_transferData::GetNewSamples:: 1]
2025/11/24 12:06:03.783327  126097670 002 ECU1 CLSE CLSE log verbose V 2 [Sensorv2::ReceiveEventEvent_RequestData::GetNewSamples:: 0]
2025/11/24 12:06:03.783412  126097671 003 ECU1 CLSE CLSE log verbose V 2 [Sensor::ReceiveEventEvent_transferData::GetNewSamples:: 1]
2025/11/24 12:06:04.783484  126107672 004 ECU1 CLSE CLSE log verbose V 2 [Sensorv2::ReceiveEventEvent_RequestData::GetNewSamples:: 0]
2025/11/24 12:06:04.783534  126107672 005 ECU1 CLSE CLSE log verbose V 2 [Sensor::ReceiveEventEvent_transferData::GetNewSamples:: 1]
2025/11/24 12:06:05.783698  126117674 006 ECU1 CLSE CLSE log verbose V 2 [Sensorv2::ReceiveEventEvent_RequestData::GetNewSamples:: 0]
2025/11/24 12:06:05.783726  126117674 007 ECU1 CLSE CLSE log verbose V 2 [Sensor::ReceiveEventEvent_transferData::GetNewSamples:: 1]
2025/11/24 12:06:06.783910  126127676 008 ECU1 CLSE CLSE log verbose V 2 [Sensor::ReceiveEventEvent_transferData::GetNewSamples:: 1]
2025/11/24 12:06:06.783975  126127677 009 ECU1 CLSE CLSE log verbose V 2 [Sensorv2::ReceiveEventEvent_RequestData::GetNewSamples:: 0]
2025/11/24 12:06:07.784159  126137678 010 ECU1 CLSE CLSE log verbose V 2 [Sensor::ReceiveEventEvent_transferData::GetNewSamples:: 1]
2025/11/24 12:06:07.784170  126137679 011 ECU1 CLSE CLSE log verbose V 2 [Sensorv2::ReceiveEventEvent_RequestData::GetNewSamples:: 0]
2025/11/24 12:06:08.784401  126147681 012 ECU1 CLSE CLSE log verbose V 2 [Sensor::ReceiveEventEvent_transferData::GetNewSamples:: 1]
2025/11/24 12:06:08.784470  126147682 013 ECU1 CLSE CLSE log verbose V 2 [Sensorv2::ReceiveEventEvent_RequestData::GetNewSamples:: 0]
2025/11/24 12:06:09.784582  126157683 015 ECU1 CLSE CLSE log verbose V 2 [Sensorv2::ReceiveEventEvent_RequestData::GetNewSamples:: 0]
2025/11/24 12:06:09.784559  126157682 014 ECU1 CLSE CLSE log verbose V 2 [Sensor::ReceiveEventEvent_transferData::GetNewSamples:: 1]
2025/11/24 12:06:10.784735  126167684 016 ECU1 CLSE CLSE log verbose V 2 [Sensor::ReceiveEventEvent_transferData::GetNewSamples:: 1]
2025/11/24 12:06:10.784829  126167685 017 ECU1 CLSE CLSE log verbose V 2 [Sensorv2::ReceiveEventEvent_RequestData::GetNewSamples:: 0]
2025/11/24 12:06:11.784863  126177685 018 ECU1 CLSE CLSE log verbose V 2 [Sensor::ReceiveEventEvent_transferData::GetNewSamples:: 1]
2025/11/24 12:06:11.784993  126177687 019 ECU1 CLSE CLSE log verbose V 2 [Sensorv2::ReceiveEventEvent_RequestData::GetNewSamples:: 1]
2025/11/24 12:06:12.785025  126187687 020 ECU1 CLSE CLSE log verbose V 2 [Sensor::ReceiveEventEvent_transferData::GetNewSamples:: 1]
2025/11/24 12:06:12.785155  126187688 021 ECU1 CLSE CLSE log verbose V 2 [Sensorv2::ReceiveEventEvent_RequestData::GetNewSamples:: 0]
2025/11/24 12:06:13.785292  126197690 022 ECU1 CLSE CLSE log verbose V 2 [Sensor::ReceiveEventEvent_transferData::GetNewSamples:: 1]
2025/11/24 12:06:13.785392  126197691 023 ECU1 CLSE CLSE log verbose V 2 [Sensorv2::ReceiveEventEvent_RequestData::GetNewSamples:: 0]
2025/11/24 12:06:14.785536  126207692 025 ECU1 CLSE CLSE log verbose V 2 [Sensor::ReceiveEventEvent_transferData::GetNewSamples:: 1]
2025/11/24 12:06:14.785533  126207692 024 ECU1 CLSE CLSE log verbose V 2 [Sensorv2::ReceiveEventEvent_RequestData::GetNewSamples:: 0]
2025/11/24 12:06:15.785729  126217694 026 ECU1 CLSE CLSE log verbose V 2 [Sensor::ReceiveEventEvent_transferData::GetNewSamples:: 1]
2025/11/24 12:06:15.785verbose V 1 [Sensor::SendEventEvent_transferDataCyclic::Send]
2025/11/24 12:05:53.796177  125997799 156 ECU1 PVSE PVSE log verbose V 1 [Sensor::SendEventEvent_transferDataCyclic::Send]
2025/11/24 12:05:54.796752  126007804 157 ECU1 PVSE PVSE log verbose V 1 [Sensor::SendEventEvent_transferDataCyclic::Send]
2025/11/24 12:05:55.797213  126017809 158 ECU1 PVSE PVSE log verbose V 1 [Sensor::SendEventEvent_transferDataCyclic::Send]
2025/11/24 12:05:56.797604  126027813 159 ECU1 PVSE PVSE log verbose V 1 [Sensor::SendEventEvent_transferDataCyclic::Send]
2025/11/24 12:05:57.798088  126037818 160 ECU1 PVSE PVSE log verbose V 1 [Sensor::SendEventEvent_transferDataCyclic::Send]
2025/11/24 12:05:58.798641  126047823 161 ECU1 PVSE PVSE log verbose V 1 [Sensor::SendEventEvent_transferDataCyclic::Send]
2025/11/24 12:05:59.799205  126057829 162 ECU1 PVSE PVSE log verbose V 1 [Sensor::SendEventEvent_transferDataCyclic::Send]
2025/11/24 12:06:00.799463  126067831 163 ECU1 PVSE PVSE log verbose V 1 [Sensor::SendEventEvent_transferDataCyclic::Send]
2025/11/24 12:06:01.747800  126077315 164 ECU1 PVSE PVSE log info V 3 [Sensorv2::SendEventEvent_RequestDataCyclic::Received  1300  bytes]
2025/11/24 12:06:01.747932  126077316 165 ECU1 PVSE PVSE log info V 1 [First 50 bytes: c0 74 6f 35 a6 82 b9 e2 b3 03 a7 59 e3 37 ed 9c c7 82 fd 3b 3c 9a 6a fc dc 25 78 0b 72 c2 50 25 58 6b 4b 9f 23 4f 4f a7 8e fa 38 15 68 1f b5 cb ea 76 ]
2025/11/24 12:06:01.748835  126077325 166 ECU1 PVSE PVSE log verbose V 1 [Sensorv2::SendEventEvent_RequestDataCyclic::Received]
2025/11/24 12:06:01.799884  126077836 167 ECU1 PVSE PVSE log verbose V 1 [Sensor::SendEventEvent_transferDataCyclic::Send]
2025/11/24 12:06:02.800354  126087840 168 ECU1 PVSE PVSE log verbose V 1 [Sensor::SendEventEvent_transferDataCyclic::Send]
2025/11/24 12:06:03.800873  126097846 169 ECU1 PVSE PVSE log verbose V 1 [Sensor::SendEventEvent_transferDataCyclic::Send]
2025/11/24 12:06:04.801128  126107848 170 ECU1 PVSE PVSE log verbose V 1 [Sensor::SendEventEvent_transferDataCyclic::Send]
2025/11/24 12:06:05.801523  126117852 171 ECU1 PVSE PVSE log verbose V 1 [Sensor::SendEventEvent_transferDataCyclic::Send]
2025/11/24 12:06:06.801970  126127857 172 ECU1 PVSE PVSE log verbose V 1 [Sensor::SendEventEvent_transferDataCyclic::Send]
2025/11/24 12:06:07.802453  126137861 173 ECU1 PVSE PVSE log verbose V 1 [Sensor::SendEventEvent_transferDataCyclic::Send]
2025/11/24 12:06:08.803082  126147868 174 ECU1 PVSE PVSE log verbose V 1 [Sensor::SendEventEvent_transferDataCyclic::Send]
2025/11/24 12:06:09.803671  126157874 175 ECU1 PVSE PVSE log verbose V 1 [Sensor::SendEventEvent_transferDataCyclic::Send]
2025/11/24 12:06:10.804439  126167881 176 ECU1 PVSE PVSE log verbose V 1 [Sensor::SendEventEvent_transferDataCyclic::Send]
2025/11/24 12:06:11.749116  126177328 177 ECU1 PVSE PVSE log info V 3 [Sensorv2::SendEventEvent_RequestDataCyclic::Received  1300  bytes]
2025/11/24 12:06:11.749163  126177328 178 ECU1 PVSE PVSE log info V 1 [First 50 bytes: b0 f6 35 1b 08 5b f4 68 09 a6 be 02 a2 c5 05 50 17 93 62 16 f3 ee 06 ec f6 38 53 54 53 27 36 14 49 9a 52 23 2d 79 6d 75 64 13 a2 9b 0b c6 2a 27 6d d1 ]
2025/11/24 12:06:11.749519  126177332 179 ECU1 PVSE PVSE log verbose V 1 [Sensorv2::SendEventEvent_RequestDataCyclic::Received]
2025/11/24 12:06:11.804768  126177885 180 ECU1 PVSE PVSE log verbose V 1 [Sensor::SendEventEvent_transferDataCyclic::Send]
2025/11/24 12:06:12.805301  126187890 181 ECU1 PVSE PVSE log verbose V 1 [Sensor::SendEventEvent_transferDataCyclic::Send]
2025/11/24 12:06:13.805861  126197895 182 ECU1 PVSE PVSE log verbose V 1 [Sensor::SendEventEvent_transferDataCyclic::Send]
2025/11/24 12:06:14.806723  126207904 183 ECU1 PVSE PVSE log verbose V 1 [Sensor::SendEventEvent_transferDataCyclic::Send]
2025/11/24 12:06:15.807199  126217909 184 ECU1 PVSE PVSE log verbose V 1 [Sensor::SendEventEvent_transferDataCyclic::Send]
2025/11/24 12:06:16.807782  126227915 185 ECU1 PVSE PVSE log verbose V 1 [Sensor::SendEventEvent_transferDataCyclic::Send]
2025/11/24 12:06:17.808241  126237919 186 ECU1 PVSE PVSE log verbose V 1