=== Run started at Mon Nov 24 11:53:09 UTC 2025 ===
[BUILD] Build directory found, running the script
[RUN] Starting para-exec.sh...
[0;90m2025-11-24 11:53:09.297 [0;1;96m[ Debug ][m: reopen RouDi's IPC channel!
[0;90m2025-11-24 11:53:09.297 [0;1;93m[Warning][m: RouDi not found - waiting ...
Log level set to: [0;1;93m[Warning][m
Reserving 92775704 bytes in the shared memory [iceoryx_mgmt]
[ Reserving shared memory successful ] 
Reserving 484809200 bytes in the shared memory [root]
[ Reserving shared memory successful ] 
RouDi is ready for clients
[0;90m2025-11-24 11:53:09.598 [0;1;96m[ Debug ][m: RouDi IPC Channel found!
[0;90m2025-11-24 11:53:09.598 [0;1;93m[Warning][m: ... RouDi found.
[0;90m2025-11-24 11:53:09.599 [0;1;96m[ Debug ][m: Application registered management segment 0x7c10d19ff000 with size 92775704 to id 1
[0;90m2025-11-24 11:53:09.599 [0;1;96m[ Debug ][m: Application registered payload data segment 0x7c10b4ba5000 with size 484809200 to id 2
[0;90m2025-11-24 11:53:10.105 [0;1;96m[ Debug ][m: Application registered management segment 0x7e82d944b000 with size 92775704 to id 1
[0;90m2025-11-24 11:53:10.105 [0;1;96m[ Debug ][m: Application registered payload data segment 0x7e82bc5f1000 with size 484809200 to id 2
[0;90m2025-11-24 11:53:10.133 [0;1;96m[ Debug ][m: Application registered management segment 0x7cc59667d000 with size 92775704 to id 1
[0;90m2025-11-24 11:53:10.133 [0;1;96m[ Debug ][m: Application registered payload data segment 0x7cc579823000 with size 484809200 to id 2
[0;90m2025-11-24 11:53:10.141 [0;1;93m[Warning][m: IPC channel still there, doing an unlink of ProviderSensor
[0;90m2025-11-24 11:53:10.142 [0;1;96m[ Debug ][m: Application registered management segment 0x7afb94545000 with size 92775704 to id 1
[0;90m2025-11-24 11:53:10.142 [0;1;96m[ Debug ][m: Application registered payload data segment 0x7afb776eb000 with size 484809200 to id 2
2025/11/24 11:53:10.142584  118361263 000 ECU1 PVSE PVSE log verbose V 1 [ProviderSensor::Initialize]
[11836.126338]~DLT~32397~ERROR    ~dlt_user_log_send_log: File size (0 bytes) reached to defined maximum size (0 bytes)
[0;90m2025-11-24 11:53:10.162 [0;1;93m[Warning][m: IPC channel still there, doing an unlink of ClientSensor
[0;90m2025-11-24 11:53:10.162 [0;1;96m[ Debug ][m: Application registered management segment 0x7cdd8677b000 with size 92775704 to id 1
[0;90m2025-11-24 11:53:10.162 [0;1;96m[ Debug ][m: Application registered payload data segment 0x7cdd69921000 with size 484809200 to id 2
2025/11/24 11:53:10.163169  118361469 000 ECU1 CLSE CLSE log verbose V 1 [ClientSensor::Initialize]
[11836.146922]~DLT~32418~ERROR    ~dlt_user_log_send_log: File size (0 bytes) reached to defined maximum size (0 bytes)
2025/11/24 11:53:10.163196  118361469 001 ECU1 CLSE CLSE log verbose V 1 [ClientSensor::Start]
2025/11/24 11:53:10.163199  118361469 002 ECU1 CLSE CLSE log verbose V 1 [Sensor::Start]
2025/11/24 11:53:10.164535  118361482 003 ECU1 CLSE CLSE log verbose V 1 [Sensor::Start::StartFindService]
2025/11/24 11:53:10.164537  118361482 004 ECU1 CLSE CLSE log verbose V 4 [Sensor::Find::Searched Instance::ServiceId = 21 , InstanceId = 1]
2025/11/24 11:53:10.164558  118361482 005 ECU1 CLSE CLSE log verbose V 1 [Sensorv2::Start]
2025/11/24 11:53:10.164576  118361483 006 ECU1 CLSE CLSE log verbose V 4 [Sensor::Find::Using Instance::ServiceId = 21 , InstanceId = 1]
2025/11/24 11:53:10.167339  118361510 007 ECU1 CLSE CLSE log verbose V 1 [Sensor::SubscribeEvent_transferData::Subscribed]
2025/11/24 11:53:10.167463  118361511 008 ECU1 CLSE CLSE log verbose V 1 [Sensorv2::Find::Service Instances not found]
2025/11/24 11:53:10.167468  118361512 009 ECU1 CLSE CLSE log verbose V 1 [Sensorv2::Start::StartFindService]
2025/11/24 11:53:10.169118  118361528 010 ECU1 CLSE CLSE log verbose V 1 [Running adaptive application]
2025/11/24 11:53:10.169140  118361528 011 ECU1 CLSE CLSE log verbose V 1 [ClientSensor::Run]
2025/11/24 11:53:10.169220  118361529 012 ECU1 CLSE CLSE log verbose V 2 [Sensor::ReceiveEventEvent_transferData::GetNewSamples:: 0]
2025/11/24 11:53:10.365800  118363495 013 ECU1 CLSE CLSE log verbose V 4 [Sensorv2::Find::Searched Instance::ServiceId = 22 , InstanceId = 2]
2025/11/24 11:53:10.365844  118363495 014 ECU1 CLSE CLSE log verbose V 4 [Sensorv2::Find::Using Instance::ServiceId = 22 , InstanceId = 2]
2025/11/24 11:53:10.368137  118363518 015 ECU1 CLSE CLSE log verbose V 1 [Sensorv2::SubscribeEvent_RequestData::Subscribed]
2025/11/24 11:53:11.169348  118371530 016 ECU1 CLSE CLSE log verbose V 2 [Sensor::ReceiveEventEvent_transferData::GetNewSamples:: 1]
2025/11/24 11:53:11.169485  118371532 017 ECU1 CLSE CLSE log verbose V 2 [Sensorv2::ReceiveEventEvent_RequestData::GetNewSamples:: 1]
2025/11/24 11:53:12.169508  118381532 018 ECU1 CLSE CLSE log verbose V 2 [Sensor::ReceiveEventEvent_transferData::GetNewSamples:: 1]
2025/11/24 11:53:12.169715  118381534 019 ECU1 CLSE CLSE log verbose V 2 [Sensorv2::ReceiveEventEvent_RequestData::GetNewSamples:: 1]
2025/11/24 11:53:13.169644  118391533 020 ECU1 CLSE CLSE log verbose V 2 [Sensor::ReceiveEventEvent_transferData::GetNewSamples:: 1]
2025/11/24 11:53:13.169862  118391535 021 ECU1 CLSE CLSE log verbose V 2 [Sensorv2::ReceiveEventEvent_RequestData::GetNewSamples:: 1]
2025/11/24 11:53:14.169833  118401535 022 ECU1 CLSE CLSE log verbose V 2 [Sensor::ReceiveEventEvent_transferData::GetNewSamples:: 1]
2025/11/24 11:53:14.170021  118401537 023 ECU1 CLSE CLSE log verbose V 2 [Sensorv2::ReceiveEventEvent_RequestData::GetNewSamples:: 1]
2025/11/24 11:53:15.169991  118411537 024 ECU1 CLSE CLSE log verbose V 2 [Sensor::ReceiveEventEvent_transferData::GetNewSamples:: 1]
2025/11/24 11:53:15.170190  118411539 025 ECU1 CLSE CLSE log verbose V 2 [Sensorv2::ReceiveEventEvent_RequestData::GetNewSamples:: 1]
2025/11/24 11:53:16.170159  118421538 026 ECU1 CLSE CLSE log verbose V 2 [Sensor::ReceiveEventEvent_transferData::GetNewSamples:: 1]
2025/11/24 11:53:16.170301  118421540 027 ECU1 CLSE CLSE log verbose V 2 [Sensorv2::ReceiveEventEvent_RequestData::GetNewSamples:: 1]
2025/11/24 11:53:17.170379  118431541 028 ECU1 CLSE CLSE log verbose V 2 [Sensor::ReceiveEventEvent_transferData::GetNewSamples:: 1]
2025/11/24 11:53:17.170436  118431541 029 ECU1 CLSE CLSE log verbose V 2 [Sensorv2::ReceiveEventEvent_RequestData::GetNewSamples:: 1]
2025/11/24 11:53:18.170514  118441542 030 ECU1 CLSE CLSE log verbose V 2 [Sensor::ReceiveEventEvent_transferData::GetNewSamples:: 1]
2025/11/24 11:53:18.170626  118441543 031 ECU1 CLSE CLSE log verbose V 2 [Sensorv2::ReceiveEventEvent_RequestData::GetNewSamples:: 1]
2025/11/24 11:53:19.170657  118451543 032 ECU1 CLSE CLSE log verbose V 2 [Sensor::ReceiveEventEvent_transferData::GetNewSamples:: 1]
2025/11/24 11:53:19.170760  118451544 033 ECU1 CLSE CLSE log verbose V 2 [Sensorv22025/11/24 11:53:10.142610  118361263 001 ECU1 PVSE PVSE log verbose V 1 [ProviderSensor::Start]
2025/11/24 11:53:10.142613  118361263 002 ECU1 PVSE PVSE log verbose V 1 [Sensor::Start]
2025/11/24 11:53:10.144858  118361285 003 ECU1 PVSE PVSE log verbose V 1 [Sensor::Start::OfferService]
2025/11/24 11:53:10.144884  118361286 004 ECU1 PVSE PVSE log verbose V 1 [Sensorv2::Start]
2025/11/24 11:53:10.146503  118361302 005 ECU1 PVSE PVSE log verbose V 1 [Sensorv2::Start::OfferService]
2025/11/24 11:53:10.148955  118361326 006 ECU1 PVSE PVSE log verbose V 1 [Running adaptive application]
2025/11/24 11:53:10.148972  118361327 007 ECU1 PVSE PVSE log verbose V 1 [ProviderSensor::Run]
2025/11/24 11:53:10.149247  118361329 008 ECU1 PVSE PVSE log error V 2 [Sensor::SendEventEvent_transferDataCyclic::Send:: no clients]
2025/11/24 11:53:10.149250  118361329 009 ECU1 PVSE PVSE log error V 2 [Sensorv2::SendEventEvent_RequestDataCyclic::Send:: no clients]
2025/11/24 11:53:11.149717  118371334 010 ECU1 PVSE PVSE log verbose V 1 [Sensor::SendEventEvent_transferDataCyclic::Send]
2025/11/24 11:53:11.149741  118371334 011 ECU1 PVSE PVSE log verbose V 1 [Sensorv2::SendEventEvent_RequestDataCyclic::Send]
2025/11/24 11:53:12.150263  118381340 012 ECU1 PVSE PVSE log verbose V 1 [Sensor::SendEventEvent_transferDataCyclic::Send]
2025/11/24 11:53:12.150300  118381340 013 ECU1 PVSE PVSE log verbose V 1 [Sensorv2::SendEventEvent_RequestDataCyclic::Send]
2025/11/24 11:53:13.150660  118391343 014 ECU1 PVSE PVSE log verbose V 1 [Sensorv2::SendEventEvent_RequestDataCyclic::Send]
2025/11/24 11:53:13.150717  118391344 015 ECU1 PVSE PVSE log verbose V 1 [Sensor::SendEventEvent_transferDataCyclic::Send]
2025/11/24 11:53:14.151193  118401349 016 ECU1 PVSE PVSE log verbose V 1 [Sensor::SendEventEvent_transferDataCyclic::Send]
2025/11/24 11:53:14.151237  118401349 017 ECU1 PVSE PVSE log verbose V 1 [Sensorv2::SendEventEvent_RequestDataCyclic::Send]
2025/11/24 11:53:15.151812  118411355 018 ECU1 PVSE PVSE log verbose V 1 [Sensorv2::SendEventEvent_RequestDataCyclic::Send]
2025/11/24 11:53:15.151812  118411355 018 ECU1 PVSE PVSE log verbose V 1 [Sensor::SendEventEvent_transferDataCyclic::Send]
2025/11/24 11:53:16.152360  118421360 019 ECU1 PVSE PVSE log verbose V 1 [Sensorv2::SendEventEvent_RequestDataCyclic::Send]
2025/11/24 11:53:16.152429  118421361 020 ECU1 PVSE PVSE log verbose V 1 [Sensor::SendEventEvent_transferDataCyclic::Send]
2025/11/24 11:53:17.152902  118431366 021 ECU1 PVSE PVSE log verbose V 1 [Sensorv2::SendEventEvent_RequestDataCyclic::Send]
2025/11/24 11:53:17.152947  118431366 022 ECU1 PVSE PVSE log verbose V 1 [Sensor::SendEventEvent_transferDataCyclic::Send]
2025/11/24 11:53:18.153363  118441370 023 ECU1 PVSE PVSE log verbose V 1 [Sensorv2::SendEventEvent_RequestDataCyclic::Send]
2025/11/24 11:53:18.153451  118441371 024 ECU1 PVSE PVSE log verbose V 1 [Sensor::SendEventEvent_transferDataCyclic::Send]
2025/11/24 11:53:19.153638  118451373 025 ECU1 PVSE PVSE log verbose V 1 [Sensorv2::SendEventEvent_RequestDataCyclic::Send]
2025/11/24 11:53:19.153680  118451374 026 ECU1 PVSE PVSE log verbose V 1 [Sensor::SendEventEvent_transferDataCyclic::Send]
2025/11/24 11:53:20.153996  118461377 027 ECU1 PVSE PVSE log verbose V 1 [Sensorv2::SendEventEvent_RequestDataCyclic::Send]
2025/11/24 11:53:20.154233  118461379 028 ECU1 PVSE PVSE log verbose V 1 [Sensor::SendEventEvent_transferDataCyclic::Send]
2025/11/24 11:53:21.154293  118471380 029 ECU1 PVSE PVSE log verbose V 1 [Sensorv2::SendEventEvent_RequestDataCyclic::Send]
2025/11/24 11:53:21.154670  118471384 030 ECU1 PVSE PVSE log verbose V 1 [Sensor::SendEventEvent_transferDataCyclic::Send]
2025/11/24 11:53:22.154651  118481383 031 ECU1 PVSE PVSE log verbose V 1 [Sensorv2::SendEventEvent_RequestDataCyclic::Send]
2025/11/24 11:53:22.155165  118481389 032 ECU1 PVSE PVSE log verbose V 1 [Sensor::SendEventEvent_transferDataCyclic::Send]
2025/11/24 11:53:23.155052  118491387 033 ECU1 PVSE PVSE log verbose V 1 [Sensorv2::SendEventEvent_RequestDataCyclic::Send]
2025/11/24 11:53:23.155629  118491393 034 ECU1 PVSE PVS