Build output check failed:
    Regex: 'command[- ]line option .* is valid for .* but not for C'
    Output line: 'cc1: warning: command-line option '-Wnon-virtual-dtor' is valid for C++/ObjC++ but not for C'
Compilation failed:
    source file: '/root/workspace/HPC_Machine_v5/build_opencv/CMakeFiles/CMakeTmp/src.c'
    check option: ' -fsigned-char -W -Wall -Wreturn-type  -Wnon-virtual-dtor'
===== BUILD LOG =====
Change Dir: /root/workspace/HPC_Machine_v5/build_opencv/CMakeFiles/CMakeTmp

Run Build Command(s):/usr/bin/gmake -f Makefile cmTC_5e6c4/fast && /usr/bin/gmake  -f CMakeFiles/cmTC_5e6c4.dir/build.make CMakeFiles/cmTC_5e6c4.dir/build
gmake[1]: Entering directory '/root/workspace/HPC_Machine_v5/build_opencv/CMakeFiles/CMakeTmp'
Building C object CMakeFiles/cmTC_5e6c4.dir/src.c.o
/opt/cross-pi-gcc-12.2.0-64/bin/aarch64-linux-gnu-gcc   -O3 -DNDEBUG -fPIE    -fsigned-char -W -Wall -Wreturn-type  -Wnon-virtual-dtor -o CMakeFiles/cmTC_5e6c4.dir/src.c.o -c /root/workspace/HPC_Machine_v5/build_opencv/CMakeFiles/CMakeTmp/src.c
cc1: warning: command-line option '-Wnon-virtual-dtor' is valid for C++/ObjC++ but not for C
/root/workspace/HPC_Machine_v5/build_opencv/CMakeFiles/CMakeTmp/src.c:1: warning: ignoring '#pragma  ' [-Wunknown-pragmas]
    1 | #pragma
      | 
Linking C executable cmTC_5e6c4
/usr/bin/cmake -E cmake_link_script CMakeFiles/cmTC_5e6c4.dir/link.txt --verbose=1
/opt/cross-pi-gcc-12.2.0-64/bin/aarch64-linux-gnu-gcc -O3 -DNDEBUG CMakeFiles/cmTC_5e6c4.dir/src.c.o -o cmTC_5e6c4 
gmake[1]: Leaving directory '/root/workspace/HPC_Machine_v5/build_opencv/CMakeFiles/CMakeTmp'


===== END =====

Build output check failed:
    Regex: 'command[- ]line option .* is valid for .* but not for C\+\+'
    Output line: 'cc1plus: warning: command-line option '-Wmissing-prototypes' is valid for C/ObjC but not for C++'
Compilation failed:
    source file: '/root/workspace/HPC_Machine_v5/build_opencv/CMakeFiles/CMakeTmp/src.cxx'
    check option: ' -fsigned-char -W -Wall -Wreturn-type -Wnon-virtual-dtor -Waddress -Wsequence-point -Wformat -Wformat-security -Wmissing-declarations  -Wmissing-prototypes'
===== BUILD LOG =====
Change Dir: /root/workspace/HPC_Machine_v5/build_opencv/CMakeFiles/CMakeTmp

Run Build Command(s):/usr/bin/gmake -f Makefile cmTC_05ebb/fast && /usr/bin/gmake  -f CMakeFiles/cmTC_05ebb.dir/build.make CMakeFiles/cmTC_05ebb.dir/build
gmake[1]: Entering directory '/root/workspace/HPC_Machine_v5/build_opencv/CMakeFiles/CMakeTmp'
Building CXX object CMakeFiles/cmTC_05ebb.dir/src.cxx.o
/opt/cross-pi-gcc-12.2.0-64/bin/aarch64-linux-gnu-g++   -O3 -DNDEBUG -fPIE    -fsigned-char -W -Wall -Wreturn-type -Wnon-virtual-dtor -Waddress -Wsequence-point -Wformat -Wformat-security -Wmissing-declarations  -Wmissing-prototypes -std=c++11 -o CMakeFiles/cmTC_05ebb.dir/src.cxx.o -c /root/workspace/HPC_Machine_v5/build_opencv/CMakeFiles/CMakeTmp/src.cxx
cc1plus: warning: command-line option '-Wmissing-prototypes' is valid for C/ObjC but not for C++
/root/workspace/HPC_Machine_v5/build_opencv/CMakeFiles/CMakeTmp/src.cxx:1: warning: ignoring '#pragma  ' [-Wunknown-pragmas]
    1 | #pragma
      | 
Linking CXX executable cmTC_05ebb
/usr/bin/cmake -E cmake_link_script CMakeFiles/cmTC_05ebb.dir/link.txt --verbose=1
/opt/cross-pi-gcc-12.2.0-64/bin/aarch64-linux-gnu-g++ -O3 -DNDEBUG CMakeFiles/cmTC_05ebb.dir/src.cxx.o -o cmTC_05ebb 
gmake[1]: Leaving directory '/root/workspace/HPC_Machine_v5/build_opencv/CMakeFiles/CMakeTmp'


===== END =====

Build output check failed:
    Regex: 'command[- ]line option .* is valid for .* but not for C\+\+'
    Output line: 'cc1plus: warning: command-line option '-Wstrict-prototypes' is valid for C/ObjC but not for C++'
Compilation failed:
    source file: '/root/workspace/HPC_Machine_v5/build_opencv/CMakeFiles/CMakeTmp/src.cxx'
    check option: ' -fsigned-char -W -Wall -Wreturn-type -Wnon-virtual-dtor -Waddress -Wsequence-point -Wformat -Wformat-security -Wmissing-declarations  -Wstrict-prototypes'
===== BUILD LOG =====
Change Dir: /root/workspace/HPC_Machine_v5/build_opencv/CMakeFiles/CMakeTmp

Run Build Command(s):/usr/bin/gmake -f Makefile cmTC_1687a/fast && /usr/bin/gmake  -f CMakeFiles/cmTC_1687a.dir/build.make CMakeFiles/cmTC_1687a.dir/build
gmake[1]: Entering directory '/root/workspace/HPC_Machine_v5/build_opencv/CMakeFiles/CMakeTmp'
Building CXX object CMakeFiles/cmTC_1687a.dir/src.cxx.o
/opt/cross-pi-gcc-12.2.0-64/bin/aarch64-linux-gnu-g++   -O3 -DNDEBUG -fPIE    -fsigned-char -W -Wall -Wreturn-type -Wnon-virtual-dtor -Waddress -Wsequence-point -Wformat -Wformat-security -Wmissing-declarations  -Wstrict-prototypes -std=c++11 -o CMakeFiles/cmTC_1687a.dir/src.cxx.o -c /root/workspace/HPC_Machine_v5/build_opencv/CMakeFiles/CMakeTmp/src.cxx
cc1plus: warning: command-line option '-Wstrict-prototypes' is valid for C/ObjC but not for C++
/root/workspace/HPC_Machine_v5/build_opencv/CMakeFiles/CMakeTmp/src.cxx:1: warning: ignoring '#pragma  ' [-Wunknown-pragmas]
    1 | #pragma
      | 
Linking CXX executable cmTC_1687a
/usr/bin/cmake -E cmake_link_script CMakeFiles/cmTC_1687a.dir/link.txt --verbose=1
/opt/cross-pi-gcc-12.2.0-64/bin/aarch64-linux-gnu-g++ -O3 -DNDEBUG CMakeFiles/cmTC_1687a.dir/src.cxx.o -o cmTC_1687a 
gmake[1]: Leaving directory '/root/workspace/HPC_Machine_v5/build_opencv/CMakeFiles/CMakeTmp'


===== END =====

Build output check failed:
    Regex: 'command[- ]line option .* is valid for .* but not for C'
    Output line: 'cc1: warning: command-line option '-Wsign-promo' is valid for C++/ObjC++ but not for C'
Compilation failed:
    source file: '/root/workspace/HPC_Machine_v5/build_opencv/CMakeFiles/CMakeTmp/src.c'
    check option: ' -fsigned-char -W -Wall -Wreturn-type -Waddress -Wsequence-point -Wformat -Wformat-security -Wmissing-declarations -Wmissing-prototypes -Wstrict-prototypes -Wundef -Winit-self -Wpointer-arith -Wshadow  -Wsign-promo'
===== BUILD LOG =====
Change Dir: /root/workspace/HPC_Machine_v5/build_opencv/CMakeFiles/CMakeTmp

Run Build Command(s):/usr/bin/gmake -f Makefile cmTC_b050c/fast && /usr/bin/gmake  -f CMakeFiles/cmTC_b050c.dir/build.make CMakeFiles/cmTC_b050c.dir/build
gmake[1]: Entering directory '/root/workspace/HPC_Machine_v5/build_opencv/CMakeFiles/CMakeTmp'
Building C object CMakeFiles/cmTC_b050c.dir/src.c.o
/opt/cross-pi-gcc-12.2.0-64/bin/aarch64-linux-gnu-gcc   -O3 -DNDEBUG -fPIE    -fsigned-char -W -Wall -Wreturn-type -Waddress -Wsequence-point -Wformat -Wformat-security -Wmissing-declarations -Wmissing-prototypes -Wstrict-prototypes -Wundef -Winit-self -Wpointer-arith -Wshadow  -Wsign-promo -o CMakeFiles/cmTC_b050c.dir/src.c.o -c /root/workspace/HPC_Machine_v5/build_opencv/CMakeFiles/CMakeTmp/src.c
cc1: warning: command-line option '-Wsign-promo' is valid for C++/ObjC++ but not for C
/root/workspace/HPC_Machine_v5/build_opencv/CMakeFiles/CMakeTmp/src.c:1: warning: ignoring '#pragma  ' [-Wunknown-pragmas]
    1 | #pragma
      | 
Linking C executable cmTC_b050c
/usr/bin/cmake -E cmake_link_script CMakeFiles/cmTC_b050c.dir/link.txt --verbose=1
/opt/cross-pi-gcc-12.2.0-64/bin/aarch64-linux-gnu-gcc -O3 -DNDEBUG CMakeFiles/cmTC_b050c.dir/src.c.o -o cmTC_b050c 
gmake[1]: Leaving directory '/root/workspace/HPC_Machine_v5/build_opencv/CMakeFiles/CMakeTmp'


===== END =====

Build output check failed:
    Regex: 'command[- ]line option .* is valid for .* but not for C'
    Output line: 'cc1: warning: command-line option '-Wsuggest-override' is valid for C++/ObjC++ but not for C'
Compilation failed:
    source file: '/root/workspace/HPC_Machine_v5/build_opencv/CMakeFiles/CMakeTmp/src.c'
    check option: ' -fsigned-char -W -Wall -Wreturn-type -Waddress -Wsequence-point -Wformat -Wformat-security -Wmissing-declarations -Wmissing-prototypes -Wstrict-prototypes -Wundef -Winit-self -Wpointer-arith -Wshadow -Wuninitialized  -Wsuggest-override'
===== BUILD LOG =====
Change Dir: /root/workspace/HPC_Machine_v5/build_opencv/CMakeFiles/CMakeTmp

Run Build Command(s):/usr/bin/gmake -f Makefile cmTC_14675/fast && /usr/bin/gmake  -f CMakeFiles/cmTC_14675.dir/build.make CMakeFiles/cmTC_14675.dir/build
gmake[1]: Entering directory '/root/workspace/HPC_Machine_v5/build_opencv/CMakeFiles/CMakeTmp'
Building C object CMakeFiles/cmTC_14675.dir/src.c.o
/opt/cross-pi-gcc-12.2.0-64/bin/aarch64-linux-gnu-gcc   -O3 -DNDEBUG -fPIE    -fsigned-char -W -Wall -Wreturn-type -Waddress -Wsequence-point -Wformat -Wformat-security -Wmissing-declarations -Wmissing-prototypes -Wstrict-prototypes -Wundef -Winit-self -Wpointer-arith -Wshadow -Wuninitialized  -Wsuggest-override -o CMakeFiles/cmTC_14675.dir/src.c.o -c /root/workspace/HPC_Machine_v5/build_opencv/CMakeFiles/CMakeTmp/src.c
cc1: warning: command-line option '-Wsuggest-override' is valid for C++/ObjC++ but not for C
/root/workspace/HPC_Machine_v5/build_opencv/CMakeFiles/CMakeTmp/src.c:1: warning: ignoring '#pragma  ' [-Wunknown-pragmas]
    1 | #pragma
      | 
Linking C executable cmTC_14675
/usr/bin/cmake -E cmake_link_script CMakeFiles/cmTC_14675.dir/link.txt --verbose=1
/opt/cross-pi-gcc-12.2.0-64/bin/aarch64-linux-gnu-gcc -O3 -DNDEBUG CMakeFiles/cmTC_14675.dir/src.c.o -o cmTC_14675 
gmake[1]: Leaving directory '/root/workspace/HPC_Machine_v5/build_opencv/CMakeFiles/CMakeTmp'


===== END =====

Build output check failed:
    Regex: 'command[- ]line option .* is valid for .* but not for C'
    Output line: 'cc1: warning: command-line option '-Wno-delete-non-virtual-dtor' is valid for C++/ObjC++ but not for C'
Compilation failed:
    source file: '/root/workspace/HPC_Machine_v5/build_opencv/CMakeFiles/CMakeTmp/src.c'
    check option: ' -fsigned-char -W -Wall -Wreturn-type -Waddress -Wsequence-point -Wformat -Wformat-security -Wmissing-declarations -Wmissing-prototypes -Wstrict-prototypes -Wundef -Winit-self -Wpointer-arith -Wshadow -Wuninitialized  -Wno-delete-non-virtual-dtor'
===== BUILD LOG =====
Change Dir: /root/workspace/HPC_Machine_v5/build_opencv/CMakeFiles/CMakeTmp

Run Build Command(s):/usr/bin/gmake -f Makefile cmTC_061e8/fast && /usr/bin/gmake  -f CMakeFiles/cmTC_061e8.dir/build.make CMakeFiles/cmTC_061e8.dir/build
gmake[1]: Entering directory '/root/workspace/HPC_Machine_v5/build_opencv/CMakeFiles/CMakeTmp'
Building C object CMakeFiles/cmTC_061e8.dir/src.c.o
/opt/cross-pi-gcc-12.2.0-64/bin/aarch64-linux-gnu-gcc   -O3 -DNDEBUG -fPIE    -fsigned-char -W -Wall -Wreturn-type -Waddress -Wsequence-point -Wformat -Wformat-security -Wmissing-declarations -Wmissing-prototypes -Wstrict-prototypes -Wundef -Winit-self -Wpointer-arith -Wshadow -Wuninitialized  -Wno-delete-non-virtual-dtor -o CMakeFiles/cmTC_061e8.dir/src.c.o -c /root/workspace/HPC_Machine_v5/build_opencv/CMakeFiles/CMakeTmp/src.c
cc1: warning: command-line option '-Wno-delete-non-virtual-dtor' is valid for C++/ObjC++ but not for C
/root/workspace/HPC_Machine_v5/build_opencv/CMakeFiles/CMakeTmp/src.c:1: warning: ignoring '#pragma  ' [-Wunknown-pragmas]
    1 | #pragma
      | 
Linking C executable cmTC_061e8
/usr/bin/cmake -E cmake_link_script CMakeFiles/cmTC_061e8.dir/link.txt --verbose=1
/opt/cross-pi-gcc-12.2.0-64/bin/aarch64-linux-gnu-gcc -O3 -DNDEBUG CMakeFiles/cmTC_061e8.dir/src.c.o -o cmTC_061e8 
gmake[1]: Leaving directory '/root/workspace/HPC_Machine_v5/build_opencv/CMakeFiles/CMakeTmp'


===== END =====

Build output check failed:
    Regex: 'unrecognized .*option'
    Output line: 'cc1plus: note: unrecognized command-line option '-Wno-unnamed-type-template-args' may have been intended to silence earlier diagnostics'
Compilation failed:
    source file: '/root/workspace/HPC_Machine_v5/build_opencv/CMakeFiles/CMakeTmp/src.cxx'
    check option: ' -fsigned-char -W -Wall -Wreturn-type -Wnon-virtual-dtor -Waddress -Wsequence-point -Wformat -Wformat-security -Wmissing-declarations -Wundef -Winit-self -Wpointer-arith -Wshadow -Wsign-promo -Wuninitialized -Wsuggest-override -Wno-delete-non-virtual-dtor  -Wno-unnamed-type-template-args'
===== BUILD LOG =====
Change Dir: /root/workspace/HPC_Machine_v5/build_opencv/CMakeFiles/CMakeTmp

Run Build Command(s):/usr/bin/gmake -f Makefile cmTC_2f2d8/fast && /usr/bin/gmake  -f CMakeFiles/cmTC_2f2d8.dir/build.make CMakeFiles/cmTC_2f2d8.dir/build
gmake[1]: Entering directory '/root/workspace/HPC_Machine_v5/build_opencv/CMakeFiles/CMakeTmp'
Building CXX object CMakeFiles/cmTC_2f2d8.dir/src.cxx.o
/opt/cross-pi-gcc-12.2.0-64/bin/aarch64-linux-gnu-g++   -O3 -DNDEBUG -fPIE    -fsigned-char -W -Wall -Wreturn-type -Wnon-virtual-dtor -Waddress -Wsequence-point -Wformat -Wformat-security -Wmissing-declarations -Wundef -Winit-self -Wpointer-arith -Wshadow -Wsign-promo -Wuninitialized -Wsuggest-override -Wno-delete-non-virtual-dtor  -Wno-unnamed-type-template-args -std=c++11 -o CMakeFiles/cmTC_2f2d8.dir/src.cxx.o -c /root/workspace/HPC_Machine_v5/build_opencv/CMakeFiles/CMakeTmp/src.cxx
/root/workspace/HPC_Machine_v5/build_opencv/CMakeFiles/CMakeTmp/src.cxx:1: warning: ignoring '#pragma  ' [-Wunknown-pragmas]
    1 | #pragma
      | 
cc1plus: note: unrecognized command-line option '-Wno-unnamed-type-template-args' may have been intended to silence earlier diagnostics
Linking CXX executable cmTC_2f2d8
/usr/bin/cmake -E cmake_link_script CMakeFiles/cmTC_2f2d8.dir/link.txt --verbose=1
/opt/cross-pi-gcc-12.2.0-64/bin/aarch64-linux-gnu-g++ -O3 -DNDEBUG CMakeFiles/cmTC_2f2d8.dir/src.cxx.o -o cmTC_2f2d8 
gmake[1]: Leaving directory '/root/workspace/HPC_Machine_v5/build_opencv/CMakeFiles/CMakeTmp'


===== END =====

Build output check failed:
    Regex: 'unrecognized .*option'
    Output line: 'cc1: note: unrecognized command-line option '-Wno-unnamed-type-template-args' may have been intended to silence earlier diagnostics'
Compilation failed:
    source file: '/root/workspace/HPC_Machine_v5/build_opencv/CMakeFiles/CMakeTmp/src.c'
    check option: ' -fsigned-char -W -Wall -Wreturn-type -Waddress -Wsequence-point -Wformat -Wformat-security -Wmissing-declarations -Wmissing-prototypes -Wstrict-prototypes -Wundef -Winit-self -Wpointer-arith -Wshadow -Wuninitialized  -Wno-unnamed-type-template-args'
===== BUILD LOG =====
Change Dir: /root/workspace/HPC_Machine_v5/build_opencv/CMakeFiles/CMakeTmp

Run Build Command(s):/usr/bin/gmake -f Makefile cmTC_0f141/fast && /usr/bin/gmake  -f CMakeFiles/cmTC_0f141.dir/build.make CMakeFiles/cmTC_0f141.dir/build
gmake[1]: Entering directory '/root/workspace/HPC_Machine_v5/build_opencv/CMakeFiles/CMakeTmp'
Building C object CMakeFiles/cmTC_0f141.dir/src.c.o
/opt/cross-pi-gcc-12.2.0-64/bin/aarch64-linux-gnu-gcc   -O3 -DNDEBUG -fPIE    -fsigned-char -W -Wall -Wreturn-type -Waddress -Wsequence-point -Wformat -Wformat-security -Wmissing-declarations -Wmissing-prototypes -Wstrict-prototypes -Wundef -Winit-self -Wpointer-arith -Wshadow -Wuninitialized  -Wno-unnamed-type-template-args -o CMakeFiles/cmTC_0f141.dir/src.c.o -c /root/workspace/HPC_Machine_v5/build_opencv/CMakeFiles/CMakeTmp/src.c
/root/workspace/HPC_Machine_v5/build_opencv/CMakeFiles/CMakeTmp/src.c:1: warning: ignoring '#pragma  ' [-Wunknown-pragmas]
    1 | #pragma
      | 
cc1: note: unrecognized command-line option '-Wno-unnamed-type-template-args' may have been intended to silence earlier diagnostics
Linking C executable cmTC_0f141
/usr/bin/cmake -E cmake_link_script CMakeFiles/cmTC_0f141.dir/link.txt --verbose=1
/opt/cross-pi-gcc-12.2.0-64/bin/aarch64-linux-gnu-gcc -O3 -DNDEBUG CMakeFiles/cmTC_0f141.dir/src.c.o -o cmTC_0f141 
gmake[1]: Leaving directory '/root/workspace/HPC_Machine_v5/build_opencv/CMakeFiles/CMakeTmp'


===== END =====

Build output check failed:
    Regex: 'command[- ]line option .* is valid for .* but not for C'
    Output line: 'cc1: warning: command-line option '-fvisibility-inlines-hidden' is valid for C++/ObjC++ but not for C'
Compilation failed:
    source file: '/root/workspace/HPC_Machine_v5/build_opencv/CMakeFiles/CMakeTmp/src.c'
    check option: ' -fsigned-char -W -Wall -Wreturn-type -Waddress -Wsequence-point -Wformat -Wformat-security -Wmissing-declarations -Wmissing-prototypes -Wstrict-prototypes -Wundef -Winit-self -Wpointer-arith -Wshadow -Wuninitialized -Wno-comment -Wimplicit-fallthrough=3 -Wno-strict-overflow -fdiagnostics-show-option -pthread -fomit-frame-pointer -ffunction-sections -fdata-sections    -fvisibility=hidden  -fvisibility-inlines-hidden'
===== BUILD LOG =====
Change Dir: /root/workspace/HPC_Machine_v5/build_opencv/CMakeFiles/CMakeTmp

Run Build Command(s):/usr/bin/gmake -f Makefile cmTC_7554f/fast && /usr/bin/gmake  -f CMakeFiles/cmTC_7554f.dir/build.make CMakeFiles/cmTC_7554f.dir/build
gmake[1]: Entering directory '/root/workspace/HPC_Machine_v5/build_opencv/CMakeFiles/CMakeTmp'
Building C object CMakeFiles/cmTC_7554f.dir/src.c.o
/opt/cross-pi-gcc-12.2.0-64/bin/aarch64-linux-gnu-gcc   -O3 -DNDEBUG -fPIE    -fsigned-char -W -Wall -Wreturn-type -Waddress -Wsequence-point -Wformat -Wformat-security -Wmissing-declarations -Wmissing-prototypes -Wstrict-prototypes -Wundef -Winit-self -Wpointer-arith -Wshadow -Wuninitialized -Wno-comment -Wimplicit-fallthrough=3 -Wno-strict-overflow -fdiagnostics-show-option -pthread -fomit-frame-pointer -ffunction-sections -fdata-sections    -fvisibility=hidden  -fvisibility-inlines-hidden -o CMakeFiles/cmTC_7554f.dir/src.c.o -c /root/workspace/HPC_Machine_v5/build_opencv/CMakeFiles/CMakeTmp/src.c
cc1: warning: command-line option '-fvisibility-inlines-hidden' is valid for C++/ObjC++ but not for C
/root/workspace/HPC_Machine_v5/build_opencv/CMakeFiles/CMakeTmp/src.c:1: warning: ignoring '#pragma  ' [-Wunknown-pragmas]
    1 | #pragma
      | 
Linking C executable cmTC_7554f
/usr/bin/cmake -E cmake_link_script CMakeFiles/cmTC_7554f.dir/link.txt --verbose=1
/opt/cross-pi-gcc-12.2.0-64/bin/aarch64-linux-gnu-gcc -O3 -DNDEBUG CMakeFiles/cmTC_7554f.dir/src.c.o -o cmTC_7554f 
gmake[1]: Leaving directory '/root/workspace/HPC_Machine_v5/build_opencv/CMakeFiles/CMakeTmp'


===== END =====

Determining size of off64_t failed with the following output:
Change Dir: /root/workspace/HPC_Machine_v5/build_opencv/CMakeFiles/CMakeTmp

Run Build Command(s):/usr/bin/gmake -f Makefile cmTC_aa795/fast && /usr/bin/gmake  -f CMakeFiles/cmTC_aa795.dir/build.make CMakeFiles/cmTC_aa795.dir/build
gmake[1]: Entering directory '/root/workspace/HPC_Machine_v5/build_opencv/CMakeFiles/CMakeTmp'
Building C object CMakeFiles/cmTC_aa795.dir/OFF64_T.c.o
/opt/cross-pi-gcc-12.2.0-64/bin/aarch64-linux-gnu-gcc   -fsigned-char -W -Wall -Wreturn-type -Waddress -Wsequence-point -Wformat -Wformat-security -Wmissing-declarations -Wmissing-prototypes -Wstrict-prototypes -Wundef -Winit-self -Wpointer-arith -Wshadow -Wuninitialized -Wno-comment -Wimplicit-fallthrough=3 -Wno-strict-overflow -fdiagnostics-show-option -pthread -fomit-frame-pointer -ffunction-sections -fdata-sections    -fvisibility=hidden  -O3 -DNDEBUG  -DNDEBUG -fPIE -o CMakeFiles/cmTC_aa795.dir/OFF64_T.c.o -c /root/workspace/HPC_Machine_v5/build_opencv/CMakeFiles/CheckTypeSize/OFF64_T.c
/root/workspace/HPC_Machine_v5/build_opencv/CMakeFiles/CheckTypeSize/OFF64_T.c:27:22: error: 'off64_t' undeclared here (not in a function); did you mean 'off_t'?
   27 | #define SIZE (sizeof(off64_t))
      |                      ^~~~~~~
/root/workspace/HPC_Machine_v5/build_opencv/CMakeFiles/CheckTypeSize/OFF64_T.c:29:12: note: in expansion of macro 'SIZE'
   29 |   ('0' + ((SIZE / 10000)%10)),
      |            ^~~~
gmake[1]: *** [CMakeFiles/cmTC_aa795.dir/build.make:78: CMakeFiles/cmTC_aa795.dir/OFF64_T.c.o] Error 1
gmake[1]: Leaving directory '/root/workspace/HPC_Machine_v5/build_opencv/CMakeFiles/CMakeTmp'
gmake: *** [Makefile:127: cmTC_aa795/fast] Error 2


/root/workspace/HPC_Machine_v5/build_opencv/CMakeFiles/CheckTypeSize/OFF64_T.c:
#include <sys/types.h>
#include <stdint.h>
#include <stddef.h>


#undef KEY
#if defined(__i386)
# define KEY '_','_','i','3','8','6'
#elif defined(__x86_64)
# define KEY '_','_','x','8','6','_','6','4'
#elif defined(__PPC64__)
# define KEY '_','_','P','P','C','6','4','_','_'
#elif defined(__ppc64__)
# define KEY '_','_','p','p','c','6','4','_','_'
#elif defined(__PPC__)
# define KEY '_','_','P','P','C','_','_'
#elif defined(__ppc__)
# define KEY '_','_','p','p','c','_','_'
#elif defined(__aarch64__)
# define KEY '_','_','a','a','r','c','h','6','4','_','_'
#elif defined(__ARM_ARCH_7A__)
# define KEY '_','_','A','R','M','_','A','R','C','H','_','7','A','_','_'
#elif defined(__ARM_ARCH_7S__)
# define KEY '_','_','A','R','M','_','A','R','C','H','_','7','S','_','_'
#endif

#define SIZE (sizeof(off64_t))
static char info_size[] =  {'I', 'N', 'F', 'O', ':', 's','i','z','e','[',
  ('0' + ((SIZE / 10000)%10)),
  ('0' + ((SIZE / 1000)%10)),
  ('0' + ((SIZE / 100)%10)),
  ('0' + ((SIZE / 10)%10)),
  ('0' +  (SIZE    % 10)),
  ']',
#ifdef KEY
  ' ','k','e','y','[', KEY, ']',
#endif
  '\0'};

#ifdef __CLASSIC_C__
int main(argc, argv) int argc; char *argv[];
#else
int main(int argc, char *argv[])
#endif
{
  int require = 0;
  require += info_size[argc];
  (void)argv;
  return require;
}


Build output check failed:
    Regex: 'unrecognized .*option'
    Output line: 'cc1: note: unrecognized command-line option '-Wno-shorten-64-to-32' may have been intended to silence earlier diagnostics'
Compilation failed:
    source file: '/root/workspace/HPC_Machine_v5/build_opencv/CMakeFiles/CMakeTmp/src.c'
    check option: ' -Wno-shorten-64-to-32'
===== BUILD LOG =====
Change Dir: /root/workspace/HPC_Machine_v5/build_opencv/CMakeFiles/CMakeTmp

Run Build Command(s):/usr/bin/gmake -f Makefile cmTC_835ee/fast && /usr/bin/gmake  -f CMakeFiles/cmTC_835ee.dir/build.make CMakeFiles/cmTC_835ee.dir/build
gmake[1]: Entering directory '/root/workspace/HPC_Machine_v5/build_opencv/CMakeFiles/CMakeTmp'
Building C object CMakeFiles/cmTC_835ee.dir/src.c.o
/opt/cross-pi-gcc-12.2.0-64/bin/aarch64-linux-gnu-gcc   -fsigned-char -W -Wall -Wreturn-type -Waddress -Wsequence-point -Wformat -Wformat-security -Wmissing-declarations -Wmissing-prototypes -Wstrict-prototypes -Wundef -Winit-self -Wpointer-arith -Wshadow -Wuninitialized -Wno-comment -Wimplicit-fallthrough=3 -Wno-strict-overflow -fdiagnostics-show-option -pthread -fomit-frame-pointer -ffunction-sections -fdata-sections    -fvisibility=hidden  -O3 -DNDEBUG  -DNDEBUG -fPIE    -Wno-shorten-64-to-32 -o CMakeFiles/cmTC_835ee.dir/src.c.o -c /root/workspace/HPC_Machine_v5/build_opencv/CMakeFiles/CMakeTmp/src.c
/root/workspace/HPC_Machine_v5/build_opencv/CMakeFiles/CMakeTmp/src.c:1: warning: ignoring '#pragma  ' [-Wunknown-pragmas]
    1 | #pragma
      | 
cc1: note: unrecognized command-line option '-Wno-shorten-64-to-32' may have been intended to silence earlier diagnostics
Linking C executable cmTC_835ee
/usr/bin/cmake -E cmake_link_script CMakeFiles/cmTC_835ee.dir/link.txt --verbose=1
/opt/cross-pi-gcc-12.2.0-64/bin/aarch64-linux-gnu-gcc    -fsigned-char -W -Wall -Wreturn-type -Waddress -Wsequence-point -Wformat -Wformat-security -Wmissing-declarations -Wmissing-prototypes -Wstrict-prototypes -Wundef -Winit-self -Wpointer-arith -Wshadow -Wuninitialized -Wno-comment -Wimplicit-fallthrough=3 -Wno-strict-overflow -fdiagnostics-show-option -pthread -fomit-frame-pointer -ffunction-sections -fdata-sections    -fvisibility=hidden  -O3 -DNDEBUG  -DNDEBUG   -Wl,--gc-sections -Wl,--as-needed -Wl,--no-undefined  CMakeFiles/cmTC_835ee.dir/src.c.o -o cmTC_835ee 
gmake[1]: Leaving directory '/root/workspace/HPC_Machine_v5/build_opencv/CMakeFiles/CMakeTmp'


===== END =====

Determining if the include file io.h exists failed with the following output:
Change Dir: /root/workspace/HPC_Machine_v5/build_opencv/CMakeFiles/CMakeTmp

Run Build Command(s):/usr/bin/gmake -f Makefile cmTC_691c8/fast && /usr/bin/gmake  -f CMakeFiles/cmTC_691c8.dir/build.make CMakeFiles/cmTC_691c8.dir/build
gmake[1]: Entering directory '/root/workspace/HPC_Machine_v5/build_opencv/CMakeFiles/CMakeTmp'
Building C object CMakeFiles/cmTC_691c8.dir/CheckIncludeFile.c.o
/opt/cross-pi-gcc-12.2.0-64/bin/aarch64-linux-gnu-gcc   -fsigned-char -W -Wall -Wreturn-type -Waddress -Wsequence-point -Wformat -Wformat-security -Wmissing-declarations -Wmissing-prototypes -Wstrict-prototypes -Wundef -Winit-self -Wpointer-arith -Wshadow -Wuninitialized -Wno-comment -Wimplicit-fallthrough=3 -Wno-strict-overflow -fdiagnostics-show-option -pthread -fomit-frame-pointer -ffunction-sections -fdata-sections    -fvisibility=hidden  -O3 -DNDEBUG  -DNDEBUG -fPIE -o CMakeFiles/cmTC_691c8.dir/CheckIncludeFile.c.o -c /root/workspace/HPC_Machine_v5/build_opencv/CMakeFiles/CMakeTmp/CheckIncludeFile.c
/root/workspace/HPC_Machine_v5/build_opencv/CMakeFiles/CMakeTmp/CheckIncludeFile.c:1:10: fatal error: io.h: No such file or directory
    1 | #include <io.h>
      |          ^~~~~~
compilation terminated.
gmake[1]: *** [CMakeFiles/cmTC_691c8.dir/build.make:78: CMakeFiles/cmTC_691c8.dir/CheckIncludeFile.c.o] Error 1
gmake[1]: Leaving directory '/root/workspace/HPC_Machine_v5/build_opencv/CMakeFiles/CMakeTmp'
gmake: *** [Makefile:127: cmTC_691c8/fast] Error 2



Determining size of INT8 failed with the following output:
Change Dir: /root/workspace/HPC_Machine_v5/build_opencv/CMakeFiles/CMakeTmp

Run Build Command(s):/usr/bin/gmake -f Makefile cmTC_90081/fast && /usr/bin/gmake  -f CMakeFiles/cmTC_90081.dir/build.make CMakeFiles/cmTC_90081.dir/build
gmake[1]: Entering directory '/root/workspace/HPC_Machine_v5/build_opencv/CMakeFiles/CMakeTmp'
Building C object CMakeFiles/cmTC_90081.dir/int8.c.o
/opt/cross-pi-gcc-12.2.0-64/bin/aarch64-linux-gnu-gcc   -fsigned-char -W -Wall -Wreturn-type -Waddress -Wsequence-point -Wformat -Wformat-security -Wmissing-declarations -Wmissing-prototypes -Wstrict-prototypes -Wundef -Winit-self -Wpointer-arith -Wshadow -Wuninitialized -Wno-comment -Wimplicit-fallthrough=3 -Wno-strict-overflow -fdiagnostics-show-option -pthread -fomit-frame-pointer -ffunction-sections -fdata-sections    -fvisibility=hidden  -O3 -DNDEBUG  -DNDEBUG -fPIE -o CMakeFiles/cmTC_90081.dir/int8.c.o -c /root/workspace/HPC_Machine_v5/build_opencv/CMakeFiles/CheckTypeSize/int8.c
/root/workspace/HPC_Machine_v5/build_opencv/CMakeFiles/CheckTypeSize/int8.c:27:22: error: 'INT8' undeclared here (not in a function); did you mean 'INT8_C'?
   27 | #define SIZE (sizeof(INT8))
      |                      ^~~~
/root/workspace/HPC_Machine_v5/build_opencv/CMakeFiles/CheckTypeSize/int8.c:29:12: note: in expansion of macro 'SIZE'
   29 |   ('0' + ((SIZE / 10000)%10)),
      |            ^~~~
gmake[1]: *** [CMakeFiles/cmTC_90081.dir/build.make:78: CMakeFiles/cmTC_90081.dir/int8.c.o] Error 1
gmake[1]: Leaving directory '/root/workspace/HPC_Machine_v5/build_opencv/CMakeFiles/CMakeTmp'
gmake: *** [Makefile:127: cmTC_90081/fast] Error 2


/root/workspace/HPC_Machine_v5/build_opencv/CMakeFiles/CheckTypeSize/int8.c:
#include <sys/types.h>
#include <stdint.h>
#include <stddef.h>


#undef KEY
#if defined(__i386)
# define KEY '_','_','i','3','8','6'
#elif defined(__x86_64)
# define KEY '_','_','x','8','6','_','6','4'
#elif defined(__PPC64__)
# define KEY '_','_','P','P','C','6','4','_','_'
#elif defined(__ppc64__)
# define KEY '_','_','p','p','c','6','4','_','_'
#elif defined(__PPC__)
# define KEY '_','_','P','P','C','_','_'
#elif defined(__ppc__)
# define KEY '_','_','p','p','c','_','_'
#elif defined(__aarch64__)
# define KEY '_','_','a','a','r','c','h','6','4','_','_'
#elif defined(__ARM_ARCH_7A__)
# define KEY '_','_','A','R','M','_','A','R','C','H','_','7','A','_','_'
#elif defined(__ARM_ARCH_7S__)
# define KEY '_','_','A','R','M','_','A','R','C','H','_','7','S','_','_'
#endif

#define SIZE (sizeof(INT8))
static char info_size[] =  {'I', 'N', 'F', 'O', ':', 's','i','z','e','[',
  ('0' + ((SIZE / 10000)%10)),
  ('0' + ((SIZE / 1000)%10)),
  ('0' + ((SIZE / 100)%10)),
  ('0' + ((SIZE / 10)%10)),
  ('0' +  (SIZE    % 10)),
  ']',
#ifdef KEY
  ' ','k','e','y','[', KEY, ']',
#endif
  '\0'};

#ifdef __CLASSIC_C__
int main(argc, argv) int argc; char *argv[];
#else
int main(int argc, char *argv[])
#endif
{
  int require = 0;
  require += info_size[argc];
  (void)argv;
  return require;
}


Determining size of INT16 failed with the following output:
Change Dir: /root/workspace/HPC_Machine_v5/build_opencv/CMakeFiles/CMakeTmp

Run Build Command(s):/usr/bin/gmake -f Makefile cmTC_3bdeb/fast && /usr/bin/gmake  -f CMakeFiles/cmTC_3bdeb.dir/build.make CMakeFiles/cmTC_3bdeb.dir/build
gmake[1]: Entering directory '/root/workspace/HPC_Machine_v5/build_opencv/CMakeFiles/CMakeTmp'
Building C object CMakeFiles/cmTC_3bdeb.dir/int16.c.o
/opt/cross-pi-gcc-12.2.0-64/bin/aarch64-linux-gnu-gcc   -fsigned-char -W -Wall -Wreturn-type -Waddress -Wsequence-point -Wformat -Wformat-security -Wmissing-declarations -Wmissing-prototypes -Wstrict-prototypes -Wundef -Winit-self -Wpointer-arith -Wshadow -Wuninitialized -Wno-comment -Wimplicit-fallthrough=3 -Wno-strict-overflow -fdiagnostics-show-option -pthread -fomit-frame-pointer -ffunction-sections -fdata-sections    -fvisibility=hidden  -O3 -DNDEBUG  -DNDEBUG -fPIE -o CMakeFiles/cmTC_3bdeb.dir/int16.c.o -c /root/workspace/HPC_Machine_v5/build_opencv/CMakeFiles/CheckTypeSize/int16.c
/root/workspace/HPC_Machine_v5/build_opencv/CMakeFiles/CheckTypeSize/int16.c:27:22: error: 'INT16' undeclared here (not in a function); did you mean 'INT16_C'?
   27 | #define SIZE (sizeof(INT16))
      |                      ^~~~~
/root/workspace/HPC_Machine_v5/build_opencv/CMakeFiles/CheckTypeSize/int16.c:29:12: note: in expansion of macro 'SIZE'
   29 |   ('0' + ((SIZE / 10000)%10)),
      |            ^~~~
gmake[1]: *** [CMakeFiles/cmTC_3bdeb.dir/build.make:78: CMakeFiles/cmTC_3bdeb.dir/int16.c.o] Error 1
gmake[1]: Leaving directory '/root/workspace/HPC_Machine_v5/build_opencv/CMakeFiles/CMakeTmp'
gmake: *** [Makefile:127: cmTC_3bdeb/fast] Error 2


/root/workspace/HPC_Machine_v5/build_opencv/CMakeFiles/CheckTypeSize/int16.c:
#include <sys/types.h>
#include <stdint.h>
#include <stddef.h>


#undef KEY
#if defined(__i386)
# define KEY '_','_','i','3','8','6'
#elif defined(__x86_64)
# define KEY '_','_','x','8','6','_','6','4'
#elif defined(__PPC64__)
# define KEY '_','_','P','P','C','6','4','_','_'
#elif defined(__ppc64__)
# define KEY '_','_','p','p','c','6','4','_','_'
#elif defined(__PPC__)
# define KEY '_','_','P','P','C','_','_'
#elif defined(__ppc__)
# define KEY '_','_','p','p','c','_','_'
#elif defined(__aarch64__)
# define KEY '_','_','a','a','r','c','h','6','4','_','_'
#elif defined(__ARM_ARCH_7A__)
# define KEY '_','_','A','R','M','_','A','R','C','H','_','7','A','_','_'
#elif defined(__ARM_ARCH_7S__)
# define KEY '_','_','A','R','M','_','A','R','C','H','_','7','S','_','_'
#endif

#define SIZE (sizeof(INT16))
static char info_size[] =  {'I', 'N', 'F', 'O', ':', 's','i','z','e','[',
  ('0' + ((SIZE / 10000)%10)),
  ('0' + ((SIZE / 1000)%10)),
  ('0' + ((SIZE / 100)%10)),
  ('0' + ((SIZE / 10)%10)),
  ('0' +  (SIZE    % 10)),
  ']',
#ifdef KEY
  ' ','k','e','y','[', KEY, ']',
#endif
  '\0'};

#ifdef __CLASSIC_C__
int main(argc, argv) int argc; char *argv[];
#else
int main(int argc, char *argv[])
#endif
{
  int require = 0;
  require += info_size[argc];
  (void)argv;
  return require;
}


Determining size of INT32 failed with the following output:
Change Dir: /root/workspace/HPC_Machine_v5/build_opencv/CMakeFiles/CMakeTmp

Run Build Command(s):/usr/bin/gmake -f Makefile cmTC_db458/fast && /usr/bin/gmake  -f CMakeFiles/cmTC_db458.dir/build.make CMakeFiles/cmTC_db458.dir/build
gmake[1]: Entering directory '/root/workspace/HPC_Machine_v5/build_opencv/CMakeFiles/CMakeTmp'
Building C object CMakeFiles/cmTC_db458.dir/int32.c.o
/opt/cross-pi-gcc-12.2.0-64/bin/aarch64-linux-gnu-gcc   -fsigned-char -W -Wall -Wreturn-type -Waddress -Wsequence-point -Wformat -Wformat-security -Wmissing-declarations -Wmissing-prototypes -Wstrict-prototypes -Wundef -Winit-self -Wpointer-arith -Wshadow -Wuninitialized -Wno-comment -Wimplicit-fallthrough=3 -Wno-strict-overflow -fdiagnostics-show-option -pthread -fomit-frame-pointer -ffunction-sections -fdata-sections    -fvisibility=hidden  -O3 -DNDEBUG  -DNDEBUG -fPIE -o CMakeFiles/cmTC_db458.dir/int32.c.o -c /root/workspace/HPC_Machine_v5/build_opencv/CMakeFiles/CheckTypeSize/int32.c
/root/workspace/HPC_Machine_v5/build_opencv/CMakeFiles/CheckTypeSize/int32.c:27:22: error: 'INT32' undeclared here (not in a function); did you mean 'INT32_C'?
   27 | #define SIZE (sizeof(INT32))
      |                      ^~~~~
/root/workspace/HPC_Machine_v5/build_opencv/CMakeFiles/CheckTypeSize/int32.c:29:12: note: in expansion of macro 'SIZE'
   29 |   ('0' + ((SIZE / 10000)%10)),
      |            ^~~~
gmake[1]: *** [CMakeFiles/cmTC_db458.dir/build.make:78: CMakeFiles/cmTC_db458.dir/int32.c.o] Error 1
gmake[1]: Leaving directory '/root/workspace/HPC_Machine_v5/build_opencv/CMakeFiles/CMakeTmp'
gmake: *** [Makefile:127: cmTC_db458/fast] Error 2


/root/workspace/HPC_Machine_v5/build_opencv/CMakeFiles/CheckTypeSize/int32.c:
#include <sys/types.h>
#include <stdint.h>
#include <stddef.h>


#undef KEY
#if defined(__i386)
# define KEY '_','_','i','3','8','6'
#elif defined(__x86_64)
# define KEY '_','_','x','8','6','_','6','4'
#elif defined(__PPC64__)
# define KEY '_','_','P','P','C','6','4','_','_'
#elif defined(__ppc64__)
# define KEY '_','_','p','p','c','6','4','_','_'
#elif defined(__PPC__)
# define KEY '_','_','P','P','C','_','_'
#elif defined(__ppc__)
# define KEY '_','_','p','p','c','_','_'
#elif defined(__aarch64__)
# define KEY '_','_','a','a','r','c','h','6','4','_','_'
#elif defined(__ARM_ARCH_7A__)
# define KEY '_','_','A','R','M','_','A','R','C','H','_','7','A','_','_'
#elif defined(__ARM_ARCH_7S__)
# define KEY '_','_','A','R','M','_','A','R','C','H','_','7','S','_','_'
#endif

#define SIZE (sizeof(INT32))
static char info_size[] =  {'I', 'N', 'F', 'O', ':', 's','i','z','e','[',
  ('0' + ((SIZE / 10000)%10)),
  ('0' + ((SIZE / 1000)%10)),
  ('0' + ((SIZE / 100)%10)),
  ('0' + ((SIZE / 10)%10)),
  ('0' +  (SIZE    % 10)),
  ']',
#ifdef KEY
  ' ','k','e','y','[', KEY, ']',
#endif
  '\0'};

#ifdef __CLASSIC_C__
int main(argc, argv) int argc; char *argv[];
#else
int main(int argc, char *argv[])
#endif
{
  int require = 0;
  require += info_size[argc];
  (void)argv;
  return require;
}


Determining if the function setmode exists failed with the following output:
Change Dir: /root/workspace/HPC_Machine_v5/build_opencv/CMakeFiles/CMakeTmp

Run Build Command(s):/usr/bin/gmake -f Makefile cmTC_84088/fast && /usr/bin/gmake  -f CMakeFiles/cmTC_84088.dir/build.make CMakeFiles/cmTC_84088.dir/build
gmake[1]: Entering directory '/root/workspace/HPC_Machine_v5/build_opencv/CMakeFiles/CMakeTmp'
Building C object CMakeFiles/cmTC_84088.dir/CheckFunctionExists.c.o
/opt/cross-pi-gcc-12.2.0-64/bin/aarch64-linux-gnu-gcc   -fsigned-char -W -Wall -Wreturn-type -Waddress -Wsequence-point -Wformat -Wformat-security -Wmissing-declarations -Wmissing-prototypes -Wstrict-prototypes -Wundef -Winit-self -Wpointer-arith -Wshadow -Wuninitialized -Wno-comment -Wimplicit-fallthrough=3 -Wno-strict-overflow -fdiagnostics-show-option -pthread -fomit-frame-pointer -ffunction-sections -fdata-sections    -fvisibility=hidden -DCHECK_FUNCTION_EXISTS=setmode -O3 -DNDEBUG  -DNDEBUG -fPIE -o CMakeFiles/cmTC_84088.dir/CheckFunctionExists.c.o -c /usr/share/cmake-3.22/Modules/CheckFunctionExists.c
Linking C executable cmTC_84088
/usr/bin/cmake -E cmake_link_script CMakeFiles/cmTC_84088.dir/link.txt --verbose=1
/opt/cross-pi-gcc-12.2.0-64/bin/aarch64-linux-gnu-gcc    -fsigned-char -W -Wall -Wreturn-type -Waddress -Wsequence-point -Wformat -Wformat-security -Wmissing-declarations -Wmissing-prototypes -Wstrict-prototypes -Wundef -Winit-self -Wpointer-arith -Wshadow -Wuninitialized -Wno-comment -Wimplicit-fallthrough=3 -Wno-strict-overflow -fdiagnostics-show-option -pthread -fomit-frame-pointer -ffunction-sections -fdata-sections    -fvisibility=hidden -DCHECK_FUNCTION_EXISTS=setmode -O3 -DNDEBUG  -DNDEBUG   -Wl,--gc-sections -Wl,--as-needed -Wl,--no-undefined  CMakeFiles/cmTC_84088.dir/CheckFunctionExists.c.o -o cmTC_84088 
/opt/cross-pi-gcc-12.2.0-64/bin/../lib/gcc/aarch64-linux-gnu/12.2.0/../../../../aarch64-linux-gnu/bin/ld: CMakeFiles/cmTC_84088.dir/CheckFunctionExists.c.o: in function `main':
CheckFunctionExists.c:(.text.startup.main+0x10): undefined reference to `setmode'
collect2: error: ld returned 1 exit status
gmake[1]: *** [CMakeFiles/cmTC_84088.dir/build.make:99: cmTC_84088] Error 1
gmake[1]: Leaving directory '/root/workspace/HPC_Machine_v5/build_opencv/CMakeFiles/CMakeTmp'
gmake: *** [Makefile:127: cmTC_84088/fast] Error 2



Build output check failed:
    Regex: 'command[- ]line option .* is valid for .* but not for C\+\+'
    Output line: 'cc1plus: warning: command-line option '-Wno-missing-prototypes' is valid for C/ObjC but not for C++'
Compilation failed:
    source file: '/root/workspace/HPC_Machine_v5/build_opencv/CMakeFiles/CMakeTmp/src.cxx'
    check option: ' -Wno-missing-prototypes'
===== BUILD LOG =====
Change Dir: /root/workspace/HPC_Machine_v5/build_opencv/CMakeFiles/CMakeTmp

Run Build Command(s):/usr/bin/gmake -f Makefile cmTC_66a37/fast && /usr/bin/gmake  -f CMakeFiles/cmTC_66a37.dir/build.make CMakeFiles/cmTC_66a37.dir/build
gmake[1]: Entering directory '/root/workspace/HPC_Machine_v5/build_opencv/CMakeFiles/CMakeTmp'
Building CXX object CMakeFiles/cmTC_66a37.dir/src.cxx.o
/opt/cross-pi-gcc-12.2.0-64/bin/aarch64-linux-gnu-g++   -fsigned-char -W -Wall -Wreturn-type -Wnon-virtual-dtor -Waddress -Wsequence-point -Wformat -Wformat-security -Wundef -Winit-self -Wpointer-arith -Wshadow -Wsign-promo -Wuninitialized -Wsuggest-override -Wno-delete-non-virtual-dtor -Wno-comment -Wimplicit-fallthrough=3 -Wno-strict-overflow -fdiagnostics-show-option -pthread -fomit-frame-pointer -ffunction-sections -fdata-sections    -fvisibility=hidden -fvisibility-inlines-hidden -Wno-missing-declarations -Wno-unused-parameter  -O3 -DNDEBUG  -DNDEBUG -fPIE    -Wno-missing-prototypes -std=c++11 -o CMakeFiles/cmTC_66a37.dir/src.cxx.o -c /root/workspace/HPC_Machine_v5/build_opencv/CMakeFiles/CMakeTmp/src.cxx
cc1plus: warning: command-line option '-Wno-missing-prototypes' is valid for C/ObjC but not for C++
/root/workspace/HPC_Machine_v5/build_opencv/CMakeFiles/CMakeTmp/src.cxx:1: warning: ignoring '#pragma  ' [-Wunknown-pragmas]
    1 | #pragma
      | 
Linking CXX executable cmTC_66a37
/usr/bin/cmake -E cmake_link_script CMakeFiles/cmTC_66a37.dir/link.txt --verbose=1
/opt/cross-pi-gcc-12.2.0-64/bin/aarch64-linux-gnu-g++    -fsigned-char -W -Wall -Wreturn-type -Wnon-virtual-dtor -Waddress -Wsequence-point -Wformat -Wformat-security -Wundef -Winit-self -Wpointer-arith -Wshadow -Wsign-promo -Wuninitialized -Wsuggest-override -Wno-delete-non-virtual-dtor -Wno-comment -Wimplicit-fallthrough=3 -Wno-strict-overflow -fdiagnostics-show-option -pthread -fomit-frame-pointer -ffunction-sections -fdata-sections    -fvisibility=hidden -fvisibility-inlines-hidden -Wno-missing-declarations -Wno-unused-parameter  -O3 -DNDEBUG  -DNDEBUG   -Wl,--gc-sections -Wl,--as-needed -Wl,--no-undefined  CMakeFiles/cmTC_66a37.dir/src.cxx.o -o cmTC_66a37 
gmake[1]: Leaving directory '/root/workspace/HPC_Machine_v5/build_opencv/CMakeFiles/CMakeTmp'


===== END =====

Build output check failed:
    Regex: 'unrecognized .*option'
    Output line: 'cc1: note: unrecognized command-line option '-Wno-implicit-const-int-float-conversion' may have been intended to silence earlier diagnostics'
Compilation failed:
    source file: '/root/workspace/HPC_Machine_v5/build_opencv/CMakeFiles/CMakeTmp/src.c'
    check option: ' -Wno-implicit-const-int-float-conversion'
===== BUILD LOG =====
Change Dir: /root/workspace/HPC_Machine_v5/build_opencv/CMakeFiles/CMakeTmp

Run Build Command(s):/usr/bin/gmake -f Makefile cmTC_b7582/fast && /usr/bin/gmake  -f CMakeFiles/cmTC_b7582.dir/build.make CMakeFiles/cmTC_b7582.dir/build
gmake[1]: Entering directory '/root/workspace/HPC_Machine_v5/build_opencv/CMakeFiles/CMakeTmp'
Building C object CMakeFiles/cmTC_b7582.dir/src.c.o
/opt/cross-pi-gcc-12.2.0-64/bin/aarch64-linux-gnu-gcc   -fsigned-char -W -Wall -Wreturn-type -Waddress -Wsequence-point -Wformat -Wformat-security -Wmissing-declarations -Wmissing-prototypes -Wstrict-prototypes -Wundef -Winit-self -Wpointer-arith -Wshadow -Wuninitialized -Wno-comment -Wimplicit-fallthrough=3 -Wno-strict-overflow -fdiagnostics-show-option -pthread -fomit-frame-pointer -ffunction-sections -fdata-sections    -fvisibility=hidden  -O3 -DNDEBUG  -DNDEBUG -fPIE    -Wno-implicit-const-int-float-conversion -o CMakeFiles/cmTC_b7582.dir/src.c.o -c /root/workspace/HPC_Machine_v5/build_opencv/CMakeFiles/CMakeTmp/src.c
/root/workspace/HPC_Machine_v5/build_opencv/CMakeFiles/CMakeTmp/src.c:1: warning: ignoring '#pragma  ' [-Wunknown-pragmas]
    1 | #pragma
      | 
cc1: note: unrecognized command-line option '-Wno-implicit-const-int-float-conversion' may have been intended to silence earlier diagnostics
Linking C executable cmTC_b7582
/usr/bin/cmake -E cmake_link_script CMakeFiles/cmTC_b7582.dir/link.txt --verbose=1
/opt/cross-pi-gcc-12.2.0-64/bin/aarch64-linux-gnu-gcc    -fsigned-char -W -Wall -Wreturn-type -Waddress -Wsequence-point -Wformat -Wformat-security -Wmissing-declarations -Wmissing-prototypes -Wstrict-prototypes -Wundef -Winit-self -Wpointer-arith -Wshadow -Wuninitialized -Wno-comment -Wimplicit-fallthrough=3 -Wno-strict-overflow -fdiagnostics-show-option -pthread -fomit-frame-pointer -ffunction-sections -fdata-sections    -fvisibility=hidden  -O3 -DNDEBUG  -DNDEBUG   -Wl,--gc-sections -Wl,--as-needed -Wl,--no-undefined  CMakeFiles/cmTC_b7582.dir/src.c.o -o cmTC_b7582 
gmake[1]: Leaving directory '/root/workspace/HPC_Machine_v5/build_opencv/CMakeFiles/CMakeTmp'


===== END =====

Determining if the _aligned_malloc exist failed with the following output:
Change Dir: /root/workspace/HPC_Machine_v5/build_opencv/CMakeFiles/CMakeTmp

Run Build Command(s):/usr/bin/gmake -f Makefile cmTC_177a7/fast && /usr/bin/gmake  -f CMakeFiles/cmTC_177a7.dir/build.make CMakeFiles/cmTC_177a7.dir/build
gmake[1]: Entering directory '/root/workspace/HPC_Machine_v5/build_opencv/CMakeFiles/CMakeTmp'
Building C object CMakeFiles/cmTC_177a7.dir/CheckSymbolExists.c.o
/opt/cross-pi-gcc-12.2.0-64/bin/aarch64-linux-gnu-gcc   -fsigned-char -W -Wall -Wreturn-type -Waddress -Wsequence-point -Wformat -Wformat-security -Wstrict-prototypes -Wundef -Winit-self -Wpointer-arith -Wshadow -Wuninitialized -Wno-comment -Wimplicit-fallthrough=3 -Wno-strict-overflow -fdiagnostics-show-option -pthread -fomit-frame-pointer -ffunction-sections -fdata-sections    -fvisibility=hidden -Wno-unused-but-set-variable -Wno-missing-prototypes -Wno-missing-declarations  -O3 -DNDEBUG  -DNDEBUG -fPIE -o CMakeFiles/cmTC_177a7.dir/CheckSymbolExists.c.o -c /root/workspace/HPC_Machine_v5/build_opencv/CMakeFiles/CMakeTmp/CheckSymbolExists.c
/root/workspace/HPC_Machine_v5/build_opencv/CMakeFiles/CMakeTmp/CheckSymbolExists.c: In function 'main':
/root/workspace/HPC_Machine_v5/build_opencv/CMakeFiles/CMakeTmp/CheckSymbolExists.c:8:19: error: '_aligned_malloc' undeclared (first use in this function)
    8 |   return ((int*)(&_aligned_malloc))[argc];
      |                   ^~~~~~~~~~~~~~~
/root/workspace/HPC_Machine_v5/build_opencv/CMakeFiles/CMakeTmp/CheckSymbolExists.c:8:19: note: each undeclared identifier is reported only once for each function it appears in
/root/workspace/HPC_Machine_v5/build_opencv/CMakeFiles/CMakeTmp/CheckSymbolExists.c:4:14: warning: parameter 'argc' set but not used [-Wunused-but-set-parameter]
    4 | int main(int argc, char** argv)
      |          ~~~~^~~~
gmake[1]: *** [CMakeFiles/cmTC_177a7.dir/build.make:78: CMakeFiles/cmTC_177a7.dir/CheckSymbolExists.c.o] Error 1
gmake[1]: Leaving directory '/root/workspace/HPC_Machine_v5/build_opencv/CMakeFiles/CMakeTmp'
gmake: *** [Makefile:127: cmTC_177a7/fast] Error 2


File /root/workspace/HPC_Machine_v5/build_opencv/CMakeFiles/CMakeTmp/CheckSymbolExists.c:
/* */
#include <malloc.h>

int main(int argc, char** argv)
{
  (void)argv;
#ifndef _aligned_malloc
  return ((int*)(&_aligned_malloc))[argc];
#else
  (void)argc;
  return 0;
#endif
}
Build output check failed:
    Regex: 'unrecognized .*option'
    Output line: 'cc1: note: unrecognized command-line option '-Wno-null-pointer-subtraction' may have been intended to silence earlier diagnostics'
Compilation failed:
    source file: '/root/workspace/HPC_Machine_v5/build_opencv/CMakeFiles/CMakeTmp/src.c'
    check option: ' -Wno-null-pointer-subtraction'
===== BUILD LOG =====
Change Dir: /root/workspace/HPC_Machine_v5/build_opencv/CMakeFiles/CMakeTmp

Run Build Command(s):/usr/bin/gmake -f Makefile cmTC_2a583/fast && /usr/bin/gmake  -f CMakeFiles/cmTC_2a583.dir/build.make CMakeFiles/cmTC_2a583.dir/build
gmake[1]: Entering directory '/root/workspace/HPC_Machine_v5/build_opencv/CMakeFiles/CMakeTmp'
Building C object CMakeFiles/cmTC_2a583.dir/src.c.o
/opt/cross-pi-gcc-12.2.0-64/bin/aarch64-linux-gnu-gcc   -fsigned-char -W -Wall -Wreturn-type -Waddress -Wsequence-point -Wformat -Wformat-security -Wmissing-declarations -Wmissing-prototypes -Wstrict-prototypes -Winit-self -Wpointer-arith -Wshadow -Wuninitialized -Wno-comment -Wno-strict-overflow -fdiagnostics-show-option -pthread -fomit-frame-pointer -ffunction-sections -fdata-sections    -fvisibility=hidden -Wno-undef -Wno-cast-align -Wno-implicit-fallthrough -Wno-unused-parameter -Wno-sign-compare -Wno-maybe-uninitialized  -O3 -DNDEBUG  -DNDEBUG -fPIE    -Wno-null-pointer-subtraction -o CMakeFiles/cmTC_2a583.dir/src.c.o -c /root/workspace/HPC_Machine_v5/build_opencv/CMakeFiles/CMakeTmp/src.c
/root/workspace/HPC_Machine_v5/build_opencv/CMakeFiles/CMakeTmp/src.c:1: warning: ignoring '#pragma  ' [-Wunknown-pragmas]
    1 | #pragma
      | 
cc1: note: unrecognized command-line option '-Wno-null-pointer-subtraction' may have been intended to silence earlier diagnostics
Linking C executable cmTC_2a583
/usr/bin/cmake -E cmake_link_script CMakeFiles/cmTC_2a583.dir/link.txt --verbose=1
/opt/cross-pi-gcc-12.2.0-64/bin/aarch64-linux-gnu-gcc    -fsigned-char -W -Wall -Wreturn-type -Waddress -Wsequence-point -Wformat -Wformat-security -Wmissing-declarations -Wmissing-prototypes -Wstrict-prototypes -Winit-self -Wpointer-arith -Wshadow -Wuninitialized -Wno-comment -Wno-strict-overflow -fdiagnostics-show-option -pthread -fomit-frame-pointer -ffunction-sections -fdata-sections    -fvisibility=hidden -Wno-undef -Wno-cast-align -Wno-implicit-fallthrough -Wno-unused-parameter -Wno-sign-compare -Wno-maybe-uninitialized  -O3 -DNDEBUG  -DNDEBUG   -Wl,--gc-sections -Wl,--as-needed -Wl,--no-undefined  CMakeFiles/cmTC_2a583.dir/src.c.o -o cmTC_2a583 
gmake[1]: Leaving directory '/root/workspace/HPC_Machine_v5/build_opencv/CMakeFiles/CMakeTmp'


===== END =====

Determining if the function sgemm_ exists failed with the following output:
Change Dir: /root/workspace/HPC_Machine_v5/build_opencv/CMakeFiles/CMakeTmp

Run Build Command(s):/usr/bin/gmake -f Makefile cmTC_fb862/fast && /usr/bin/gmake  -f CMakeFiles/cmTC_fb862.dir/build.make CMakeFiles/cmTC_fb862.dir/build
gmake[1]: Entering directory '/root/workspace/HPC_Machine_v5/build_opencv/CMakeFiles/CMakeTmp'
Building C object CMakeFiles/cmTC_fb862.dir/CheckFunctionExists.c.o
/opt/cross-pi-gcc-12.2.0-64/bin/aarch64-linux-gnu-gcc   -fsigned-char -W -Wall -Wreturn-type -Waddress -Wsequence-point -Wformat -Wformat-security -Wmissing-declarations -Wmissing-prototypes -Wstrict-prototypes -Wundef -Winit-self -Wpointer-arith -Wshadow -Wuninitialized -Wno-comment -Wimplicit-fallthrough=3 -Wno-strict-overflow -fdiagnostics-show-option -pthread -fomit-frame-pointer -ffunction-sections -fdata-sections    -fvisibility=hidden -DCHECK_FUNCTION_EXISTS=sgemm_ -O3 -DNDEBUG  -DNDEBUG -fPIE -o CMakeFiles/cmTC_fb862.dir/CheckFunctionExists.c.o -c /usr/share/cmake-3.22/Modules/CheckFunctionExists.c
Linking C executable cmTC_fb862
/usr/bin/cmake -E cmake_link_script CMakeFiles/cmTC_fb862.dir/link.txt --verbose=1
/opt/cross-pi-gcc-12.2.0-64/bin/aarch64-linux-gnu-gcc    -fsigned-char -W -Wall -Wreturn-type -Waddress -Wsequence-point -Wformat -Wformat-security -Wmissing-declarations -Wmissing-prototypes -Wstrict-prototypes -Wundef -Winit-self -Wpointer-arith -Wshadow -Wuninitialized -Wno-comment -Wimplicit-fallthrough=3 -Wno-strict-overflow -fdiagnostics-show-option -pthread -fomit-frame-pointer -ffunction-sections -fdata-sections    -fvisibility=hidden -DCHECK_FUNCTION_EXISTS=sgemm_ -O3 -DNDEBUG  -DNDEBUG   -Wl,--gc-sections -Wl,--as-needed -Wl,--no-undefined  CMakeFiles/cmTC_fb862.dir/CheckFunctionExists.c.o -o cmTC_fb862 
/opt/cross-pi-gcc-12.2.0-64/bin/../lib/gcc/aarch64-linux-gnu/12.2.0/../../../../aarch64-linux-gnu/bin/ld: CMakeFiles/cmTC_fb862.dir/CheckFunctionExists.c.o: in function `main':
CheckFunctionExists.c:(.text.startup.main+0x10): undefined reference to `sgemm_'
collect2: error: ld returned 1 exit status
gmake[1]: *** [CMakeFiles/cmTC_fb862.dir/build.make:99: cmTC_fb862] Error 1
gmake[1]: Leaving directory '/root/workspace/HPC_Machine_v5/build_opencv/CMakeFiles/CMakeTmp'
gmake: *** [Makefile:127: cmTC_fb862/fast] Error 2



Build output check failed:
    Regex: 'unrecognized .*option'
    Output line: 'cc1plus: note: unrecognized command-line option '-Wno-tautological-undefined-compare' may have been intended to silence earlier diagnostics'
Compilation failed:
    source file: '/root/workspace/HPC_Machine_v5/build_opencv/CMakeFiles/CMakeTmp/src.cxx'
    check option: ' -Wno-tautological-undefined-compare'
===== BUILD LOG =====
Change Dir: /root/workspace/HPC_Machine_v5/build_opencv/CMakeFiles/CMakeTmp

Run Build Command(s):/usr/bin/gmake -f Makefile cmTC_e024b/fast && /usr/bin/gmake  -f CMakeFiles/cmTC_e024b.dir/build.make CMakeFiles/cmTC_e024b.dir/build
gmake[1]: Entering directory '/root/workspace/HPC_Machine_v5/build_opencv/CMakeFiles/CMakeTmp'
Building CXX object CMakeFiles/cmTC_e024b.dir/src.cxx.o
/opt/cross-pi-gcc-12.2.0-64/bin/aarch64-linux-gnu-g++   -fsigned-char -W -Wall -Wreturn-type -Wnon-virtual-dtor -Waddress -Wsequence-point -Wformat -Wformat-security -Winit-self -Wpointer-arith -Wuninitialized -Wsuggest-override -Wno-delete-non-virtual-dtor -Wno-comment -Wimplicit-fallthrough=3 -Wno-strict-overflow -fdiagnostics-show-option -pthread -fomit-frame-pointer -ffunction-sections -fdata-sections    -fvisibility=hidden -fvisibility-inlines-hidden -Wno-deprecated -Wno-missing-declarations -Wno-shadow -Wno-unused-parameter -Wno-unused-local-typedefs -Wno-sign-compare -Wno-sign-promo -Wno-undef  -O3 -DNDEBUG  -DNDEBUG -fPIE    -Wno-tautological-undefined-compare -std=c++11 -o CMakeFiles/cmTC_e024b.dir/src.cxx.o -c /root/workspace/HPC_Machine_v5/build_opencv/CMakeFiles/CMakeTmp/src.cxx
/root/workspace/HPC_Machine_v5/build_opencv/CMakeFiles/CMakeTmp/src.cxx:1: warning: ignoring '#pragma  ' [-Wunknown-pragmas]
    1 | #pragma
      | 
cc1plus: note: unrecognized command-line option '-Wno-tautological-undefined-compare' may have been intended to silence earlier diagnostics
Linking CXX executable cmTC_e024b
/usr/bin/cmake -E cmake_link_script CMakeFiles/cmTC_e024b.dir/link.txt --verbose=1
/opt/cross-pi-gcc-12.2.0-64/bin/aarch64-linux-gnu-g++    -fsigned-char -W -Wall -Wreturn-type -Wnon-virtual-dtor -Waddress -Wsequence-point -Wformat -Wformat-security -Winit-self -Wpointer-arith -Wuninitialized -Wsuggest-override -Wno-delete-non-virtual-dtor -Wno-comment -Wimplicit-fallthrough=3 -Wno-strict-overflow -fdiagnostics-show-option -pthread -fomit-frame-pointer -ffunction-sections -fdata-sections    -fvisibility=hidden -fvisibility-inlines-hidden -Wno-deprecated -Wno-missing-declarations -Wno-shadow -Wno-unused-parameter -Wno-unused-local-typedefs -Wno-sign-compare -Wno-sign-promo -Wno-undef  -O3 -DNDEBUG  -DNDEBUG   -Wl,--gc-sections -Wl,--as-needed -Wl,--no-undefined  CMakeFiles/cmTC_e024b.dir/src.cxx.o -o cmTC_e024b 
gmake[1]: Leaving directory '/root/workspace/HPC_Machine_v5/build_opencv/CMakeFiles/CMakeTmp'


===== END =====

Build output check failed:
    Regex: 'unrecognized .*option'
    Output line: 'cc1plus: note: unrecognized command-line option '-Wno-shorten-64-to-32' may have been intended to silence earlier diagnostics'
Compilation failed:
    source file: '/root/workspace/HPC_Machine_v5/build_opencv/CMakeFiles/CMakeTmp/src.cxx'
    check option: ' -Wno-shorten-64-to-32'
===== BUILD LOG =====
Change Dir: /root/workspace/HPC_Machine_v5/build_opencv/CMakeFiles/CMakeTmp

Run Build Command(s):/usr/bin/gmake -f Makefile cmTC_94688/fast && /usr/bin/gmake  -f CMakeFiles/cmTC_94688.dir/build.make CMakeFiles/cmTC_94688.dir/build
gmake[1]: Entering directory '/root/workspace/HPC_Machine_v5/build_opencv/CMakeFiles/CMakeTmp'
Building CXX object CMakeFiles/cmTC_94688.dir/src.cxx.o
/opt/cross-pi-gcc-12.2.0-64/bin/aarch64-linux-gnu-g++   -fsigned-char -W -Wall -Wreturn-type -Wnon-virtual-dtor -Waddress -Wsequence-point -Wformat -Wformat-security -Winit-self -Wpointer-arith -Wuninitialized -Wsuggest-override -Wno-delete-non-virtual-dtor -Wno-comment -Wimplicit-fallthrough=3 -Wno-strict-overflow -fdiagnostics-show-option -pthread -fomit-frame-pointer -ffunction-sections -fdata-sections    -fvisibility=hidden -fvisibility-inlines-hidden -Wno-deprecated -Wno-missing-declarations -Wno-shadow -Wno-unused-parameter -Wno-unused-local-typedefs -Wno-sign-compare -Wno-sign-promo -Wno-undef -Wno-ignored-qualifiers -Wno-extra -Wno-unused-function -Wno-unused-const-variable  -O3 -DNDEBUG  -DNDEBUG -fPIE    -Wno-shorten-64-to-32 -std=c++11 -o CMakeFiles/cmTC_94688.dir/src.cxx.o -c /root/workspace/HPC_Machine_v5/build_opencv/CMakeFiles/CMakeTmp/src.cxx
/root/workspace/HPC_Machine_v5/build_opencv/CMakeFiles/CMakeTmp/src.cxx:1: warning: ignoring '#pragma  ' [-Wunknown-pragmas]
    1 | #pragma
      | 
cc1plus: note: unrecognized command-line option '-Wno-shorten-64-to-32' may have been intended to silence earlier diagnostics
Linking CXX executable cmTC_94688
/usr/bin/cmake -E cmake_link_script CMakeFiles/cmTC_94688.dir/link.txt --verbose=1
/opt/cross-pi-gcc-12.2.0-64/bin/aarch64-linux-gnu-g++    -fsigned-char -W -Wall -Wreturn-type -Wnon-virtual-dtor -Waddress -Wsequence-point -Wformat -Wformat-security -Winit-self -Wpointer-arith -Wuninitialized -Wsuggest-override -Wno-delete-non-virtual-dtor -Wno-comment -Wimplicit-fallthrough=3 -Wno-strict-overflow -fdiagnostics-show-option -pthread -fomit-frame-pointer -ffunction-sections -fdata-sections    -fvisibility=hidden -fvisibility-inlines-hidden -Wno-deprecated -Wno-missing-declarations -Wno-shadow -Wno-unused-parameter -Wno-unused-local-typedefs -Wno-sign-compare -Wno-sign-promo -Wno-undef -Wno-ignored-qualifiers -Wno-extra -Wno-unused-function -Wno-unused-const-variable  -O3 -DNDEBUG  -DNDEBUG   -Wl,--gc-sections -Wl,--as-needed -Wl,--no-undefined  CMakeFiles/cmTC_94688.dir/src.cxx.o -o cmTC_94688 
gmake[1]: Leaving directory '/root/workspace/HPC_Machine_v5/build_opencv/CMakeFiles/CMakeTmp'


===== END =====

Build output check failed:
    Regex: 'unrecognized .*option'
    Output line: 'cc1plus: note: unrecognized command-line option '-Wno-enum-compare-switch' may have been intended to silence earlier diagnostics'
Compilation failed:
    source file: '/root/workspace/HPC_Machine_v5/build_opencv/CMakeFiles/CMakeTmp/src.cxx'
    check option: ' -Wno-enum-compare-switch'
===== BUILD LOG =====
Change Dir: /root/workspace/HPC_Machine_v5/build_opencv/CMakeFiles/CMakeTmp

Run Build Command(s):/usr/bin/gmake -f Makefile cmTC_dc0ea/fast && /usr/bin/gmake  -f CMakeFiles/cmTC_dc0ea.dir/build.make CMakeFiles/cmTC_dc0ea.dir/build
gmake[1]: Entering directory '/root/workspace/HPC_Machine_v5/build_opencv/CMakeFiles/CMakeTmp'
Building CXX object CMakeFiles/cmTC_dc0ea.dir/src.cxx.o
/opt/cross-pi-gcc-12.2.0-64/bin/aarch64-linux-gnu-g++   -fsigned-char -W -Wall -Wreturn-type -Wnon-virtual-dtor -Waddress -Wsequence-point -Wformat -Wformat-security -Winit-self -Wpointer-arith -Wuninitialized -Wsuggest-override -Wno-delete-non-virtual-dtor -Wno-comment -Wimplicit-fallthrough=3 -Wno-strict-overflow -fdiagnostics-show-option -pthread -fomit-frame-pointer -ffunction-sections -fdata-sections    -fvisibility=hidden -fvisibility-inlines-hidden -Wno-deprecated -Wno-missing-declarations -Wno-shadow -Wno-unused-parameter -Wno-unused-local-typedefs -Wno-sign-compare -Wno-sign-promo -Wno-undef -Wno-ignored-qualifiers -Wno-extra -Wno-unused-function -Wno-unused-const-variable -Wno-invalid-offsetof  -O3 -DNDEBUG  -DNDEBUG -fPIE    -Wno-enum-compare-switch -std=c++11 -o CMakeFiles/cmTC_dc0ea.dir/src.cxx.o -c /root/workspace/HPC_Machine_v5/build_opencv/CMakeFiles/CMakeTmp/src.cxx
/root/workspace/HPC_Machine_v5/build_opencv/CMakeFiles/CMakeTmp/src.cxx:1: warning: ignoring '#pragma  ' [-Wunknown-pragmas]
    1 | #pragma
      | 
cc1plus: note: unrecognized command-line option '-Wno-enum-compare-switch' may have been intended to silence earlier diagnostics
Linking CXX executable cmTC_dc0ea
/usr/bin/cmake -E cmake_link_script CMakeFiles/cmTC_dc0ea.dir/link.txt --verbose=1
/opt/cross-pi-gcc-12.2.0-64/bin/aarch64-linux-gnu-g++    -fsigned-char -W -Wall -Wreturn-type -Wnon-virtual-dtor -Waddress -Wsequence-point -Wformat -Wformat-security -Winit-self -Wpointer-arith -Wuninitialized -Wsuggest-override -Wno-delete-non-virtual-dtor -Wno-comment -Wimplicit-fallthrough=3 -Wno-strict-overflow -fdiagnostics-show-option -pthread -fomit-frame-pointer -ffunction-sections -fdata-sections    -fvisibility=hidden -fvisibility-inlines-hidden -Wno-deprecated -Wno-missing-declarations -Wno-shadow -Wno-unused-parameter -Wno-unused-local-typedefs -Wno-sign-compare -Wno-sign-promo -Wno-undef -Wno-ignored-qualifiers -Wno-extra -Wno-unused-function -Wno-unused-const-variable -Wno-invalid-offsetof  -O3 -DNDEBUG  -DNDEBUG   -Wl,--gc-sections -Wl,--as-needed -Wl,--no-undefined  CMakeFiles/cmTC_dc0ea.dir/src.cxx.o -o cmTC_dc0ea 
gmake[1]: Leaving directory '/root/workspace/HPC_Machine_v5/build_opencv/CMakeFiles/CMakeTmp'


===== END =====

Build output check failed:
    Regex: 'unrecognized .*option'
    Output line: 'cc1plus: note: unrecognized command-line option '-Wno-inconsistent-missing-override' may have been intended to silence earlier diagnostics'
Compilation failed:
    source file: '/root/workspace/HPC_Machine_v5/build_opencv/CMakeFiles/CMakeTmp/src.cxx'
    check option: ' -Wno-inconsistent-missing-override'
===== BUILD LOG =====
Change Dir: /root/workspace/HPC_Machine_v5/build_opencv/CMakeFiles/CMakeTmp

Run Build Command(s):/usr/bin/gmake -f Makefile cmTC_d7564/fast && /usr/bin/gmake  -f CMakeFiles/cmTC_d7564.dir/build.make CMakeFiles/cmTC_d7564.dir/build
gmake[1]: Entering directory '/root/workspace/HPC_Machine_v5/build_opencv/CMakeFiles/CMakeTmp'
Building CXX object CMakeFiles/cmTC_d7564.dir/src.cxx.o
/opt/cross-pi-gcc-12.2.0-64/bin/aarch64-linux-gnu-g++   -fsigned-char -W -Wall -Wreturn-type -Wnon-virtual-dtor -Waddress -Wsequence-point -Wformat -Wformat-security -Winit-self -Wpointer-arith -Wuninitialized -Wno-delete-non-virtual-dtor -Wno-comment -Wimplicit-fallthrough=3 -Wno-strict-overflow -fdiagnostics-show-option -pthread -fomit-frame-pointer -ffunction-sections -fdata-sections    -fvisibility=hidden -fvisibility-inlines-hidden -Wno-deprecated -Wno-missing-declarations -Wno-shadow -Wno-unused-parameter -Wno-unused-local-typedefs -Wno-sign-compare -Wno-sign-promo -Wno-undef -Wno-ignored-qualifiers -Wno-extra -Wno-unused-function -Wno-unused-const-variable -Wno-invalid-offsetof -Wno-suggest-override  -O3 -DNDEBUG  -DNDEBUG -fPIE    -Wno-inconsistent-missing-override -std=c++11 -o CMakeFiles/cmTC_d7564.dir/src.cxx.o -c /root/workspace/HPC_Machine_v5/build_opencv/CMakeFiles/CMakeTmp/src.cxx
/root/workspace/HPC_Machine_v5/build_opencv/CMakeFiles/CMakeTmp/src.cxx:1: warning: ignoring '#pragma  ' [-Wunknown-pragmas]
    1 | #pragma
      | 
cc1plus: note: unrecognized command-line option '-Wno-inconsistent-missing-override' may have been intended to silence earlier diagnostics
Linking CXX executable cmTC_d7564
/usr/bin/cmake -E cmake_link_script CMakeFiles/cmTC_d7564.dir/link.txt --verbose=1
/opt/cross-pi-gcc-12.2.0-64/bin/aarch64-linux-gnu-g++    -fsigned-char -W -Wall -Wreturn-type -Wnon-virtual-dtor -Waddress -Wsequence-point -Wformat -Wformat-security -Winit-self -Wpointer-arith -Wuninitialized -Wno-delete-non-virtual-dtor -Wno-comment -Wimplicit-fallthrough=3 -Wno-strict-overflow -fdiagnostics-show-option -pthread -fomit-frame-pointer -ffunction-sections -fdata-sections    -fvisibility=hidden -fvisibility-inlines-hidden -Wno-deprecated -Wno-missing-declarations -Wno-shadow -Wno-unused-parameter -Wno-unused-local-typedefs -Wno-sign-compare -Wno-sign-promo -Wno-undef -Wno-ignored-qualifiers -Wno-extra -Wno-unused-function -Wno-unused-const-variable -Wno-invalid-offsetof -Wno-suggest-override  -O3 -DNDEBUG  -DNDEBUG   -Wl,--gc-sections -Wl,--as-needed -Wl,--no-undefined  CMakeFiles/cmTC_d7564.dir/src.cxx.o -o cmTC_d7564 
gmake[1]: Leaving directory '/root/workspace/HPC_Machine_v5/build_opencv/CMakeFiles/CMakeTmp'


===== END =====

