The target system is: Linux -  - aarch64
The host system is: Linux - 6.19.4-061904-generic - x86_64
Compiling the C compiler identification source file "CMakeCCompilerId.c" succeeded.
Compiler: /opt/cross-pi-gcc-12.2.0-64/bin/aarch64-linux-gnu-gcc 
Build flags: 
Id flags:  

The output was:
0


Compilation of the C compiler identification source "CMakeCCompilerId.c" produced "a.out"

The C compiler identification is GNU, found in "/root/workspace/build/CMakeFiles/3.22.1/CompilerIdC/a.out"

Compiling the CXX compiler identification source file "CMakeCXXCompilerId.cpp" succeeded.
Compiler: /opt/cross-pi-gcc-12.2.0-64/bin/aarch64-linux-gnu-g++ 
Build flags: 
Id flags:  

The output was:
0


Compilation of the CXX compiler identification source "CMakeCXXCompilerId.cpp" produced "a.out"

The CXX compiler identification is GNU, found in "/root/workspace/build/CMakeFiles/3.22.1/CompilerIdCXX/a.out"

Detecting C compiler ABI info compiled with the following output:
Change Dir: /root/workspace/build/CMakeFiles/CMakeTmp

Run Build Command(s):/usr/bin/gmake -f Makefile cmTC_3dc80/fast && /usr/bin/gmake  -f CMakeFiles/cmTC_3dc80.dir/build.make CMakeFiles/cmTC_3dc80.dir/build
gmake[1]: Entering directory '/root/workspace/build/CMakeFiles/CMakeTmp'
Building C object CMakeFiles/cmTC_3dc80.dir/CMakeCCompilerABI.c.o
/opt/cross-pi-gcc-12.2.0-64/bin/aarch64-linux-gnu-gcc   -v -o CMakeFiles/cmTC_3dc80.dir/CMakeCCompilerABI.c.o -c /usr/share/cmake-3.22/Modules/CMakeCCompilerABI.c
Using built-in specs.
COLLECT_GCC=/opt/cross-pi-gcc-12.2.0-64/bin/aarch64-linux-gnu-gcc
Target: aarch64-linux-gnu
Configured with: ../configure --prefix= --target=aarch64-linux-gnu --enable-languages=c,c++,fortran --with-sysroot=/aarch64-linux-gnu/libc --with-build-sysroot=/tmp/cross-pi-gcc-12.2.0-64/aarch64-linux-gnu/libc --with-arch=armv8-a+fp+simd --disable-multilib
Thread model: posix
Supported LTO compression algorithms: zlib
gcc version 12.2.0 (GCC) 
COLLECT_GCC_OPTIONS='-v' '-o' 'CMakeFiles/cmTC_3dc80.dir/CMakeCCompilerABI.c.o' '-c' '-march=armv8-a+fp+simd' '-mlittle-endian' '-mabi=lp64' '-dumpdir' 'CMakeFiles/cmTC_3dc80.dir/'
 /opt/cross-pi-gcc-12.2.0-64/bin/../libexec/gcc/aarch64-linux-gnu/12.2.0/cc1 -quiet -v -iprefix /opt/cross-pi-gcc-12.2.0-64/bin/../lib/gcc/aarch64-linux-gnu/12.2.0/ -isysroot /opt/cross-pi-gcc-12.2.0-64/bin/../aarch64-linux-gnu/libc /usr/share/cmake-3.22/Modules/CMakeCCompilerABI.c -quiet -dumpdir CMakeFiles/cmTC_3dc80.dir/ -dumpbase CMakeCCompilerABI.c.c -dumpbase-ext .c -march=armv8-a+fp+simd -mlittle-endian -mabi=lp64 -version -o /tmp/cchKibpw.s
GNU C17 (GCC) version 12.2.0 (aarch64-linux-gnu)
	compiled by GNU C version 9.4.0, GMP version 6.2.1, MPFR version 4.1.0, MPC version 1.2.1, isl version isl-0.24-GMP

GGC heuristics: --param ggc-min-expand=100 --param ggc-min-heapsize=131072
ignoring duplicate directory "/opt/cross-pi-gcc-12.2.0-64/bin/../lib/gcc/../../lib/gcc/aarch64-linux-gnu/12.2.0/include"
ignoring nonexistent directory "/opt/cross-pi-gcc-12.2.0-64/bin/../aarch64-linux-gnu/libc/usr/local/include"
ignoring duplicate directory "/opt/cross-pi-gcc-12.2.0-64/bin/../lib/gcc/../../lib/gcc/aarch64-linux-gnu/12.2.0/include-fixed"
ignoring duplicate directory "/opt/cross-pi-gcc-12.2.0-64/bin/../lib/gcc/../../lib/gcc/aarch64-linux-gnu/12.2.0/../../../../aarch64-linux-gnu/include"
#include "..." search starts here:
#include <...> search starts here:
 /opt/cross-pi-gcc-12.2.0-64/bin/../lib/gcc/aarch64-linux-gnu/12.2.0/include
 /opt/cross-pi-gcc-12.2.0-64/bin/../lib/gcc/aarch64-linux-gnu/12.2.0/include-fixed
 /opt/cross-pi-gcc-12.2.0-64/bin/../lib/gcc/aarch64-linux-gnu/12.2.0/../../../../aarch64-linux-gnu/include
 /opt/cross-pi-gcc-12.2.0-64/bin/../aarch64-linux-gnu/libc/usr/include
End of search list.
GNU C17 (GCC) version 12.2.0 (aarch64-linux-gnu)
	compiled by GNU C version 9.4.0, GMP version 6.2.1, MPFR version 4.1.0, MPC version 1.2.1, isl version isl-0.24-GMP

GGC heuristics: --param ggc-min-expand=100 --param ggc-min-heapsize=131072
Compiler executable checksum: 40411402cec1e717180603b173cf1ba4
COLLECT_GCC_OPTIONS='-v' '-o' 'CMakeFiles/cmTC_3dc80.dir/CMakeCCompilerABI.c.o' '-c' '-march=armv8-a+fp+simd' '-mlittle-endian' '-mabi=lp64' '-dumpdir' 'CMakeFiles/cmTC_3dc80.dir/'
 /opt/cross-pi-gcc-12.2.0-64/bin/../lib/gcc/aarch64-linux-gnu/12.2.0/../../../../aarch64-linux-gnu/bin/as -v -EL -march=armv8-a+fp+simd -mabi=lp64 -o CMakeFiles/cmTC_3dc80.dir/CMakeCCompilerABI.c.o /tmp/cchKibpw.s
GNU assembler version 2.40 (aarch64-linux-gnu) using BFD version (GNU Binutils) 2.40
COMPILER_PATH=/opt/cross-pi-gcc-12.2.0-64/bin/../libexec/gcc/aarch64-linux-gnu/12.2.0/:/opt/cross-pi-gcc-12.2.0-64/bin/../libexec/gcc/:/opt/cross-pi-gcc-12.2.0-64/bin/../lib/gcc/aarch64-linux-gnu/12.2.0/../../../../aarch64-linux-gnu/bin/
LIBRARY_PATH=/opt/cross-pi-gcc-12.2.0-64/bin/../lib/gcc/aarch64-linux-gnu/12.2.0/:/opt/cross-pi-gcc-12.2.0-64/bin/../lib/gcc/:/opt/cross-pi-gcc-12.2.0-64/bin/../lib/gcc/aarch64-linux-gnu/12.2.0/../../../../aarch64-linux-gnu/lib/../lib64/:/opt/cross-pi-gcc-12.2.0-64/bin/../aarch64-linux-gnu/libc/lib/../lib64/:/opt/cross-pi-gcc-12.2.0-64/bin/../aarch64-linux-gnu/libc/usr/lib/../lib64/:/opt/cross-pi-gcc-12.2.0-64/bin/../lib/gcc/aarch64-linux-gnu/12.2.0/../../../../aarch64-linux-gnu/lib/:/opt/cross-pi-gcc-12.2.0-64/bin/../aarch64-linux-gnu/libc/lib/:/opt/cross-pi-gcc-12.2.0-64/bin/../aarch64-linux-gnu/libc/usr/lib/
COLLECT_GCC_OPTIONS='-v' '-o' 'CMakeFiles/cmTC_3dc80.dir/CMakeCCompilerABI.c.o' '-c' '-march=armv8-a+fp+simd' '-mlittle-endian' '-mabi=lp64' '-dumpdir' 'CMakeFiles/cmTC_3dc80.dir/CMakeCCompilerABI.c.'
Linking C executable cmTC_3dc80
/usr/bin/cmake -E cmake_link_script CMakeFiles/cmTC_3dc80.dir/link.txt --verbose=1
/opt/cross-pi-gcc-12.2.0-64/bin/aarch64-linux-gnu-gcc  -v CMakeFiles/cmTC_3dc80.dir/CMakeCCompilerABI.c.o -o cmTC_3dc80 
Using built-in specs.
COLLECT_GCC=/opt/cross-pi-gcc-12.2.0-64/bin/aarch64-linux-gnu-gcc
COLLECT_LTO_WRAPPER=/opt/cross-pi-gcc-12.2.0-64/bin/../libexec/gcc/aarch64-linux-gnu/12.2.0/lto-wrapper
Target: aarch64-linux-gnu
Configured with: ../configure --prefix= --target=aarch64-linux-gnu --enable-languages=c,c++,fortran --with-sysroot=/aarch64-linux-gnu/libc --with-build-sysroot=/tmp/cross-pi-gcc-12.2.0-64/aarch64-linux-gnu/libc --with-arch=armv8-a+fp+simd --disable-multilib
Thread model: posix
Supported LTO compression algorithms: zlib
gcc version 12.2.0 (GCC) 
COMPILER_PATH=/opt/cross-pi-gcc-12.2.0-64/bin/../libexec/gcc/aarch64-linux-gnu/12.2.0/:/opt/cross-pi-gcc-12.2.0-64/bin/../libexec/gcc/:/opt/cross-pi-gcc-12.2.0-64/bin/../lib/gcc/aarch64-linux-gnu/12.2.0/../../../../aarch64-linux-gnu/bin/
LIBRARY_PATH=/opt/cross-pi-gcc-12.2.0-64/bin/../lib/gcc/aarch64-linux-gnu/12.2.0/:/opt/cross-pi-gcc-12.2.0-64/bin/../lib/gcc/:/opt/cross-pi-gcc-12.2.0-64/bin/../lib/gcc/aarch64-linux-gnu/12.2.0/../../../../aarch64-linux-gnu/lib/../lib64/:/opt/cross-pi-gcc-12.2.0-64/bin/../aarch64-linux-gnu/libc/lib/../lib64/:/opt/cross-pi-gcc-12.2.0-64/bin/../aarch64-linux-gnu/libc/usr/lib/../lib64/:/opt/cross-pi-gcc-12.2.0-64/bin/../lib/gcc/aarch64-linux-gnu/12.2.0/../../../../aarch64-linux-gnu/lib/:/opt/cross-pi-gcc-12.2.0-64/bin/../aarch64-linux-gnu/libc/lib/:/opt/cross-pi-gcc-12.2.0-64/bin/../aarch64-linux-gnu/libc/usr/lib/
COLLECT_GCC_OPTIONS='-v' '-o' 'cmTC_3dc80' '-march=armv8-a+fp+simd' '-mlittle-endian' '-mabi=lp64' '-dumpdir' 'cmTC_3dc80.'
 /opt/cross-pi-gcc-12.2.0-64/bin/../libexec/gcc/aarch64-linux-gnu/12.2.0/collect2 -plugin /opt/cross-pi-gcc-12.2.0-64/bin/../libexec/gcc/aarch64-linux-gnu/12.2.0/liblto_plugin.so -plugin-opt=/opt/cross-pi-gcc-12.2.0-64/bin/../libexec/gcc/aarch64-linux-gnu/12.2.0/lto-wrapper -plugin-opt=-fresolution=/tmp/ccuv8pyD.res -plugin-opt=-pass-through=-lgcc -plugin-opt=-pass-through=-lgcc_s -plugin-opt=-pass-through=-lc -plugin-opt=-pass-through=-lgcc -plugin-opt=-pass-through=-lgcc_s --sysroot=/opt/cross-pi-gcc-12.2.0-64/bin/../aarch64-linux-gnu/libc --eh-frame-hdr -dynamic-linker /lib/ld-linux-aarch64.so.1 -X -EL -maarch64linux -o cmTC_3dc80 /opt/cross-pi-gcc-12.2.0-64/bin/../aarch64-linux-gnu/libc/usr/lib/../lib64/crt1.o /opt/cross-pi-gcc-12.2.0-64/bin/../aarch64-linux-gnu/libc/usr/lib/../lib64/crti.o /opt/cross-pi-gcc-12.2.0-64/bin/../lib/gcc/aarch64-linux-gnu/12.2.0/crtbegin.o -L/opt/cross-pi-gcc-12.2.0-64/bin/../lib/gcc/aarch64-linux-gnu/12.2.0 -L/opt/cross-pi-gcc-12.2.0-64/bin/../lib/gcc -L/opt/cross-pi-gcc-12.2.0-64/bin/../lib/gcc/aarch64-linux-gnu/12.2.0/../../../../aarch64-linux-gnu/lib/../lib64 -L/opt/cross-pi-gcc-12.2.0-64/bin/../aarch64-linux-gnu/libc/lib/../lib64 -L/opt/cross-pi-gcc-12.2.0-64/bin/../aarch64-linux-gnu/libc/usr/lib/../lib64 -L/opt/cross-pi-gcc-12.2.0-64/bin/../lib/gcc/aarch64-linux-gnu/12.2.0/../../../../aarch64-linux-gnu/lib -L/opt/cross-pi-gcc-12.2.0-64/bin/../aarch64-linux-gnu/libc/lib -L/opt/cross-pi-gcc-12.2.0-64/bin/../aarch64-linux-gnu/libc/usr/lib CMakeFiles/cmTC_3dc80.dir/CMakeCCompilerABI.c.o -lgcc --push-state --as-needed -lgcc_s --pop-state -lc -lgcc --push-state --as-needed -lgcc_s --pop-state /opt/cross-pi-gcc-12.2.0-64/bin/../lib/gcc/aarch64-linux-gnu/12.2.0/crtend.o /opt/cross-pi-gcc-12.2.0-64/bin/../aarch64-linux-gnu/libc/usr/lib/../lib64/crtn.o
COLLECT_GCC_OPTIONS='-v' '-o' 'cmTC_3dc80' '-march=armv8-a+fp+simd' '-mlittle-endian' '-mabi=lp64' '-dumpdir' 'cmTC_3dc80.'
gmake[1]: Leaving directory '/root/workspace/build/CMakeFiles/CMakeTmp'



Parsed C implicit include dir info from above output: rv=done
  found start of include info
  found start of implicit include info
    add: [/opt/cross-pi-gcc-12.2.0-64/bin/../lib/gcc/aarch64-linux-gnu/12.2.0/include]
    add: [/opt/cross-pi-gcc-12.2.0-64/bin/../lib/gcc/aarch64-linux-gnu/12.2.0/include-fixed]
    add: [/opt/cross-pi-gcc-12.2.0-64/bin/../lib/gcc/aarch64-linux-gnu/12.2.0/../../../../aarch64-linux-gnu/include]
    add: [/opt/cross-pi-gcc-12.2.0-64/bin/../aarch64-linux-gnu/libc/usr/include]
  end of search list found
  collapse include dir [/opt/cross-pi-gcc-12.2.0-64/bin/../lib/gcc/aarch64-linux-gnu/12.2.0/include] ==> [/opt/cross-pi-gcc-12.2.0-64/lib/gcc/aarch64-linux-gnu/12.2.0/include]
  collapse include dir [/opt/cross-pi-gcc-12.2.0-64/bin/../lib/gcc/aarch64-linux-gnu/12.2.0/include-fixed] ==> [/opt/cross-pi-gcc-12.2.0-64/lib/gcc/aarch64-linux-gnu/12.2.0/include-fixed]
  collapse include dir [/opt/cross-pi-gcc-12.2.0-64/bin/../lib/gcc/aarch64-linux-gnu/12.2.0/../../../../aarch64-linux-gnu/include] ==> [/opt/cross-pi-gcc-12.2.0-64/aarch64-linux-gnu/include]
  collapse include dir [/opt/cross-pi-gcc-12.2.0-64/bin/../aarch64-linux-gnu/libc/usr/include] ==> [/opt/cross-pi-gcc-12.2.0-64/aarch64-linux-gnu/libc/usr/include]
  implicit include dirs: [/opt/cross-pi-gcc-12.2.0-64/lib/gcc/aarch64-linux-gnu/12.2.0/include;/opt/cross-pi-gcc-12.2.0-64/lib/gcc/aarch64-linux-gnu/12.2.0/include-fixed;/opt/cross-pi-gcc-12.2.0-64/aarch64-linux-gnu/include;/opt/cross-pi-gcc-12.2.0-64/aarch64-linux-gnu/libc/usr/include]


Parsed C implicit link information from above output:
  link line regex: [^( *|.*[/\])(aarch64-linux-gnu-ld|CMAKE_LINK_STARTFILE-NOTFOUND|([^/\]+-)?ld|collect2)[^/\]*( |$)]
  ignore line: [Change Dir: /root/workspace/build/CMakeFiles/CMakeTmp]
  ignore line: []
  ignore line: [Run Build Command(s):/usr/bin/gmake -f Makefile cmTC_3dc80/fast && /usr/bin/gmake  -f CMakeFiles/cmTC_3dc80.dir/build.make CMakeFiles/cmTC_3dc80.dir/build]
  ignore line: [gmake[1]: Entering directory '/root/workspace/build/CMakeFiles/CMakeTmp']
  ignore line: [Building C object CMakeFiles/cmTC_3dc80.dir/CMakeCCompilerABI.c.o]
  ignore line: [/opt/cross-pi-gcc-12.2.0-64/bin/aarch64-linux-gnu-gcc   -v -o CMakeFiles/cmTC_3dc80.dir/CMakeCCompilerABI.c.o -c /usr/share/cmake-3.22/Modules/CMakeCCompilerABI.c]
  ignore line: [Using built-in specs.]
  ignore line: [COLLECT_GCC=/opt/cross-pi-gcc-12.2.0-64/bin/aarch64-linux-gnu-gcc]
  ignore line: [Target: aarch64-linux-gnu]
  ignore line: [Configured with: ../configure --prefix= --target=aarch64-linux-gnu --enable-languages=c c++ fortran --with-sysroot=/aarch64-linux-gnu/libc --with-build-sysroot=/tmp/cross-pi-gcc-12.2.0-64/aarch64-linux-gnu/libc --with-arch=armv8-a+fp+simd --disable-multilib]
  ignore line: [Thread model: posix]
  ignore line: [Supported LTO compression algorithms: zlib]
  ignore line: [gcc version 12.2.0 (GCC) ]
  ignore line: [COLLECT_GCC_OPTIONS='-v' '-o' 'CMakeFiles/cmTC_3dc80.dir/CMakeCCompilerABI.c.o' '-c' '-march=armv8-a+fp+simd' '-mlittle-endian' '-mabi=lp64' '-dumpdir' 'CMakeFiles/cmTC_3dc80.dir/']
  ignore line: [ /opt/cross-pi-gcc-12.2.0-64/bin/../libexec/gcc/aarch64-linux-gnu/12.2.0/cc1 -quiet -v -iprefix /opt/cross-pi-gcc-12.2.0-64/bin/../lib/gcc/aarch64-linux-gnu/12.2.0/ -isysroot /opt/cross-pi-gcc-12.2.0-64/bin/../aarch64-linux-gnu/libc /usr/share/cmake-3.22/Modules/CMakeCCompilerABI.c -quiet -dumpdir CMakeFiles/cmTC_3dc80.dir/ -dumpbase CMakeCCompilerABI.c.c -dumpbase-ext .c -march=armv8-a+fp+simd -mlittle-endian -mabi=lp64 -version -o /tmp/cchKibpw.s]
  ignore line: [GNU C17 (GCC) version 12.2.0 (aarch64-linux-gnu)]
  ignore line: [	compiled by GNU C version 9.4.0  GMP version 6.2.1  MPFR version 4.1.0  MPC version 1.2.1  isl version isl-0.24-GMP]
  ignore line: []
  ignore line: [GGC heuristics: --param ggc-min-expand=100 --param ggc-min-heapsize=131072]
  ignore line: [ignoring duplicate directory "/opt/cross-pi-gcc-12.2.0-64/bin/../lib/gcc/../../lib/gcc/aarch64-linux-gnu/12.2.0/include"]
  ignore line: [ignoring nonexistent directory "/opt/cross-pi-gcc-12.2.0-64/bin/../aarch64-linux-gnu/libc/usr/local/include"]
  ignore line: [ignoring duplicate directory "/opt/cross-pi-gcc-12.2.0-64/bin/../lib/gcc/../../lib/gcc/aarch64-linux-gnu/12.2.0/include-fixed"]
  ignore line: [ignoring duplicate directory "/opt/cross-pi-gcc-12.2.0-64/bin/../lib/gcc/../../lib/gcc/aarch64-linux-gnu/12.2.0/../../../../aarch64-linux-gnu/include"]
  ignore line: [#include "..." search starts here:]
  ignore line: [#include <...> search starts here:]
  ignore line: [ /opt/cross-pi-gcc-12.2.0-64/bin/../lib/gcc/aarch64-linux-gnu/12.2.0/include]
  ignore line: [ /opt/cross-pi-gcc-12.2.0-64/bin/../lib/gcc/aarch64-linux-gnu/12.2.0/include-fixed]
  ignore line: [ /opt/cross-pi-gcc-12.2.0-64/bin/../lib/gcc/aarch64-linux-gnu/12.2.0/../../../../aarch64-linux-gnu/include]
  ignore line: [ /opt/cross-pi-gcc-12.2.0-64/bin/../aarch64-linux-gnu/libc/usr/include]
  ignore line: [End of search list.]
  ignore line: [GNU C17 (GCC) version 12.2.0 (aarch64-linux-gnu)]
  ignore line: [	compiled by GNU C version 9.4.0  GMP version 6.2.1  MPFR version 4.1.0  MPC version 1.2.1  isl version isl-0.24-GMP]
  ignore line: []
  ignore line: [GGC heuristics: --param ggc-min-expand=100 --param ggc-min-heapsize=131072]
  ignore line: [Compiler executable checksum: 40411402cec1e717180603b173cf1ba4]
  ignore line: [COLLECT_GCC_OPTIONS='-v' '-o' 'CMakeFiles/cmTC_3dc80.dir/CMakeCCompilerABI.c.o' '-c' '-march=armv8-a+fp+simd' '-mlittle-endian' '-mabi=lp64' '-dumpdir' 'CMakeFiles/cmTC_3dc80.dir/']
  ignore line: [ /opt/cross-pi-gcc-12.2.0-64/bin/../lib/gcc/aarch64-linux-gnu/12.2.0/../../../../aarch64-linux-gnu/bin/as -v -EL -march=armv8-a+fp+simd -mabi=lp64 -o CMakeFiles/cmTC_3dc80.dir/CMakeCCompilerABI.c.o /tmp/cchKibpw.s]
  ignore line: [GNU assembler version 2.40 (aarch64-linux-gnu) using BFD version (GNU Binutils) 2.40]
  ignore line: [COMPILER_PATH=/opt/cross-pi-gcc-12.2.0-64/bin/../libexec/gcc/aarch64-linux-gnu/12.2.0/:/opt/cross-pi-gcc-12.2.0-64/bin/../libexec/gcc/:/opt/cross-pi-gcc-12.2.0-64/bin/../lib/gcc/aarch64-linux-gnu/12.2.0/../../../../aarch64-linux-gnu/bin/]
  ignore line: [LIBRARY_PATH=/opt/cross-pi-gcc-12.2.0-64/bin/../lib/gcc/aarch64-linux-gnu/12.2.0/:/opt/cross-pi-gcc-12.2.0-64/bin/../lib/gcc/:/opt/cross-pi-gcc-12.2.0-64/bin/../lib/gcc/aarch64-linux-gnu/12.2.0/../../../../aarch64-linux-gnu/lib/../lib64/:/opt/cross-pi-gcc-12.2.0-64/bin/../aarch64-linux-gnu/libc/lib/../lib64/:/opt/cross-pi-gcc-12.2.0-64/bin/../aarch64-linux-gnu/libc/usr/lib/../lib64/:/opt/cross-pi-gcc-12.2.0-64/bin/../lib/gcc/aarch64-linux-gnu/12.2.0/../../../../aarch64-linux-gnu/lib/:/opt/cross-pi-gcc-12.2.0-64/bin/../aarch64-linux-gnu/libc/lib/:/opt/cross-pi-gcc-12.2.0-64/bin/../aarch64-linux-gnu/libc/usr/lib/]
  ignore line: [COLLECT_GCC_OPTIONS='-v' '-o' 'CMakeFiles/cmTC_3dc80.dir/CMakeCCompilerABI.c.o' '-c' '-march=armv8-a+fp+simd' '-mlittle-endian' '-mabi=lp64' '-dumpdir' 'CMakeFiles/cmTC_3dc80.dir/CMakeCCompilerABI.c.']
  ignore line: [Linking C executable cmTC_3dc80]
  ignore line: [/usr/bin/cmake -E cmake_link_script CMakeFiles/cmTC_3dc80.dir/link.txt --verbose=1]
  ignore line: [/opt/cross-pi-gcc-12.2.0-64/bin/aarch64-linux-gnu-gcc  -v CMakeFiles/cmTC_3dc80.dir/CMakeCCompilerABI.c.o -o cmTC_3dc80 ]
  ignore line: [Using built-in specs.]
  ignore line: [COLLECT_GCC=/opt/cross-pi-gcc-12.2.0-64/bin/aarch64-linux-gnu-gcc]
  ignore line: [COLLECT_LTO_WRAPPER=/opt/cross-pi-gcc-12.2.0-64/bin/../libexec/gcc/aarch64-linux-gnu/12.2.0/lto-wrapper]
  ignore line: [Target: aarch64-linux-gnu]
  ignore line: [Configured with: ../configure --prefix= --target=aarch64-linux-gnu --enable-languages=c c++ fortran --with-sysroot=/aarch64-linux-gnu/libc --with-build-sysroot=/tmp/cross-pi-gcc-12.2.0-64/aarch64-linux-gnu/libc --with-arch=armv8-a+fp+simd --disable-multilib]
  ignore line: [Thread model: posix]
  ignore line: [Supported LTO compression algorithms: zlib]
  ignore line: [gcc version 12.2.0 (GCC) ]
  ignore line: [COMPILER_PATH=/opt/cross-pi-gcc-12.2.0-64/bin/../libexec/gcc/aarch64-linux-gnu/12.2.0/:/opt/cross-pi-gcc-12.2.0-64/bin/../libexec/gcc/:/opt/cross-pi-gcc-12.2.0-64/bin/../lib/gcc/aarch64-linux-gnu/12.2.0/../../../../aarch64-linux-gnu/bin/]
  ignore line: [LIBRARY_PATH=/opt/cross-pi-gcc-12.2.0-64/bin/../lib/gcc/aarch64-linux-gnu/12.2.0/:/opt/cross-pi-gcc-12.2.0-64/bin/../lib/gcc/:/opt/cross-pi-gcc-12.2.0-64/bin/../lib/gcc/aarch64-linux-gnu/12.2.0/../../../../aarch64-linux-gnu/lib/../lib64/:/opt/cross-pi-gcc-12.2.0-64/bin/../aarch64-linux-gnu/libc/lib/../lib64/:/opt/cross-pi-gcc-12.2.0-64/bin/../aarch64-linux-gnu/libc/usr/lib/../lib64/:/opt/cross-pi-gcc-12.2.0-64/bin/../lib/gcc/aarch64-linux-gnu/12.2.0/../../../../aarch64-linux-gnu/lib/:/opt/cross-pi-gcc-12.2.0-64/bin/../aarch64-linux-gnu/libc/lib/:/opt/cross-pi-gcc-12.2.0-64/bin/../aarch64-linux-gnu/libc/usr/lib/]
  ignore line: [COLLECT_GCC_OPTIONS='-v' '-o' 'cmTC_3dc80' '-march=armv8-a+fp+simd' '-mlittle-endian' '-mabi=lp64' '-dumpdir' 'cmTC_3dc80.']
  link line: [ /opt/cross-pi-gcc-12.2.0-64/bin/../libexec/gcc/aarch64-linux-gnu/12.2.0/collect2 -plugin /opt/cross-pi-gcc-12.2.0-64/bin/../libexec/gcc/aarch64-linux-gnu/12.2.0/liblto_plugin.so -plugin-opt=/opt/cross-pi-gcc-12.2.0-64/bin/../libexec/gcc/aarch64-linux-gnu/12.2.0/lto-wrapper -plugin-opt=-fresolution=/tmp/ccuv8pyD.res -plugin-opt=-pass-through=-lgcc -plugin-opt=-pass-through=-lgcc_s -plugin-opt=-pass-through=-lc -plugin-opt=-pass-through=-lgcc -plugin-opt=-pass-through=-lgcc_s --sysroot=/opt/cross-pi-gcc-12.2.0-64/bin/../aarch64-linux-gnu/libc --eh-frame-hdr -dynamic-linker /lib/ld-linux-aarch64.so.1 -X -EL -maarch64linux -o cmTC_3dc80 /opt/cross-pi-gcc-12.2.0-64/bin/../aarch64-linux-gnu/libc/usr/lib/../lib64/crt1.o /opt/cross-pi-gcc-12.2.0-64/bin/../aarch64-linux-gnu/libc/usr/lib/../lib64/crti.o /opt/cross-pi-gcc-12.2.0-64/bin/../lib/gcc/aarch64-linux-gnu/12.2.0/crtbegin.o -L/opt/cross-pi-gcc-12.2.0-64/bin/../lib/gcc/aarch64-linux-gnu/12.2.0 -L/opt/cross-pi-gcc-12.2.0-64/bin/../lib/gcc -L/opt/cross-pi-gcc-12.2.0-64/bin/../lib/gcc/aarch64-linux-gnu/12.2.0/../../../../aarch64-linux-gnu/lib/../lib64 -L/opt/cross-pi-gcc-12.2.0-64/bin/../aarch64-linux-gnu/libc/lib/../lib64 -L/opt/cross-pi-gcc-12.2.0-64/bin/../aarch64-linux-gnu/libc/usr/lib/../lib64 -L/opt/cross-pi-gcc-12.2.0-64/bin/../lib/gcc/aarch64-linux-gnu/12.2.0/../../../../aarch64-linux-gnu/lib -L/opt/cross-pi-gcc-12.2.0-64/bin/../aarch64-linux-gnu/libc/lib -L/opt/cross-pi-gcc-12.2.0-64/bin/../aarch64-linux-gnu/libc/usr/lib CMakeFiles/cmTC_3dc80.dir/CMakeCCompilerABI.c.o -lgcc --push-state --as-needed -lgcc_s --pop-state -lc -lgcc --push-state --as-needed -lgcc_s --pop-state /opt/cross-pi-gcc-12.2.0-64/bin/../lib/gcc/aarch64-linux-gnu/12.2.0/crtend.o /opt/cross-pi-gcc-12.2.0-64/bin/../aarch64-linux-gnu/libc/usr/lib/../lib64/crtn.o]
    arg [/opt/cross-pi-gcc-12.2.0-64/bin/../libexec/gcc/aarch64-linux-gnu/12.2.0/collect2] ==> ignore
    arg [-plugin] ==> ignore
    arg [/opt/cross-pi-gcc-12.2.0-64/bin/../libexec/gcc/aarch64-linux-gnu/12.2.0/liblto_plugin.so] ==> ignore
    arg [-plugin-opt=/opt/cross-pi-gcc-12.2.0-64/bin/../libexec/gcc/aarch64-linux-gnu/12.2.0/lto-wrapper] ==> ignore
    arg [-plugin-opt=-fresolution=/tmp/ccuv8pyD.res] ==> ignore
    arg [-plugin-opt=-pass-through=-lgcc] ==> ignore
    arg [-plugin-opt=-pass-through=-lgcc_s] ==> ignore
    arg [-plugin-opt=-pass-through=-lc] ==> ignore
    arg [-plugin-opt=-pass-through=-lgcc] ==> ignore
    arg [-plugin-opt=-pass-through=-lgcc_s] ==> ignore
    arg [--sysroot=/opt/cross-pi-gcc-12.2.0-64/bin/../aarch64-linux-gnu/libc] ==> ignore
    arg [--eh-frame-hdr] ==> ignore
    arg [-dynamic-linker] ==> ignore
    arg [/lib/ld-linux-aarch64.so.1] ==> ignore
    arg [-X] ==> ignore
    arg [-EL] ==> ignore
    arg [-maarch64linux] ==> ignore
    arg [-o] ==> ignore
    arg [cmTC_3dc80] ==> ignore
    arg [/opt/cross-pi-gcc-12.2.0-64/bin/../aarch64-linux-gnu/libc/usr/lib/../lib64/crt1.o] ==> obj [/opt/cross-pi-gcc-12.2.0-64/bin/../aarch64-linux-gnu/libc/usr/lib/../lib64/crt1.o]
    arg [/opt/cross-pi-gcc-12.2.0-64/bin/../aarch64-linux-gnu/libc/usr/lib/../lib64/crti.o] ==> obj [/opt/cross-pi-gcc-12.2.0-64/bin/../aarch64-linux-gnu/libc/usr/lib/../lib64/crti.o]
    arg [/opt/cross-pi-gcc-12.2.0-64/bin/../lib/gcc/aarch64-linux-gnu/12.2.0/crtbegin.o] ==> obj [/opt/cross-pi-gcc-12.2.0-64/bin/../lib/gcc/aarch64-linux-gnu/12.2.0/crtbegin.o]
    arg [-L/opt/cross-pi-gcc-12.2.0-64/bin/../lib/gcc/aarch64-linux-gnu/12.2.0] ==> dir [/opt/cross-pi-gcc-12.2.0-64/bin/../lib/gcc/aarch64-linux-gnu/12.2.0]
    arg [-L/opt/cross-pi-gcc-12.2.0-64/bin/../lib/gcc] ==> dir [/opt/cross-pi-gcc-12.2.0-64/bin/../lib/gcc]
    arg [-L/opt/cross-pi-gcc-12.2.0-64/bin/../lib/gcc/aarch64-linux-gnu/12.2.0/../../../../aarch64-linux-gnu/lib/../lib64] ==> dir [/opt/cross-pi-gcc-12.2.0-64/bin/../lib/gcc/aarch64-linux-gnu/12.2.0/../../../../aarch64-linux-gnu/lib/../lib64]
    arg [-L/opt/cross-pi-gcc-12.2.0-64/bin/../aarch64-linux-gnu/libc/lib/../lib64] ==> dir [/opt/cross-pi-gcc-12.2.0-64/bin/../aarch64-linux-gnu/libc/lib/../lib64]
    arg [-L/opt/cross-pi-gcc-12.2.0-64/bin/../aarch64-linux-gnu/libc/usr/lib/../lib64] ==> dir [/opt/cross-pi-gcc-12.2.0-64/bin/../aarch64-linux-gnu/libc/usr/lib/../lib64]
    arg [-L/opt/cross-pi-gcc-12.2.0-64/bin/../lib/gcc/aarch64-linux-gnu/12.2.0/../../../../aarch64-linux-gnu/lib] ==> dir [/opt/cross-pi-gcc-12.2.0-64/bin/../lib/gcc/aarch64-linux-gnu/12.2.0/../../../../aarch64-linux-gnu/lib]
    arg [-L/opt/cross-pi-gcc-12.2.0-64/bin/../aarch64-linux-gnu/libc/lib] ==> dir [/opt/cross-pi-gcc-12.2.0-64/bin/../aarch64-linux-gnu/libc/lib]
    arg [-L/opt/cross-pi-gcc-12.2.0-64/bin/../aarch64-linux-gnu/libc/usr/lib] ==> dir [/opt/cross-pi-gcc-12.2.0-64/bin/../aarch64-linux-gnu/libc/usr/lib]
    arg [CMakeFiles/cmTC_3dc80.dir/CMakeCCompilerABI.c.o] ==> ignore
    arg [-lgcc] ==> lib [gcc]
    arg [--push-state] ==> ignore
    arg [--as-needed] ==> ignore
    arg [-lgcc_s] ==> lib [gcc_s]
    arg [--pop-state] ==> ignore
    arg [-lc] ==> lib [c]
    arg [-lgcc] ==> lib [gcc]
    arg [--push-state] ==> ignore
    arg [--as-needed] ==> ignore
    arg [-lgcc_s] ==> lib [gcc_s]
    arg [--pop-state] ==> ignore
    arg [/opt/cross-pi-gcc-12.2.0-64/bin/../lib/gcc/aarch64-linux-gnu/12.2.0/crtend.o] ==> obj [/opt/cross-pi-gcc-12.2.0-64/bin/../lib/gcc/aarch64-linux-gnu/12.2.0/crtend.o]
    arg [/opt/cross-pi-gcc-12.2.0-64/bin/../aarch64-linux-gnu/libc/usr/lib/../lib64/crtn.o] ==> obj [/opt/cross-pi-gcc-12.2.0-64/bin/../aarch64-linux-gnu/libc/usr/lib/../lib64/crtn.o]
  collapse obj [/opt/cross-pi-gcc-12.2.0-64/bin/../aarch64-linux-gnu/libc/usr/lib/../lib64/crt1.o] ==> [/opt/cross-pi-gcc-12.2.0-64/aarch64-linux-gnu/libc/usr/lib64/crt1.o]
  collapse obj [/opt/cross-pi-gcc-12.2.0-64/bin/../aarch64-linux-gnu/libc/usr/lib/../lib64/crti.o] ==> [/opt/cross-pi-gcc-12.2.0-64/aarch64-linux-gnu/libc/usr/lib64/crti.o]
  collapse obj [/opt/cross-pi-gcc-12.2.0-64/bin/../lib/gcc/aarch64-linux-gnu/12.2.0/crtbegin.o] ==> [/opt/cross-pi-gcc-12.2.0-64/lib/gcc/aarch64-linux-gnu/12.2.0/crtbegin.o]
  collapse obj [/opt/cross-pi-gcc-12.2.0-64/bin/../lib/gcc/aarch64-linux-gnu/12.2.0/crtend.o] ==> [/opt/cross-pi-gcc-12.2.0-64/lib/gcc/aarch64-linux-gnu/12.2.0/crtend.o]
  collapse obj [/opt/cross-pi-gcc-12.2.0-64/bin/../aarch64-linux-gnu/libc/usr/lib/../lib64/crtn.o] ==> [/opt/cross-pi-gcc-12.2.0-64/aarch64-linux-gnu/libc/usr/lib64/crtn.o]
  collapse library dir [/opt/cross-pi-gcc-12.2.0-64/bin/../lib/gcc/aarch64-linux-gnu/12.2.0] ==> [/opt/cross-pi-gcc-12.2.0-64/lib/gcc/aarch64-linux-gnu/12.2.0]
  collapse library dir [/opt/cross-pi-gcc-12.2.0-64/bin/../lib/gcc] ==> [/opt/cross-pi-gcc-12.2.0-64/lib/gcc]
  collapse library dir [/opt/cross-pi-gcc-12.2.0-64/bin/../lib/gcc/aarch64-linux-gnu/12.2.0/../../../../aarch64-linux-gnu/lib/../lib64] ==> [/opt/cross-pi-gcc-12.2.0-64/aarch64-linux-gnu/lib64]
  collapse library dir [/opt/cross-pi-gcc-12.2.0-64/bin/../aarch64-linux-gnu/libc/lib/../lib64] ==> [/opt/cross-pi-gcc-12.2.0-64/aarch64-linux-gnu/libc/lib64]
  collapse library dir [/opt/cross-pi-gcc-12.2.0-64/bin/../aarch64-linux-gnu/libc/usr/lib/../lib64] ==> [/opt/cross-pi-gcc-12.2.0-64/aarch64-linux-gnu/libc/usr/lib64]
  collapse library dir [/opt/cross-pi-gcc-12.2.0-64/bin/../lib/gcc/aarch64-linux-gnu/12.2.0/../../../../aarch64-linux-gnu/lib] ==> [/opt/cross-pi-gcc-12.2.0-64/aarch64-linux-gnu/lib]
  collapse library dir [/opt/cross-pi-gcc-12.2.0-64/bin/../aarch64-linux-gnu/libc/lib] ==> [/opt/cross-pi-gcc-12.2.0-64/aarch64-linux-gnu/libc/lib]
  collapse library dir [/opt/cross-pi-gcc-12.2.0-64/bin/../aarch64-linux-gnu/libc/usr/lib] ==> [/opt/cross-pi-gcc-12.2.0-64/aarch64-linux-gnu/libc/usr/lib]
  implicit libs: [gcc;gcc_s;c;gcc;gcc_s]
  implicit objs: [/opt/cross-pi-gcc-12.2.0-64/aarch64-linux-gnu/libc/usr/lib64/crt1.o;/opt/cross-pi-gcc-12.2.0-64/aarch64-linux-gnu/libc/usr/lib64/crti.o;/opt/cross-pi-gcc-12.2.0-64/lib/gcc/aarch64-linux-gnu/12.2.0/crtbegin.o;/opt/cross-pi-gcc-12.2.0-64/lib/gcc/aarch64-linux-gnu/12.2.0/crtend.o;/opt/cross-pi-gcc-12.2.0-64/aarch64-linux-gnu/libc/usr/lib64/crtn.o]
  implicit dirs: [/opt/cross-pi-gcc-12.2.0-64/lib/gcc/aarch64-linux-gnu/12.2.0;/opt/cross-pi-gcc-12.2.0-64/lib/gcc;/opt/cross-pi-gcc-12.2.0-64/aarch64-linux-gnu/lib64;/opt/cross-pi-gcc-12.2.0-64/aarch64-linux-gnu/libc/lib64;/opt/cross-pi-gcc-12.2.0-64/aarch64-linux-gnu/libc/usr/lib64;/opt/cross-pi-gcc-12.2.0-64/aarch64-linux-gnu/lib;/opt/cross-pi-gcc-12.2.0-64/aarch64-linux-gnu/libc/lib;/opt/cross-pi-gcc-12.2.0-64/aarch64-linux-gnu/libc/usr/lib]
  implicit fwks: []


Detecting CXX compiler ABI info compiled with the following output:
Change Dir: /root/workspace/build/CMakeFiles/CMakeTmp

Run Build Command(s):/usr/bin/gmake -f Makefile cmTC_a2c34/fast && /usr/bin/gmake  -f CMakeFiles/cmTC_a2c34.dir/build.make CMakeFiles/cmTC_a2c34.dir/build
gmake[1]: Entering directory '/root/workspace/build/CMakeFiles/CMakeTmp'
Building CXX object CMakeFiles/cmTC_a2c34.dir/CMakeCXXCompilerABI.cpp.o
/opt/cross-pi-gcc-12.2.0-64/bin/aarch64-linux-gnu-g++   -v -o CMakeFiles/cmTC_a2c34.dir/CMakeCXXCompilerABI.cpp.o -c /usr/share/cmake-3.22/Modules/CMakeCXXCompilerABI.cpp
Using built-in specs.
COLLECT_GCC=/opt/cross-pi-gcc-12.2.0-64/bin/aarch64-linux-gnu-g++
Target: aarch64-linux-gnu
Configured with: ../configure --prefix= --target=aarch64-linux-gnu --enable-languages=c,c++,fortran --with-sysroot=/aarch64-linux-gnu/libc --with-build-sysroot=/tmp/cross-pi-gcc-12.2.0-64/aarch64-linux-gnu/libc --with-arch=armv8-a+fp+simd --disable-multilib
Thread model: posix
Supported LTO compression algorithms: zlib
gcc version 12.2.0 (GCC) 
COLLECT_GCC_OPTIONS='-v' '-o' 'CMakeFiles/cmTC_a2c34.dir/CMakeCXXCompilerABI.cpp.o' '-c' '-shared-libgcc' '-march=armv8-a+fp+simd' '-mlittle-endian' '-mabi=lp64' '-dumpdir' 'CMakeFiles/cmTC_a2c34.dir/'
 /opt/cross-pi-gcc-12.2.0-64/bin/../libexec/gcc/aarch64-linux-gnu/12.2.0/cc1plus -quiet -v -iprefix /opt/cross-pi-gcc-12.2.0-64/bin/../lib/gcc/aarch64-linux-gnu/12.2.0/ -isysroot /opt/cross-pi-gcc-12.2.0-64/bin/../aarch64-linux-gnu/libc -D_GNU_SOURCE /usr/share/cmake-3.22/Modules/CMakeCXXCompilerABI.cpp -quiet -dumpdir CMakeFiles/cmTC_a2c34.dir/ -dumpbase CMakeCXXCompilerABI.cpp.cpp -dumpbase-ext .cpp -march=armv8-a+fp+simd -mlittle-endian -mabi=lp64 -version -o /tmp/ccRlAHlJ.s
GNU C++17 (GCC) version 12.2.0 (aarch64-linux-gnu)
	compiled by GNU C version 9.4.0, GMP version 6.2.1, MPFR version 4.1.0, MPC version 1.2.1, isl version isl-0.24-GMP

GGC heuristics: --param ggc-min-expand=100 --param ggc-min-heapsize=131072
ignoring duplicate directory "/opt/cross-pi-gcc-12.2.0-64/bin/../lib/gcc/../../lib/gcc/aarch64-linux-gnu/12.2.0/../../../../aarch64-linux-gnu/include/c++/12.2.0"
ignoring duplicate directory "/opt/cross-pi-gcc-12.2.0-64/bin/../lib/gcc/../../lib/gcc/aarch64-linux-gnu/12.2.0/../../../../aarch64-linux-gnu/include/c++/12.2.0/aarch64-linux-gnu"
ignoring duplicate directory "/opt/cross-pi-gcc-12.2.0-64/bin/../lib/gcc/../../lib/gcc/aarch64-linux-gnu/12.2.0/../../../../aarch64-linux-gnu/include/c++/12.2.0/backward"
ignoring duplicate directory "/opt/cross-pi-gcc-12.2.0-64/bin/../lib/gcc/../../lib/gcc/aarch64-linux-gnu/12.2.0/include"
ignoring nonexistent directory "/opt/cross-pi-gcc-12.2.0-64/bin/../aarch64-linux-gnu/libc/usr/local/include"
ignoring duplicate directory "/opt/cross-pi-gcc-12.2.0-64/bin/../lib/gcc/../../lib/gcc/aarch64-linux-gnu/12.2.0/include-fixed"
ignoring duplicate directory "/opt/cross-pi-gcc-12.2.0-64/bin/../lib/gcc/../../lib/gcc/aarch64-linux-gnu/12.2.0/../../../../aarch64-linux-gnu/include"
#include "..." search starts here:
#include <...> search starts here:
 /opt/cross-pi-gcc-12.2.0-64/bin/../lib/gcc/aarch64-linux-gnu/12.2.0/../../../../aarch64-linux-gnu/include/c++/12.2.0
 /opt/cross-pi-gcc-12.2.0-64/bin/../lib/gcc/aarch64-linux-gnu/12.2.0/../../../../aarch64-linux-gnu/include/c++/12.2.0/aarch64-linux-gnu
 /opt/cross-pi-gcc-12.2.0-64/bin/../lib/gcc/aarch64-linux-gnu/12.2.0/../../../../aarch64-linux-gnu/include/c++/12.2.0/backward
 /opt/cross-pi-gcc-12.2.0-64/bin/../lib/gcc/aarch64-linux-gnu/12.2.0/include
 /opt/cross-pi-gcc-12.2.0-64/bin/../lib/gcc/aarch64-linux-gnu/12.2.0/include-fixed
 /opt/cross-pi-gcc-12.2.0-64/bin/../lib/gcc/aarch64-linux-gnu/12.2.0/../../../../aarch64-linux-gnu/include
 /opt/cross-pi-gcc-12.2.0-64/bin/../aarch64-linux-gnu/libc/usr/include
End of search list.
GNU C++17 (GCC) version 12.2.0 (aarch64-linux-gnu)
	compiled by GNU C version 9.4.0, GMP version 6.2.1, MPFR version 4.1.0, MPC version 1.2.1, isl version isl-0.24-GMP

GGC heuristics: --param ggc-min-expand=100 --param ggc-min-heapsize=131072
Compiler executable checksum: 4145a5ca0a5a64cc3b86f0cbba517a2f
COLLECT_GCC_OPTIONS='-v' '-o' 'CMakeFiles/cmTC_a2c34.dir/CMakeCXXCompilerABI.cpp.o' '-c' '-shared-libgcc' '-march=armv8-a+fp+simd' '-mlittle-endian' '-mabi=lp64' '-dumpdir' 'CMakeFiles/cmTC_a2c34.dir/'
 /opt/cross-pi-gcc-12.2.0-64/bin/../lib/gcc/aarch64-linux-gnu/12.2.0/../../../../aarch64-linux-gnu/bin/as -v -EL -march=armv8-a+fp+simd -mabi=lp64 -o CMakeFiles/cmTC_a2c34.dir/CMakeCXXCompilerABI.cpp.o /tmp/ccRlAHlJ.s
GNU assembler version 2.40 (aarch64-linux-gnu) using BFD version (GNU Binutils) 2.40
COMPILER_PATH=/opt/cross-pi-gcc-12.2.0-64/bin/../libexec/gcc/aarch64-linux-gnu/12.2.0/:/opt/cross-pi-gcc-12.2.0-64/bin/../libexec/gcc/:/opt/cross-pi-gcc-12.2.0-64/bin/../lib/gcc/aarch64-linux-gnu/12.2.0/../../../../aarch64-linux-gnu/bin/
LIBRARY_PATH=/opt/cross-pi-gcc-12.2.0-64/bin/../lib/gcc/aarch64-linux-gnu/12.2.0/:/opt/cross-pi-gcc-12.2.0-64/bin/../lib/gcc/:/opt/cross-pi-gcc-12.2.0-64/bin/../lib/gcc/aarch64-linux-gnu/12.2.0/../../../../aarch64-linux-gnu/lib/../lib64/:/opt/cross-pi-gcc-12.2.0-64/bin/../aarch64-linux-gnu/libc/lib/../lib64/:/opt/cross-pi-gcc-12.2.0-64/bin/../aarch64-linux-gnu/libc/usr/lib/../lib64/:/opt/cross-pi-gcc-12.2.0-64/bin/../lib/gcc/aarch64-linux-gnu/12.2.0/../../../../aarch64-linux-gnu/lib/:/opt/cross-pi-gcc-12.2.0-64/bin/../aarch64-linux-gnu/libc/lib/:/opt/cross-pi-gcc-12.2.0-64/bin/../aarch64-linux-gnu/libc/usr/lib/
COLLECT_GCC_OPTIONS='-v' '-o' 'CMakeFiles/cmTC_a2c34.dir/CMakeCXXCompilerABI.cpp.o' '-c' '-shared-libgcc' '-march=armv8-a+fp+simd' '-mlittle-endian' '-mabi=lp64' '-dumpdir' 'CMakeFiles/cmTC_a2c34.dir/CMakeCXXCompilerABI.cpp.'
Linking CXX executable cmTC_a2c34
/usr/bin/cmake -E cmake_link_script CMakeFiles/cmTC_a2c34.dir/link.txt --verbose=1
/opt/cross-pi-gcc-12.2.0-64/bin/aarch64-linux-gnu-g++  -v CMakeFiles/cmTC_a2c34.dir/CMakeCXXCompilerABI.cpp.o -o cmTC_a2c34 
Using built-in specs.
COLLECT_GCC=/opt/cross-pi-gcc-12.2.0-64/bin/aarch64-linux-gnu-g++
COLLECT_LTO_WRAPPER=/opt/cross-pi-gcc-12.2.0-64/bin/../libexec/gcc/aarch64-linux-gnu/12.2.0/lto-wrapper
Target: aarch64-linux-gnu
Configured with: ../configure --prefix= --target=aarch64-linux-gnu --enable-languages=c,c++,fortran --with-sysroot=/aarch64-linux-gnu/libc --with-build-sysroot=/tmp/cross-pi-gcc-12.2.0-64/aarch64-linux-gnu/libc --with-arch=armv8-a+fp+simd --disable-multilib
Thread model: posix
Supported LTO compression algorithms: zlib
gcc version 12.2.0 (GCC) 
COMPILER_PATH=/opt/cross-pi-gcc-12.2.0-64/bin/../libexec/gcc/aarch64-linux-gnu/12.2.0/:/opt/cross-pi-gcc-12.2.0-64/bin/../libexec/gcc/:/opt/cross-pi-gcc-12.2.0-64/bin/../lib/gcc/aarch64-linux-gnu/12.2.0/../../../../aarch64-linux-gnu/bin/
LIBRARY_PATH=/opt/cross-pi-gcc-12.2.0-64/bin/../lib/gcc/aarch64-linux-gnu/12.2.0/:/opt/cross-pi-gcc-12.2.0-64/bin/../lib/gcc/:/opt/cross-pi-gcc-12.2.0-64/bin/../lib/gcc/aarch64-linux-gnu/12.2.0/../../../../aarch64-linux-gnu/lib/../lib64/:/opt/cross-pi-gcc-12.2.0-64/bin/../aarch64-linux-gnu/libc/lib/../lib64/:/opt/cross-pi-gcc-12.2.0-64/bin/../aarch64-linux-gnu/libc/usr/lib/../lib64/:/opt/cross-pi-gcc-12.2.0-64/bin/../lib/gcc/aarch64-linux-gnu/12.2.0/../../../../aarch64-linux-gnu/lib/:/opt/cross-pi-gcc-12.2.0-64/bin/../aarch64-linux-gnu/libc/lib/:/opt/cross-pi-gcc-12.2.0-64/bin/../aarch64-linux-gnu/libc/usr/lib/
COLLECT_GCC_OPTIONS='-v' '-o' 'cmTC_a2c34' '-shared-libgcc' '-march=armv8-a+fp+simd' '-mlittle-endian' '-mabi=lp64' '-dumpdir' 'cmTC_a2c34.'
 /opt/cross-pi-gcc-12.2.0-64/bin/../libexec/gcc/aarch64-linux-gnu/12.2.0/collect2 -plugin /opt/cross-pi-gcc-12.2.0-64/bin/../libexec/gcc/aarch64-linux-gnu/12.2.0/liblto_plugin.so -plugin-opt=/opt/cross-pi-gcc-12.2.0-64/bin/../libexec/gcc/aarch64-linux-gnu/12.2.0/lto-wrapper -plugin-opt=-fresolution=/tmp/cc65zMOp.res -plugin-opt=-pass-through=-lgcc_s -plugin-opt=-pass-through=-lgcc -plugin-opt=-pass-through=-lc -plugin-opt=-pass-through=-lgcc_s -plugin-opt=-pass-through=-lgcc --sysroot=/opt/cross-pi-gcc-12.2.0-64/bin/../aarch64-linux-gnu/libc --eh-frame-hdr -dynamic-linker /lib/ld-linux-aarch64.so.1 -X -EL -maarch64linux -o cmTC_a2c34 /opt/cross-pi-gcc-12.2.0-64/bin/../aarch64-linux-gnu/libc/usr/lib/../lib64/crt1.o /opt/cross-pi-gcc-12.2.0-64/bin/../aarch64-linux-gnu/libc/usr/lib/../lib64/crti.o /opt/cross-pi-gcc-12.2.0-64/bin/../lib/gcc/aarch64-linux-gnu/12.2.0/crtbegin.o -L/opt/cross-pi-gcc-12.2.0-64/bin/../lib/gcc/aarch64-linux-gnu/12.2.0 -L/opt/cross-pi-gcc-12.2.0-64/bin/../lib/gcc -L/opt/cross-pi-gcc-12.2.0-64/bin/../lib/gcc/aarch64-linux-gnu/12.2.0/../../../../aarch64-linux-gnu/lib/../lib64 -L/opt/cross-pi-gcc-12.2.0-64/bin/../aarch64-linux-gnu/libc/lib/../lib64 -L/opt/cross-pi-gcc-12.2.0-64/bin/../aarch64-linux-gnu/libc/usr/lib/../lib64 -L/opt/cross-pi-gcc-12.2.0-64/bin/../lib/gcc/aarch64-linux-gnu/12.2.0/../../../../aarch64-linux-gnu/lib -L/opt/cross-pi-gcc-12.2.0-64/bin/../aarch64-linux-gnu/libc/lib -L/opt/cross-pi-gcc-12.2.0-64/bin/../aarch64-linux-gnu/libc/usr/lib CMakeFiles/cmTC_a2c34.dir/CMakeCXXCompilerABI.cpp.o -lstdc++ -lm -lgcc_s -lgcc -lc -lgcc_s -lgcc /opt/cross-pi-gcc-12.2.0-64/bin/../lib/gcc/aarch64-linux-gnu/12.2.0/crtend.o /opt/cross-pi-gcc-12.2.0-64/bin/../aarch64-linux-gnu/libc/usr/lib/../lib64/crtn.o
COLLECT_GCC_OPTIONS='-v' '-o' 'cmTC_a2c34' '-shared-libgcc' '-march=armv8-a+fp+simd' '-mlittle-endian' '-mabi=lp64' '-dumpdir' 'cmTC_a2c34.'
gmake[1]: Leaving directory '/root/workspace/build/CMakeFiles/CMakeTmp'



Parsed CXX implicit include dir info from above output: rv=done
  found start of include info
  found start of implicit include info
    add: [/opt/cross-pi-gcc-12.2.0-64/bin/../lib/gcc/aarch64-linux-gnu/12.2.0/../../../../aarch64-linux-gnu/include/c++/12.2.0]
    add: [/opt/cross-pi-gcc-12.2.0-64/bin/../lib/gcc/aarch64-linux-gnu/12.2.0/../../../../aarch64-linux-gnu/include/c++/12.2.0/aarch64-linux-gnu]
    add: [/opt/cross-pi-gcc-12.2.0-64/bin/../lib/gcc/aarch64-linux-gnu/12.2.0/../../../../aarch64-linux-gnu/include/c++/12.2.0/backward]
    add: [/opt/cross-pi-gcc-12.2.0-64/bin/../lib/gcc/aarch64-linux-gnu/12.2.0/include]
    add: [/opt/cross-pi-gcc-12.2.0-64/bin/../lib/gcc/aarch64-linux-gnu/12.2.0/include-fixed]
    add: [/opt/cross-pi-gcc-12.2.0-64/bin/../lib/gcc/aarch64-linux-gnu/12.2.0/../../../../aarch64-linux-gnu/include]
    add: [/opt/cross-pi-gcc-12.2.0-64/bin/../aarch64-linux-gnu/libc/usr/include]
  end of search list found
  collapse include dir [/opt/cross-pi-gcc-12.2.0-64/bin/../lib/gcc/aarch64-linux-gnu/12.2.0/../../../../aarch64-linux-gnu/include/c++/12.2.0] ==> [/opt/cross-pi-gcc-12.2.0-64/aarch64-linux-gnu/include/c++/12.2.0]
  collapse include dir [/opt/cross-pi-gcc-12.2.0-64/bin/../lib/gcc/aarch64-linux-gnu/12.2.0/../../../../aarch64-linux-gnu/include/c++/12.2.0/aarch64-linux-gnu] ==> [/opt/cross-pi-gcc-12.2.0-64/aarch64-linux-gnu/include/c++/12.2.0/aarch64-linux-gnu]
  collapse include dir [/opt/cross-pi-gcc-12.2.0-64/bin/../lib/gcc/aarch64-linux-gnu/12.2.0/../../../../aarch64-linux-gnu/include/c++/12.2.0/backward] ==> [/opt/cross-pi-gcc-12.2.0-64/aarch64-linux-gnu/include/c++/12.2.0/backward]
  collapse include dir [/opt/cross-pi-gcc-12.2.0-64/bin/../lib/gcc/aarch64-linux-gnu/12.2.0/include] ==> [/opt/cross-pi-gcc-12.2.0-64/lib/gcc/aarch64-linux-gnu/12.2.0/include]
  collapse include dir [/opt/cross-pi-gcc-12.2.0-64/bin/../lib/gcc/aarch64-linux-gnu/12.2.0/include-fixed] ==> [/opt/cross-pi-gcc-12.2.0-64/lib/gcc/aarch64-linux-gnu/12.2.0/include-fixed]
  collapse include dir [/opt/cross-pi-gcc-12.2.0-64/bin/../lib/gcc/aarch64-linux-gnu/12.2.0/../../../../aarch64-linux-gnu/include] ==> [/opt/cross-pi-gcc-12.2.0-64/aarch64-linux-gnu/include]
  collapse include dir [/opt/cross-pi-gcc-12.2.0-64/bin/../aarch64-linux-gnu/libc/usr/include] ==> [/opt/cross-pi-gcc-12.2.0-64/aarch64-linux-gnu/libc/usr/include]
  implicit include dirs: [/opt/cross-pi-gcc-12.2.0-64/aarch64-linux-gnu/include/c++/12.2.0;/opt/cross-pi-gcc-12.2.0-64/aarch64-linux-gnu/include/c++/12.2.0/aarch64-linux-gnu;/opt/cross-pi-gcc-12.2.0-64/aarch64-linux-gnu/include/c++/12.2.0/backward;/opt/cross-pi-gcc-12.2.0-64/lib/gcc/aarch64-linux-gnu/12.2.0/include;/opt/cross-pi-gcc-12.2.0-64/lib/gcc/aarch64-linux-gnu/12.2.0/include-fixed;/opt/cross-pi-gcc-12.2.0-64/aarch64-linux-gnu/include;/opt/cross-pi-gcc-12.2.0-64/aarch64-linux-gnu/libc/usr/include]


Parsed CXX implicit link information from above output:
  link line regex: [^( *|.*[/\])(aarch64-linux-gnu-ld|CMAKE_LINK_STARTFILE-NOTFOUND|([^/\]+-)?ld|collect2)[^/\]*( |$)]
  ignore line: [Change Dir: /root/workspace/build/CMakeFiles/CMakeTmp]
  ignore line: []
  ignore line: [Run Build Command(s):/usr/bin/gmake -f Makefile cmTC_a2c34/fast && /usr/bin/gmake  -f CMakeFiles/cmTC_a2c34.dir/build.make CMakeFiles/cmTC_a2c34.dir/build]
  ignore line: [gmake[1]: Entering directory '/root/workspace/build/CMakeFiles/CMakeTmp']
  ignore line: [Building CXX object CMakeFiles/cmTC_a2c34.dir/CMakeCXXCompilerABI.cpp.o]
  ignore line: [/opt/cross-pi-gcc-12.2.0-64/bin/aarch64-linux-gnu-g++   -v -o CMakeFiles/cmTC_a2c34.dir/CMakeCXXCompilerABI.cpp.o -c /usr/share/cmake-3.22/Modules/CMakeCXXCompilerABI.cpp]
  ignore line: [Using built-in specs.]
  ignore line: [COLLECT_GCC=/opt/cross-pi-gcc-12.2.0-64/bin/aarch64-linux-gnu-g++]
  ignore line: [Target: aarch64-linux-gnu]
  ignore line: [Configured with: ../configure --prefix= --target=aarch64-linux-gnu --enable-languages=c c++ fortran --with-sysroot=/aarch64-linux-gnu/libc --with-build-sysroot=/tmp/cross-pi-gcc-12.2.0-64/aarch64-linux-gnu/libc --with-arch=armv8-a+fp+simd --disable-multilib]
  ignore line: [Thread model: posix]
  ignore line: [Supported LTO compression algorithms: zlib]
  ignore line: [gcc version 12.2.0 (GCC) ]
  ignore line: [COLLECT_GCC_OPTIONS='-v' '-o' 'CMakeFiles/cmTC_a2c34.dir/CMakeCXXCompilerABI.cpp.o' '-c' '-shared-libgcc' '-march=armv8-a+fp+simd' '-mlittle-endian' '-mabi=lp64' '-dumpdir' 'CMakeFiles/cmTC_a2c34.dir/']
  ignore line: [ /opt/cross-pi-gcc-12.2.0-64/bin/../libexec/gcc/aarch64-linux-gnu/12.2.0/cc1plus -quiet -v -iprefix /opt/cross-pi-gcc-12.2.0-64/bin/../lib/gcc/aarch64-linux-gnu/12.2.0/ -isysroot /opt/cross-pi-gcc-12.2.0-64/bin/../aarch64-linux-gnu/libc -D_GNU_SOURCE /usr/share/cmake-3.22/Modules/CMakeCXXCompilerABI.cpp -quiet -dumpdir CMakeFiles/cmTC_a2c34.dir/ -dumpbase CMakeCXXCompilerABI.cpp.cpp -dumpbase-ext .cpp -march=armv8-a+fp+simd -mlittle-endian -mabi=lp64 -version -o /tmp/ccRlAHlJ.s]
  ignore line: [GNU C++17 (GCC) version 12.2.0 (aarch64-linux-gnu)]
  ignore line: [	compiled by GNU C version 9.4.0  GMP version 6.2.1  MPFR version 4.1.0  MPC version 1.2.1  isl version isl-0.24-GMP]
  ignore line: []
  ignore line: [GGC heuristics: --param ggc-min-expand=100 --param ggc-min-heapsize=131072]
  ignore line: [ignoring duplicate directory "/opt/cross-pi-gcc-12.2.0-64/bin/../lib/gcc/../../lib/gcc/aarch64-linux-gnu/12.2.0/../../../../aarch64-linux-gnu/include/c++/12.2.0"]
  ignore line: [ignoring duplicate directory "/opt/cross-pi-gcc-12.2.0-64/bin/../lib/gcc/../../lib/gcc/aarch64-linux-gnu/12.2.0/../../../../aarch64-linux-gnu/include/c++/12.2.0/aarch64-linux-gnu"]
  ignore line: [ignoring duplicate directory "/opt/cross-pi-gcc-12.2.0-64/bin/../lib/gcc/../../lib/gcc/aarch64-linux-gnu/12.2.0/../../../../aarch64-linux-gnu/include/c++/12.2.0/backward"]
  ignore line: [ignoring duplicate directory "/opt/cross-pi-gcc-12.2.0-64/bin/../lib/gcc/../../lib/gcc/aarch64-linux-gnu/12.2.0/include"]
  ignore line: [ignoring nonexistent directory "/opt/cross-pi-gcc-12.2.0-64/bin/../aarch64-linux-gnu/libc/usr/local/include"]
  ignore line: [ignoring duplicate directory "/opt/cross-pi-gcc-12.2.0-64/bin/../lib/gcc/../../lib/gcc/aarch64-linux-gnu/12.2.0/include-fixed"]
  ignore line: [ignoring duplicate directory "/opt/cross-pi-gcc-12.2.0-64/bin/../lib/gcc/../../lib/gcc/aarch64-linux-gnu/12.2.0/../../../../aarch64-linux-gnu/include"]
  ignore line: [#include "..." search starts here:]
  ignore line: [#include <...> search starts here:]
  ignore line: [ /opt/cross-pi-gcc-12.2.0-64/bin/../lib/gcc/aarch64-linux-gnu/12.2.0/../../../../aarch64-linux-gnu/include/c++/12.2.0]
  ignore line: [ /opt/cross-pi-gcc-12.2.0-64/bin/../lib/gcc/aarch64-linux-gnu/12.2.0/../../../../aarch64-linux-gnu/include/c++/12.2.0/aarch64-linux-gnu]
  ignore line: [ /opt/cross-pi-gcc-12.2.0-64/bin/../lib/gcc/aarch64-linux-gnu/12.2.0/../../../../aarch64-linux-gnu/include/c++/12.2.0/backward]
  ignore line: [ /opt/cross-pi-gcc-12.2.0-64/bin/../lib/gcc/aarch64-linux-gnu/12.2.0/include]
  ignore line: [ /opt/cross-pi-gcc-12.2.0-64/bin/../lib/gcc/aarch64-linux-gnu/12.2.0/include-fixed]
  ignore line: [ /opt/cross-pi-gcc-12.2.0-64/bin/../lib/gcc/aarch64-linux-gnu/12.2.0/../../../../aarch64-linux-gnu/include]
  ignore line: [ /opt/cross-pi-gcc-12.2.0-64/bin/../aarch64-linux-gnu/libc/usr/include]
  ignore line: [End of search list.]
  ignore line: [GNU C++17 (GCC) version 12.2.0 (aarch64-linux-gnu)]
  ignore line: [	compiled by GNU C version 9.4.0  GMP version 6.2.1  MPFR version 4.1.0  MPC version 1.2.1  isl version isl-0.24-GMP]
  ignore line: []
  ignore line: [GGC heuristics: --param ggc-min-expand=100 --param ggc-min-heapsize=131072]
  ignore line: [Compiler executable checksum: 4145a5ca0a5a64cc3b86f0cbba517a2f]
  ignore line: [COLLECT_GCC_OPTIONS='-v' '-o' 'CMakeFiles/cmTC_a2c34.dir/CMakeCXXCompilerABI.cpp.o' '-c' '-shared-libgcc' '-march=armv8-a+fp+simd' '-mlittle-endian' '-mabi=lp64' '-dumpdir' 'CMakeFiles/cmTC_a2c34.dir/']
  ignore line: [ /opt/cross-pi-gcc-12.2.0-64/bin/../lib/gcc/aarch64-linux-gnu/12.2.0/../../../../aarch64-linux-gnu/bin/as -v -EL -march=armv8-a+fp+simd -mabi=lp64 -o CMakeFiles/cmTC_a2c34.dir/CMakeCXXCompilerABI.cpp.o /tmp/ccRlAHlJ.s]
  ignore line: [GNU assembler version 2.40 (aarch64-linux-gnu) using BFD version (GNU Binutils) 2.40]
  ignore line: [COMPILER_PATH=/opt/cross-pi-gcc-12.2.0-64/bin/../libexec/gcc/aarch64-linux-gnu/12.2.0/:/opt/cross-pi-gcc-12.2.0-64/bin/../libexec/gcc/:/opt/cross-pi-gcc-12.2.0-64/bin/../lib/gcc/aarch64-linux-gnu/12.2.0/../../../../aarch64-linux-gnu/bin/]
  ignore line: [LIBRARY_PATH=/opt/cross-pi-gcc-12.2.0-64/bin/../lib/gcc/aarch64-linux-gnu/12.2.0/:/opt/cross-pi-gcc-12.2.0-64/bin/../lib/gcc/:/opt/cross-pi-gcc-12.2.0-64/bin/../lib/gcc/aarch64-linux-gnu/12.2.0/../../../../aarch64-linux-gnu/lib/../lib64/:/opt/cross-pi-gcc-12.2.0-64/bin/../aarch64-linux-gnu/libc/lib/../lib64/:/opt/cross-pi-gcc-12.2.0-64/bin/../aarch64-linux-gnu/libc/usr/lib/../lib64/:/opt/cross-pi-gcc-12.2.0-64/bin/../lib/gcc/aarch64-linux-gnu/12.2.0/../../../../aarch64-linux-gnu/lib/:/opt/cross-pi-gcc-12.2.0-64/bin/../aarch64-linux-gnu/libc/lib/:/opt/cross-pi-gcc-12.2.0-64/bin/../aarch64-linux-gnu/libc/usr/lib/]
  ignore line: [COLLECT_GCC_OPTIONS='-v' '-o' 'CMakeFiles/cmTC_a2c34.dir/CMakeCXXCompilerABI.cpp.o' '-c' '-shared-libgcc' '-march=armv8-a+fp+simd' '-mlittle-endian' '-mabi=lp64' '-dumpdir' 'CMakeFiles/cmTC_a2c34.dir/CMakeCXXCompilerABI.cpp.']
  ignore line: [Linking CXX executable cmTC_a2c34]
  ignore line: [/usr/bin/cmake -E cmake_link_script CMakeFiles/cmTC_a2c34.dir/link.txt --verbose=1]
  ignore line: [/opt/cross-pi-gcc-12.2.0-64/bin/aarch64-linux-gnu-g++  -v CMakeFiles/cmTC_a2c34.dir/CMakeCXXCompilerABI.cpp.o -o cmTC_a2c34 ]
  ignore line: [Using built-in specs.]
  ignore line: [COLLECT_GCC=/opt/cross-pi-gcc-12.2.0-64/bin/aarch64-linux-gnu-g++]
  ignore line: [COLLECT_LTO_WRAPPER=/opt/cross-pi-gcc-12.2.0-64/bin/../libexec/gcc/aarch64-linux-gnu/12.2.0/lto-wrapper]
  ignore line: [Target: aarch64-linux-gnu]
  ignore line: [Configured with: ../configure --prefix= --target=aarch64-linux-gnu --enable-languages=c c++ fortran --with-sysroot=/aarch64-linux-gnu/libc --with-build-sysroot=/tmp/cross-pi-gcc-12.2.0-64/aarch64-linux-gnu/libc --with-arch=armv8-a+fp+simd --disable-multilib]
  ignore line: [Thread model: posix]
  ignore line: [Supported LTO compression algorithms: zlib]
  ignore line: [gcc version 12.2.0 (GCC) ]
  ignore line: [COMPILER_PATH=/opt/cross-pi-gcc-12.2.0-64/bin/../libexec/gcc/aarch64-linux-gnu/12.2.0/:/opt/cross-pi-gcc-12.2.0-64/bin/../libexec/gcc/:/opt/cross-pi-gcc-12.2.0-64/bin/../lib/gcc/aarch64-linux-gnu/12.2.0/../../../../aarch64-linux-gnu/bin/]
  ignore line: [LIBRARY_PATH=/opt/cross-pi-gcc-12.2.0-64/bin/../lib/gcc/aarch64-linux-gnu/12.2.0/:/opt/cross-pi-gcc-12.2.0-64/bin/../lib/gcc/:/opt/cross-pi-gcc-12.2.0-64/bin/../lib/gcc/aarch64-linux-gnu/12.2.0/../../../../aarch64-linux-gnu/lib/../lib64/:/opt/cross-pi-gcc-12.2.0-64/bin/../aarch64-linux-gnu/libc/lib/../lib64/:/opt/cross-pi-gcc-12.2.0-64/bin/../aarch64-linux-gnu/libc/usr/lib/../lib64/:/opt/cross-pi-gcc-12.2.0-64/bin/../lib/gcc/aarch64-linux-gnu/12.2.0/../../../../aarch64-linux-gnu/lib/:/opt/cross-pi-gcc-12.2.0-64/bin/../aarch64-linux-gnu/libc/lib/:/opt/cross-pi-gcc-12.2.0-64/bin/../aarch64-linux-gnu/libc/usr/lib/]
  ignore line: [COLLECT_GCC_OPTIONS='-v' '-o' 'cmTC_a2c34' '-shared-libgcc' '-march=armv8-a+fp+simd' '-mlittle-endian' '-mabi=lp64' '-dumpdir' 'cmTC_a2c34.']
  link line: [ /opt/cross-pi-gcc-12.2.0-64/bin/../libexec/gcc/aarch64-linux-gnu/12.2.0/collect2 -plugin /opt/cross-pi-gcc-12.2.0-64/bin/../libexec/gcc/aarch64-linux-gnu/12.2.0/liblto_plugin.so -plugin-opt=/opt/cross-pi-gcc-12.2.0-64/bin/../libexec/gcc/aarch64-linux-gnu/12.2.0/lto-wrapper -plugin-opt=-fresolution=/tmp/cc65zMOp.res -plugin-opt=-pass-through=-lgcc_s -plugin-opt=-pass-through=-lgcc -plugin-opt=-pass-through=-lc -plugin-opt=-pass-through=-lgcc_s -plugin-opt=-pass-through=-lgcc --sysroot=/opt/cross-pi-gcc-12.2.0-64/bin/../aarch64-linux-gnu/libc --eh-frame-hdr -dynamic-linker /lib/ld-linux-aarch64.so.1 -X -EL -maarch64linux -o cmTC_a2c34 /opt/cross-pi-gcc-12.2.0-64/bin/../aarch64-linux-gnu/libc/usr/lib/../lib64/crt1.o /opt/cross-pi-gcc-12.2.0-64/bin/../aarch64-linux-gnu/libc/usr/lib/../lib64/crti.o /opt/cross-pi-gcc-12.2.0-64/bin/../lib/gcc/aarch64-linux-gnu/12.2.0/crtbegin.o -L/opt/cross-pi-gcc-12.2.0-64/bin/../lib/gcc/aarch64-linux-gnu/12.2.0 -L/opt/cross-pi-gcc-12.2.0-64/bin/../lib/gcc -L/opt/cross-pi-gcc-12.2.0-64/bin/../lib/gcc/aarch64-linux-gnu/12.2.0/../../../../aarch64-linux-gnu/lib/../lib64 -L/opt/cross-pi-gcc-12.2.0-64/bin/../aarch64-linux-gnu/libc/lib/../lib64 -L/opt/cross-pi-gcc-12.2.0-64/bin/../aarch64-linux-gnu/libc/usr/lib/../lib64 -L/opt/cross-pi-gcc-12.2.0-64/bin/../lib/gcc/aarch64-linux-gnu/12.2.0/../../../../aarch64-linux-gnu/lib -L/opt/cross-pi-gcc-12.2.0-64/bin/../aarch64-linux-gnu/libc/lib -L/opt/cross-pi-gcc-12.2.0-64/bin/../aarch64-linux-gnu/libc/usr/lib CMakeFiles/cmTC_a2c34.dir/CMakeCXXCompilerABI.cpp.o -lstdc++ -lm -lgcc_s -lgcc -lc -lgcc_s -lgcc /opt/cross-pi-gcc-12.2.0-64/bin/../lib/gcc/aarch64-linux-gnu/12.2.0/crtend.o /opt/cross-pi-gcc-12.2.0-64/bin/../aarch64-linux-gnu/libc/usr/lib/../lib64/crtn.o]
    arg [/opt/cross-pi-gcc-12.2.0-64/bin/../libexec/gcc/aarch64-linux-gnu/12.2.0/collect2] ==> ignore
    arg [-plugin] ==> ignore
    arg [/opt/cross-pi-gcc-12.2.0-64/bin/../libexec/gcc/aarch64-linux-gnu/12.2.0/liblto_plugin.so] ==> ignore
    arg [-plugin-opt=/opt/cross-pi-gcc-12.2.0-64/bin/../libexec/gcc/aarch64-linux-gnu/12.2.0/lto-wrapper] ==> ignore
    arg [-plugin-opt=-fresolution=/tmp/cc65zMOp.res] ==> ignore
    arg [-plugin-opt=-pass-through=-lgcc_s] ==> ignore
    arg [-plugin-opt=-pass-through=-lgcc] ==> ignore
    arg [-plugin-opt=-pass-through=-lc] ==> ignore
    arg [-plugin-opt=-pass-through=-lgcc_s] ==> ignore
    arg [-plugin-opt=-pass-through=-lgcc] ==> ignore
    arg [--sysroot=/opt/cross-pi-gcc-12.2.0-64/bin/../aarch64-linux-gnu/libc] ==> ignore
    arg [--eh-frame-hdr] ==> ignore
    arg [-dynamic-linker] ==> ignore
    arg [/lib/ld-linux-aarch64.so.1] ==> ignore
    arg [-X] ==> ignore
    arg [-EL] ==> ignore
    arg [-maarch64linux] ==> ignore
    arg [-o] ==> ignore
    arg [cmTC_a2c34] ==> ignore
    arg [/opt/cross-pi-gcc-12.2.0-64/bin/../aarch64-linux-gnu/libc/usr/lib/../lib64/crt1.o] ==> obj [/opt/cross-pi-gcc-12.2.0-64/bin/../aarch64-linux-gnu/libc/usr/lib/../lib64/crt1.o]
    arg [/opt/cross-pi-gcc-12.2.0-64/bin/../aarch64-linux-gnu/libc/usr/lib/../lib64/crti.o] ==> obj [/opt/cross-pi-gcc-12.2.0-64/bin/../aarch64-linux-gnu/libc/usr/lib/../lib64/crti.o]
    arg [/opt/cross-pi-gcc-12.2.0-64/bin/../lib/gcc/aarch64-linux-gnu/12.2.0/crtbegin.o] ==> obj [/opt/cross-pi-gcc-12.2.0-64/bin/../lib/gcc/aarch64-linux-gnu/12.2.0/crtbegin.o]
    arg [-L/opt/cross-pi-gcc-12.2.0-64/bin/../lib/gcc/aarch64-linux-gnu/12.2.0] ==> dir [/opt/cross-pi-gcc-12.2.0-64/bin/../lib/gcc/aarch64-linux-gnu/12.2.0]
    arg [-L/opt/cross-pi-gcc-12.2.0-64/bin/../lib/gcc] ==> dir [/opt/cross-pi-gcc-12.2.0-64/bin/../lib/gcc]
    arg [-L/opt/cross-pi-gcc-12.2.0-64/bin/../lib/gcc/aarch64-linux-gnu/12.2.0/../../../../aarch64-linux-gnu/lib/../lib64] ==> dir [/opt/cross-pi-gcc-12.2.0-64/bin/../lib/gcc/aarch64-linux-gnu/12.2.0/../../../../aarch64-linux-gnu/lib/../lib64]
    arg [-L/opt/cross-pi-gcc-12.2.0-64/bin/../aarch64-linux-gnu/libc/lib/../lib64] ==> dir [/opt/cross-pi-gcc-12.2.0-64/bin/../aarch64-linux-gnu/libc/lib/../lib64]
    arg [-L/opt/cross-pi-gcc-12.2.0-64/bin/../aarch64-linux-gnu/libc/usr/lib/../lib64] ==> dir [/opt/cross-pi-gcc-12.2.0-64/bin/../aarch64-linux-gnu/libc/usr/lib/../lib64]
    arg [-L/opt/cross-pi-gcc-12.2.0-64/bin/../lib/gcc/aarch64-linux-gnu/12.2.0/../../../../aarch64-linux-gnu/lib] ==> dir [/opt/cross-pi-gcc-12.2.0-64/bin/../lib/gcc/aarch64-linux-gnu/12.2.0/../../../../aarch64-linux-gnu/lib]
    arg [-L/opt/cross-pi-gcc-12.2.0-64/bin/../aarch64-linux-gnu/libc/lib] ==> dir [/opt/cross-pi-gcc-12.2.0-64/bin/../aarch64-linux-gnu/libc/lib]
    arg [-L/opt/cross-pi-gcc-12.2.0-64/bin/../aarch64-linux-gnu/libc/usr/lib] ==> dir [/opt/cross-pi-gcc-12.2.0-64/bin/../aarch64-linux-gnu/libc/usr/lib]
    arg [CMakeFiles/cmTC_a2c34.dir/CMakeCXXCompilerABI.cpp.o] ==> ignore
    arg [-lstdc++] ==> lib [stdc++]
    arg [-lm] ==> lib [m]
    arg [-lgcc_s] ==> lib [gcc_s]
    arg [-lgcc] ==> lib [gcc]
    arg [-lc] ==> lib [c]
    arg [-lgcc_s] ==> lib [gcc_s]
    arg [-lgcc] ==> lib [gcc]
    arg [/opt/cross-pi-gcc-12.2.0-64/bin/../lib/gcc/aarch64-linux-gnu/12.2.0/crtend.o] ==> obj [/opt/cross-pi-gcc-12.2.0-64/bin/../lib/gcc/aarch64-linux-gnu/12.2.0/crtend.o]
    arg [/opt/cross-pi-gcc-12.2.0-64/bin/../aarch64-linux-gnu/libc/usr/lib/../lib64/crtn.o] ==> obj [/opt/cross-pi-gcc-12.2.0-64/bin/../aarch64-linux-gnu/libc/usr/lib/../lib64/crtn.o]
  collapse obj [/opt/cross-pi-gcc-12.2.0-64/bin/../aarch64-linux-gnu/libc/usr/lib/../lib64/crt1.o] ==> [/opt/cross-pi-gcc-12.2.0-64/aarch64-linux-gnu/libc/usr/lib64/crt1.o]
  collapse obj [/opt/cross-pi-gcc-12.2.0-64/bin/../aarch64-linux-gnu/libc/usr/lib/../lib64/crti.o] ==> [/opt/cross-pi-gcc-12.2.0-64/aarch64-linux-gnu/libc/usr/lib64/crti.o]
  collapse obj [/opt/cross-pi-gcc-12.2.0-64/bin/../lib/gcc/aarch64-linux-gnu/12.2.0/crtbegin.o] ==> [/opt/cross-pi-gcc-12.2.0-64/lib/gcc/aarch64-linux-gnu/12.2.0/crtbegin.o]
  collapse obj [/opt/cross-pi-gcc-12.2.0-64/bin/../lib/gcc/aarch64-linux-gnu/12.2.0/crtend.o] ==> [/opt/cross-pi-gcc-12.2.0-64/lib/gcc/aarch64-linux-gnu/12.2.0/crtend.o]
  collapse obj [/opt/cross-pi-gcc-12.2.0-64/bin/../aarch64-linux-gnu/libc/usr/lib/../lib64/crtn.o] ==> [/opt/cross-pi-gcc-12.2.0-64/aarch64-linux-gnu/libc/usr/lib64/crtn.o]
  collapse library dir [/opt/cross-pi-gcc-12.2.0-64/bin/../lib/gcc/aarch64-linux-gnu/12.2.0] ==> [/opt/cross-pi-gcc-12.2.0-64/lib/gcc/aarch64-linux-gnu/12.2.0]
  collapse library dir [/opt/cross-pi-gcc-12.2.0-64/bin/../lib/gcc] ==> [/opt/cross-pi-gcc-12.2.0-64/lib/gcc]
  collapse library dir [/opt/cross-pi-gcc-12.2.0-64/bin/../lib/gcc/aarch64-linux-gnu/12.2.0/../../../../aarch64-linux-gnu/lib/../lib64] ==> [/opt/cross-pi-gcc-12.2.0-64/aarch64-linux-gnu/lib64]
  collapse library dir [/opt/cross-pi-gcc-12.2.0-64/bin/../aarch64-linux-gnu/libc/lib/../lib64] ==> [/opt/cross-pi-gcc-12.2.0-64/aarch64-linux-gnu/libc/lib64]
  collapse library dir [/opt/cross-pi-gcc-12.2.0-64/bin/../aarch64-linux-gnu/libc/usr/lib/../lib64] ==> [/opt/cross-pi-gcc-12.2.0-64/aarch64-linux-gnu/libc/usr/lib64]
  collapse library dir [/opt/cross-pi-gcc-12.2.0-64/bin/../lib/gcc/aarch64-linux-gnu/12.2.0/../../../../aarch64-linux-gnu/lib] ==> [/opt/cross-pi-gcc-12.2.0-64/aarch64-linux-gnu/lib]
  collapse library dir [/opt/cross-pi-gcc-12.2.0-64/bin/../aarch64-linux-gnu/libc/lib] ==> [/opt/cross-pi-gcc-12.2.0-64/aarch64-linux-gnu/libc/lib]
  collapse library dir [/opt/cross-pi-gcc-12.2.0-64/bin/../aarch64-linux-gnu/libc/usr/lib] ==> [/opt/cross-pi-gcc-12.2.0-64/aarch64-linux-gnu/libc/usr/lib]
  implicit libs: [stdc++;m;gcc_s;gcc;c;gcc_s;gcc]
  implicit objs: [/opt/cross-pi-gcc-12.2.0-64/aarch64-linux-gnu/libc/usr/lib64/crt1.o;/opt/cross-pi-gcc-12.2.0-64/aarch64-linux-gnu/libc/usr/lib64/crti.o;/opt/cross-pi-gcc-12.2.0-64/lib/gcc/aarch64-linux-gnu/12.2.0/crtbegin.o;/opt/cross-pi-gcc-12.2.0-64/lib/gcc/aarch64-linux-gnu/12.2.0/crtend.o;/opt/cross-pi-gcc-12.2.0-64/aarch64-linux-gnu/libc/usr/lib64/crtn.o]
  implicit dirs: [/opt/cross-pi-gcc-12.2.0-64/lib/gcc/aarch64-linux-gnu/12.2.0;/opt/cross-pi-gcc-12.2.0-64/lib/gcc;/opt/cross-pi-gcc-12.2.0-64/aarch64-linux-gnu/lib64;/opt/cross-pi-gcc-12.2.0-64/aarch64-linux-gnu/libc/lib64;/opt/cross-pi-gcc-12.2.0-64/aarch64-linux-gnu/libc/usr/lib64;/opt/cross-pi-gcc-12.2.0-64/aarch64-linux-gnu/lib;/opt/cross-pi-gcc-12.2.0-64/aarch64-linux-gnu/libc/lib;/opt/cross-pi-gcc-12.2.0-64/aarch64-linux-gnu/libc/usr/lib]
  implicit fwks: []


Determining if the include file pthread.h exists passed with the following output:
Change Dir: /root/workspace/build/CMakeFiles/CMakeTmp

Run Build Command(s):/usr/bin/gmake -f Makefile cmTC_0793e/fast && /usr/bin/gmake  -f CMakeFiles/cmTC_0793e.dir/build.make CMakeFiles/cmTC_0793e.dir/build
gmake[1]: Entering directory '/root/workspace/build/CMakeFiles/CMakeTmp'
Building C object CMakeFiles/cmTC_0793e.dir/CheckIncludeFile.c.o
/opt/cross-pi-gcc-12.2.0-64/bin/aarch64-linux-gnu-gcc    -o CMakeFiles/cmTC_0793e.dir/CheckIncludeFile.c.o -c /root/workspace/build/CMakeFiles/CMakeTmp/CheckIncludeFile.c
Linking C executable cmTC_0793e
/usr/bin/cmake -E cmake_link_script CMakeFiles/cmTC_0793e.dir/link.txt --verbose=1
/opt/cross-pi-gcc-12.2.0-64/bin/aarch64-linux-gnu-gcc CMakeFiles/cmTC_0793e.dir/CheckIncludeFile.c.o -o cmTC_0793e 
gmake[1]: Leaving directory '/root/workspace/build/CMakeFiles/CMakeTmp'



Performing C SOURCE FILE Test CMAKE_HAVE_LIBC_PTHREAD succeeded with the following output:
Change Dir: /root/workspace/build/CMakeFiles/CMakeTmp

Run Build Command(s):/usr/bin/gmake -f Makefile cmTC_71aaf/fast && /usr/bin/gmake  -f CMakeFiles/cmTC_71aaf.dir/build.make CMakeFiles/cmTC_71aaf.dir/build
gmake[1]: Entering directory '/root/workspace/build/CMakeFiles/CMakeTmp'
Building C object CMakeFiles/cmTC_71aaf.dir/src.c.o
/opt/cross-pi-gcc-12.2.0-64/bin/aarch64-linux-gnu-gcc -DCMAKE_HAVE_LIBC_PTHREAD   -o CMakeFiles/cmTC_71aaf.dir/src.c.o -c /root/workspace/build/CMakeFiles/CMakeTmp/src.c
Linking C executable cmTC_71aaf
/usr/bin/cmake -E cmake_link_script CMakeFiles/cmTC_71aaf.dir/link.txt --verbose=1
/opt/cross-pi-gcc-12.2.0-64/bin/aarch64-linux-gnu-gcc CMakeFiles/cmTC_71aaf.dir/src.c.o -o cmTC_71aaf 
gmake[1]: Leaving directory '/root/workspace/build/CMakeFiles/CMakeTmp'


Source file was:
#include <pthread.h>

static void* test_func(void* data)
{
  return data;
}

int main(void)
{
  pthread_t thread;
  pthread_create(&thread, NULL, test_func, NULL);
  pthread_detach(thread);
  pthread_cancel(thread);
  pthread_join(thread, NULL);
  pthread_atfork(NULL, NULL, NULL);
  pthread_exit(NULL);

  return 0;
}

