Build output check failed:
    Regex: 'command[- ]line option .* is valid for .* but not for C'
    Output line: 'cc1: warning: command-line option '-Wnon-virtual-dtor' is valid for C++/ObjC++ but not for C'
Compilation failed:
    source file: '/root/workspace/HPC_DDS_Machine/build_opencv/CMakeFiles/CMakeTmp/src.c'
    check option: ' -fsigned-char -W -Wall -Wreturn-type  -Wnon-virtual-dtor'
===== BUILD LOG =====
Change Dir: /root/workspace/HPC_DDS_Machine/build_opencv/CMakeFiles/CMakeTmp

Run Build Command(s):/usr/bin/gmake -f Makefile cmTC_09ecb/fast && /usr/bin/gmake  -f CMakeFiles/cmTC_09ecb.dir/build.make CMakeFiles/cmTC_09ecb.dir/build
gmake[1]: Entering directory '/root/workspace/HPC_DDS_Machine/build_opencv/CMakeFiles/CMakeTmp'
Building C object CMakeFiles/cmTC_09ecb.dir/src.c.o
/opt/cross-pi-gcc-12.2.0-64/bin/aarch64-linux-gnu-gcc   -O3 -DNDEBUG -fPIE    -fsigned-char -W -Wall -Wreturn-type  -Wnon-virtual-dtor -o CMakeFiles/cmTC_09ecb.dir/src.c.o -c /root/workspace/HPC_DDS_Machine/build_opencv/CMakeFiles/CMakeTmp/src.c
cc1: warning: command-line option '-Wnon-virtual-dtor' is valid for C++/ObjC++ but not for C
/root/workspace/HPC_DDS_Machine/build_opencv/CMakeFiles/CMakeTmp/src.c:1: warning: ignoring '#pragma  ' [-Wunknown-pragmas]
    1 | #pragma
      | 
Linking C executable cmTC_09ecb
/usr/bin/cmake -E cmake_link_script CMakeFiles/cmTC_09ecb.dir/link.txt --verbose=1
/opt/cross-pi-gcc-12.2.0-64/bin/aarch64-linux-gnu-gcc -O3 -DNDEBUG CMakeFiles/cmTC_09ecb.dir/src.c.o -o cmTC_09ecb 
gmake[1]: Leaving directory '/root/workspace/HPC_DDS_Machine/build_opencv/CMakeFiles/CMakeTmp'


===== END =====

Build output check failed:
    Regex: 'command[- ]line option .* is valid for .* but not for C\+\+'
    Output line: 'cc1plus: warning: command-line option '-Wmissing-prototypes' is valid for C/ObjC but not for C++'
Compilation failed:
    source file: '/root/workspace/HPC_DDS_Machine/build_opencv/CMakeFiles/CMakeTmp/src.cxx'
    check option: ' -fsigned-char -W -Wall -Wreturn-type -Wnon-virtual-dtor -Waddress -Wsequence-point -Wformat -Wformat-security -Wmissing-declarations  -Wmissing-prototypes'
===== BUILD LOG =====
Change Dir: /root/workspace/HPC_DDS_Machine/build_opencv/CMakeFiles/CMakeTmp

Run Build Command(s):/usr/bin/gmake -f Makefile cmTC_d8bde/fast && /usr/bin/gmake  -f CMakeFiles/cmTC_d8bde.dir/build.make CMakeFiles/cmTC_d8bde.dir/build
gmake[1]: Entering directory '/root/workspace/HPC_DDS_Machine/build_opencv/CMakeFiles/CMakeTmp'
Building CXX object CMakeFiles/cmTC_d8bde.dir/src.cxx.o
/opt/cross-pi-gcc-12.2.0-64/bin/aarch64-linux-gnu-g++   -O3 -DNDEBUG -fPIE    -fsigned-char -W -Wall -Wreturn-type -Wnon-virtual-dtor -Waddress -Wsequence-point -Wformat -Wformat-security -Wmissing-declarations  -Wmissing-prototypes -std=c++11 -o CMakeFiles/cmTC_d8bde.dir/src.cxx.o -c /root/workspace/HPC_DDS_Machine/build_opencv/CMakeFiles/CMakeTmp/src.cxx
cc1plus: warning: command-line option '-Wmissing-prototypes' is valid for C/ObjC but not for C++
/root/workspace/HPC_DDS_Machine/build_opencv/CMakeFiles/CMakeTmp/src.cxx:1: warning: ignoring '#pragma  ' [-Wunknown-pragmas]
    1 | #pragma
      | 
Linking CXX executable cmTC_d8bde
/usr/bin/cmake -E cmake_link_script CMakeFiles/cmTC_d8bde.dir/link.txt --verbose=1
/opt/cross-pi-gcc-12.2.0-64/bin/aarch64-linux-gnu-g++ -O3 -DNDEBUG CMakeFiles/cmTC_d8bde.dir/src.cxx.o -o cmTC_d8bde 
gmake[1]: Leaving directory '/root/workspace/HPC_DDS_Machine/build_opencv/CMakeFiles/CMakeTmp'


===== END =====

Build output check failed:
    Regex: 'command[- ]line option .* is valid for .* but not for C\+\+'
    Output line: 'cc1plus: warning: command-line option '-Wstrict-prototypes' is valid for C/ObjC but not for C++'
Compilation failed:
    source file: '/root/workspace/HPC_DDS_Machine/build_opencv/CMakeFiles/CMakeTmp/src.cxx'
    check option: ' -fsigned-char -W -Wall -Wreturn-type -Wnon-virtual-dtor -Waddress -Wsequence-point -Wformat -Wformat-security -Wmissing-declarations  -Wstrict-prototypes'
===== BUILD LOG =====
Change Dir: /root/workspace/HPC_DDS_Machine/build_opencv/CMakeFiles/CMakeTmp

Run Build Command(s):/usr/bin/gmake -f Makefile cmTC_c9e4e/fast && /usr/bin/gmake  -f CMakeFiles/cmTC_c9e4e.dir/build.make CMakeFiles/cmTC_c9e4e.dir/build
gmake[1]: Entering directory '/root/workspace/HPC_DDS_Machine/build_opencv/CMakeFiles/CMakeTmp'
Building CXX object CMakeFiles/cmTC_c9e4e.dir/src.cxx.o
/opt/cross-pi-gcc-12.2.0-64/bin/aarch64-linux-gnu-g++   -O3 -DNDEBUG -fPIE    -fsigned-char -W -Wall -Wreturn-type -Wnon-virtual-dtor -Waddress -Wsequence-point -Wformat -Wformat-security -Wmissing-declarations  -Wstrict-prototypes -std=c++11 -o CMakeFiles/cmTC_c9e4e.dir/src.cxx.o -c /root/workspace/HPC_DDS_Machine/build_opencv/CMakeFiles/CMakeTmp/src.cxx
cc1plus: warning: command-line option '-Wstrict-prototypes' is valid for C/ObjC but not for C++
/root/workspace/HPC_DDS_Machine/build_opencv/CMakeFiles/CMakeTmp/src.cxx:1: warning: ignoring '#pragma  ' [-Wunknown-pragmas]
    1 | #pragma
      | 
Linking CXX executable cmTC_c9e4e
/usr/bin/cmake -E cmake_link_script CMakeFiles/cmTC_c9e4e.dir/link.txt --verbose=1
/opt/cross-pi-gcc-12.2.0-64/bin/aarch64-linux-gnu-g++ -O3 -DNDEBUG CMakeFiles/cmTC_c9e4e.dir/src.cxx.o -o cmTC_c9e4e 
gmake[1]: Leaving directory '/root/workspace/HPC_DDS_Machine/build_opencv/CMakeFiles/CMakeTmp'


===== END =====

Build output check failed:
    Regex: 'command[- ]line option .* is valid for .* but not for C'
    Output line: 'cc1: warning: command-line option '-Wsign-promo' is valid for C++/ObjC++ but not for C'
Compilation failed:
    source file: '/root/workspace/HPC_DDS_Machine/build_opencv/CMakeFiles/CMakeTmp/src.c'
    check option: ' -fsigned-char -W -Wall -Wreturn-type -Waddress -Wsequence-point -Wformat -Wformat-security -Wmissing-declarations -Wmissing-prototypes -Wstrict-prototypes -Wundef -Winit-self -Wpointer-arith -Wshadow  -Wsign-promo'
===== BUILD LOG =====
Change Dir: /root/workspace/HPC_DDS_Machine/build_opencv/CMakeFiles/CMakeTmp

Run Build Command(s):/usr/bin/gmake -f Makefile cmTC_28b64/fast && /usr/bin/gmake  -f CMakeFiles/cmTC_28b64.dir/build.make CMakeFiles/cmTC_28b64.dir/build
gmake[1]: Entering directory '/root/workspace/HPC_DDS_Machine/build_opencv/CMakeFiles/CMakeTmp'
Building C object CMakeFiles/cmTC_28b64.dir/src.c.o
/opt/cross-pi-gcc-12.2.0-64/bin/aarch64-linux-gnu-gcc   -O3 -DNDEBUG -fPIE    -fsigned-char -W -Wall -Wreturn-type -Waddress -Wsequence-point -Wformat -Wformat-security -Wmissing-declarations -Wmissing-prototypes -Wstrict-prototypes -Wundef -Winit-self -Wpointer-arith -Wshadow  -Wsign-promo -o CMakeFiles/cmTC_28b64.dir/src.c.o -c /root/workspace/HPC_DDS_Machine/build_opencv/CMakeFiles/CMakeTmp/src.c
cc1: warning: command-line option '-Wsign-promo' is valid for C++/ObjC++ but not for C
/root/workspace/HPC_DDS_Machine/build_opencv/CMakeFiles/CMakeTmp/src.c:1: warning: ignoring '#pragma  ' [-Wunknown-pragmas]
    1 | #pragma
      | 
Linking C executable cmTC_28b64
/usr/bin/cmake -E cmake_link_script CMakeFiles/cmTC_28b64.dir/link.txt --verbose=1
/opt/cross-pi-gcc-12.2.0-64/bin/aarch64-linux-gnu-gcc -O3 -DNDEBUG CMakeFiles/cmTC_28b64.dir/src.c.o -o cmTC_28b64 
gmake[1]: Leaving directory '/root/workspace/HPC_DDS_Machine/build_opencv/CMakeFiles/CMakeTmp'


===== END =====

Build output check failed:
    Regex: 'command[- ]line option .* is valid for .* but not for C'
    Output line: 'cc1: warning: command-line option '-Wsuggest-override' is valid for C++/ObjC++ but not for C'
Compilation failed:
    source file: '/root/workspace/HPC_DDS_Machine/build_opencv/CMakeFiles/CMakeTmp/src.c'
    check option: ' -fsigned-char -W -Wall -Wreturn-type -Waddress -Wsequence-point -Wformat -Wformat-security -Wmissing-declarations -Wmissing-prototypes -Wstrict-prototypes -Wundef -Winit-self -Wpointer-arith -Wshadow -Wuninitialized  -Wsuggest-override'
===== BUILD LOG =====
Change Dir: /root/workspace/HPC_DDS_Machine/build_opencv/CMakeFiles/CMakeTmp

Run Build Command(s):/usr/bin/gmake -f Makefile cmTC_b0e9c/fast && /usr/bin/gmake  -f CMakeFiles/cmTC_b0e9c.dir/build.make CMakeFiles/cmTC_b0e9c.dir/build
gmake[1]: Entering directory '/root/workspace/HPC_DDS_Machine/build_opencv/CMakeFiles/CMakeTmp'
Building C object CMakeFiles/cmTC_b0e9c.dir/src.c.o
/opt/cross-pi-gcc-12.2.0-64/bin/aarch64-linux-gnu-gcc   -O3 -DNDEBUG -fPIE    -fsigned-char -W -Wall -Wreturn-type -Waddress -Wsequence-point -Wformat -Wformat-security -Wmissing-declarations -Wmissing-prototypes -Wstrict-prototypes -Wundef -Winit-self -Wpointer-arith -Wshadow -Wuninitialized  -Wsuggest-override -o CMakeFiles/cmTC_b0e9c.dir/src.c.o -c /root/workspace/HPC_DDS_Machine/build_opencv/CMakeFiles/CMakeTmp/src.c
cc1: warning: command-line option '-Wsuggest-override' is valid for C++/ObjC++ but not for C
/root/workspace/HPC_DDS_Machine/build_opencv/CMakeFiles/CMakeTmp/src.c:1: warning: ignoring '#pragma  ' [-Wunknown-pragmas]
    1 | #pragma
      | 
Linking C executable cmTC_b0e9c
/usr/bin/cmake -E cmake_link_script CMakeFiles/cmTC_b0e9c.dir/link.txt --verbose=1
/opt/cross-pi-gcc-12.2.0-64/bin/aarch64-linux-gnu-gcc -O3 -DNDEBUG CMakeFiles/cmTC_b0e9c.dir/src.c.o -o cmTC_b0e9c 
gmake[1]: Leaving directory '/root/workspace/HPC_DDS_Machine/build_opencv/CMakeFiles/CMakeTmp'


===== END =====

Build output check failed:
    Regex: 'command[- ]line option .* is valid for .* but not for C'
    Output line: 'cc1: warning: command-line option '-Wno-delete-non-virtual-dtor' is valid for C++/ObjC++ but not for C'
Compilation failed:
    source file: '/root/workspace/HPC_DDS_Machine/build_opencv/CMakeFiles/CMakeTmp/src.c'
    check option: ' -fsigned-char -W -Wall -Wreturn-type -Waddress -Wsequence-point -Wformat -Wformat-security -Wmissing-declarations -Wmissing-prototypes -Wstrict-prototypes -Wundef -Winit-self -Wpointer-arith -Wshadow -Wuninitialized  -Wno-delete-non-virtual-dtor'
===== BUILD LOG =====
Change Dir: /root/workspace/HPC_DDS_Machine/build_opencv/CMakeFiles/CMakeTmp

Run Build Command(s):/usr/bin/gmake -f Makefile cmTC_977c9/fast && /usr/bin/gmake  -f CMakeFiles/cmTC_977c9.dir/build.make CMakeFiles/cmTC_977c9.dir/build
gmake[1]: Entering directory '/root/workspace/HPC_DDS_Machine/build_opencv/CMakeFiles/CMakeTmp'
Building C object CMakeFiles/cmTC_977c9.dir/src.c.o
/opt/cross-pi-gcc-12.2.0-64/bin/aarch64-linux-gnu-gcc   -O3 -DNDEBUG -fPIE    -fsigned-char -W -Wall -Wreturn-type -Waddress -Wsequence-point -Wformat -Wformat-security -Wmissing-declarations -Wmissing-prototypes -Wstrict-prototypes -Wundef -Winit-self -Wpointer-arith -Wshadow -Wuninitialized  -Wno-delete-non-virtual-dtor -o CMakeFiles/cmTC_977c9.dir/src.c.o -c /root/workspace/HPC_DDS_Machine/build_opencv/CMakeFiles/CMakeTmp/src.c
cc1: warning: command-line option '-Wno-delete-non-virtual-dtor' is valid for C++/ObjC++ but not for C
/root/workspace/HPC_DDS_Machine/build_opencv/CMakeFiles/CMakeTmp/src.c:1: warning: ignoring '#pragma  ' [-Wunknown-pragmas]
    1 | #pragma
      | 
Linking C executable cmTC_977c9
/usr/bin/cmake -E cmake_link_script CMakeFiles/cmTC_977c9.dir/link.txt --verbose=1
/opt/cross-pi-gcc-12.2.0-64/bin/aarch64-linux-gnu-gcc -O3 -DNDEBUG CMakeFiles/cmTC_977c9.dir/src.c.o -o cmTC_977c9 
gmake[1]: Leaving directory '/root/workspace/HPC_DDS_Machine/build_opencv/CMakeFiles/CMakeTmp'


===== END =====

Build output check failed:
    Regex: 'unrecognized .*option'
    Output line: 'cc1plus: note: unrecognized command-line option '-Wno-unnamed-type-template-args' may have been intended to silence earlier diagnostics'
Compilation failed:
    source file: '/root/workspace/HPC_DDS_Machine/build_opencv/CMakeFiles/CMakeTmp/src.cxx'
    check option: ' -fsigned-char -W -Wall -Wreturn-type -Wnon-virtual-dtor -Waddress -Wsequence-point -Wformat -Wformat-security -Wmissing-declarations -Wundef -Winit-self -Wpointer-arith -Wshadow -Wsign-promo -Wuninitialized -Wsuggest-override -Wno-delete-non-virtual-dtor  -Wno-unnamed-type-template-args'
===== BUILD LOG =====
Change Dir: /root/workspace/HPC_DDS_Machine/build_opencv/CMakeFiles/CMakeTmp

Run Build Command(s):/usr/bin/gmake -f Makefile cmTC_6d35a/fast && /usr/bin/gmake  -f CMakeFiles/cmTC_6d35a.dir/build.make CMakeFiles/cmTC_6d35a.dir/build
gmake[1]: Entering directory '/root/workspace/HPC_DDS_Machine/build_opencv/CMakeFiles/CMakeTmp'
Building CXX object CMakeFiles/cmTC_6d35a.dir/src.cxx.o
/opt/cross-pi-gcc-12.2.0-64/bin/aarch64-linux-gnu-g++   -O3 -DNDEBUG -fPIE    -fsigned-char -W -Wall -Wreturn-type -Wnon-virtual-dtor -Waddress -Wsequence-point -Wformat -Wformat-security -Wmissing-declarations -Wundef -Winit-self -Wpointer-arith -Wshadow -Wsign-promo -Wuninitialized -Wsuggest-override -Wno-delete-non-virtual-dtor  -Wno-unnamed-type-template-args -std=c++11 -o CMakeFiles/cmTC_6d35a.dir/src.cxx.o -c /root/workspace/HPC_DDS_Machine/build_opencv/CMakeFiles/CMakeTmp/src.cxx
/root/workspace/HPC_DDS_Machine/build_opencv/CMakeFiles/CMakeTmp/src.cxx:1: warning: ignoring '#pragma  ' [-Wunknown-pragmas]
    1 | #pragma
      | 
cc1plus: note: unrecognized command-line option '-Wno-unnamed-type-template-args' may have been intended to silence earlier diagnostics
Linking CXX executable cmTC_6d35a
/usr/bin/cmake -E cmake_link_script CMakeFiles/cmTC_6d35a.dir/link.txt --verbose=1
/opt/cross-pi-gcc-12.2.0-64/bin/aarch64-linux-gnu-g++ -O3 -DNDEBUG CMakeFiles/cmTC_6d35a.dir/src.cxx.o -o cmTC_6d35a 
gmake[1]: Leaving directory '/root/workspace/HPC_DDS_Machine/build_opencv/CMakeFiles/CMakeTmp'


===== END =====

Build output check failed:
    Regex: 'unrecognized .*option'
    Output line: 'cc1: note: unrecognized command-line option '-Wno-unnamed-type-template-args' may have been intended to silence earlier diagnostics'
Compilation failed:
    source file: '/root/workspace/HPC_DDS_Machine/build_opencv/CMakeFiles/CMakeTmp/src.c'
    check option: ' -fsigned-char -W -Wall -Wreturn-type -Waddress -Wsequence-point -Wformat -Wformat-security -Wmissing-declarations -Wmissing-prototypes -Wstrict-prototypes -Wundef -Winit-self -Wpointer-arith -Wshadow -Wuninitialized  -Wno-unnamed-type-template-args'
===== BUILD LOG =====
Change Dir: /root/workspace/HPC_DDS_Machine/build_opencv/CMakeFiles/CMakeTmp

Run Build Command(s):/usr/bin/gmake -f Makefile cmTC_974c9/fast && /usr/bin/gmake  -f CMakeFiles/cmTC_974c9.dir/build.make CMakeFiles/cmTC_974c9.dir/build
gmake[1]: Entering directory '/root/workspace/HPC_DDS_Machine/build_opencv/CMakeFiles/CMakeTmp'
Building C object CMakeFiles/cmTC_974c9.dir/src.c.o
/opt/cross-pi-gcc-12.2.0-64/bin/aarch64-linux-gnu-gcc   -O3 -DNDEBUG -fPIE    -fsigned-char -W -Wall -Wreturn-type -Waddress -Wsequence-point -Wformat -Wformat-security -Wmissing-declarations -Wmissing-prototypes -Wstrict-prototypes -Wundef -Winit-self -Wpointer-arith -Wshadow -Wuninitialized  -Wno-unnamed-type-template-args -o CMakeFiles/cmTC_974c9.dir/src.c.o -c /root/workspace/HPC_DDS_Machine/build_opencv/CMakeFiles/CMakeTmp/src.c
/root/workspace/HPC_DDS_Machine/build_opencv/CMakeFiles/CMakeTmp/src.c:1: warning: ignoring '#pragma  ' [-Wunknown-pragmas]
    1 | #pragma
      | 
cc1: note: unrecognized command-line option '-Wno-unnamed-type-template-args' may have been intended to silence earlier diagnostics
Linking C executable cmTC_974c9
/usr/bin/cmake -E cmake_link_script CMakeFiles/cmTC_974c9.dir/link.txt --verbose=1
/opt/cross-pi-gcc-12.2.0-64/bin/aarch64-linux-gnu-gcc -O3 -DNDEBUG CMakeFiles/cmTC_974c9.dir/src.c.o -o cmTC_974c9 
gmake[1]: Leaving directory '/root/workspace/HPC_DDS_Machine/build_opencv/CMakeFiles/CMakeTmp'


===== END =====

Build output check failed:
    Regex: 'command[- ]line option .* is valid for .* but not for C'
    Output line: 'cc1: warning: command-line option '-fvisibility-inlines-hidden' is valid for C++/ObjC++ but not for C'
Compilation failed:
    source file: '/root/workspace/HPC_DDS_Machine/build_opencv/CMakeFiles/CMakeTmp/src.c'
    check option: ' -fsigned-char -W -Wall -Wreturn-type -Waddress -Wsequence-point -Wformat -Wformat-security -Wmissing-declarations -Wmissing-prototypes -Wstrict-prototypes -Wundef -Winit-self -Wpointer-arith -Wshadow -Wuninitialized -Wno-comment -Wimplicit-fallthrough=3 -Wno-strict-overflow -fdiagnostics-show-option -pthread -fomit-frame-pointer -ffunction-sections -fdata-sections    -fvisibility=hidden  -fvisibility-inlines-hidden'
===== BUILD LOG =====
Change Dir: /root/workspace/HPC_DDS_Machine/build_opencv/CMakeFiles/CMakeTmp

Run Build Command(s):/usr/bin/gmake -f Makefile cmTC_91191/fast && /usr/bin/gmake  -f CMakeFiles/cmTC_91191.dir/build.make CMakeFiles/cmTC_91191.dir/build
gmake[1]: Entering directory '/root/workspace/HPC_DDS_Machine/build_opencv/CMakeFiles/CMakeTmp'
Building C object CMakeFiles/cmTC_91191.dir/src.c.o
/opt/cross-pi-gcc-12.2.0-64/bin/aarch64-linux-gnu-gcc   -O3 -DNDEBUG -fPIE    -fsigned-char -W -Wall -Wreturn-type -Waddress -Wsequence-point -Wformat -Wformat-security -Wmissing-declarations -Wmissing-prototypes -Wstrict-prototypes -Wundef -Winit-self -Wpointer-arith -Wshadow -Wuninitialized -Wno-comment -Wimplicit-fallthrough=3 -Wno-strict-overflow -fdiagnostics-show-option -pthread -fomit-frame-pointer -ffunction-sections -fdata-sections    -fvisibility=hidden  -fvisibility-inlines-hidden -o CMakeFiles/cmTC_91191.dir/src.c.o -c /root/workspace/HPC_DDS_Machine/build_opencv/CMakeFiles/CMakeTmp/src.c
cc1: warning: command-line option '-fvisibility-inlines-hidden' is valid for C++/ObjC++ but not for C
/root/workspace/HPC_DDS_Machine/build_opencv/CMakeFiles/CMakeTmp/src.c:1: warning: ignoring '#pragma  ' [-Wunknown-pragmas]
    1 | #pragma
      | 
Linking C executable cmTC_91191
/usr/bin/cmake -E cmake_link_script CMakeFiles/cmTC_91191.dir/link.txt --verbose=1
/opt/cross-pi-gcc-12.2.0-64/bin/aarch64-linux-gnu-gcc -O3 -DNDEBUG CMakeFiles/cmTC_91191.dir/src.c.o -o cmTC_91191 
gmake[1]: Leaving directory '/root/workspace/HPC_DDS_Machine/build_opencv/CMakeFiles/CMakeTmp'


===== END =====

Determining size of off64_t failed with the following output:
Change Dir: /root/workspace/HPC_DDS_Machine/build_opencv/CMakeFiles/CMakeTmp

Run Build Command(s):/usr/bin/gmake -f Makefile cmTC_64139/fast && /usr/bin/gmake  -f CMakeFiles/cmTC_64139.dir/build.make CMakeFiles/cmTC_64139.dir/build
gmake[1]: Entering directory '/root/workspace/HPC_DDS_Machine/build_opencv/CMakeFiles/CMakeTmp'
Building C object CMakeFiles/cmTC_64139.dir/OFF64_T.c.o
/opt/cross-pi-gcc-12.2.0-64/bin/aarch64-linux-gnu-gcc   -fsigned-char -W -Wall -Wreturn-type -Waddress -Wsequence-point -Wformat -Wformat-security -Wmissing-declarations -Wmissing-prototypes -Wstrict-prototypes -Wundef -Winit-self -Wpointer-arith -Wshadow -Wuninitialized -Wno-comment -Wimplicit-fallthrough=3 -Wno-strict-overflow -fdiagnostics-show-option -pthread -fomit-frame-pointer -ffunction-sections -fdata-sections    -fvisibility=hidden  -O3 -DNDEBUG  -DNDEBUG -fPIE -o CMakeFiles/cmTC_64139.dir/OFF64_T.c.o -c /root/workspace/HPC_DDS_Machine/build_opencv/CMakeFiles/CheckTypeSize/OFF64_T.c
/root/workspace/HPC_DDS_Machine/build_opencv/CMakeFiles/CheckTypeSize/OFF64_T.c:27:22: error: 'off64_t' undeclared here (not in a function); did you mean 'off_t'?
   27 | #define SIZE (sizeof(off64_t))
      |                      ^~~~~~~
/root/workspace/HPC_DDS_Machine/build_opencv/CMakeFiles/CheckTypeSize/OFF64_T.c:29:12: note: in expansion of macro 'SIZE'
   29 |   ('0' + ((SIZE / 10000)%10)),
      |            ^~~~
gmake[1]: *** [CMakeFiles/cmTC_64139.dir/build.make:78: CMakeFiles/cmTC_64139.dir/OFF64_T.c.o] Error 1
gmake[1]: Leaving directory '/root/workspace/HPC_DDS_Machine/build_opencv/CMakeFiles/CMakeTmp'
gmake: *** [Makefile:127: cmTC_64139/fast] Error 2


/root/workspace/HPC_DDS_Machine/build_opencv/CMakeFiles/CheckTypeSize/OFF64_T.c:
#include <sys/types.h>
#include <stdint.h>
#include <stddef.h>


#undef KEY
#if defined(__i386)
# define KEY '_','_','i','3','8','6'
#elif defined(__x86_64)
# define KEY '_','_','x','8','6','_','6','4'
#elif defined(__PPC64__)
# define KEY '_','_','P','P','C','6','4','_','_'
#elif defined(__ppc64__)
# define KEY '_','_','p','p','c','6','4','_','_'
#elif defined(__PPC__)
# define KEY '_','_','P','P','C','_','_'
#elif defined(__ppc__)
# define KEY '_','_','p','p','c','_','_'
#elif defined(__aarch64__)
# define KEY '_','_','a','a','r','c','h','6','4','_','_'
#elif defined(__ARM_ARCH_7A__)
# define KEY '_','_','A','R','M','_','A','R','C','H','_','7','A','_','_'
#elif defined(__ARM_ARCH_7S__)
# define KEY '_','_','A','R','M','_','A','R','C','H','_','7','S','_','_'
#endif

#define SIZE (sizeof(off64_t))
static char info_size[] =  {'I', 'N', 'F', 'O', ':', 's','i','z','e','[',
  ('0' + ((SIZE / 10000)%10)),
  ('0' + ((SIZE / 1000)%10)),
  ('0' + ((SIZE / 100)%10)),
  ('0' + ((SIZE / 10)%10)),
  ('0' +  (SIZE    % 10)),
  ']',
#ifdef KEY
  ' ','k','e','y','[', KEY, ']',
#endif
  '\0'};

#ifdef __CLASSIC_C__
int main(argc, argv) int argc; char *argv[];
#else
int main(int argc, char *argv[])
#endif
{
  int require = 0;
  require += info_size[argc];
  (void)argv;
  return require;
}


Build output check failed:
    Regex: 'unrecognized .*option'
    Output line: 'cc1: note: unrecognized command-line option '-Wno-shorten-64-to-32' may have been intended to silence earlier diagnostics'
Compilation failed:
    source file: '/root/workspace/HPC_DDS_Machine/build_opencv/CMakeFiles/CMakeTmp/src.c'
    check option: ' -Wno-shorten-64-to-32'
===== BUILD LOG =====
Change Dir: /root/workspace/HPC_DDS_Machine/build_opencv/CMakeFiles/CMakeTmp

Run Build Command(s):/usr/bin/gmake -f Makefile cmTC_b14b2/fast && /usr/bin/gmake  -f CMakeFiles/cmTC_b14b2.dir/build.make CMakeFiles/cmTC_b14b2.dir/build
gmake[1]: Entering directory '/root/workspace/HPC_DDS_Machine/build_opencv/CMakeFiles/CMakeTmp'
Building C object CMakeFiles/cmTC_b14b2.dir/src.c.o
/opt/cross-pi-gcc-12.2.0-64/bin/aarch64-linux-gnu-gcc   -fsigned-char -W -Wall -Wreturn-type -Waddress -Wsequence-point -Wformat -Wformat-security -Wmissing-declarations -Wmissing-prototypes -Wstrict-prototypes -Wundef -Winit-self -Wpointer-arith -Wshadow -Wuninitialized -Wno-comment -Wimplicit-fallthrough=3 -Wno-strict-overflow -fdiagnostics-show-option -pthread -fomit-frame-pointer -ffunction-sections -fdata-sections    -fvisibility=hidden  -O3 -DNDEBUG  -DNDEBUG -fPIE    -Wno-shorten-64-to-32 -o CMakeFiles/cmTC_b14b2.dir/src.c.o -c /root/workspace/HPC_DDS_Machine/build_opencv/CMakeFiles/CMakeTmp/src.c
/root/workspace/HPC_DDS_Machine/build_opencv/CMakeFiles/CMakeTmp/src.c:1: warning: ignoring '#pragma  ' [-Wunknown-pragmas]
    1 | #pragma
      | 
cc1: note: unrecognized command-line option '-Wno-shorten-64-to-32' may have been intended to silence earlier diagnostics
Linking C executable cmTC_b14b2
/usr/bin/cmake -E cmake_link_script CMakeFiles/cmTC_b14b2.dir/link.txt --verbose=1
/opt/cross-pi-gcc-12.2.0-64/bin/aarch64-linux-gnu-gcc    -fsigned-char -W -Wall -Wreturn-type -Waddress -Wsequence-point -Wformat -Wformat-security -Wmissing-declarations -Wmissing-prototypes -Wstrict-prototypes -Wundef -Winit-self -Wpointer-arith -Wshadow -Wuninitialized -Wno-comment -Wimplicit-fallthrough=3 -Wno-strict-overflow -fdiagnostics-show-option -pthread -fomit-frame-pointer -ffunction-sections -fdata-sections    -fvisibility=hidden  -O3 -DNDEBUG  -DNDEBUG   -Wl,--gc-sections -Wl,--as-needed -Wl,--no-undefined  CMakeFiles/cmTC_b14b2.dir/src.c.o -o cmTC_b14b2 
gmake[1]: Leaving directory '/root/workspace/HPC_DDS_Machine/build_opencv/CMakeFiles/CMakeTmp'


===== END =====

Determining if the include file io.h exists failed with the following output:
Change Dir: /root/workspace/HPC_DDS_Machine/build_opencv/CMakeFiles/CMakeTmp

Run Build Command(s):/usr/bin/gmake -f Makefile cmTC_d53d3/fast && /usr/bin/gmake  -f CMakeFiles/cmTC_d53d3.dir/build.make CMakeFiles/cmTC_d53d3.dir/build
gmake[1]: Entering directory '/root/workspace/HPC_DDS_Machine/build_opencv/CMakeFiles/CMakeTmp'
Building C object CMakeFiles/cmTC_d53d3.dir/CheckIncludeFile.c.o
/opt/cross-pi-gcc-12.2.0-64/bin/aarch64-linux-gnu-gcc   -fsigned-char -W -Wall -Wreturn-type -Waddress -Wsequence-point -Wformat -Wformat-security -Wmissing-declarations -Wmissing-prototypes -Wstrict-prototypes -Wundef -Winit-self -Wpointer-arith -Wshadow -Wuninitialized -Wno-comment -Wimplicit-fallthrough=3 -Wno-strict-overflow -fdiagnostics-show-option -pthread -fomit-frame-pointer -ffunction-sections -fdata-sections    -fvisibility=hidden  -O3 -DNDEBUG  -DNDEBUG -fPIE -o CMakeFiles/cmTC_d53d3.dir/CheckIncludeFile.c.o -c /root/workspace/HPC_DDS_Machine/build_opencv/CMakeFiles/CMakeTmp/CheckIncludeFile.c
/root/workspace/HPC_DDS_Machine/build_opencv/CMakeFiles/CMakeTmp/CheckIncludeFile.c:1:10: fatal error: io.h: No such file or directory
    1 | #include <io.h>
      |          ^~~~~~
compilation terminated.
gmake[1]: *** [CMakeFiles/cmTC_d53d3.dir/build.make:78: CMakeFiles/cmTC_d53d3.dir/CheckIncludeFile.c.o] Error 1
gmake[1]: Leaving directory '/root/workspace/HPC_DDS_Machine/build_opencv/CMakeFiles/CMakeTmp'
gmake: *** [Makefile:127: cmTC_d53d3/fast] Error 2



Determining size of INT8 failed with the following output:
Change Dir: /root/workspace/HPC_DDS_Machine/build_opencv/CMakeFiles/CMakeTmp

Run Build Command(s):/usr/bin/gmake -f Makefile cmTC_c1401/fast && /usr/bin/gmake  -f CMakeFiles/cmTC_c1401.dir/build.make CMakeFiles/cmTC_c1401.dir/build
gmake[1]: Entering directory '/root/workspace/HPC_DDS_Machine/build_opencv/CMakeFiles/CMakeTmp'
Building C object CMakeFiles/cmTC_c1401.dir/int8.c.o
/opt/cross-pi-gcc-12.2.0-64/bin/aarch64-linux-gnu-gcc   -fsigned-char -W -Wall -Wreturn-type -Waddress -Wsequence-point -Wformat -Wformat-security -Wmissing-declarations -Wmissing-prototypes -Wstrict-prototypes -Wundef -Winit-self -Wpointer-arith -Wshadow -Wuninitialized -Wno-comment -Wimplicit-fallthrough=3 -Wno-strict-overflow -fdiagnostics-show-option -pthread -fomit-frame-pointer -ffunction-sections -fdata-sections    -fvisibility=hidden  -O3 -DNDEBUG  -DNDEBUG -fPIE -o CMakeFiles/cmTC_c1401.dir/int8.c.o -c /root/workspace/HPC_DDS_Machine/build_opencv/CMakeFiles/CheckTypeSize/int8.c
/root/workspace/HPC_DDS_Machine/build_opencv/CMakeFiles/CheckTypeSize/int8.c:27:22: error: 'INT8' undeclared here (not in a function); did you mean 'INT8_C'?
   27 | #define SIZE (sizeof(INT8))
      |                      ^~~~
/root/workspace/HPC_DDS_Machine/build_opencv/CMakeFiles/CheckTypeSize/int8.c:29:12: note: in expansion of macro 'SIZE'
   29 |   ('0' + ((SIZE / 10000)%10)),
      |            ^~~~
gmake[1]: *** [CMakeFiles/cmTC_c1401.dir/build.make:78: CMakeFiles/cmTC_c1401.dir/int8.c.o] Error 1
gmake[1]: Leaving directory '/root/workspace/HPC_DDS_Machine/build_opencv/CMakeFiles/CMakeTmp'
gmake: *** [Makefile:127: cmTC_c1401/fast] Error 2


/root/workspace/HPC_DDS_Machine/build_opencv/CMakeFiles/CheckTypeSize/int8.c:
#include <sys/types.h>
#include <stdint.h>
#include <stddef.h>


#undef KEY
#if defined(__i386)
# define KEY '_','_','i','3','8','6'
#elif defined(__x86_64)
# define KEY '_','_','x','8','6','_','6','4'
#elif defined(__PPC64__)
# define KEY '_','_','P','P','C','6','4','_','_'
#elif defined(__ppc64__)
# define KEY '_','_','p','p','c','6','4','_','_'
#elif defined(__PPC__)
# define KEY '_','_','P','P','C','_','_'
#elif defined(__ppc__)
# define KEY '_','_','p','p','c','_','_'
#elif defined(__aarch64__)
# define KEY '_','_','a','a','r','c','h','6','4','_','_'
#elif defined(__ARM_ARCH_7A__)
# define KEY '_','_','A','R','M','_','A','R','C','H','_','7','A','_','_'
#elif defined(__ARM_ARCH_7S__)
# define KEY '_','_','A','R','M','_','A','R','C','H','_','7','S','_','_'
#endif

#define SIZE (sizeof(INT8))
static char info_size[] =  {'I', 'N', 'F', 'O', ':', 's','i','z','e','[',
  ('0' + ((SIZE / 10000)%10)),
  ('0' + ((SIZE / 1000)%10)),
  ('0' + ((SIZE / 100)%10)),
  ('0' + ((SIZE / 10)%10)),
  ('0' +  (SIZE    % 10)),
  ']',
#ifdef KEY
  ' ','k','e','y','[', KEY, ']',
#endif
  '\0'};

#ifdef __CLASSIC_C__
int main(argc, argv) int argc; char *argv[];
#else
int main(int argc, char *argv[])
#endif
{
  int require = 0;
  require += info_size[argc];
  (void)argv;
  return require;
}


Determining size of INT16 failed with the following output:
Change Dir: /root/workspace/HPC_DDS_Machine/build_opencv/CMakeFiles/CMakeTmp

Run Build Command(s):/usr/bin/gmake -f Makefile cmTC_1cec2/fast && /usr/bin/gmake  -f CMakeFiles/cmTC_1cec2.dir/build.make CMakeFiles/cmTC_1cec2.dir/build
gmake[1]: Entering directory '/root/workspace/HPC_DDS_Machine/build_opencv/CMakeFiles/CMakeTmp'
Building C object CMakeFiles/cmTC_1cec2.dir/int16.c.o
/opt/cross-pi-gcc-12.2.0-64/bin/aarch64-linux-gnu-gcc   -fsigned-char -W -Wall -Wreturn-type -Waddress -Wsequence-point -Wformat -Wformat-security -Wmissing-declarations -Wmissing-prototypes -Wstrict-prototypes -Wundef -Winit-self -Wpointer-arith -Wshadow -Wuninitialized -Wno-comment -Wimplicit-fallthrough=3 -Wno-strict-overflow -fdiagnostics-show-option -pthread -fomit-frame-pointer -ffunction-sections -fdata-sections    -fvisibility=hidden  -O3 -DNDEBUG  -DNDEBUG -fPIE -o CMakeFiles/cmTC_1cec2.dir/int16.c.o -c /root/workspace/HPC_DDS_Machine/build_opencv/CMakeFiles/CheckTypeSize/int16.c
/root/workspace/HPC_DDS_Machine/build_opencv/CMakeFiles/CheckTypeSize/int16.c:27:22: error: 'INT16' undeclared here (not in a function); did you mean 'INT16_C'?
   27 | #define SIZE (sizeof(INT16))
      |                      ^~~~~
/root/workspace/HPC_DDS_Machine/build_opencv/CMakeFiles/CheckTypeSize/int16.c:29:12: note: in expansion of macro 'SIZE'
   29 |   ('0' + ((SIZE / 10000)%10)),
      |            ^~~~
gmake[1]: *** [CMakeFiles/cmTC_1cec2.dir/build.make:78: CMakeFiles/cmTC_1cec2.dir/int16.c.o] Error 1
gmake[1]: Leaving directory '/root/workspace/HPC_DDS_Machine/build_opencv/CMakeFiles/CMakeTmp'
gmake: *** [Makefile:127: cmTC_1cec2/fast] Error 2


/root/workspace/HPC_DDS_Machine/build_opencv/CMakeFiles/CheckTypeSize/int16.c:
#include <sys/types.h>
#include <stdint.h>
#include <stddef.h>


#undef KEY
#if defined(__i386)
# define KEY '_','_','i','3','8','6'
#elif defined(__x86_64)
# define KEY '_','_','x','8','6','_','6','4'
#elif defined(__PPC64__)
# define KEY '_','_','P','P','C','6','4','_','_'
#elif defined(__ppc64__)
# define KEY '_','_','p','p','c','6','4','_','_'
#elif defined(__PPC__)
# define KEY '_','_','P','P','C','_','_'
#elif defined(__ppc__)
# define KEY '_','_','p','p','c','_','_'
#elif defined(__aarch64__)
# define KEY '_','_','a','a','r','c','h','6','4','_','_'
#elif defined(__ARM_ARCH_7A__)
# define KEY '_','_','A','R','M','_','A','R','C','H','_','7','A','_','_'
#elif defined(__ARM_ARCH_7S__)
# define KEY '_','_','A','R','M','_','A','R','C','H','_','7','S','_','_'
#endif

#define SIZE (sizeof(INT16))
static char info_size[] =  {'I', 'N', 'F', 'O', ':', 's','i','z','e','[',
  ('0' + ((SIZE / 10000)%10)),
  ('0' + ((SIZE / 1000)%10)),
  ('0' + ((SIZE / 100)%10)),
  ('0' + ((SIZE / 10)%10)),
  ('0' +  (SIZE    % 10)),
  ']',
#ifdef KEY
  ' ','k','e','y','[', KEY, ']',
#endif
  '\0'};

#ifdef __CLASSIC_C__
int main(argc, argv) int argc; char *argv[];
#else
int main(int argc, char *argv[])
#endif
{
  int require = 0;
  require += info_size[argc];
  (void)argv;
  return require;
}


Determining size of INT32 failed with the following output:
Change Dir: /root/workspace/HPC_DDS_Machine/build_opencv/CMakeFiles/CMakeTmp

Run Build Command(s):/usr/bin/gmake -f Makefile cmTC_448d7/fast && /usr/bin/gmake  -f CMakeFiles/cmTC_448d7.dir/build.make CMakeFiles/cmTC_448d7.dir/build
gmake[1]: Entering directory '/root/workspace/HPC_DDS_Machine/build_opencv/CMakeFiles/CMakeTmp'
Building C object CMakeFiles/cmTC_448d7.dir/int32.c.o
/opt/cross-pi-gcc-12.2.0-64/bin/aarch64-linux-gnu-gcc   -fsigned-char -W -Wall -Wreturn-type -Waddress -Wsequence-point -Wformat -Wformat-security -Wmissing-declarations -Wmissing-prototypes -Wstrict-prototypes -Wundef -Winit-self -Wpointer-arith -Wshadow -Wuninitialized -Wno-comment -Wimplicit-fallthrough=3 -Wno-strict-overflow -fdiagnostics-show-option -pthread -fomit-frame-pointer -ffunction-sections -fdata-sections    -fvisibility=hidden  -O3 -DNDEBUG  -DNDEBUG -fPIE -o CMakeFiles/cmTC_448d7.dir/int32.c.o -c /root/workspace/HPC_DDS_Machine/build_opencv/CMakeFiles/CheckTypeSize/int32.c
/root/workspace/HPC_DDS_Machine/build_opencv/CMakeFiles/CheckTypeSize/int32.c:27:22: error: 'INT32' undeclared here (not in a function); did you mean 'INT32_C'?
   27 | #define SIZE (sizeof(INT32))
      |                      ^~~~~
/root/workspace/HPC_DDS_Machine/build_opencv/CMakeFiles/CheckTypeSize/int32.c:29:12: note: in expansion of macro 'SIZE'
   29 |   ('0' + ((SIZE / 10000)%10)),
      |            ^~~~
gmake[1]: *** [CMakeFiles/cmTC_448d7.dir/build.make:78: CMakeFiles/cmTC_448d7.dir/int32.c.o] Error 1
gmake[1]: Leaving directory '/root/workspace/HPC_DDS_Machine/build_opencv/CMakeFiles/CMakeTmp'
gmake: *** [Makefile:127: cmTC_448d7/fast] Error 2


/root/workspace/HPC_DDS_Machine/build_opencv/CMakeFiles/CheckTypeSize/int32.c:
#include <sys/types.h>
#include <stdint.h>
#include <stddef.h>


#undef KEY
#if defined(__i386)
# define KEY '_','_','i','3','8','6'
#elif defined(__x86_64)
# define KEY '_','_','x','8','6','_','6','4'
#elif defined(__PPC64__)
# define KEY '_','_','P','P','C','6','4','_','_'
#elif defined(__ppc64__)
# define KEY '_','_','p','p','c','6','4','_','_'
#elif defined(__PPC__)
# define KEY '_','_','P','P','C','_','_'
#elif defined(__ppc__)
# define KEY '_','_','p','p','c','_','_'
#elif defined(__aarch64__)
# define KEY '_','_','a','a','r','c','h','6','4','_','_'
#elif defined(__ARM_ARCH_7A__)
# define KEY '_','_','A','R','M','_','A','R','C','H','_','7','A','_','_'
#elif defined(__ARM_ARCH_7S__)
# define KEY '_','_','A','R','M','_','A','R','C','H','_','7','S','_','_'
#endif

#define SIZE (sizeof(INT32))
static char info_size[] =  {'I', 'N', 'F', 'O', ':', 's','i','z','e','[',
  ('0' + ((SIZE / 10000)%10)),
  ('0' + ((SIZE / 1000)%10)),
  ('0' + ((SIZE / 100)%10)),
  ('0' + ((SIZE / 10)%10)),
  ('0' +  (SIZE    % 10)),
  ']',
#ifdef KEY
  ' ','k','e','y','[', KEY, ']',
#endif
  '\0'};

#ifdef __CLASSIC_C__
int main(argc, argv) int argc; char *argv[];
#else
int main(int argc, char *argv[])
#endif
{
  int require = 0;
  require += info_size[argc];
  (void)argv;
  return require;
}


Determining if the function setmode exists failed with the following output:
Change Dir: /root/workspace/HPC_DDS_Machine/build_opencv/CMakeFiles/CMakeTmp

Run Build Command(s):/usr/bin/gmake -f Makefile cmTC_1e5fa/fast && /usr/bin/gmake  -f CMakeFiles/cmTC_1e5fa.dir/build.make CMakeFiles/cmTC_1e5fa.dir/build
gmake[1]: Entering directory '/root/workspace/HPC_DDS_Machine/build_opencv/CMakeFiles/CMakeTmp'
Building C object CMakeFiles/cmTC_1e5fa.dir/CheckFunctionExists.c.o
/opt/cross-pi-gcc-12.2.0-64/bin/aarch64-linux-gnu-gcc   -fsigned-char -W -Wall -Wreturn-type -Waddress -Wsequence-point -Wformat -Wformat-security -Wmissing-declarations -Wmissing-prototypes -Wstrict-prototypes -Wundef -Winit-self -Wpointer-arith -Wshadow -Wuninitialized -Wno-comment -Wimplicit-fallthrough=3 -Wno-strict-overflow -fdiagnostics-show-option -pthread -fomit-frame-pointer -ffunction-sections -fdata-sections    -fvisibility=hidden -DCHECK_FUNCTION_EXISTS=setmode -O3 -DNDEBUG  -DNDEBUG -fPIE -o CMakeFiles/cmTC_1e5fa.dir/CheckFunctionExists.c.o -c /usr/share/cmake-3.22/Modules/CheckFunctionExists.c
Linking C executable cmTC_1e5fa
/usr/bin/cmake -E cmake_link_script CMakeFiles/cmTC_1e5fa.dir/link.txt --verbose=1
/opt/cross-pi-gcc-12.2.0-64/bin/aarch64-linux-gnu-gcc    -fsigned-char -W -Wall -Wreturn-type -Waddress -Wsequence-point -Wformat -Wformat-security -Wmissing-declarations -Wmissing-prototypes -Wstrict-prototypes -Wundef -Winit-self -Wpointer-arith -Wshadow -Wuninitialized -Wno-comment -Wimplicit-fallthrough=3 -Wno-strict-overflow -fdiagnostics-show-option -pthread -fomit-frame-pointer -ffunction-sections -fdata-sections    -fvisibility=hidden -DCHECK_FUNCTION_EXISTS=setmode -O3 -DNDEBUG  -DNDEBUG   -Wl,--gc-sections -Wl,--as-needed -Wl,--no-undefined  CMakeFiles/cmTC_1e5fa.dir/CheckFunctionExists.c.o -o cmTC_1e5fa 
/opt/cross-pi-gcc-12.2.0-64/bin/../lib/gcc/aarch64-linux-gnu/12.2.0/../../../../aarch64-linux-gnu/bin/ld: CMakeFiles/cmTC_1e5fa.dir/CheckFunctionExists.c.o: in function `main':
CheckFunctionExists.c:(.text.startup.main+0x10): undefined reference to `setmode'
collect2: error: ld returned 1 exit status
gmake[1]: *** [CMakeFiles/cmTC_1e5fa.dir/build.make:99: cmTC_1e5fa] Error 1
gmake[1]: Leaving directory '/root/workspace/HPC_DDS_Machine/build_opencv/CMakeFiles/CMakeTmp'
gmake: *** [Makefile:127: cmTC_1e5fa/fast] Error 2



Build output check failed:
    Regex: 'command[- ]line option .* is valid for .* but not for C\+\+'
    Output line: 'cc1plus: warning: command-line option '-Wno-missing-prototypes' is valid for C/ObjC but not for C++'
Compilation failed:
    source file: '/root/workspace/HPC_DDS_Machine/build_opencv/CMakeFiles/CMakeTmp/src.cxx'
    check option: ' -Wno-missing-prototypes'
===== BUILD LOG =====
Change Dir: /root/workspace/HPC_DDS_Machine/build_opencv/CMakeFiles/CMakeTmp

Run Build Command(s):/usr/bin/gmake -f Makefile cmTC_40a3c/fast && /usr/bin/gmake  -f CMakeFiles/cmTC_40a3c.dir/build.make CMakeFiles/cmTC_40a3c.dir/build
gmake[1]: Entering directory '/root/workspace/HPC_DDS_Machine/build_opencv/CMakeFiles/CMakeTmp'
Building CXX object CMakeFiles/cmTC_40a3c.dir/src.cxx.o
/opt/cross-pi-gcc-12.2.0-64/bin/aarch64-linux-gnu-g++   -fsigned-char -W -Wall -Wreturn-type -Wnon-virtual-dtor -Waddress -Wsequence-point -Wformat -Wformat-security -Wundef -Winit-self -Wpointer-arith -Wshadow -Wsign-promo -Wuninitialized -Wsuggest-override -Wno-delete-non-virtual-dtor -Wno-comment -Wimplicit-fallthrough=3 -Wno-strict-overflow -fdiagnostics-show-option -pthread -fomit-frame-pointer -ffunction-sections -fdata-sections    -fvisibility=hidden -fvisibility-inlines-hidden -Wno-missing-declarations -Wno-unused-parameter  -O3 -DNDEBUG  -DNDEBUG -fPIE    -Wno-missing-prototypes -std=c++11 -o CMakeFiles/cmTC_40a3c.dir/src.cxx.o -c /root/workspace/HPC_DDS_Machine/build_opencv/CMakeFiles/CMakeTmp/src.cxx
cc1plus: warning: command-line option '-Wno-missing-prototypes' is valid for C/ObjC but not for C++
/root/workspace/HPC_DDS_Machine/build_opencv/CMakeFiles/CMakeTmp/src.cxx:1: warning: ignoring '#pragma  ' [-Wunknown-pragmas]
    1 | #pragma
      | 
Linking CXX executable cmTC_40a3c
/usr/bin/cmake -E cmake_link_script CMakeFiles/cmTC_40a3c.dir/link.txt --verbose=1
/opt/cross-pi-gcc-12.2.0-64/bin/aarch64-linux-gnu-g++    -fsigned-char -W -Wall -Wreturn-type -Wnon-virtual-dtor -Waddress -Wsequence-point -Wformat -Wformat-security -Wundef -Winit-self -Wpointer-arith -Wshadow -Wsign-promo -Wuninitialized -Wsuggest-override -Wno-delete-non-virtual-dtor -Wno-comment -Wimplicit-fallthrough=3 -Wno-strict-overflow -fdiagnostics-show-option -pthread -fomit-frame-pointer -ffunction-sections -fdata-sections    -fvisibility=hidden -fvisibility-inlines-hidden -Wno-missing-declarations -Wno-unused-parameter  -O3 -DNDEBUG  -DNDEBUG   -Wl,--gc-sections -Wl,--as-needed -Wl,--no-undefined  CMakeFiles/cmTC_40a3c.dir/src.cxx.o -o cmTC_40a3c 
gmake[1]: Leaving directory '/root/workspace/HPC_DDS_Machine/build_opencv/CMakeFiles/CMakeTmp'


===== END =====

Build output check failed:
    Regex: 'unrecognized .*option'
    Output line: 'cc1: note: unrecognized command-line option '-Wno-implicit-const-int-float-conversion' may have been intended to silence earlier diagnostics'
Compilation failed:
    source file: '/root/workspace/HPC_DDS_Machine/build_opencv/CMakeFiles/CMakeTmp/src.c'
    check option: ' -Wno-implicit-const-int-float-conversion'
===== BUILD LOG =====
Change Dir: /root/workspace/HPC_DDS_Machine/build_opencv/CMakeFiles/CMakeTmp

Run Build Command(s):/usr/bin/gmake -f Makefile cmTC_3176e/fast && /usr/bin/gmake  -f CMakeFiles/cmTC_3176e.dir/build.make CMakeFiles/cmTC_3176e.dir/build
gmake[1]: Entering directory '/root/workspace/HPC_DDS_Machine/build_opencv/CMakeFiles/CMakeTmp'
Building C object CMakeFiles/cmTC_3176e.dir/src.c.o
/opt/cross-pi-gcc-12.2.0-64/bin/aarch64-linux-gnu-gcc   -fsigned-char -W -Wall -Wreturn-type -Waddress -Wsequence-point -Wformat -Wformat-security -Wmissing-declarations -Wmissing-prototypes -Wstrict-prototypes -Wundef -Winit-self -Wpointer-arith -Wshadow -Wuninitialized -Wno-comment -Wimplicit-fallthrough=3 -Wno-strict-overflow -fdiagnostics-show-option -pthread -fomit-frame-pointer -ffunction-sections -fdata-sections    -fvisibility=hidden  -O3 -DNDEBUG  -DNDEBUG -fPIE    -Wno-implicit-const-int-float-conversion -o CMakeFiles/cmTC_3176e.dir/src.c.o -c /root/workspace/HPC_DDS_Machine/build_opencv/CMakeFiles/CMakeTmp/src.c
/root/workspace/HPC_DDS_Machine/build_opencv/CMakeFiles/CMakeTmp/src.c:1: warning: ignoring '#pragma  ' [-Wunknown-pragmas]
    1 | #pragma
      | 
cc1: note: unrecognized command-line option '-Wno-implicit-const-int-float-conversion' may have been intended to silence earlier diagnostics
Linking C executable cmTC_3176e
/usr/bin/cmake -E cmake_link_script CMakeFiles/cmTC_3176e.dir/link.txt --verbose=1
/opt/cross-pi-gcc-12.2.0-64/bin/aarch64-linux-gnu-gcc    -fsigned-char -W -Wall -Wreturn-type -Waddress -Wsequence-point -Wformat -Wformat-security -Wmissing-declarations -Wmissing-prototypes -Wstrict-prototypes -Wundef -Winit-self -Wpointer-arith -Wshadow -Wuninitialized -Wno-comment -Wimplicit-fallthrough=3 -Wno-strict-overflow -fdiagnostics-show-option -pthread -fomit-frame-pointer -ffunction-sections -fdata-sections    -fvisibility=hidden  -O3 -DNDEBUG  -DNDEBUG   -Wl,--gc-sections -Wl,--as-needed -Wl,--no-undefined  CMakeFiles/cmTC_3176e.dir/src.c.o -o cmTC_3176e 
gmake[1]: Leaving directory '/root/workspace/HPC_DDS_Machine/build_opencv/CMakeFiles/CMakeTmp'


===== END =====

Determining if the _aligned_malloc exist failed with the following output:
Change Dir: /root/workspace/HPC_DDS_Machine/build_opencv/CMakeFiles/CMakeTmp

Run Build Command(s):/usr/bin/gmake -f Makefile cmTC_e9752/fast && /usr/bin/gmake  -f CMakeFiles/cmTC_e9752.dir/build.make CMakeFiles/cmTC_e9752.dir/build
gmake[1]: Entering directory '/root/workspace/HPC_DDS_Machine/build_opencv/CMakeFiles/CMakeTmp'
Building C object CMakeFiles/cmTC_e9752.dir/CheckSymbolExists.c.o
/opt/cross-pi-gcc-12.2.0-64/bin/aarch64-linux-gnu-gcc   -fsigned-char -W -Wall -Wreturn-type -Waddress -Wsequence-point -Wformat -Wformat-security -Wstrict-prototypes -Wundef -Winit-self -Wpointer-arith -Wshadow -Wuninitialized -Wno-comment -Wimplicit-fallthrough=3 -Wno-strict-overflow -fdiagnostics-show-option -pthread -fomit-frame-pointer -ffunction-sections -fdata-sections    -fvisibility=hidden -Wno-unused-but-set-variable -Wno-missing-prototypes -Wno-missing-declarations  -O3 -DNDEBUG  -DNDEBUG -fPIE -o CMakeFiles/cmTC_e9752.dir/CheckSymbolExists.c.o -c /root/workspace/HPC_DDS_Machine/build_opencv/CMakeFiles/CMakeTmp/CheckSymbolExists.c
/root/workspace/HPC_DDS_Machine/build_opencv/CMakeFiles/CMakeTmp/CheckSymbolExists.c: In function 'main':
/root/workspace/HPC_DDS_Machine/build_opencv/CMakeFiles/CMakeTmp/CheckSymbolExists.c:8:19: error: '_aligned_malloc' undeclared (first use in this function)
    8 |   return ((int*)(&_aligned_malloc))[argc];
      |                   ^~~~~~~~~~~~~~~
/root/workspace/HPC_DDS_Machine/build_opencv/CMakeFiles/CMakeTmp/CheckSymbolExists.c:8:19: note: each undeclared identifier is reported only once for each function it appears in
/root/workspace/HPC_DDS_Machine/build_opencv/CMakeFiles/CMakeTmp/CheckSymbolExists.c:4:14: warning: parameter 'argc' set but not used [-Wunused-but-set-parameter]
    4 | int main(int argc, char** argv)
      |          ~~~~^~~~
gmake[1]: *** [CMakeFiles/cmTC_e9752.dir/build.make:78: CMakeFiles/cmTC_e9752.dir/CheckSymbolExists.c.o] Error 1
gmake[1]: Leaving directory '/root/workspace/HPC_DDS_Machine/build_opencv/CMakeFiles/CMakeTmp'
gmake: *** [Makefile:127: cmTC_e9752/fast] Error 2


File /root/workspace/HPC_DDS_Machine/build_opencv/CMakeFiles/CMakeTmp/CheckSymbolExists.c:
/* */
#include <malloc.h>

int main(int argc, char** argv)
{
  (void)argv;
#ifndef _aligned_malloc
  return ((int*)(&_aligned_malloc))[argc];
#else
  (void)argc;
  return 0;
#endif
}
Build output check failed:
    Regex: 'unrecognized .*option'
    Output line: 'cc1: note: unrecognized command-line option '-Wno-null-pointer-subtraction' may have been intended to silence earlier diagnostics'
Compilation failed:
    source file: '/root/workspace/HPC_DDS_Machine/build_opencv/CMakeFiles/CMakeTmp/src.c'
    check option: ' -Wno-null-pointer-subtraction'
===== BUILD LOG =====
Change Dir: /root/workspace/HPC_DDS_Machine/build_opencv/CMakeFiles/CMakeTmp

Run Build Command(s):/usr/bin/gmake -f Makefile cmTC_c8c0e/fast && /usr/bin/gmake  -f CMakeFiles/cmTC_c8c0e.dir/build.make CMakeFiles/cmTC_c8c0e.dir/build
gmake[1]: Entering directory '/root/workspace/HPC_DDS_Machine/build_opencv/CMakeFiles/CMakeTmp'
Building C object CMakeFiles/cmTC_c8c0e.dir/src.c.o
/opt/cross-pi-gcc-12.2.0-64/bin/aarch64-linux-gnu-gcc   -fsigned-char -W -Wall -Wreturn-type -Waddress -Wsequence-point -Wformat -Wformat-security -Wmissing-declarations -Wmissing-prototypes -Wstrict-prototypes -Winit-self -Wpointer-arith -Wshadow -Wuninitialized -Wno-comment -Wno-strict-overflow -fdiagnostics-show-option -pthread -fomit-frame-pointer -ffunction-sections -fdata-sections    -fvisibility=hidden -Wno-undef -Wno-cast-align -Wno-implicit-fallthrough -Wno-unused-parameter -Wno-sign-compare -Wno-maybe-uninitialized  -O3 -DNDEBUG  -DNDEBUG -fPIE    -Wno-null-pointer-subtraction -o CMakeFiles/cmTC_c8c0e.dir/src.c.o -c /root/workspace/HPC_DDS_Machine/build_opencv/CMakeFiles/CMakeTmp/src.c
/root/workspace/HPC_DDS_Machine/build_opencv/CMakeFiles/CMakeTmp/src.c:1: warning: ignoring '#pragma  ' [-Wunknown-pragmas]
    1 | #pragma
      | 
cc1: note: unrecognized command-line option '-Wno-null-pointer-subtraction' may have been intended to silence earlier diagnostics
Linking C executable cmTC_c8c0e
/usr/bin/cmake -E cmake_link_script CMakeFiles/cmTC_c8c0e.dir/link.txt --verbose=1
/opt/cross-pi-gcc-12.2.0-64/bin/aarch64-linux-gnu-gcc    -fsigned-char -W -Wall -Wreturn-type -Waddress -Wsequence-point -Wformat -Wformat-security -Wmissing-declarations -Wmissing-prototypes -Wstrict-prototypes -Winit-self -Wpointer-arith -Wshadow -Wuninitialized -Wno-comment -Wno-strict-overflow -fdiagnostics-show-option -pthread -fomit-frame-pointer -ffunction-sections -fdata-sections    -fvisibility=hidden -Wno-undef -Wno-cast-align -Wno-implicit-fallthrough -Wno-unused-parameter -Wno-sign-compare -Wno-maybe-uninitialized  -O3 -DNDEBUG  -DNDEBUG   -Wl,--gc-sections -Wl,--as-needed -Wl,--no-undefined  CMakeFiles/cmTC_c8c0e.dir/src.c.o -o cmTC_c8c0e 
gmake[1]: Leaving directory '/root/workspace/HPC_DDS_Machine/build_opencv/CMakeFiles/CMakeTmp'


===== END =====

Determining if the function sgemm_ exists failed with the following output:
Change Dir: /root/workspace/HPC_DDS_Machine/build_opencv/CMakeFiles/CMakeTmp

Run Build Command(s):/usr/bin/gmake -f Makefile cmTC_10d08/fast && /usr/bin/gmake  -f CMakeFiles/cmTC_10d08.dir/build.make CMakeFiles/cmTC_10d08.dir/build
gmake[1]: Entering directory '/root/workspace/HPC_DDS_Machine/build_opencv/CMakeFiles/CMakeTmp'
Building C object CMakeFiles/cmTC_10d08.dir/CheckFunctionExists.c.o
/opt/cross-pi-gcc-12.2.0-64/bin/aarch64-linux-gnu-gcc   -fsigned-char -W -Wall -Wreturn-type -Waddress -Wsequence-point -Wformat -Wformat-security -Wmissing-declarations -Wmissing-prototypes -Wstrict-prototypes -Wundef -Winit-self -Wpointer-arith -Wshadow -Wuninitialized -Wno-comment -Wimplicit-fallthrough=3 -Wno-strict-overflow -fdiagnostics-show-option -pthread -fomit-frame-pointer -ffunction-sections -fdata-sections    -fvisibility=hidden -DCHECK_FUNCTION_EXISTS=sgemm_ -O3 -DNDEBUG  -DNDEBUG -fPIE -o CMakeFiles/cmTC_10d08.dir/CheckFunctionExists.c.o -c /usr/share/cmake-3.22/Modules/CheckFunctionExists.c
Linking C executable cmTC_10d08
/usr/bin/cmake -E cmake_link_script CMakeFiles/cmTC_10d08.dir/link.txt --verbose=1
/opt/cross-pi-gcc-12.2.0-64/bin/aarch64-linux-gnu-gcc    -fsigned-char -W -Wall -Wreturn-type -Waddress -Wsequence-point -Wformat -Wformat-security -Wmissing-declarations -Wmissing-prototypes -Wstrict-prototypes -Wundef -Winit-self -Wpointer-arith -Wshadow -Wuninitialized -Wno-comment -Wimplicit-fallthrough=3 -Wno-strict-overflow -fdiagnostics-show-option -pthread -fomit-frame-pointer -ffunction-sections -fdata-sections    -fvisibility=hidden -DCHECK_FUNCTION_EXISTS=sgemm_ -O3 -DNDEBUG  -DNDEBUG   -Wl,--gc-sections -Wl,--as-needed -Wl,--no-undefined  CMakeFiles/cmTC_10d08.dir/CheckFunctionExists.c.o -o cmTC_10d08 
/opt/cross-pi-gcc-12.2.0-64/bin/../lib/gcc/aarch64-linux-gnu/12.2.0/../../../../aarch64-linux-gnu/bin/ld: CMakeFiles/cmTC_10d08.dir/CheckFunctionExists.c.o: in function `main':
CheckFunctionExists.c:(.text.startup.main+0x10): undefined reference to `sgemm_'
collect2: error: ld returned 1 exit status
gmake[1]: *** [CMakeFiles/cmTC_10d08.dir/build.make:99: cmTC_10d08] Error 1
gmake[1]: Leaving directory '/root/workspace/HPC_DDS_Machine/build_opencv/CMakeFiles/CMakeTmp'
gmake: *** [Makefile:127: cmTC_10d08/fast] Error 2



Build output check failed:
    Regex: 'unrecognized .*option'
    Output line: 'cc1plus: note: unrecognized command-line option '-Wno-tautological-undefined-compare' may have been intended to silence earlier diagnostics'
Compilation failed:
    source file: '/root/workspace/HPC_DDS_Machine/build_opencv/CMakeFiles/CMakeTmp/src.cxx'
    check option: ' -Wno-tautological-undefined-compare'
===== BUILD LOG =====
Change Dir: /root/workspace/HPC_DDS_Machine/build_opencv/CMakeFiles/CMakeTmp

Run Build Command(s):/usr/bin/gmake -f Makefile cmTC_4d974/fast && /usr/bin/gmake  -f CMakeFiles/cmTC_4d974.dir/build.make CMakeFiles/cmTC_4d974.dir/build
gmake[1]: Entering directory '/root/workspace/HPC_DDS_Machine/build_opencv/CMakeFiles/CMakeTmp'
Building CXX object CMakeFiles/cmTC_4d974.dir/src.cxx.o
/opt/cross-pi-gcc-12.2.0-64/bin/aarch64-linux-gnu-g++   -fsigned-char -W -Wall -Wreturn-type -Wnon-virtual-dtor -Waddress -Wsequence-point -Wformat -Wformat-security -Winit-self -Wpointer-arith -Wuninitialized -Wsuggest-override -Wno-delete-non-virtual-dtor -Wno-comment -Wimplicit-fallthrough=3 -Wno-strict-overflow -fdiagnostics-show-option -pthread -fomit-frame-pointer -ffunction-sections -fdata-sections    -fvisibility=hidden -fvisibility-inlines-hidden -Wno-deprecated -Wno-missing-declarations -Wno-shadow -Wno-unused-parameter -Wno-unused-local-typedefs -Wno-sign-compare -Wno-sign-promo -Wno-undef  -O3 -DNDEBUG  -DNDEBUG -fPIE    -Wno-tautological-undefined-compare -std=c++11 -o CMakeFiles/cmTC_4d974.dir/src.cxx.o -c /root/workspace/HPC_DDS_Machine/build_opencv/CMakeFiles/CMakeTmp/src.cxx
/root/workspace/HPC_DDS_Machine/build_opencv/CMakeFiles/CMakeTmp/src.cxx:1: warning: ignoring '#pragma  ' [-Wunknown-pragmas]
    1 | #pragma
      | 
cc1plus: note: unrecognized command-line option '-Wno-tautological-undefined-compare' may have been intended to silence earlier diagnostics
Linking CXX executable cmTC_4d974
/usr/bin/cmake -E cmake_link_script CMakeFiles/cmTC_4d974.dir/link.txt --verbose=1
/opt/cross-pi-gcc-12.2.0-64/bin/aarch64-linux-gnu-g++    -fsigned-char -W -Wall -Wreturn-type -Wnon-virtual-dtor -Waddress -Wsequence-point -Wformat -Wformat-security -Winit-self -Wpointer-arith -Wuninitialized -Wsuggest-override -Wno-delete-non-virtual-dtor -Wno-comment -Wimplicit-fallthrough=3 -Wno-strict-overflow -fdiagnostics-show-option -pthread -fomit-frame-pointer -ffunction-sections -fdata-sections    -fvisibility=hidden -fvisibility-inlines-hidden -Wno-deprecated -Wno-missing-declarations -Wno-shadow -Wno-unused-parameter -Wno-unused-local-typedefs -Wno-sign-compare -Wno-sign-promo -Wno-undef  -O3 -DNDEBUG  -DNDEBUG   -Wl,--gc-sections -Wl,--as-needed -Wl,--no-undefined  CMakeFiles/cmTC_4d974.dir/src.cxx.o -o cmTC_4d974 
gmake[1]: Leaving directory '/root/workspace/HPC_DDS_Machine/build_opencv/CMakeFiles/CMakeTmp'


===== END =====

Build output check failed:
    Regex: 'unrecognized .*option'
    Output line: 'cc1plus: note: unrecognized command-line option '-Wno-shorten-64-to-32' may have been intended to silence earlier diagnostics'
Compilation failed:
    source file: '/root/workspace/HPC_DDS_Machine/build_opencv/CMakeFiles/CMakeTmp/src.cxx'
    check option: ' -Wno-shorten-64-to-32'
===== BUILD LOG =====
Change Dir: /root/workspace/HPC_DDS_Machine/build_opencv/CMakeFiles/CMakeTmp

Run Build Command(s):/usr/bin/gmake -f Makefile cmTC_be4f8/fast && /usr/bin/gmake  -f CMakeFiles/cmTC_be4f8.dir/build.make CMakeFiles/cmTC_be4f8.dir/build
gmake[1]: Entering directory '/root/workspace/HPC_DDS_Machine/build_opencv/CMakeFiles/CMakeTmp'
Building CXX object CMakeFiles/cmTC_be4f8.dir/src.cxx.o
/opt/cross-pi-gcc-12.2.0-64/bin/aarch64-linux-gnu-g++   -fsigned-char -W -Wall -Wreturn-type -Wnon-virtual-dtor -Waddress -Wsequence-point -Wformat -Wformat-security -Winit-self -Wpointer-arith -Wuninitialized -Wsuggest-override -Wno-delete-non-virtual-dtor -Wno-comment -Wimplicit-fallthrough=3 -Wno-strict-overflow -fdiagnostics-show-option -pthread -fomit-frame-pointer -ffunction-sections -fdata-sections    -fvisibility=hidden -fvisibility-inlines-hidden -Wno-deprecated -Wno-missing-declarations -Wno-shadow -Wno-unused-parameter -Wno-unused-local-typedefs -Wno-sign-compare -Wno-sign-promo -Wno-undef -Wno-ignored-qualifiers -Wno-extra -Wno-unused-function -Wno-unused-const-variable  -O3 -DNDEBUG  -DNDEBUG -fPIE    -Wno-shorten-64-to-32 -std=c++11 -o CMakeFiles/cmTC_be4f8.dir/src.cxx.o -c /root/workspace/HPC_DDS_Machine/build_opencv/CMakeFiles/CMakeTmp/src.cxx
/root/workspace/HPC_DDS_Machine/build_opencv/CMakeFiles/CMakeTmp/src.cxx:1: warning: ignoring '#pragma  ' [-Wunknown-pragmas]
    1 | #pragma
      | 
cc1plus: note: unrecognized command-line option '-Wno-shorten-64-to-32' may have been intended to silence earlier diagnostics
Linking CXX executable cmTC_be4f8
/usr/bin/cmake -E cmake_link_script CMakeFiles/cmTC_be4f8.dir/link.txt --verbose=1
/opt/cross-pi-gcc-12.2.0-64/bin/aarch64-linux-gnu-g++    -fsigned-char -W -Wall -Wreturn-type -Wnon-virtual-dtor -Waddress -Wsequence-point -Wformat -Wformat-security -Winit-self -Wpointer-arith -Wuninitialized -Wsuggest-override -Wno-delete-non-virtual-dtor -Wno-comment -Wimplicit-fallthrough=3 -Wno-strict-overflow -fdiagnostics-show-option -pthread -fomit-frame-pointer -ffunction-sections -fdata-sections    -fvisibility=hidden -fvisibility-inlines-hidden -Wno-deprecated -Wno-missing-declarations -Wno-shadow -Wno-unused-parameter -Wno-unused-local-typedefs -Wno-sign-compare -Wno-sign-promo -Wno-undef -Wno-ignored-qualifiers -Wno-extra -Wno-unused-function -Wno-unused-const-variable  -O3 -DNDEBUG  -DNDEBUG   -Wl,--gc-sections -Wl,--as-needed -Wl,--no-undefined  CMakeFiles/cmTC_be4f8.dir/src.cxx.o -o cmTC_be4f8 
gmake[1]: Leaving directory '/root/workspace/HPC_DDS_Machine/build_opencv/CMakeFiles/CMakeTmp'


===== END =====

Build output check failed:
    Regex: 'unrecognized .*option'
    Output line: 'cc1plus: note: unrecognized command-line option '-Wno-enum-compare-switch' may have been intended to silence earlier diagnostics'
Compilation failed:
    source file: '/root/workspace/HPC_DDS_Machine/build_opencv/CMakeFiles/CMakeTmp/src.cxx'
    check option: ' -Wno-enum-compare-switch'
===== BUILD LOG =====
Change Dir: /root/workspace/HPC_DDS_Machine/build_opencv/CMakeFiles/CMakeTmp

Run Build Command(s):/usr/bin/gmake -f Makefile cmTC_b02f4/fast && /usr/bin/gmake  -f CMakeFiles/cmTC_b02f4.dir/build.make CMakeFiles/cmTC_b02f4.dir/build
gmake[1]: Entering directory '/root/workspace/HPC_DDS_Machine/build_opencv/CMakeFiles/CMakeTmp'
Building CXX object CMakeFiles/cmTC_b02f4.dir/src.cxx.o
/opt/cross-pi-gcc-12.2.0-64/bin/aarch64-linux-gnu-g++   -fsigned-char -W -Wall -Wreturn-type -Wnon-virtual-dtor -Waddress -Wsequence-point -Wformat -Wformat-security -Winit-self -Wpointer-arith -Wuninitialized -Wsuggest-override -Wno-delete-non-virtual-dtor -Wno-comment -Wimplicit-fallthrough=3 -Wno-strict-overflow -fdiagnostics-show-option -pthread -fomit-frame-pointer -ffunction-sections -fdata-sections    -fvisibility=hidden -fvisibility-inlines-hidden -Wno-deprecated -Wno-missing-declarations -Wno-shadow -Wno-unused-parameter -Wno-unused-local-typedefs -Wno-sign-compare -Wno-sign-promo -Wno-undef -Wno-ignored-qualifiers -Wno-extra -Wno-unused-function -Wno-unused-const-variable -Wno-invalid-offsetof  -O3 -DNDEBUG  -DNDEBUG -fPIE    -Wno-enum-compare-switch -std=c++11 -o CMakeFiles/cmTC_b02f4.dir/src.cxx.o -c /root/workspace/HPC_DDS_Machine/build_opencv/CMakeFiles/CMakeTmp/src.cxx
/root/workspace/HPC_DDS_Machine/build_opencv/CMakeFiles/CMakeTmp/src.cxx:1: warning: ignoring '#pragma  ' [-Wunknown-pragmas]
    1 | #pragma
      | 
cc1plus: note: unrecognized command-line option '-Wno-enum-compare-switch' may have been intended to silence earlier diagnostics
Linking CXX executable cmTC_b02f4
/usr/bin/cmake -E cmake_link_script CMakeFiles/cmTC_b02f4.dir/link.txt --verbose=1
/opt/cross-pi-gcc-12.2.0-64/bin/aarch64-linux-gnu-g++    -fsigned-char -W -Wall -Wreturn-type -Wnon-virtual-dtor -Waddress -Wsequence-point -Wformat -Wformat-security -Winit-self -Wpointer-arith -Wuninitialized -Wsuggest-override -Wno-delete-non-virtual-dtor -Wno-comment -Wimplicit-fallthrough=3 -Wno-strict-overflow -fdiagnostics-show-option -pthread -fomit-frame-pointer -ffunction-sections -fdata-sections    -fvisibility=hidden -fvisibility-inlines-hidden -Wno-deprecated -Wno-missing-declarations -Wno-shadow -Wno-unused-parameter -Wno-unused-local-typedefs -Wno-sign-compare -Wno-sign-promo -Wno-undef -Wno-ignored-qualifiers -Wno-extra -Wno-unused-function -Wno-unused-const-variable -Wno-invalid-offsetof  -O3 -DNDEBUG  -DNDEBUG   -Wl,--gc-sections -Wl,--as-needed -Wl,--no-undefined  CMakeFiles/cmTC_b02f4.dir/src.cxx.o -o cmTC_b02f4 
gmake[1]: Leaving directory '/root/workspace/HPC_DDS_Machine/build_opencv/CMakeFiles/CMakeTmp'


===== END =====

Build output check failed:
    Regex: 'unrecognized .*option'
    Output line: 'cc1plus: note: unrecognized command-line option '-Wno-inconsistent-missing-override' may have been intended to silence earlier diagnostics'
Compilation failed:
    source file: '/root/workspace/HPC_DDS_Machine/build_opencv/CMakeFiles/CMakeTmp/src.cxx'
    check option: ' -Wno-inconsistent-missing-override'
===== BUILD LOG =====
Change Dir: /root/workspace/HPC_DDS_Machine/build_opencv/CMakeFiles/CMakeTmp

Run Build Command(s):/usr/bin/gmake -f Makefile cmTC_a2687/fast && /usr/bin/gmake  -f CMakeFiles/cmTC_a2687.dir/build.make CMakeFiles/cmTC_a2687.dir/build
gmake[1]: Entering directory '/root/workspace/HPC_DDS_Machine/build_opencv/CMakeFiles/CMakeTmp'
Building CXX object CMakeFiles/cmTC_a2687.dir/src.cxx.o
/opt/cross-pi-gcc-12.2.0-64/bin/aarch64-linux-gnu-g++   -fsigned-char -W -Wall -Wreturn-type -Wnon-virtual-dtor -Waddress -Wsequence-point -Wformat -Wformat-security -Winit-self -Wpointer-arith -Wuninitialized -Wno-delete-non-virtual-dtor -Wno-comment -Wimplicit-fallthrough=3 -Wno-strict-overflow -fdiagnostics-show-option -pthread -fomit-frame-pointer -ffunction-sections -fdata-sections    -fvisibility=hidden -fvisibility-inlines-hidden -Wno-deprecated -Wno-missing-declarations -Wno-shadow -Wno-unused-parameter -Wno-unused-local-typedefs -Wno-sign-compare -Wno-sign-promo -Wno-undef -Wno-ignored-qualifiers -Wno-extra -Wno-unused-function -Wno-unused-const-variable -Wno-invalid-offsetof -Wno-suggest-override  -O3 -DNDEBUG  -DNDEBUG -fPIE    -Wno-inconsistent-missing-override -std=c++11 -o CMakeFiles/cmTC_a2687.dir/src.cxx.o -c /root/workspace/HPC_DDS_Machine/build_opencv/CMakeFiles/CMakeTmp/src.cxx
/root/workspace/HPC_DDS_Machine/build_opencv/CMakeFiles/CMakeTmp/src.cxx:1: warning: ignoring '#pragma  ' [-Wunknown-pragmas]
    1 | #pragma
      | 
cc1plus: note: unrecognized command-line option '-Wno-inconsistent-missing-override' may have been intended to silence earlier diagnostics
Linking CXX executable cmTC_a2687
/usr/bin/cmake -E cmake_link_script CMakeFiles/cmTC_a2687.dir/link.txt --verbose=1
/opt/cross-pi-gcc-12.2.0-64/bin/aarch64-linux-gnu-g++    -fsigned-char -W -Wall -Wreturn-type -Wnon-virtual-dtor -Waddress -Wsequence-point -Wformat -Wformat-security -Winit-self -Wpointer-arith -Wuninitialized -Wno-delete-non-virtual-dtor -Wno-comment -Wimplicit-fallthrough=3 -Wno-strict-overflow -fdiagnostics-show-option -pthread -fomit-frame-pointer -ffunction-sections -fdata-sections    -fvisibility=hidden -fvisibility-inlines-hidden -Wno-deprecated -Wno-missing-declarations -Wno-shadow -Wno-unused-parameter -Wno-unused-local-typedefs -Wno-sign-compare -Wno-sign-promo -Wno-undef -Wno-ignored-qualifiers -Wno-extra -Wno-unused-function -Wno-unused-const-variable -Wno-invalid-offsetof -Wno-suggest-override  -O3 -DNDEBUG  -DNDEBUG   -Wl,--gc-sections -Wl,--as-needed -Wl,--no-undefined  CMakeFiles/cmTC_a2687.dir/src.cxx.o -o cmTC_a2687 
gmake[1]: Leaving directory '/root/workspace/HPC_DDS_Machine/build_opencv/CMakeFiles/CMakeTmp'


===== END =====

