Build output check failed:
    Regex: 'command[- ]line option .* is valid for .* but not for C'
    Output line: 'cc1: warning: command-line option '-Wnon-virtual-dtor' is valid for C++/ObjC++ but not for C'
Compilation failed:
    source file: '/root/workspace/HPC_DDS_Machine_v4/build_opencv/CMakeFiles/CMakeTmp/src.c'
    check option: ' -fsigned-char -W -Wall -Wreturn-type  -Wnon-virtual-dtor'
===== BUILD LOG =====
Change Dir: /root/workspace/HPC_DDS_Machine_v4/build_opencv/CMakeFiles/CMakeTmp

Run Build Command(s):/usr/bin/gmake -f Makefile cmTC_5f0f3/fast && /usr/bin/gmake  -f CMakeFiles/cmTC_5f0f3.dir/build.make CMakeFiles/cmTC_5f0f3.dir/build
gmake[1]: Entering directory '/root/workspace/HPC_DDS_Machine_v4/build_opencv/CMakeFiles/CMakeTmp'
Building C object CMakeFiles/cmTC_5f0f3.dir/src.c.o
/opt/cross-pi-gcc-12.2.0-64/bin/aarch64-linux-gnu-gcc   -O3 -DNDEBUG -fPIE    -fsigned-char -W -Wall -Wreturn-type  -Wnon-virtual-dtor -o CMakeFiles/cmTC_5f0f3.dir/src.c.o -c /root/workspace/HPC_DDS_Machine_v4/build_opencv/CMakeFiles/CMakeTmp/src.c
cc1: warning: command-line option '-Wnon-virtual-dtor' is valid for C++/ObjC++ but not for C
/root/workspace/HPC_DDS_Machine_v4/build_opencv/CMakeFiles/CMakeTmp/src.c:1: warning: ignoring '#pragma  ' [-Wunknown-pragmas]
    1 | #pragma
      | 
Linking C executable cmTC_5f0f3
/usr/bin/cmake -E cmake_link_script CMakeFiles/cmTC_5f0f3.dir/link.txt --verbose=1
/opt/cross-pi-gcc-12.2.0-64/bin/aarch64-linux-gnu-gcc -O3 -DNDEBUG CMakeFiles/cmTC_5f0f3.dir/src.c.o -o cmTC_5f0f3 
gmake[1]: Leaving directory '/root/workspace/HPC_DDS_Machine_v4/build_opencv/CMakeFiles/CMakeTmp'


===== END =====

Build output check failed:
    Regex: 'command[- ]line option .* is valid for .* but not for C\+\+'
    Output line: 'cc1plus: warning: command-line option '-Wmissing-prototypes' is valid for C/ObjC but not for C++'
Compilation failed:
    source file: '/root/workspace/HPC_DDS_Machine_v4/build_opencv/CMakeFiles/CMakeTmp/src.cxx'
    check option: ' -fsigned-char -W -Wall -Wreturn-type -Wnon-virtual-dtor -Waddress -Wsequence-point -Wformat -Wformat-security -Wmissing-declarations  -Wmissing-prototypes'
===== BUILD LOG =====
Change Dir: /root/workspace/HPC_DDS_Machine_v4/build_opencv/CMakeFiles/CMakeTmp

Run Build Command(s):/usr/bin/gmake -f Makefile cmTC_5e005/fast && /usr/bin/gmake  -f CMakeFiles/cmTC_5e005.dir/build.make CMakeFiles/cmTC_5e005.dir/build
gmake[1]: Entering directory '/root/workspace/HPC_DDS_Machine_v4/build_opencv/CMakeFiles/CMakeTmp'
Building CXX object CMakeFiles/cmTC_5e005.dir/src.cxx.o
/opt/cross-pi-gcc-12.2.0-64/bin/aarch64-linux-gnu-g++   -O3 -DNDEBUG -fPIE    -fsigned-char -W -Wall -Wreturn-type -Wnon-virtual-dtor -Waddress -Wsequence-point -Wformat -Wformat-security -Wmissing-declarations  -Wmissing-prototypes -std=c++11 -o CMakeFiles/cmTC_5e005.dir/src.cxx.o -c /root/workspace/HPC_DDS_Machine_v4/build_opencv/CMakeFiles/CMakeTmp/src.cxx
cc1plus: warning: command-line option '-Wmissing-prototypes' is valid for C/ObjC but not for C++
/root/workspace/HPC_DDS_Machine_v4/build_opencv/CMakeFiles/CMakeTmp/src.cxx:1: warning: ignoring '#pragma  ' [-Wunknown-pragmas]
    1 | #pragma
      | 
Linking CXX executable cmTC_5e005
/usr/bin/cmake -E cmake_link_script CMakeFiles/cmTC_5e005.dir/link.txt --verbose=1
/opt/cross-pi-gcc-12.2.0-64/bin/aarch64-linux-gnu-g++ -O3 -DNDEBUG CMakeFiles/cmTC_5e005.dir/src.cxx.o -o cmTC_5e005 
gmake[1]: Leaving directory '/root/workspace/HPC_DDS_Machine_v4/build_opencv/CMakeFiles/CMakeTmp'


===== END =====

Build output check failed:
    Regex: 'command[- ]line option .* is valid for .* but not for C\+\+'
    Output line: 'cc1plus: warning: command-line option '-Wstrict-prototypes' is valid for C/ObjC but not for C++'
Compilation failed:
    source file: '/root/workspace/HPC_DDS_Machine_v4/build_opencv/CMakeFiles/CMakeTmp/src.cxx'
    check option: ' -fsigned-char -W -Wall -Wreturn-type -Wnon-virtual-dtor -Waddress -Wsequence-point -Wformat -Wformat-security -Wmissing-declarations  -Wstrict-prototypes'
===== BUILD LOG =====
Change Dir: /root/workspace/HPC_DDS_Machine_v4/build_opencv/CMakeFiles/CMakeTmp

Run Build Command(s):/usr/bin/gmake -f Makefile cmTC_22c0a/fast && /usr/bin/gmake  -f CMakeFiles/cmTC_22c0a.dir/build.make CMakeFiles/cmTC_22c0a.dir/build
gmake[1]: Entering directory '/root/workspace/HPC_DDS_Machine_v4/build_opencv/CMakeFiles/CMakeTmp'
Building CXX object CMakeFiles/cmTC_22c0a.dir/src.cxx.o
/opt/cross-pi-gcc-12.2.0-64/bin/aarch64-linux-gnu-g++   -O3 -DNDEBUG -fPIE    -fsigned-char -W -Wall -Wreturn-type -Wnon-virtual-dtor -Waddress -Wsequence-point -Wformat -Wformat-security -Wmissing-declarations  -Wstrict-prototypes -std=c++11 -o CMakeFiles/cmTC_22c0a.dir/src.cxx.o -c /root/workspace/HPC_DDS_Machine_v4/build_opencv/CMakeFiles/CMakeTmp/src.cxx
cc1plus: warning: command-line option '-Wstrict-prototypes' is valid for C/ObjC but not for C++
/root/workspace/HPC_DDS_Machine_v4/build_opencv/CMakeFiles/CMakeTmp/src.cxx:1: warning: ignoring '#pragma  ' [-Wunknown-pragmas]
    1 | #pragma
      | 
Linking CXX executable cmTC_22c0a
/usr/bin/cmake -E cmake_link_script CMakeFiles/cmTC_22c0a.dir/link.txt --verbose=1
/opt/cross-pi-gcc-12.2.0-64/bin/aarch64-linux-gnu-g++ -O3 -DNDEBUG CMakeFiles/cmTC_22c0a.dir/src.cxx.o -o cmTC_22c0a 
gmake[1]: Leaving directory '/root/workspace/HPC_DDS_Machine_v4/build_opencv/CMakeFiles/CMakeTmp'


===== END =====

Build output check failed:
    Regex: 'command[- ]line option .* is valid for .* but not for C'
    Output line: 'cc1: warning: command-line option '-Wsign-promo' is valid for C++/ObjC++ but not for C'
Compilation failed:
    source file: '/root/workspace/HPC_DDS_Machine_v4/build_opencv/CMakeFiles/CMakeTmp/src.c'
    check option: ' -fsigned-char -W -Wall -Wreturn-type -Waddress -Wsequence-point -Wformat -Wformat-security -Wmissing-declarations -Wmissing-prototypes -Wstrict-prototypes -Wundef -Winit-self -Wpointer-arith -Wshadow  -Wsign-promo'
===== BUILD LOG =====
Change Dir: /root/workspace/HPC_DDS_Machine_v4/build_opencv/CMakeFiles/CMakeTmp

Run Build Command(s):/usr/bin/gmake -f Makefile cmTC_a2dc0/fast && /usr/bin/gmake  -f CMakeFiles/cmTC_a2dc0.dir/build.make CMakeFiles/cmTC_a2dc0.dir/build
gmake[1]: Entering directory '/root/workspace/HPC_DDS_Machine_v4/build_opencv/CMakeFiles/CMakeTmp'
Building C object CMakeFiles/cmTC_a2dc0.dir/src.c.o
/opt/cross-pi-gcc-12.2.0-64/bin/aarch64-linux-gnu-gcc   -O3 -DNDEBUG -fPIE    -fsigned-char -W -Wall -Wreturn-type -Waddress -Wsequence-point -Wformat -Wformat-security -Wmissing-declarations -Wmissing-prototypes -Wstrict-prototypes -Wundef -Winit-self -Wpointer-arith -Wshadow  -Wsign-promo -o CMakeFiles/cmTC_a2dc0.dir/src.c.o -c /root/workspace/HPC_DDS_Machine_v4/build_opencv/CMakeFiles/CMakeTmp/src.c
cc1: warning: command-line option '-Wsign-promo' is valid for C++/ObjC++ but not for C
/root/workspace/HPC_DDS_Machine_v4/build_opencv/CMakeFiles/CMakeTmp/src.c:1: warning: ignoring '#pragma  ' [-Wunknown-pragmas]
    1 | #pragma
      | 
Linking C executable cmTC_a2dc0
/usr/bin/cmake -E cmake_link_script CMakeFiles/cmTC_a2dc0.dir/link.txt --verbose=1
/opt/cross-pi-gcc-12.2.0-64/bin/aarch64-linux-gnu-gcc -O3 -DNDEBUG CMakeFiles/cmTC_a2dc0.dir/src.c.o -o cmTC_a2dc0 
gmake[1]: Leaving directory '/root/workspace/HPC_DDS_Machine_v4/build_opencv/CMakeFiles/CMakeTmp'


===== END =====

Build output check failed:
    Regex: 'command[- ]line option .* is valid for .* but not for C'
    Output line: 'cc1: warning: command-line option '-Wsuggest-override' is valid for C++/ObjC++ but not for C'
Compilation failed:
    source file: '/root/workspace/HPC_DDS_Machine_v4/build_opencv/CMakeFiles/CMakeTmp/src.c'
    check option: ' -fsigned-char -W -Wall -Wreturn-type -Waddress -Wsequence-point -Wformat -Wformat-security -Wmissing-declarations -Wmissing-prototypes -Wstrict-prototypes -Wundef -Winit-self -Wpointer-arith -Wshadow -Wuninitialized  -Wsuggest-override'
===== BUILD LOG =====
Change Dir: /root/workspace/HPC_DDS_Machine_v4/build_opencv/CMakeFiles/CMakeTmp

Run Build Command(s):/usr/bin/gmake -f Makefile cmTC_d0684/fast && /usr/bin/gmake  -f CMakeFiles/cmTC_d0684.dir/build.make CMakeFiles/cmTC_d0684.dir/build
gmake[1]: Entering directory '/root/workspace/HPC_DDS_Machine_v4/build_opencv/CMakeFiles/CMakeTmp'
Building C object CMakeFiles/cmTC_d0684.dir/src.c.o
/opt/cross-pi-gcc-12.2.0-64/bin/aarch64-linux-gnu-gcc   -O3 -DNDEBUG -fPIE    -fsigned-char -W -Wall -Wreturn-type -Waddress -Wsequence-point -Wformat -Wformat-security -Wmissing-declarations -Wmissing-prototypes -Wstrict-prototypes -Wundef -Winit-self -Wpointer-arith -Wshadow -Wuninitialized  -Wsuggest-override -o CMakeFiles/cmTC_d0684.dir/src.c.o -c /root/workspace/HPC_DDS_Machine_v4/build_opencv/CMakeFiles/CMakeTmp/src.c
cc1: warning: command-line option '-Wsuggest-override' is valid for C++/ObjC++ but not for C
/root/workspace/HPC_DDS_Machine_v4/build_opencv/CMakeFiles/CMakeTmp/src.c:1: warning: ignoring '#pragma  ' [-Wunknown-pragmas]
    1 | #pragma
      | 
Linking C executable cmTC_d0684
/usr/bin/cmake -E cmake_link_script CMakeFiles/cmTC_d0684.dir/link.txt --verbose=1
/opt/cross-pi-gcc-12.2.0-64/bin/aarch64-linux-gnu-gcc -O3 -DNDEBUG CMakeFiles/cmTC_d0684.dir/src.c.o -o cmTC_d0684 
gmake[1]: Leaving directory '/root/workspace/HPC_DDS_Machine_v4/build_opencv/CMakeFiles/CMakeTmp'


===== END =====

Build output check failed:
    Regex: 'command[- ]line option .* is valid for .* but not for C'
    Output line: 'cc1: warning: command-line option '-Wno-delete-non-virtual-dtor' is valid for C++/ObjC++ but not for C'
Compilation failed:
    source file: '/root/workspace/HPC_DDS_Machine_v4/build_opencv/CMakeFiles/CMakeTmp/src.c'
    check option: ' -fsigned-char -W -Wall -Wreturn-type -Waddress -Wsequence-point -Wformat -Wformat-security -Wmissing-declarations -Wmissing-prototypes -Wstrict-prototypes -Wundef -Winit-self -Wpointer-arith -Wshadow -Wuninitialized  -Wno-delete-non-virtual-dtor'
===== BUILD LOG =====
Change Dir: /root/workspace/HPC_DDS_Machine_v4/build_opencv/CMakeFiles/CMakeTmp

Run Build Command(s):/usr/bin/gmake -f Makefile cmTC_76157/fast && /usr/bin/gmake  -f CMakeFiles/cmTC_76157.dir/build.make CMakeFiles/cmTC_76157.dir/build
gmake[1]: Entering directory '/root/workspace/HPC_DDS_Machine_v4/build_opencv/CMakeFiles/CMakeTmp'
Building C object CMakeFiles/cmTC_76157.dir/src.c.o
/opt/cross-pi-gcc-12.2.0-64/bin/aarch64-linux-gnu-gcc   -O3 -DNDEBUG -fPIE    -fsigned-char -W -Wall -Wreturn-type -Waddress -Wsequence-point -Wformat -Wformat-security -Wmissing-declarations -Wmissing-prototypes -Wstrict-prototypes -Wundef -Winit-self -Wpointer-arith -Wshadow -Wuninitialized  -Wno-delete-non-virtual-dtor -o CMakeFiles/cmTC_76157.dir/src.c.o -c /root/workspace/HPC_DDS_Machine_v4/build_opencv/CMakeFiles/CMakeTmp/src.c
cc1: warning: command-line option '-Wno-delete-non-virtual-dtor' is valid for C++/ObjC++ but not for C
/root/workspace/HPC_DDS_Machine_v4/build_opencv/CMakeFiles/CMakeTmp/src.c:1: warning: ignoring '#pragma  ' [-Wunknown-pragmas]
    1 | #pragma
      | 
Linking C executable cmTC_76157
/usr/bin/cmake -E cmake_link_script CMakeFiles/cmTC_76157.dir/link.txt --verbose=1
/opt/cross-pi-gcc-12.2.0-64/bin/aarch64-linux-gnu-gcc -O3 -DNDEBUG CMakeFiles/cmTC_76157.dir/src.c.o -o cmTC_76157 
gmake[1]: Leaving directory '/root/workspace/HPC_DDS_Machine_v4/build_opencv/CMakeFiles/CMakeTmp'


===== END =====

Build output check failed:
    Regex: 'unrecognized .*option'
    Output line: 'cc1plus: note: unrecognized command-line option '-Wno-unnamed-type-template-args' may have been intended to silence earlier diagnostics'
Compilation failed:
    source file: '/root/workspace/HPC_DDS_Machine_v4/build_opencv/CMakeFiles/CMakeTmp/src.cxx'
    check option: ' -fsigned-char -W -Wall -Wreturn-type -Wnon-virtual-dtor -Waddress -Wsequence-point -Wformat -Wformat-security -Wmissing-declarations -Wundef -Winit-self -Wpointer-arith -Wshadow -Wsign-promo -Wuninitialized -Wsuggest-override -Wno-delete-non-virtual-dtor  -Wno-unnamed-type-template-args'
===== BUILD LOG =====
Change Dir: /root/workspace/HPC_DDS_Machine_v4/build_opencv/CMakeFiles/CMakeTmp

Run Build Command(s):/usr/bin/gmake -f Makefile cmTC_23b2b/fast && /usr/bin/gmake  -f CMakeFiles/cmTC_23b2b.dir/build.make CMakeFiles/cmTC_23b2b.dir/build
gmake[1]: Entering directory '/root/workspace/HPC_DDS_Machine_v4/build_opencv/CMakeFiles/CMakeTmp'
Building CXX object CMakeFiles/cmTC_23b2b.dir/src.cxx.o
/opt/cross-pi-gcc-12.2.0-64/bin/aarch64-linux-gnu-g++   -O3 -DNDEBUG -fPIE    -fsigned-char -W -Wall -Wreturn-type -Wnon-virtual-dtor -Waddress -Wsequence-point -Wformat -Wformat-security -Wmissing-declarations -Wundef -Winit-self -Wpointer-arith -Wshadow -Wsign-promo -Wuninitialized -Wsuggest-override -Wno-delete-non-virtual-dtor  -Wno-unnamed-type-template-args -std=c++11 -o CMakeFiles/cmTC_23b2b.dir/src.cxx.o -c /root/workspace/HPC_DDS_Machine_v4/build_opencv/CMakeFiles/CMakeTmp/src.cxx
/root/workspace/HPC_DDS_Machine_v4/build_opencv/CMakeFiles/CMakeTmp/src.cxx:1: warning: ignoring '#pragma  ' [-Wunknown-pragmas]
    1 | #pragma
      | 
cc1plus: note: unrecognized command-line option '-Wno-unnamed-type-template-args' may have been intended to silence earlier diagnostics
Linking CXX executable cmTC_23b2b
/usr/bin/cmake -E cmake_link_script CMakeFiles/cmTC_23b2b.dir/link.txt --verbose=1
/opt/cross-pi-gcc-12.2.0-64/bin/aarch64-linux-gnu-g++ -O3 -DNDEBUG CMakeFiles/cmTC_23b2b.dir/src.cxx.o -o cmTC_23b2b 
gmake[1]: Leaving directory '/root/workspace/HPC_DDS_Machine_v4/build_opencv/CMakeFiles/CMakeTmp'


===== END =====

Build output check failed:
    Regex: 'unrecognized .*option'
    Output line: 'cc1: note: unrecognized command-line option '-Wno-unnamed-type-template-args' may have been intended to silence earlier diagnostics'
Compilation failed:
    source file: '/root/workspace/HPC_DDS_Machine_v4/build_opencv/CMakeFiles/CMakeTmp/src.c'
    check option: ' -fsigned-char -W -Wall -Wreturn-type -Waddress -Wsequence-point -Wformat -Wformat-security -Wmissing-declarations -Wmissing-prototypes -Wstrict-prototypes -Wundef -Winit-self -Wpointer-arith -Wshadow -Wuninitialized  -Wno-unnamed-type-template-args'
===== BUILD LOG =====
Change Dir: /root/workspace/HPC_DDS_Machine_v4/build_opencv/CMakeFiles/CMakeTmp

Run Build Command(s):/usr/bin/gmake -f Makefile cmTC_fc01f/fast && /usr/bin/gmake  -f CMakeFiles/cmTC_fc01f.dir/build.make CMakeFiles/cmTC_fc01f.dir/build
gmake[1]: Entering directory '/root/workspace/HPC_DDS_Machine_v4/build_opencv/CMakeFiles/CMakeTmp'
Building C object CMakeFiles/cmTC_fc01f.dir/src.c.o
/opt/cross-pi-gcc-12.2.0-64/bin/aarch64-linux-gnu-gcc   -O3 -DNDEBUG -fPIE    -fsigned-char -W -Wall -Wreturn-type -Waddress -Wsequence-point -Wformat -Wformat-security -Wmissing-declarations -Wmissing-prototypes -Wstrict-prototypes -Wundef -Winit-self -Wpointer-arith -Wshadow -Wuninitialized  -Wno-unnamed-type-template-args -o CMakeFiles/cmTC_fc01f.dir/src.c.o -c /root/workspace/HPC_DDS_Machine_v4/build_opencv/CMakeFiles/CMakeTmp/src.c
/root/workspace/HPC_DDS_Machine_v4/build_opencv/CMakeFiles/CMakeTmp/src.c:1: warning: ignoring '#pragma  ' [-Wunknown-pragmas]
    1 | #pragma
      | 
cc1: note: unrecognized command-line option '-Wno-unnamed-type-template-args' may have been intended to silence earlier diagnostics
Linking C executable cmTC_fc01f
/usr/bin/cmake -E cmake_link_script CMakeFiles/cmTC_fc01f.dir/link.txt --verbose=1
/opt/cross-pi-gcc-12.2.0-64/bin/aarch64-linux-gnu-gcc -O3 -DNDEBUG CMakeFiles/cmTC_fc01f.dir/src.c.o -o cmTC_fc01f 
gmake[1]: Leaving directory '/root/workspace/HPC_DDS_Machine_v4/build_opencv/CMakeFiles/CMakeTmp'


===== END =====

Build output check failed:
    Regex: 'command[- ]line option .* is valid for .* but not for C'
    Output line: 'cc1: warning: command-line option '-fvisibility-inlines-hidden' is valid for C++/ObjC++ but not for C'
Compilation failed:
    source file: '/root/workspace/HPC_DDS_Machine_v4/build_opencv/CMakeFiles/CMakeTmp/src.c'
    check option: ' -fsigned-char -W -Wall -Wreturn-type -Waddress -Wsequence-point -Wformat -Wformat-security -Wmissing-declarations -Wmissing-prototypes -Wstrict-prototypes -Wundef -Winit-self -Wpointer-arith -Wshadow -Wuninitialized -Wno-comment -Wimplicit-fallthrough=3 -Wno-strict-overflow -fdiagnostics-show-option -pthread -fomit-frame-pointer -ffunction-sections -fdata-sections    -fvisibility=hidden  -fvisibility-inlines-hidden'
===== BUILD LOG =====
Change Dir: /root/workspace/HPC_DDS_Machine_v4/build_opencv/CMakeFiles/CMakeTmp

Run Build Command(s):/usr/bin/gmake -f Makefile cmTC_6af9a/fast && /usr/bin/gmake  -f CMakeFiles/cmTC_6af9a.dir/build.make CMakeFiles/cmTC_6af9a.dir/build
gmake[1]: Entering directory '/root/workspace/HPC_DDS_Machine_v4/build_opencv/CMakeFiles/CMakeTmp'
Building C object CMakeFiles/cmTC_6af9a.dir/src.c.o
/opt/cross-pi-gcc-12.2.0-64/bin/aarch64-linux-gnu-gcc   -O3 -DNDEBUG -fPIE    -fsigned-char -W -Wall -Wreturn-type -Waddress -Wsequence-point -Wformat -Wformat-security -Wmissing-declarations -Wmissing-prototypes -Wstrict-prototypes -Wundef -Winit-self -Wpointer-arith -Wshadow -Wuninitialized -Wno-comment -Wimplicit-fallthrough=3 -Wno-strict-overflow -fdiagnostics-show-option -pthread -fomit-frame-pointer -ffunction-sections -fdata-sections    -fvisibility=hidden  -fvisibility-inlines-hidden -o CMakeFiles/cmTC_6af9a.dir/src.c.o -c /root/workspace/HPC_DDS_Machine_v4/build_opencv/CMakeFiles/CMakeTmp/src.c
cc1: warning: command-line option '-fvisibility-inlines-hidden' is valid for C++/ObjC++ but not for C
/root/workspace/HPC_DDS_Machine_v4/build_opencv/CMakeFiles/CMakeTmp/src.c:1: warning: ignoring '#pragma  ' [-Wunknown-pragmas]
    1 | #pragma
      | 
Linking C executable cmTC_6af9a
/usr/bin/cmake -E cmake_link_script CMakeFiles/cmTC_6af9a.dir/link.txt --verbose=1
/opt/cross-pi-gcc-12.2.0-64/bin/aarch64-linux-gnu-gcc -O3 -DNDEBUG CMakeFiles/cmTC_6af9a.dir/src.c.o -o cmTC_6af9a 
gmake[1]: Leaving directory '/root/workspace/HPC_DDS_Machine_v4/build_opencv/CMakeFiles/CMakeTmp'


===== END =====

Determining size of off64_t failed with the following output:
Change Dir: /root/workspace/HPC_DDS_Machine_v4/build_opencv/CMakeFiles/CMakeTmp

Run Build Command(s):/usr/bin/gmake -f Makefile cmTC_f57c1/fast && /usr/bin/gmake  -f CMakeFiles/cmTC_f57c1.dir/build.make CMakeFiles/cmTC_f57c1.dir/build
gmake[1]: Entering directory '/root/workspace/HPC_DDS_Machine_v4/build_opencv/CMakeFiles/CMakeTmp'
Building C object CMakeFiles/cmTC_f57c1.dir/OFF64_T.c.o
/opt/cross-pi-gcc-12.2.0-64/bin/aarch64-linux-gnu-gcc   -fsigned-char -W -Wall -Wreturn-type -Waddress -Wsequence-point -Wformat -Wformat-security -Wmissing-declarations -Wmissing-prototypes -Wstrict-prototypes -Wundef -Winit-self -Wpointer-arith -Wshadow -Wuninitialized -Wno-comment -Wimplicit-fallthrough=3 -Wno-strict-overflow -fdiagnostics-show-option -pthread -fomit-frame-pointer -ffunction-sections -fdata-sections    -fvisibility=hidden  -O3 -DNDEBUG  -DNDEBUG -fPIE -o CMakeFiles/cmTC_f57c1.dir/OFF64_T.c.o -c /root/workspace/HPC_DDS_Machine_v4/build_opencv/CMakeFiles/CheckTypeSize/OFF64_T.c
/root/workspace/HPC_DDS_Machine_v4/build_opencv/CMakeFiles/CheckTypeSize/OFF64_T.c:27:22: error: 'off64_t' undeclared here (not in a function); did you mean 'off_t'?
   27 | #define SIZE (sizeof(off64_t))
      |                      ^~~~~~~
/root/workspace/HPC_DDS_Machine_v4/build_opencv/CMakeFiles/CheckTypeSize/OFF64_T.c:29:12: note: in expansion of macro 'SIZE'
   29 |   ('0' + ((SIZE / 10000)%10)),
      |            ^~~~
gmake[1]: *** [CMakeFiles/cmTC_f57c1.dir/build.make:78: CMakeFiles/cmTC_f57c1.dir/OFF64_T.c.o] Error 1
gmake[1]: Leaving directory '/root/workspace/HPC_DDS_Machine_v4/build_opencv/CMakeFiles/CMakeTmp'
gmake: *** [Makefile:127: cmTC_f57c1/fast] Error 2


/root/workspace/HPC_DDS_Machine_v4/build_opencv/CMakeFiles/CheckTypeSize/OFF64_T.c:
#include <sys/types.h>
#include <stdint.h>
#include <stddef.h>


#undef KEY
#if defined(__i386)
# define KEY '_','_','i','3','8','6'
#elif defined(__x86_64)
# define KEY '_','_','x','8','6','_','6','4'
#elif defined(__PPC64__)
# define KEY '_','_','P','P','C','6','4','_','_'
#elif defined(__ppc64__)
# define KEY '_','_','p','p','c','6','4','_','_'
#elif defined(__PPC__)
# define KEY '_','_','P','P','C','_','_'
#elif defined(__ppc__)
# define KEY '_','_','p','p','c','_','_'
#elif defined(__aarch64__)
# define KEY '_','_','a','a','r','c','h','6','4','_','_'
#elif defined(__ARM_ARCH_7A__)
# define KEY '_','_','A','R','M','_','A','R','C','H','_','7','A','_','_'
#elif defined(__ARM_ARCH_7S__)
# define KEY '_','_','A','R','M','_','A','R','C','H','_','7','S','_','_'
#endif

#define SIZE (sizeof(off64_t))
static char info_size[] =  {'I', 'N', 'F', 'O', ':', 's','i','z','e','[',
  ('0' + ((SIZE / 10000)%10)),
  ('0' + ((SIZE / 1000)%10)),
  ('0' + ((SIZE / 100)%10)),
  ('0' + ((SIZE / 10)%10)),
  ('0' +  (SIZE    % 10)),
  ']',
#ifdef KEY
  ' ','k','e','y','[', KEY, ']',
#endif
  '\0'};

#ifdef __CLASSIC_C__
int main(argc, argv) int argc; char *argv[];
#else
int main(int argc, char *argv[])
#endif
{
  int require = 0;
  require += info_size[argc];
  (void)argv;
  return require;
}


Build output check failed:
    Regex: 'unrecognized .*option'
    Output line: 'cc1: note: unrecognized command-line option '-Wno-shorten-64-to-32' may have been intended to silence earlier diagnostics'
Compilation failed:
    source file: '/root/workspace/HPC_DDS_Machine_v4/build_opencv/CMakeFiles/CMakeTmp/src.c'
    check option: ' -Wno-shorten-64-to-32'
===== BUILD LOG =====
Change Dir: /root/workspace/HPC_DDS_Machine_v4/build_opencv/CMakeFiles/CMakeTmp

Run Build Command(s):/usr/bin/gmake -f Makefile cmTC_5a7a5/fast && /usr/bin/gmake  -f CMakeFiles/cmTC_5a7a5.dir/build.make CMakeFiles/cmTC_5a7a5.dir/build
gmake[1]: Entering directory '/root/workspace/HPC_DDS_Machine_v4/build_opencv/CMakeFiles/CMakeTmp'
Building C object CMakeFiles/cmTC_5a7a5.dir/src.c.o
/opt/cross-pi-gcc-12.2.0-64/bin/aarch64-linux-gnu-gcc   -fsigned-char -W -Wall -Wreturn-type -Waddress -Wsequence-point -Wformat -Wformat-security -Wmissing-declarations -Wmissing-prototypes -Wstrict-prototypes -Wundef -Winit-self -Wpointer-arith -Wshadow -Wuninitialized -Wno-comment -Wimplicit-fallthrough=3 -Wno-strict-overflow -fdiagnostics-show-option -pthread -fomit-frame-pointer -ffunction-sections -fdata-sections    -fvisibility=hidden  -O3 -DNDEBUG  -DNDEBUG -fPIE    -Wno-shorten-64-to-32 -o CMakeFiles/cmTC_5a7a5.dir/src.c.o -c /root/workspace/HPC_DDS_Machine_v4/build_opencv/CMakeFiles/CMakeTmp/src.c
/root/workspace/HPC_DDS_Machine_v4/build_opencv/CMakeFiles/CMakeTmp/src.c:1: warning: ignoring '#pragma  ' [-Wunknown-pragmas]
    1 | #pragma
      | 
cc1: note: unrecognized command-line option '-Wno-shorten-64-to-32' may have been intended to silence earlier diagnostics
Linking C executable cmTC_5a7a5
/usr/bin/cmake -E cmake_link_script CMakeFiles/cmTC_5a7a5.dir/link.txt --verbose=1
/opt/cross-pi-gcc-12.2.0-64/bin/aarch64-linux-gnu-gcc    -fsigned-char -W -Wall -Wreturn-type -Waddress -Wsequence-point -Wformat -Wformat-security -Wmissing-declarations -Wmissing-prototypes -Wstrict-prototypes -Wundef -Winit-self -Wpointer-arith -Wshadow -Wuninitialized -Wno-comment -Wimplicit-fallthrough=3 -Wno-strict-overflow -fdiagnostics-show-option -pthread -fomit-frame-pointer -ffunction-sections -fdata-sections    -fvisibility=hidden  -O3 -DNDEBUG  -DNDEBUG   -Wl,--gc-sections -Wl,--as-needed -Wl,--no-undefined  CMakeFiles/cmTC_5a7a5.dir/src.c.o -o cmTC_5a7a5 
gmake[1]: Leaving directory '/root/workspace/HPC_DDS_Machine_v4/build_opencv/CMakeFiles/CMakeTmp'


===== END =====

Determining if the include file io.h exists failed with the following output:
Change Dir: /root/workspace/HPC_DDS_Machine_v4/build_opencv/CMakeFiles/CMakeTmp

Run Build Command(s):/usr/bin/gmake -f Makefile cmTC_8c22c/fast && /usr/bin/gmake  -f CMakeFiles/cmTC_8c22c.dir/build.make CMakeFiles/cmTC_8c22c.dir/build
gmake[1]: Entering directory '/root/workspace/HPC_DDS_Machine_v4/build_opencv/CMakeFiles/CMakeTmp'
Building C object CMakeFiles/cmTC_8c22c.dir/CheckIncludeFile.c.o
/opt/cross-pi-gcc-12.2.0-64/bin/aarch64-linux-gnu-gcc   -fsigned-char -W -Wall -Wreturn-type -Waddress -Wsequence-point -Wformat -Wformat-security -Wmissing-declarations -Wmissing-prototypes -Wstrict-prototypes -Wundef -Winit-self -Wpointer-arith -Wshadow -Wuninitialized -Wno-comment -Wimplicit-fallthrough=3 -Wno-strict-overflow -fdiagnostics-show-option -pthread -fomit-frame-pointer -ffunction-sections -fdata-sections    -fvisibility=hidden  -O3 -DNDEBUG  -DNDEBUG -fPIE -o CMakeFiles/cmTC_8c22c.dir/CheckIncludeFile.c.o -c /root/workspace/HPC_DDS_Machine_v4/build_opencv/CMakeFiles/CMakeTmp/CheckIncludeFile.c
/root/workspace/HPC_DDS_Machine_v4/build_opencv/CMakeFiles/CMakeTmp/CheckIncludeFile.c:1:10: fatal error: io.h: No such file or directory
    1 | #include <io.h>
      |          ^~~~~~
compilation terminated.
gmake[1]: *** [CMakeFiles/cmTC_8c22c.dir/build.make:78: CMakeFiles/cmTC_8c22c.dir/CheckIncludeFile.c.o] Error 1
gmake[1]: Leaving directory '/root/workspace/HPC_DDS_Machine_v4/build_opencv/CMakeFiles/CMakeTmp'
gmake: *** [Makefile:127: cmTC_8c22c/fast] Error 2



Determining size of INT8 failed with the following output:
Change Dir: /root/workspace/HPC_DDS_Machine_v4/build_opencv/CMakeFiles/CMakeTmp

Run Build Command(s):/usr/bin/gmake -f Makefile cmTC_69b95/fast && /usr/bin/gmake  -f CMakeFiles/cmTC_69b95.dir/build.make CMakeFiles/cmTC_69b95.dir/build
gmake[1]: Entering directory '/root/workspace/HPC_DDS_Machine_v4/build_opencv/CMakeFiles/CMakeTmp'
Building C object CMakeFiles/cmTC_69b95.dir/int8.c.o
/opt/cross-pi-gcc-12.2.0-64/bin/aarch64-linux-gnu-gcc   -fsigned-char -W -Wall -Wreturn-type -Waddress -Wsequence-point -Wformat -Wformat-security -Wmissing-declarations -Wmissing-prototypes -Wstrict-prototypes -Wundef -Winit-self -Wpointer-arith -Wshadow -Wuninitialized -Wno-comment -Wimplicit-fallthrough=3 -Wno-strict-overflow -fdiagnostics-show-option -pthread -fomit-frame-pointer -ffunction-sections -fdata-sections    -fvisibility=hidden  -O3 -DNDEBUG  -DNDEBUG -fPIE -o CMakeFiles/cmTC_69b95.dir/int8.c.o -c /root/workspace/HPC_DDS_Machine_v4/build_opencv/CMakeFiles/CheckTypeSize/int8.c
/root/workspace/HPC_DDS_Machine_v4/build_opencv/CMakeFiles/CheckTypeSize/int8.c:27:22: error: 'INT8' undeclared here (not in a function); did you mean 'INT8_C'?
   27 | #define SIZE (sizeof(INT8))
      |                      ^~~~
/root/workspace/HPC_DDS_Machine_v4/build_opencv/CMakeFiles/CheckTypeSize/int8.c:29:12: note: in expansion of macro 'SIZE'
   29 |   ('0' + ((SIZE / 10000)%10)),
      |            ^~~~
gmake[1]: *** [CMakeFiles/cmTC_69b95.dir/build.make:78: CMakeFiles/cmTC_69b95.dir/int8.c.o] Error 1
gmake[1]: Leaving directory '/root/workspace/HPC_DDS_Machine_v4/build_opencv/CMakeFiles/CMakeTmp'
gmake: *** [Makefile:127: cmTC_69b95/fast] Error 2


/root/workspace/HPC_DDS_Machine_v4/build_opencv/CMakeFiles/CheckTypeSize/int8.c:
#include <sys/types.h>
#include <stdint.h>
#include <stddef.h>


#undef KEY
#if defined(__i386)
# define KEY '_','_','i','3','8','6'
#elif defined(__x86_64)
# define KEY '_','_','x','8','6','_','6','4'
#elif defined(__PPC64__)
# define KEY '_','_','P','P','C','6','4','_','_'
#elif defined(__ppc64__)
# define KEY '_','_','p','p','c','6','4','_','_'
#elif defined(__PPC__)
# define KEY '_','_','P','P','C','_','_'
#elif defined(__ppc__)
# define KEY '_','_','p','p','c','_','_'
#elif defined(__aarch64__)
# define KEY '_','_','a','a','r','c','h','6','4','_','_'
#elif defined(__ARM_ARCH_7A__)
# define KEY '_','_','A','R','M','_','A','R','C','H','_','7','A','_','_'
#elif defined(__ARM_ARCH_7S__)
# define KEY '_','_','A','R','M','_','A','R','C','H','_','7','S','_','_'
#endif

#define SIZE (sizeof(INT8))
static char info_size[] =  {'I', 'N', 'F', 'O', ':', 's','i','z','e','[',
  ('0' + ((SIZE / 10000)%10)),
  ('0' + ((SIZE / 1000)%10)),
  ('0' + ((SIZE / 100)%10)),
  ('0' + ((SIZE / 10)%10)),
  ('0' +  (SIZE    % 10)),
  ']',
#ifdef KEY
  ' ','k','e','y','[', KEY, ']',
#endif
  '\0'};

#ifdef __CLASSIC_C__
int main(argc, argv) int argc; char *argv[];
#else
int main(int argc, char *argv[])
#endif
{
  int require = 0;
  require += info_size[argc];
  (void)argv;
  return require;
}


Determining size of INT16 failed with the following output:
Change Dir: /root/workspace/HPC_DDS_Machine_v4/build_opencv/CMakeFiles/CMakeTmp

Run Build Command(s):/usr/bin/gmake -f Makefile cmTC_91cd3/fast && /usr/bin/gmake  -f CMakeFiles/cmTC_91cd3.dir/build.make CMakeFiles/cmTC_91cd3.dir/build
gmake[1]: Entering directory '/root/workspace/HPC_DDS_Machine_v4/build_opencv/CMakeFiles/CMakeTmp'
Building C object CMakeFiles/cmTC_91cd3.dir/int16.c.o
/opt/cross-pi-gcc-12.2.0-64/bin/aarch64-linux-gnu-gcc   -fsigned-char -W -Wall -Wreturn-type -Waddress -Wsequence-point -Wformat -Wformat-security -Wmissing-declarations -Wmissing-prototypes -Wstrict-prototypes -Wundef -Winit-self -Wpointer-arith -Wshadow -Wuninitialized -Wno-comment -Wimplicit-fallthrough=3 -Wno-strict-overflow -fdiagnostics-show-option -pthread -fomit-frame-pointer -ffunction-sections -fdata-sections    -fvisibility=hidden  -O3 -DNDEBUG  -DNDEBUG -fPIE -o CMakeFiles/cmTC_91cd3.dir/int16.c.o -c /root/workspace/HPC_DDS_Machine_v4/build_opencv/CMakeFiles/CheckTypeSize/int16.c
/root/workspace/HPC_DDS_Machine_v4/build_opencv/CMakeFiles/CheckTypeSize/int16.c:27:22: error: 'INT16' undeclared here (not in a function); did you mean 'INT16_C'?
   27 | #define SIZE (sizeof(INT16))
      |                      ^~~~~
/root/workspace/HPC_DDS_Machine_v4/build_opencv/CMakeFiles/CheckTypeSize/int16.c:29:12: note: in expansion of macro 'SIZE'
   29 |   ('0' + ((SIZE / 10000)%10)),
      |            ^~~~
gmake[1]: *** [CMakeFiles/cmTC_91cd3.dir/build.make:78: CMakeFiles/cmTC_91cd3.dir/int16.c.o] Error 1
gmake[1]: Leaving directory '/root/workspace/HPC_DDS_Machine_v4/build_opencv/CMakeFiles/CMakeTmp'
gmake: *** [Makefile:127: cmTC_91cd3/fast] Error 2


/root/workspace/HPC_DDS_Machine_v4/build_opencv/CMakeFiles/CheckTypeSize/int16.c:
#include <sys/types.h>
#include <stdint.h>
#include <stddef.h>


#undef KEY
#if defined(__i386)
# define KEY '_','_','i','3','8','6'
#elif defined(__x86_64)
# define KEY '_','_','x','8','6','_','6','4'
#elif defined(__PPC64__)
# define KEY '_','_','P','P','C','6','4','_','_'
#elif defined(__ppc64__)
# define KEY '_','_','p','p','c','6','4','_','_'
#elif defined(__PPC__)
# define KEY '_','_','P','P','C','_','_'
#elif defined(__ppc__)
# define KEY '_','_','p','p','c','_','_'
#elif defined(__aarch64__)
# define KEY '_','_','a','a','r','c','h','6','4','_','_'
#elif defined(__ARM_ARCH_7A__)
# define KEY '_','_','A','R','M','_','A','R','C','H','_','7','A','_','_'
#elif defined(__ARM_ARCH_7S__)
# define KEY '_','_','A','R','M','_','A','R','C','H','_','7','S','_','_'
#endif

#define SIZE (sizeof(INT16))
static char info_size[] =  {'I', 'N', 'F', 'O', ':', 's','i','z','e','[',
  ('0' + ((SIZE / 10000)%10)),
  ('0' + ((SIZE / 1000)%10)),
  ('0' + ((SIZE / 100)%10)),
  ('0' + ((SIZE / 10)%10)),
  ('0' +  (SIZE    % 10)),
  ']',
#ifdef KEY
  ' ','k','e','y','[', KEY, ']',
#endif
  '\0'};

#ifdef __CLASSIC_C__
int main(argc, argv) int argc; char *argv[];
#else
int main(int argc, char *argv[])
#endif
{
  int require = 0;
  require += info_size[argc];
  (void)argv;
  return require;
}


Determining size of INT32 failed with the following output:
Change Dir: /root/workspace/HPC_DDS_Machine_v4/build_opencv/CMakeFiles/CMakeTmp

Run Build Command(s):/usr/bin/gmake -f Makefile cmTC_f5fd8/fast && /usr/bin/gmake  -f CMakeFiles/cmTC_f5fd8.dir/build.make CMakeFiles/cmTC_f5fd8.dir/build
gmake[1]: Entering directory '/root/workspace/HPC_DDS_Machine_v4/build_opencv/CMakeFiles/CMakeTmp'
Building C object CMakeFiles/cmTC_f5fd8.dir/int32.c.o
/opt/cross-pi-gcc-12.2.0-64/bin/aarch64-linux-gnu-gcc   -fsigned-char -W -Wall -Wreturn-type -Waddress -Wsequence-point -Wformat -Wformat-security -Wmissing-declarations -Wmissing-prototypes -Wstrict-prototypes -Wundef -Winit-self -Wpointer-arith -Wshadow -Wuninitialized -Wno-comment -Wimplicit-fallthrough=3 -Wno-strict-overflow -fdiagnostics-show-option -pthread -fomit-frame-pointer -ffunction-sections -fdata-sections    -fvisibility=hidden  -O3 -DNDEBUG  -DNDEBUG -fPIE -o CMakeFiles/cmTC_f5fd8.dir/int32.c.o -c /root/workspace/HPC_DDS_Machine_v4/build_opencv/CMakeFiles/CheckTypeSize/int32.c
/root/workspace/HPC_DDS_Machine_v4/build_opencv/CMakeFiles/CheckTypeSize/int32.c:27:22: error: 'INT32' undeclared here (not in a function); did you mean 'INT32_C'?
   27 | #define SIZE (sizeof(INT32))
      |                      ^~~~~
/root/workspace/HPC_DDS_Machine_v4/build_opencv/CMakeFiles/CheckTypeSize/int32.c:29:12: note: in expansion of macro 'SIZE'
   29 |   ('0' + ((SIZE / 10000)%10)),
      |            ^~~~
gmake[1]: *** [CMakeFiles/cmTC_f5fd8.dir/build.make:78: CMakeFiles/cmTC_f5fd8.dir/int32.c.o] Error 1
gmake[1]: Leaving directory '/root/workspace/HPC_DDS_Machine_v4/build_opencv/CMakeFiles/CMakeTmp'
gmake: *** [Makefile:127: cmTC_f5fd8/fast] Error 2


/root/workspace/HPC_DDS_Machine_v4/build_opencv/CMakeFiles/CheckTypeSize/int32.c:
#include <sys/types.h>
#include <stdint.h>
#include <stddef.h>


#undef KEY
#if defined(__i386)
# define KEY '_','_','i','3','8','6'
#elif defined(__x86_64)
# define KEY '_','_','x','8','6','_','6','4'
#elif defined(__PPC64__)
# define KEY '_','_','P','P','C','6','4','_','_'
#elif defined(__ppc64__)
# define KEY '_','_','p','p','c','6','4','_','_'
#elif defined(__PPC__)
# define KEY '_','_','P','P','C','_','_'
#elif defined(__ppc__)
# define KEY '_','_','p','p','c','_','_'
#elif defined(__aarch64__)
# define KEY '_','_','a','a','r','c','h','6','4','_','_'
#elif defined(__ARM_ARCH_7A__)
# define KEY '_','_','A','R','M','_','A','R','C','H','_','7','A','_','_'
#elif defined(__ARM_ARCH_7S__)
# define KEY '_','_','A','R','M','_','A','R','C','H','_','7','S','_','_'
#endif

#define SIZE (sizeof(INT32))
static char info_size[] =  {'I', 'N', 'F', 'O', ':', 's','i','z','e','[',
  ('0' + ((SIZE / 10000)%10)),
  ('0' + ((SIZE / 1000)%10)),
  ('0' + ((SIZE / 100)%10)),
  ('0' + ((SIZE / 10)%10)),
  ('0' +  (SIZE    % 10)),
  ']',
#ifdef KEY
  ' ','k','e','y','[', KEY, ']',
#endif
  '\0'};

#ifdef __CLASSIC_C__
int main(argc, argv) int argc; char *argv[];
#else
int main(int argc, char *argv[])
#endif
{
  int require = 0;
  require += info_size[argc];
  (void)argv;
  return require;
}


Determining if the function setmode exists failed with the following output:
Change Dir: /root/workspace/HPC_DDS_Machine_v4/build_opencv/CMakeFiles/CMakeTmp

Run Build Command(s):/usr/bin/gmake -f Makefile cmTC_4a452/fast && /usr/bin/gmake  -f CMakeFiles/cmTC_4a452.dir/build.make CMakeFiles/cmTC_4a452.dir/build
gmake[1]: Entering directory '/root/workspace/HPC_DDS_Machine_v4/build_opencv/CMakeFiles/CMakeTmp'
Building C object CMakeFiles/cmTC_4a452.dir/CheckFunctionExists.c.o
/opt/cross-pi-gcc-12.2.0-64/bin/aarch64-linux-gnu-gcc   -fsigned-char -W -Wall -Wreturn-type -Waddress -Wsequence-point -Wformat -Wformat-security -Wmissing-declarations -Wmissing-prototypes -Wstrict-prototypes -Wundef -Winit-self -Wpointer-arith -Wshadow -Wuninitialized -Wno-comment -Wimplicit-fallthrough=3 -Wno-strict-overflow -fdiagnostics-show-option -pthread -fomit-frame-pointer -ffunction-sections -fdata-sections    -fvisibility=hidden -DCHECK_FUNCTION_EXISTS=setmode -O3 -DNDEBUG  -DNDEBUG -fPIE -o CMakeFiles/cmTC_4a452.dir/CheckFunctionExists.c.o -c /usr/share/cmake-3.22/Modules/CheckFunctionExists.c
Linking C executable cmTC_4a452
/usr/bin/cmake -E cmake_link_script CMakeFiles/cmTC_4a452.dir/link.txt --verbose=1
/opt/cross-pi-gcc-12.2.0-64/bin/aarch64-linux-gnu-gcc    -fsigned-char -W -Wall -Wreturn-type -Waddress -Wsequence-point -Wformat -Wformat-security -Wmissing-declarations -Wmissing-prototypes -Wstrict-prototypes -Wundef -Winit-self -Wpointer-arith -Wshadow -Wuninitialized -Wno-comment -Wimplicit-fallthrough=3 -Wno-strict-overflow -fdiagnostics-show-option -pthread -fomit-frame-pointer -ffunction-sections -fdata-sections    -fvisibility=hidden -DCHECK_FUNCTION_EXISTS=setmode -O3 -DNDEBUG  -DNDEBUG   -Wl,--gc-sections -Wl,--as-needed -Wl,--no-undefined  CMakeFiles/cmTC_4a452.dir/CheckFunctionExists.c.o -o cmTC_4a452 
/opt/cross-pi-gcc-12.2.0-64/bin/../lib/gcc/aarch64-linux-gnu/12.2.0/../../../../aarch64-linux-gnu/bin/ld: CMakeFiles/cmTC_4a452.dir/CheckFunctionExists.c.o: in function `main':
CheckFunctionExists.c:(.text.startup.main+0x10): undefined reference to `setmode'
collect2: error: ld returned 1 exit status
gmake[1]: *** [CMakeFiles/cmTC_4a452.dir/build.make:99: cmTC_4a452] Error 1
gmake[1]: Leaving directory '/root/workspace/HPC_DDS_Machine_v4/build_opencv/CMakeFiles/CMakeTmp'
gmake: *** [Makefile:127: cmTC_4a452/fast] Error 2



Build output check failed:
    Regex: 'command[- ]line option .* is valid for .* but not for C\+\+'
    Output line: 'cc1plus: warning: command-line option '-Wno-missing-prototypes' is valid for C/ObjC but not for C++'
Compilation failed:
    source file: '/root/workspace/HPC_DDS_Machine_v4/build_opencv/CMakeFiles/CMakeTmp/src.cxx'
    check option: ' -Wno-missing-prototypes'
===== BUILD LOG =====
Change Dir: /root/workspace/HPC_DDS_Machine_v4/build_opencv/CMakeFiles/CMakeTmp

Run Build Command(s):/usr/bin/gmake -f Makefile cmTC_b17f3/fast && /usr/bin/gmake  -f CMakeFiles/cmTC_b17f3.dir/build.make CMakeFiles/cmTC_b17f3.dir/build
gmake[1]: Entering directory '/root/workspace/HPC_DDS_Machine_v4/build_opencv/CMakeFiles/CMakeTmp'
Building CXX object CMakeFiles/cmTC_b17f3.dir/src.cxx.o
/opt/cross-pi-gcc-12.2.0-64/bin/aarch64-linux-gnu-g++   -fsigned-char -W -Wall -Wreturn-type -Wnon-virtual-dtor -Waddress -Wsequence-point -Wformat -Wformat-security -Wundef -Winit-self -Wpointer-arith -Wshadow -Wsign-promo -Wuninitialized -Wsuggest-override -Wno-delete-non-virtual-dtor -Wno-comment -Wimplicit-fallthrough=3 -Wno-strict-overflow -fdiagnostics-show-option -pthread -fomit-frame-pointer -ffunction-sections -fdata-sections    -fvisibility=hidden -fvisibility-inlines-hidden -Wno-missing-declarations -Wno-unused-parameter  -O3 -DNDEBUG  -DNDEBUG -fPIE    -Wno-missing-prototypes -std=c++11 -o CMakeFiles/cmTC_b17f3.dir/src.cxx.o -c /root/workspace/HPC_DDS_Machine_v4/build_opencv/CMakeFiles/CMakeTmp/src.cxx
cc1plus: warning: command-line option '-Wno-missing-prototypes' is valid for C/ObjC but not for C++
/root/workspace/HPC_DDS_Machine_v4/build_opencv/CMakeFiles/CMakeTmp/src.cxx:1: warning: ignoring '#pragma  ' [-Wunknown-pragmas]
    1 | #pragma
      | 
Linking CXX executable cmTC_b17f3
/usr/bin/cmake -E cmake_link_script CMakeFiles/cmTC_b17f3.dir/link.txt --verbose=1
/opt/cross-pi-gcc-12.2.0-64/bin/aarch64-linux-gnu-g++    -fsigned-char -W -Wall -Wreturn-type -Wnon-virtual-dtor -Waddress -Wsequence-point -Wformat -Wformat-security -Wundef -Winit-self -Wpointer-arith -Wshadow -Wsign-promo -Wuninitialized -Wsuggest-override -Wno-delete-non-virtual-dtor -Wno-comment -Wimplicit-fallthrough=3 -Wno-strict-overflow -fdiagnostics-show-option -pthread -fomit-frame-pointer -ffunction-sections -fdata-sections    -fvisibility=hidden -fvisibility-inlines-hidden -Wno-missing-declarations -Wno-unused-parameter  -O3 -DNDEBUG  -DNDEBUG   -Wl,--gc-sections -Wl,--as-needed -Wl,--no-undefined  CMakeFiles/cmTC_b17f3.dir/src.cxx.o -o cmTC_b17f3 
gmake[1]: Leaving directory '/root/workspace/HPC_DDS_Machine_v4/build_opencv/CMakeFiles/CMakeTmp'


===== END =====

Build output check failed:
    Regex: 'unrecognized .*option'
    Output line: 'cc1: note: unrecognized command-line option '-Wno-implicit-const-int-float-conversion' may have been intended to silence earlier diagnostics'
Compilation failed:
    source file: '/root/workspace/HPC_DDS_Machine_v4/build_opencv/CMakeFiles/CMakeTmp/src.c'
    check option: ' -Wno-implicit-const-int-float-conversion'
===== BUILD LOG =====
Change Dir: /root/workspace/HPC_DDS_Machine_v4/build_opencv/CMakeFiles/CMakeTmp

Run Build Command(s):/usr/bin/gmake -f Makefile cmTC_56c3f/fast && /usr/bin/gmake  -f CMakeFiles/cmTC_56c3f.dir/build.make CMakeFiles/cmTC_56c3f.dir/build
gmake[1]: Entering directory '/root/workspace/HPC_DDS_Machine_v4/build_opencv/CMakeFiles/CMakeTmp'
Building C object CMakeFiles/cmTC_56c3f.dir/src.c.o
/opt/cross-pi-gcc-12.2.0-64/bin/aarch64-linux-gnu-gcc   -fsigned-char -W -Wall -Wreturn-type -Waddress -Wsequence-point -Wformat -Wformat-security -Wmissing-declarations -Wmissing-prototypes -Wstrict-prototypes -Wundef -Winit-self -Wpointer-arith -Wshadow -Wuninitialized -Wno-comment -Wimplicit-fallthrough=3 -Wno-strict-overflow -fdiagnostics-show-option -pthread -fomit-frame-pointer -ffunction-sections -fdata-sections    -fvisibility=hidden  -O3 -DNDEBUG  -DNDEBUG -fPIE    -Wno-implicit-const-int-float-conversion -o CMakeFiles/cmTC_56c3f.dir/src.c.o -c /root/workspace/HPC_DDS_Machine_v4/build_opencv/CMakeFiles/CMakeTmp/src.c
/root/workspace/HPC_DDS_Machine_v4/build_opencv/CMakeFiles/CMakeTmp/src.c:1: warning: ignoring '#pragma  ' [-Wunknown-pragmas]
    1 | #pragma
      | 
cc1: note: unrecognized command-line option '-Wno-implicit-const-int-float-conversion' may have been intended to silence earlier diagnostics
Linking C executable cmTC_56c3f
/usr/bin/cmake -E cmake_link_script CMakeFiles/cmTC_56c3f.dir/link.txt --verbose=1
/opt/cross-pi-gcc-12.2.0-64/bin/aarch64-linux-gnu-gcc    -fsigned-char -W -Wall -Wreturn-type -Waddress -Wsequence-point -Wformat -Wformat-security -Wmissing-declarations -Wmissing-prototypes -Wstrict-prototypes -Wundef -Winit-self -Wpointer-arith -Wshadow -Wuninitialized -Wno-comment -Wimplicit-fallthrough=3 -Wno-strict-overflow -fdiagnostics-show-option -pthread -fomit-frame-pointer -ffunction-sections -fdata-sections    -fvisibility=hidden  -O3 -DNDEBUG  -DNDEBUG   -Wl,--gc-sections -Wl,--as-needed -Wl,--no-undefined  CMakeFiles/cmTC_56c3f.dir/src.c.o -o cmTC_56c3f 
gmake[1]: Leaving directory '/root/workspace/HPC_DDS_Machine_v4/build_opencv/CMakeFiles/CMakeTmp'


===== END =====

Determining if the _aligned_malloc exist failed with the following output:
Change Dir: /root/workspace/HPC_DDS_Machine_v4/build_opencv/CMakeFiles/CMakeTmp

Run Build Command(s):/usr/bin/gmake -f Makefile cmTC_52939/fast && /usr/bin/gmake  -f CMakeFiles/cmTC_52939.dir/build.make CMakeFiles/cmTC_52939.dir/build
gmake[1]: Entering directory '/root/workspace/HPC_DDS_Machine_v4/build_opencv/CMakeFiles/CMakeTmp'
Building C object CMakeFiles/cmTC_52939.dir/CheckSymbolExists.c.o
/opt/cross-pi-gcc-12.2.0-64/bin/aarch64-linux-gnu-gcc   -fsigned-char -W -Wall -Wreturn-type -Waddress -Wsequence-point -Wformat -Wformat-security -Wstrict-prototypes -Wundef -Winit-self -Wpointer-arith -Wshadow -Wuninitialized -Wno-comment -Wimplicit-fallthrough=3 -Wno-strict-overflow -fdiagnostics-show-option -pthread -fomit-frame-pointer -ffunction-sections -fdata-sections    -fvisibility=hidden -Wno-unused-but-set-variable -Wno-missing-prototypes -Wno-missing-declarations  -O3 -DNDEBUG  -DNDEBUG -fPIE -o CMakeFiles/cmTC_52939.dir/CheckSymbolExists.c.o -c /root/workspace/HPC_DDS_Machine_v4/build_opencv/CMakeFiles/CMakeTmp/CheckSymbolExists.c
/root/workspace/HPC_DDS_Machine_v4/build_opencv/CMakeFiles/CMakeTmp/CheckSymbolExists.c: In function 'main':
/root/workspace/HPC_DDS_Machine_v4/build_opencv/CMakeFiles/CMakeTmp/CheckSymbolExists.c:8:19: error: '_aligned_malloc' undeclared (first use in this function)
    8 |   return ((int*)(&_aligned_malloc))[argc];
      |                   ^~~~~~~~~~~~~~~
/root/workspace/HPC_DDS_Machine_v4/build_opencv/CMakeFiles/CMakeTmp/CheckSymbolExists.c:8:19: note: each undeclared identifier is reported only once for each function it appears in
/root/workspace/HPC_DDS_Machine_v4/build_opencv/CMakeFiles/CMakeTmp/CheckSymbolExists.c:4:14: warning: parameter 'argc' set but not used [-Wunused-but-set-parameter]
    4 | int main(int argc, char** argv)
      |          ~~~~^~~~
gmake[1]: *** [CMakeFiles/cmTC_52939.dir/build.make:78: CMakeFiles/cmTC_52939.dir/CheckSymbolExists.c.o] Error 1
gmake[1]: Leaving directory '/root/workspace/HPC_DDS_Machine_v4/build_opencv/CMakeFiles/CMakeTmp'
gmake: *** [Makefile:127: cmTC_52939/fast] Error 2


File /root/workspace/HPC_DDS_Machine_v4/build_opencv/CMakeFiles/CMakeTmp/CheckSymbolExists.c:
/* */
#include <malloc.h>

int main(int argc, char** argv)
{
  (void)argv;
#ifndef _aligned_malloc
  return ((int*)(&_aligned_malloc))[argc];
#else
  (void)argc;
  return 0;
#endif
}
Build output check failed:
    Regex: 'unrecognized .*option'
    Output line: 'cc1: note: unrecognized command-line option '-Wno-null-pointer-subtraction' may have been intended to silence earlier diagnostics'
Compilation failed:
    source file: '/root/workspace/HPC_DDS_Machine_v4/build_opencv/CMakeFiles/CMakeTmp/src.c'
    check option: ' -Wno-null-pointer-subtraction'
===== BUILD LOG =====
Change Dir: /root/workspace/HPC_DDS_Machine_v4/build_opencv/CMakeFiles/CMakeTmp

Run Build Command(s):/usr/bin/gmake -f Makefile cmTC_7c901/fast && /usr/bin/gmake  -f CMakeFiles/cmTC_7c901.dir/build.make CMakeFiles/cmTC_7c901.dir/build
gmake[1]: Entering directory '/root/workspace/HPC_DDS_Machine_v4/build_opencv/CMakeFiles/CMakeTmp'
Building C object CMakeFiles/cmTC_7c901.dir/src.c.o
/opt/cross-pi-gcc-12.2.0-64/bin/aarch64-linux-gnu-gcc   -fsigned-char -W -Wall -Wreturn-type -Waddress -Wsequence-point -Wformat -Wformat-security -Wmissing-declarations -Wmissing-prototypes -Wstrict-prototypes -Winit-self -Wpointer-arith -Wshadow -Wuninitialized -Wno-comment -Wno-strict-overflow -fdiagnostics-show-option -pthread -fomit-frame-pointer -ffunction-sections -fdata-sections    -fvisibility=hidden -Wno-undef -Wno-cast-align -Wno-implicit-fallthrough -Wno-unused-parameter -Wno-sign-compare -Wno-maybe-uninitialized  -O3 -DNDEBUG  -DNDEBUG -fPIE    -Wno-null-pointer-subtraction -o CMakeFiles/cmTC_7c901.dir/src.c.o -c /root/workspace/HPC_DDS_Machine_v4/build_opencv/CMakeFiles/CMakeTmp/src.c
/root/workspace/HPC_DDS_Machine_v4/build_opencv/CMakeFiles/CMakeTmp/src.c:1: warning: ignoring '#pragma  ' [-Wunknown-pragmas]
    1 | #pragma
      | 
cc1: note: unrecognized command-line option '-Wno-null-pointer-subtraction' may have been intended to silence earlier diagnostics
Linking C executable cmTC_7c901
/usr/bin/cmake -E cmake_link_script CMakeFiles/cmTC_7c901.dir/link.txt --verbose=1
/opt/cross-pi-gcc-12.2.0-64/bin/aarch64-linux-gnu-gcc    -fsigned-char -W -Wall -Wreturn-type -Waddress -Wsequence-point -Wformat -Wformat-security -Wmissing-declarations -Wmissing-prototypes -Wstrict-prototypes -Winit-self -Wpointer-arith -Wshadow -Wuninitialized -Wno-comment -Wno-strict-overflow -fdiagnostics-show-option -pthread -fomit-frame-pointer -ffunction-sections -fdata-sections    -fvisibility=hidden -Wno-undef -Wno-cast-align -Wno-implicit-fallthrough -Wno-unused-parameter -Wno-sign-compare -Wno-maybe-uninitialized  -O3 -DNDEBUG  -DNDEBUG   -Wl,--gc-sections -Wl,--as-needed -Wl,--no-undefined  CMakeFiles/cmTC_7c901.dir/src.c.o -o cmTC_7c901 
gmake[1]: Leaving directory '/root/workspace/HPC_DDS_Machine_v4/build_opencv/CMakeFiles/CMakeTmp'


===== END =====

Determining if the function sgemm_ exists failed with the following output:
Change Dir: /root/workspace/HPC_DDS_Machine_v4/build_opencv/CMakeFiles/CMakeTmp

Run Build Command(s):/usr/bin/gmake -f Makefile cmTC_0906e/fast && /usr/bin/gmake  -f CMakeFiles/cmTC_0906e.dir/build.make CMakeFiles/cmTC_0906e.dir/build
gmake[1]: Entering directory '/root/workspace/HPC_DDS_Machine_v4/build_opencv/CMakeFiles/CMakeTmp'
Building C object CMakeFiles/cmTC_0906e.dir/CheckFunctionExists.c.o
/opt/cross-pi-gcc-12.2.0-64/bin/aarch64-linux-gnu-gcc   -fsigned-char -W -Wall -Wreturn-type -Waddress -Wsequence-point -Wformat -Wformat-security -Wmissing-declarations -Wmissing-prototypes -Wstrict-prototypes -Wundef -Winit-self -Wpointer-arith -Wshadow -Wuninitialized -Wno-comment -Wimplicit-fallthrough=3 -Wno-strict-overflow -fdiagnostics-show-option -pthread -fomit-frame-pointer -ffunction-sections -fdata-sections    -fvisibility=hidden -DCHECK_FUNCTION_EXISTS=sgemm_ -O3 -DNDEBUG  -DNDEBUG -fPIE -o CMakeFiles/cmTC_0906e.dir/CheckFunctionExists.c.o -c /usr/share/cmake-3.22/Modules/CheckFunctionExists.c
Linking C executable cmTC_0906e
/usr/bin/cmake -E cmake_link_script CMakeFiles/cmTC_0906e.dir/link.txt --verbose=1
/opt/cross-pi-gcc-12.2.0-64/bin/aarch64-linux-gnu-gcc    -fsigned-char -W -Wall -Wreturn-type -Waddress -Wsequence-point -Wformat -Wformat-security -Wmissing-declarations -Wmissing-prototypes -Wstrict-prototypes -Wundef -Winit-self -Wpointer-arith -Wshadow -Wuninitialized -Wno-comment -Wimplicit-fallthrough=3 -Wno-strict-overflow -fdiagnostics-show-option -pthread -fomit-frame-pointer -ffunction-sections -fdata-sections    -fvisibility=hidden -DCHECK_FUNCTION_EXISTS=sgemm_ -O3 -DNDEBUG  -DNDEBUG   -Wl,--gc-sections -Wl,--as-needed -Wl,--no-undefined  CMakeFiles/cmTC_0906e.dir/CheckFunctionExists.c.o -o cmTC_0906e 
/opt/cross-pi-gcc-12.2.0-64/bin/../lib/gcc/aarch64-linux-gnu/12.2.0/../../../../aarch64-linux-gnu/bin/ld: CMakeFiles/cmTC_0906e.dir/CheckFunctionExists.c.o: in function `main':
CheckFunctionExists.c:(.text.startup.main+0x10): undefined reference to `sgemm_'
collect2: error: ld returned 1 exit status
gmake[1]: *** [CMakeFiles/cmTC_0906e.dir/build.make:99: cmTC_0906e] Error 1
gmake[1]: Leaving directory '/root/workspace/HPC_DDS_Machine_v4/build_opencv/CMakeFiles/CMakeTmp'
gmake: *** [Makefile:127: cmTC_0906e/fast] Error 2



Build output check failed:
    Regex: 'unrecognized .*option'
    Output line: 'cc1plus: note: unrecognized command-line option '-Wno-tautological-undefined-compare' may have been intended to silence earlier diagnostics'
Compilation failed:
    source file: '/root/workspace/HPC_DDS_Machine_v4/build_opencv/CMakeFiles/CMakeTmp/src.cxx'
    check option: ' -Wno-tautological-undefined-compare'
===== BUILD LOG =====
Change Dir: /root/workspace/HPC_DDS_Machine_v4/build_opencv/CMakeFiles/CMakeTmp

Run Build Command(s):/usr/bin/gmake -f Makefile cmTC_50fd8/fast && /usr/bin/gmake  -f CMakeFiles/cmTC_50fd8.dir/build.make CMakeFiles/cmTC_50fd8.dir/build
gmake[1]: Entering directory '/root/workspace/HPC_DDS_Machine_v4/build_opencv/CMakeFiles/CMakeTmp'
Building CXX object CMakeFiles/cmTC_50fd8.dir/src.cxx.o
/opt/cross-pi-gcc-12.2.0-64/bin/aarch64-linux-gnu-g++   -fsigned-char -W -Wall -Wreturn-type -Wnon-virtual-dtor -Waddress -Wsequence-point -Wformat -Wformat-security -Winit-self -Wpointer-arith -Wuninitialized -Wsuggest-override -Wno-delete-non-virtual-dtor -Wno-comment -Wimplicit-fallthrough=3 -Wno-strict-overflow -fdiagnostics-show-option -pthread -fomit-frame-pointer -ffunction-sections -fdata-sections    -fvisibility=hidden -fvisibility-inlines-hidden -Wno-deprecated -Wno-missing-declarations -Wno-shadow -Wno-unused-parameter -Wno-unused-local-typedefs -Wno-sign-compare -Wno-sign-promo -Wno-undef  -O3 -DNDEBUG  -DNDEBUG -fPIE    -Wno-tautological-undefined-compare -std=c++11 -o CMakeFiles/cmTC_50fd8.dir/src.cxx.o -c /root/workspace/HPC_DDS_Machine_v4/build_opencv/CMakeFiles/CMakeTmp/src.cxx
/root/workspace/HPC_DDS_Machine_v4/build_opencv/CMakeFiles/CMakeTmp/src.cxx:1: warning: ignoring '#pragma  ' [-Wunknown-pragmas]
    1 | #pragma
      | 
cc1plus: note: unrecognized command-line option '-Wno-tautological-undefined-compare' may have been intended to silence earlier diagnostics
Linking CXX executable cmTC_50fd8
/usr/bin/cmake -E cmake_link_script CMakeFiles/cmTC_50fd8.dir/link.txt --verbose=1
/opt/cross-pi-gcc-12.2.0-64/bin/aarch64-linux-gnu-g++    -fsigned-char -W -Wall -Wreturn-type -Wnon-virtual-dtor -Waddress -Wsequence-point -Wformat -Wformat-security -Winit-self -Wpointer-arith -Wuninitialized -Wsuggest-override -Wno-delete-non-virtual-dtor -Wno-comment -Wimplicit-fallthrough=3 -Wno-strict-overflow -fdiagnostics-show-option -pthread -fomit-frame-pointer -ffunction-sections -fdata-sections    -fvisibility=hidden -fvisibility-inlines-hidden -Wno-deprecated -Wno-missing-declarations -Wno-shadow -Wno-unused-parameter -Wno-unused-local-typedefs -Wno-sign-compare -Wno-sign-promo -Wno-undef  -O3 -DNDEBUG  -DNDEBUG   -Wl,--gc-sections -Wl,--as-needed -Wl,--no-undefined  CMakeFiles/cmTC_50fd8.dir/src.cxx.o -o cmTC_50fd8 
gmake[1]: Leaving directory '/root/workspace/HPC_DDS_Machine_v4/build_opencv/CMakeFiles/CMakeTmp'


===== END =====

Build output check failed:
    Regex: 'unrecognized .*option'
    Output line: 'cc1plus: note: unrecognized command-line option '-Wno-shorten-64-to-32' may have been intended to silence earlier diagnostics'
Compilation failed:
    source file: '/root/workspace/HPC_DDS_Machine_v4/build_opencv/CMakeFiles/CMakeTmp/src.cxx'
    check option: ' -Wno-shorten-64-to-32'
===== BUILD LOG =====
Change Dir: /root/workspace/HPC_DDS_Machine_v4/build_opencv/CMakeFiles/CMakeTmp

Run Build Command(s):/usr/bin/gmake -f Makefile cmTC_0f6f0/fast && /usr/bin/gmake  -f CMakeFiles/cmTC_0f6f0.dir/build.make CMakeFiles/cmTC_0f6f0.dir/build
gmake[1]: Entering directory '/root/workspace/HPC_DDS_Machine_v4/build_opencv/CMakeFiles/CMakeTmp'
Building CXX object CMakeFiles/cmTC_0f6f0.dir/src.cxx.o
/opt/cross-pi-gcc-12.2.0-64/bin/aarch64-linux-gnu-g++   -fsigned-char -W -Wall -Wreturn-type -Wnon-virtual-dtor -Waddress -Wsequence-point -Wformat -Wformat-security -Winit-self -Wpointer-arith -Wuninitialized -Wsuggest-override -Wno-delete-non-virtual-dtor -Wno-comment -Wimplicit-fallthrough=3 -Wno-strict-overflow -fdiagnostics-show-option -pthread -fomit-frame-pointer -ffunction-sections -fdata-sections    -fvisibility=hidden -fvisibility-inlines-hidden -Wno-deprecated -Wno-missing-declarations -Wno-shadow -Wno-unused-parameter -Wno-unused-local-typedefs -Wno-sign-compare -Wno-sign-promo -Wno-undef -Wno-ignored-qualifiers -Wno-extra -Wno-unused-function -Wno-unused-const-variable  -O3 -DNDEBUG  -DNDEBUG -fPIE    -Wno-shorten-64-to-32 -std=c++11 -o CMakeFiles/cmTC_0f6f0.dir/src.cxx.o -c /root/workspace/HPC_DDS_Machine_v4/build_opencv/CMakeFiles/CMakeTmp/src.cxx
/root/workspace/HPC_DDS_Machine_v4/build_opencv/CMakeFiles/CMakeTmp/src.cxx:1: warning: ignoring '#pragma  ' [-Wunknown-pragmas]
    1 | #pragma
      | 
cc1plus: note: unrecognized command-line option '-Wno-shorten-64-to-32' may have been intended to silence earlier diagnostics
Linking CXX executable cmTC_0f6f0
/usr/bin/cmake -E cmake_link_script CMakeFiles/cmTC_0f6f0.dir/link.txt --verbose=1
/opt/cross-pi-gcc-12.2.0-64/bin/aarch64-linux-gnu-g++    -fsigned-char -W -Wall -Wreturn-type -Wnon-virtual-dtor -Waddress -Wsequence-point -Wformat -Wformat-security -Winit-self -Wpointer-arith -Wuninitialized -Wsuggest-override -Wno-delete-non-virtual-dtor -Wno-comment -Wimplicit-fallthrough=3 -Wno-strict-overflow -fdiagnostics-show-option -pthread -fomit-frame-pointer -ffunction-sections -fdata-sections    -fvisibility=hidden -fvisibility-inlines-hidden -Wno-deprecated -Wno-missing-declarations -Wno-shadow -Wno-unused-parameter -Wno-unused-local-typedefs -Wno-sign-compare -Wno-sign-promo -Wno-undef -Wno-ignored-qualifiers -Wno-extra -Wno-unused-function -Wno-unused-const-variable  -O3 -DNDEBUG  -DNDEBUG   -Wl,--gc-sections -Wl,--as-needed -Wl,--no-undefined  CMakeFiles/cmTC_0f6f0.dir/src.cxx.o -o cmTC_0f6f0 
gmake[1]: Leaving directory '/root/workspace/HPC_DDS_Machine_v4/build_opencv/CMakeFiles/CMakeTmp'


===== END =====

Build output check failed:
    Regex: 'unrecognized .*option'
    Output line: 'cc1plus: note: unrecognized command-line option '-Wno-enum-compare-switch' may have been intended to silence earlier diagnostics'
Compilation failed:
    source file: '/root/workspace/HPC_DDS_Machine_v4/build_opencv/CMakeFiles/CMakeTmp/src.cxx'
    check option: ' -Wno-enum-compare-switch'
===== BUILD LOG =====
Change Dir: /root/workspace/HPC_DDS_Machine_v4/build_opencv/CMakeFiles/CMakeTmp

Run Build Command(s):/usr/bin/gmake -f Makefile cmTC_8ebaf/fast && /usr/bin/gmake  -f CMakeFiles/cmTC_8ebaf.dir/build.make CMakeFiles/cmTC_8ebaf.dir/build
gmake[1]: Entering directory '/root/workspace/HPC_DDS_Machine_v4/build_opencv/CMakeFiles/CMakeTmp'
Building CXX object CMakeFiles/cmTC_8ebaf.dir/src.cxx.o
/opt/cross-pi-gcc-12.2.0-64/bin/aarch64-linux-gnu-g++   -fsigned-char -W -Wall -Wreturn-type -Wnon-virtual-dtor -Waddress -Wsequence-point -Wformat -Wformat-security -Winit-self -Wpointer-arith -Wuninitialized -Wsuggest-override -Wno-delete-non-virtual-dtor -Wno-comment -Wimplicit-fallthrough=3 -Wno-strict-overflow -fdiagnostics-show-option -pthread -fomit-frame-pointer -ffunction-sections -fdata-sections    -fvisibility=hidden -fvisibility-inlines-hidden -Wno-deprecated -Wno-missing-declarations -Wno-shadow -Wno-unused-parameter -Wno-unused-local-typedefs -Wno-sign-compare -Wno-sign-promo -Wno-undef -Wno-ignored-qualifiers -Wno-extra -Wno-unused-function -Wno-unused-const-variable -Wno-invalid-offsetof  -O3 -DNDEBUG  -DNDEBUG -fPIE    -Wno-enum-compare-switch -std=c++11 -o CMakeFiles/cmTC_8ebaf.dir/src.cxx.o -c /root/workspace/HPC_DDS_Machine_v4/build_opencv/CMakeFiles/CMakeTmp/src.cxx
/root/workspace/HPC_DDS_Machine_v4/build_opencv/CMakeFiles/CMakeTmp/src.cxx:1: warning: ignoring '#pragma  ' [-Wunknown-pragmas]
    1 | #pragma
      | 
cc1plus: note: unrecognized command-line option '-Wno-enum-compare-switch' may have been intended to silence earlier diagnostics
Linking CXX executable cmTC_8ebaf
/usr/bin/cmake -E cmake_link_script CMakeFiles/cmTC_8ebaf.dir/link.txt --verbose=1
/opt/cross-pi-gcc-12.2.0-64/bin/aarch64-linux-gnu-g++    -fsigned-char -W -Wall -Wreturn-type -Wnon-virtual-dtor -Waddress -Wsequence-point -Wformat -Wformat-security -Winit-self -Wpointer-arith -Wuninitialized -Wsuggest-override -Wno-delete-non-virtual-dtor -Wno-comment -Wimplicit-fallthrough=3 -Wno-strict-overflow -fdiagnostics-show-option -pthread -fomit-frame-pointer -ffunction-sections -fdata-sections    -fvisibility=hidden -fvisibility-inlines-hidden -Wno-deprecated -Wno-missing-declarations -Wno-shadow -Wno-unused-parameter -Wno-unused-local-typedefs -Wno-sign-compare -Wno-sign-promo -Wno-undef -Wno-ignored-qualifiers -Wno-extra -Wno-unused-function -Wno-unused-const-variable -Wno-invalid-offsetof  -O3 -DNDEBUG  -DNDEBUG   -Wl,--gc-sections -Wl,--as-needed -Wl,--no-undefined  CMakeFiles/cmTC_8ebaf.dir/src.cxx.o -o cmTC_8ebaf 
gmake[1]: Leaving directory '/root/workspace/HPC_DDS_Machine_v4/build_opencv/CMakeFiles/CMakeTmp'


===== END =====

Build output check failed:
    Regex: 'unrecognized .*option'
    Output line: 'cc1plus: note: unrecognized command-line option '-Wno-inconsistent-missing-override' may have been intended to silence earlier diagnostics'
Compilation failed:
    source file: '/root/workspace/HPC_DDS_Machine_v4/build_opencv/CMakeFiles/CMakeTmp/src.cxx'
    check option: ' -Wno-inconsistent-missing-override'
===== BUILD LOG =====
Change Dir: /root/workspace/HPC_DDS_Machine_v4/build_opencv/CMakeFiles/CMakeTmp

Run Build Command(s):/usr/bin/gmake -f Makefile cmTC_8662b/fast && /usr/bin/gmake  -f CMakeFiles/cmTC_8662b.dir/build.make CMakeFiles/cmTC_8662b.dir/build
gmake[1]: Entering directory '/root/workspace/HPC_DDS_Machine_v4/build_opencv/CMakeFiles/CMakeTmp'
Building CXX object CMakeFiles/cmTC_8662b.dir/src.cxx.o
/opt/cross-pi-gcc-12.2.0-64/bin/aarch64-linux-gnu-g++   -fsigned-char -W -Wall -Wreturn-type -Wnon-virtual-dtor -Waddress -Wsequence-point -Wformat -Wformat-security -Winit-self -Wpointer-arith -Wuninitialized -Wno-delete-non-virtual-dtor -Wno-comment -Wimplicit-fallthrough=3 -Wno-strict-overflow -fdiagnostics-show-option -pthread -fomit-frame-pointer -ffunction-sections -fdata-sections    -fvisibility=hidden -fvisibility-inlines-hidden -Wno-deprecated -Wno-missing-declarations -Wno-shadow -Wno-unused-parameter -Wno-unused-local-typedefs -Wno-sign-compare -Wno-sign-promo -Wno-undef -Wno-ignored-qualifiers -Wno-extra -Wno-unused-function -Wno-unused-const-variable -Wno-invalid-offsetof -Wno-suggest-override  -O3 -DNDEBUG  -DNDEBUG -fPIE    -Wno-inconsistent-missing-override -std=c++11 -o CMakeFiles/cmTC_8662b.dir/src.cxx.o -c /root/workspace/HPC_DDS_Machine_v4/build_opencv/CMakeFiles/CMakeTmp/src.cxx
/root/workspace/HPC_DDS_Machine_v4/build_opencv/CMakeFiles/CMakeTmp/src.cxx:1: warning: ignoring '#pragma  ' [-Wunknown-pragmas]
    1 | #pragma
      | 
cc1plus: note: unrecognized command-line option '-Wno-inconsistent-missing-override' may have been intended to silence earlier diagnostics
Linking CXX executable cmTC_8662b
/usr/bin/cmake -E cmake_link_script CMakeFiles/cmTC_8662b.dir/link.txt --verbose=1
/opt/cross-pi-gcc-12.2.0-64/bin/aarch64-linux-gnu-g++    -fsigned-char -W -Wall -Wreturn-type -Wnon-virtual-dtor -Waddress -Wsequence-point -Wformat -Wformat-security -Winit-self -Wpointer-arith -Wuninitialized -Wno-delete-non-virtual-dtor -Wno-comment -Wimplicit-fallthrough=3 -Wno-strict-overflow -fdiagnostics-show-option -pthread -fomit-frame-pointer -ffunction-sections -fdata-sections    -fvisibility=hidden -fvisibility-inlines-hidden -Wno-deprecated -Wno-missing-declarations -Wno-shadow -Wno-unused-parameter -Wno-unused-local-typedefs -Wno-sign-compare -Wno-sign-promo -Wno-undef -Wno-ignored-qualifiers -Wno-extra -Wno-unused-function -Wno-unused-const-variable -Wno-invalid-offsetof -Wno-suggest-override  -O3 -DNDEBUG  -DNDEBUG   -Wl,--gc-sections -Wl,--as-needed -Wl,--no-undefined  CMakeFiles/cmTC_8662b.dir/src.cxx.o -o cmTC_8662b 
gmake[1]: Leaving directory '/root/workspace/HPC_DDS_Machine_v4/build_opencv/CMakeFiles/CMakeTmp'


===== END =====

Determining if the include file sys/videoio.h exists failed with the following output:
Change Dir: /root/workspace/HPC_DDS_Machine_v4/build_opencv/CMakeFiles/CMakeTmp

Run Build Command(s):/usr/bin/gmake -f Makefile cmTC_12cfa/fast && /usr/bin/gmake  -f CMakeFiles/cmTC_12cfa.dir/build.make CMakeFiles/cmTC_12cfa.dir/build
gmake[1]: Entering directory '/root/workspace/HPC_DDS_Machine_v4/build_opencv/CMakeFiles/CMakeTmp'
Building C object CMakeFiles/cmTC_12cfa.dir/CheckIncludeFile.c.o
/opt/cross-pi-gcc-12.2.0-64/bin/aarch64-linux-gnu-gcc   -fsigned-char -W -Wall -Wreturn-type -Waddress -Wsequence-point -Wformat -Wformat-security -Wmissing-declarations -Wmissing-prototypes -Wstrict-prototypes -Wundef -Winit-self -Wpointer-arith -Wshadow -Wuninitialized -Wno-comment -Wimplicit-fallthrough=3 -Wno-strict-overflow -fdiagnostics-show-option -pthread -fomit-frame-pointer -ffunction-sections -fdata-sections    -fvisibility=hidden  -O3 -DNDEBUG  -DNDEBUG -fPIE -o CMakeFiles/cmTC_12cfa.dir/CheckIncludeFile.c.o -c /root/workspace/HPC_DDS_Machine_v4/build_opencv/CMakeFiles/CMakeTmp/CheckIncludeFile.c
/root/workspace/HPC_DDS_Machine_v4/build_opencv/CMakeFiles/CMakeTmp/CheckIncludeFile.c:1:10: fatal error: sys/videoio.h: No such file or directory
    1 | #include <sys/videoio.h>
      |          ^~~~~~~~~~~~~~~
compilation terminated.
gmake[1]: *** [CMakeFiles/cmTC_12cfa.dir/build.make:78: CMakeFiles/cmTC_12cfa.dir/CheckIncludeFile.c.o] Error 1
gmake[1]: Leaving directory '/root/workspace/HPC_DDS_Machine_v4/build_opencv/CMakeFiles/CMakeTmp'
gmake: *** [Makefile:127: cmTC_12cfa/fast] Error 2



