=== Run started at Mon Nov 24 11:35:05 UTC 2025 ===
[BUILD] Build directory found, running the script
[RUN] Starting para-exec.sh...
[0;90m2025-11-24 11:35:05.937 [0;1;96m[ Debug ][m: reopen RouDi's IPC channel!
[0;90m2025-11-24 11:35:05.937 [0;1;93m[Warning][m: RouDi not found - waiting ...
Log level set to: [0;1;93m[Warning][m
Reserving 92775704 bytes in the shared memory [iceoryx_mgmt]
[ Reserving shared memory successful ] 
Reserving 484809200 bytes in the shared memory [root]
[ Reserving shared memory successful ] 
RouDi is ready for clients
[0;90m2025-11-24 11:35:06.237 [0;1;96m[ Debug ][m: RouDi IPC Channel found!
[0;90m2025-11-24 11:35:06.238 [0;1;93m[Warning][m: ... RouDi found.
[0;90m2025-11-24 11:35:06.239 [0;1;96m[ Debug ][m: Application registered management segment 0x771ee1f6c000 with size 92775704 to id 1
[0;90m2025-11-24 11:35:06.239 [0;1;96m[ Debug ][m: Application registered payload data segment 0x771ec5112000 with size 484809200 to id 2
[0;90m2025-11-24 11:35:06.746 [0;1;96m[ Debug ][m: Application registered management segment 0x7b800b271000 with size 92775704 to id 1
[0;90m2025-11-24 11:35:06.746 [0;1;96m[ Debug ][m: Application registered payload data segment 0x7b7fee417000 with size 484809200 to id 2
[0;90m2025-11-24 11:35:06.771 [0;1;96m[ Debug ][m: Application registered management segment 0x7ab0e1890000 with size 92775704 to id 1
[0;90m2025-11-24 11:35:06.772 [0;1;96m[ Debug ][m: Application registered payload data segment 0x7ab0c4a36000 with size 484809200 to id 2
[0;90m2025-11-24 11:35:06.781 [0;1;96m[ Debug ][m: Application registered management segment 0x737b55108000 with size 92775704 to id 1
[0;90m2025-11-24 11:35:06.781 [0;1;96m[ Debug ][m: Application registered payload data segment 0x737b382ae000 with size 484809200 to id 2
2025/11/24 11:35:06.781858  107527655 000 ECU1 PVSE PVSE log verbose V 1 [ProviderSensor::Initialize]
[10752.765613]~DLT~26245~ERROR    ~dlt_user_log_send_log: File size (0 bytes) reached to defined maximum size (0 bytes)
[0;90m2025-11-24 11:35:06.791 [0;1;96m[ Debug ][m: Application registered management segment 0x7a6f174eb000 with size 92775704 to id 1
[0;90m2025-11-24 11:35:06.791 [0;1;96m[ Debug ][m: Application registered payload data segment 0x7a6efa691000 with size 484809200 to id 2
2025/11/24 11:35:06.792338  107527760 000 ECU1 CLSE CLSE log verbose V 1 [ClientSensor::Initialize]
[10752.776096]~DLT~26266~ERROR    ~dlt_user_log_send_log: File size (0 bytes) reached to defined maximum size (0 bytes)
2025/11/24 11:35:06.792368  107527761 001 ECU1 CLSE CLSE log verbose V 1 [ClientSensor::Start]
2025/11/24 11:35:06.792371  107527761 002 ECU1 CLSE CLSE log verbose V 1 [Sensor::Start]
2025/11/24 11:35:06.793919  107527776 003 ECU1 CLSE CLSE log verbose V 1 [Sensor::Find::Service Instances not found]
2025/11/24 11:35:06.793927  107527776 004 ECU1 CLSE CLSE log verbose V 1 [Sensor::Start::StartFindService]
2025/11/24 11:35:06.793961  107527776 005 ECU1 CLSE CLSE log verbose V 1 [Sensorv2::Start]
2025/11/24 11:35:06.794113  107527778 006 ECU1 CLSE CLSE log verbose V 1 [2025/11/24 11:35:06.794117  107527778 ]
2025/11/24 11:35:06.794117  107527778 007 ECU1 CLSE CLSE log verbose V 1 [Sensorv2::Start::StartFindService]
2025/11/24 11:35:06.797601  107527813 008 ECU1 CLSE CLSE log verbose V 1 [Running adaptive application]
2025/11/24 11:35:06.797635  107527813 009 ECU1 CLSE CLSE log verbose V 1 [ClientSensor::Run]
2025/11/24 11:35:06.815863  107527995 010 ECU1 CLSE CLSE log verbose V 4 [Sensor::Find::Searched Instance::ServiceId = 21 , InstanceId = 1]
2025/11/24 11:35:06.815879  107527996 011 ECU1 CLSE CLSE log verbose V 4 [Sensor::Find::Using Instance::ServiceId = 21 , InstanceId = 1]
2025/11/24 11:35:06.816470  107528002 012 ECU1 CLSE CLSE log verbose V 1 [Sensor::SubscribeEvent_transferData::Subscribed]
2025/11/24 11:35:06.850250  107528339 013 ECU1 CLSE CLSE log verbose V 4 [Sensorv2::Find::Searched Instance::ServiceId = 22 , InstanceId = 2]
2025/11/24 11:35:06.850283  107528340 014 ECU1 CLSE CLSE log verbose V 4 [Sensorv2::Find::Using Instance::ServiceId = 22 , InstanceId = 2]
2025/11/24 11:35:06.851227  107528349 015 ECU1 CLSE CLSE log info V 1 [Sensorv2::SubscribeEvent_RequestData::Subscribed with cache size 10]
2025/11/24 11:35:07.797821  107537815 016 ECU1 CLSECCLS CLSE log verbose3 2025/11/24 11:35:07.797821  107537815 016 ECU1 CLSECCLS CLSE log verbose3 [Sensorv2::ReadDataEvent_RequestData - Received 1500  bytes]
[Sensorv2::ReadDataEvent_RequestData - Received 1500  bytes]
2025/11/24 11:35:07.797863  107537815 018 ECU1 CLSE CLSE log info V 1 [Offset 0000: 4c f2 57 65 02 78 07 f3 ff 10 54 d5 42 96 08 d0 ]
2025/11/24 11:35:07.797867  107537816 019 ECU1 CLSE CLSE log info V 1 [Offset 0016: 65 c7 03 1d 38 e8 16 8c ea f4 7c 19 f4 87 3c 8f ]
2025/11/24 11:35:07.797869  107537816 020 ECU1 CLSE CLSE log info V 1 [Offset 0032: be 07 d9 ea 86 a6 a8 e6 73 65 b9 9b d6 70 80 af ]
2025/11/24 11:35:07.797872  107537816 021 ECU1 CLSE CLSE log info V 1 [Offset 0048: b6 70 ba 66 90 fe 8c 9a a2 27 1b 78 ce 5e 1c 5a ]
2025/11/24 11:35:07.797874  107537816 022 ECU1 CLSE CLSE log info V 1 [Offset 0064: 39 20 80 45 f7 58 47 41 79 b2 ab 33 8c fa c4 2e ]
2025/11/24 11:35:07.797876  107537816 023 ECU1 CLSE CLSE log info V 1 [Offset 0080: 69 0d 97 8c f6 64 33 84 e2 c0 88 69 01 bf 58 fb ]
2025/11/24 11:35:07.797878  107537816 024 ECU1 CLSE CLSE log info V 1 [Offset 0096: 84 5a c1 a6 9a 54 9a ac 0c f9 79 e3 59 cc 55 3a ]
2025/11/24 11:35:07.797880  107537816 025 ECU1 CLSE CLSE log info V 1 [Offset 0112: 93 6f 72 83 d8 9b 29 67 74 88 bd fa 98 85 69 a4 ]
2025/11/24 11:35:07.797882  107537816 026 ECU1 CLSE CLSE log info V 1 [Offset 0128: b1 c6 62 02 33 8b 19 e9 e4 27 23 8b b9 a2 a8 fc ]
2025/11/24 11:35:07.797884  107537816 027 ECU1 CLSE CLSE log info V 1 [Offset 0144: 74 66 3a e6 ea 7b 09 25 17 75 fe a2 e0 7d 73 43 ]
2025/11/24 11:35:07.797886  107537816 028 ECU1 CLSE CLSE log info V 1 [Offset 0160: e6 f4 71 a2 11 3a 6d d3 8b ce 74 2c cc 02 d0 ac ]
2025/11/24 11:35:07.797888  107537816 029 ECU1 CLSE CLSE log info V 1 [Offset 0176: 76 a8 ae cd 4d 9f ca d4 dc cf 91 24 99 45 53 bf ]
2025/11/24 11:35:07.797890  107537816 030 ECU1 CLSE CLSE log info V 1 [Offset 0192: 06 79 4f 98 32 4b cc 6e 86 22 0e 66 b1 a0 10 dc ]
2025/11/24 11:35:07.797892  107537816 031 ECU1 CLSE CLSE log info V 1 [Offset 0208: ad f2 b4 39 a7 5c 8e 34 10 d5 1f a1 bd 78 5d ba ]
2025/11/24 11:35:07.797894  107537816 032 ECU1 CLSE CLSE log info V 1 [Offset 0224: 38 e9 2d 61 e5 b5 a9 0e e5 77 d2 b9 e0 a8 85 3a ]
2025/11/24 11:35:07.797896  107537816 033 ECU1 CLSE CLSE log info V 1 [Offset 0240: 6f 74 7d 23 05 f7 cf ba 9f 5d 49 a5 8a 84 a7 fb ]
2025/11/24 11:35:07.797904  107537816 034 ECU1 CLSE CLSE log info V 1 [Offset 0256: fe 10 62 eb e5 2c 2b bc a8 ba 1d 52 e6 80 1c 0d ]
2025/11/24 11:35:07.797906  107537816 035 ECU1 CLSE CLSE log info V 1 [Offset 0272: ef 5b 36 57 4d 7e f0 07 7b 0d bb 1e 9a cb ad cd ]
2025/11/24 11:35:07.797908  107537816 036 ECU1 CLSE CLSE log info V 1 [Offset 0288: 69 d3 b5 34 00 c1 c4 bd 7e ca 20 03 ca 9f d6 c0 ]
2025/11/24 11:35:07.797910  107537816 037 ECU1 CLSE CLSE log info V 1 [Offset 0304: 01 12 08 20 f4 37 52 4a 82 0c 88 3a 06 42 5a ac ]
2025/11/24 11:35:07.797912  107537816 038 ECU1 CLSE CLSE log info V 1 [Offset 0320: 68 32 f5 8a 14 43 3a 92 15 a5 53 f7 f5 df 3b 9f ]
2025/11/24 11:35:07.797915  107537816 039 ECU1 CLSE CLSE log info V 1 [Offset 0336: 00 ee de 10 a4 1a 68 68 39 1c 51 df 9c d0 fe 47 ]
2025/11/24 11:35:07.797917  107537816 040 ECU1 CLSE CLSE log info V 1 [Offset 0352: a5 d7 de 0b 25 58 d8 e7 b0 66 b3 68 3b 9e 53 94 ]
2025/11/24 11:35:07.797919  107537816 041 ECU1 CLSE CLSE log info V 1 [Offset 0368: 56 41 84 4b 52 5b 9f 0c 60 8a d1 8f 3c 69 07 fc ]
2025/11/24 11:35:07.797921  107537816 042 ECU1 CLSE CLSE log info V 1 [Offset 0384: 62 44 4e 58 9b f2 5e 59 d3 c2 9b e0 f1 6a 48 48 ]
2025/11/24 11:35:07.797923  107537816 043 ECU1 CLSE CLSE log info V 1 [Offset 0400: 4b ca eb be 97 73 15 b3 f6 f0 56 e7 1e d8 0e a5 ]
2025/11/24 11:35:07.797925  107537816 044 ECU1 CLSE CLSE log info V 1 [Offset 0416: da 16 26 23 a2 55 49 44 dc 7c 47 2b 68 f1 88 12 ]
2025/11/24 11:35:07.797927  107537816 045 ECU1 CLSE CLSE log info V 1 [Offset 0432: af 7a c4 67 87 f3 45 6d eb a0 19 df d9 56 9e f0 ]
2025/11/24 11:35:07.797929  107537816 046 ECU1 CLSE CLSE log info V 1 [Offset 0448: 61 01 0c 58 cd f0 1c 36 af 00 18 d0 fe 98 81 1d ]
2025/11/24 11:35:07.797930  107537816 047 ECU1 CLSE CLSE log info V 1 [Offset 0464: 00 78 98 af 6c 85 16 1a 70 c5 a8 85 4e cf e4 4b ]
2025/11/24 11:35:07.797932  107537816 048 ECU1 CLSE CLSE log info V 1 [Offset 0480: d0 24 5d 81 21 83 a4 e0 d1 1f a2 4e 8e f4 37 eb ]
2025/11/24 11:35:07.797934  107537816 049 ECU1 CLSE CLSE log info V 1 [Offset 0496: 43 9d 5d c3 ]
2025/11/24 11:35:07.797936  107537816 050 ECU1 CLSE CLSE log info V 3 [Sensorv2::ReceiveEventEvent_RequestData::GetNewSamples - Received  1  sample(s)]
2025/11/24 11:35:08.798008  107547817 051 ECU1 CLSE CLSE log verbose V 2 [Sensor::ReceiveEventEvent_transferData::GetNewSamples:: 1]
2025/11/24 11:35:08.798085  107547818 052 ECU1 CLSE CLSE log info V 3 [Sensorv2::ReadDataEvent_RequestData - Received  500  bytes]
2025/11/24 11:35:08.798096  107547818 053 ECU1 CLSE CLSE log info V 1 [Offset 0000: 4c f2 57 65 02 78 07 f3 ff 10 54 d5 42 96 08 d0 ]
2025/11/24 11:35:08.798099  107547818 054 ECU1 CLSE CLSE log info V 1 [Offset 0016: 65 c7 03 1d 38 e8 16 8c ea f4 7c 19 f4 87 3c 8f ]
2025/11/24 11:35:08.798102  107547818 055 ECU1 CLSE CLSE log info V 1 [Offset 0032: be 07 d9 ea 86 a6 a8 e6 73 65 b9 9b d6 70 80 af ]
2025/11/24 11:35:08.798104  107547818 056 ECU1 CLSE CLSE log info V 1 [Offset 0048: b6 70 ba 66 90 fe 8c 9a a2 27 1b 78 ce 5e 1c 5a ]
2025/11/24 11:35:08.798106  107547818 057 ECU1 CLSE CLSE log info V 1 [Offset 0064: 39 20 80 45 f7 58 47 41 79 b2 ab 33 8c fa c4 2e ]
2025/11/24 11:35:08.798108  107547818 058 ECU1 CLSE CLSE log info V 1 [Offset 0080: 69 0d 97 8c f6 64 33 84 e2 c0 88 69 01 bf 58 fb ]
2025/11/24 11:35:08.798110  107547818 059 ECU1 CLSE CLSE log info V 1 [Offset 0096: 84 5a c1 a6 9a 54 9a ac 0c f9 79 e3 59 cc 55 3a ]
2025/11/24 11:35:08.798112  107547818 060 ECU1 CLSE CLSE log info V 1 [Offset 0112: 93 6f 72 83 d8 9b 29 67 74 88 bd fa 98 85 69 a4 ]
2025/11/24 11:35:08.798114  107547818 061 ECU1 CLSE CLSE log info V 1 [Offset 0128: b1 c6 62 02 33 8b 19 e9 e4 27 23 8b b9 a2 a8 fc ]
2025/11/24 11:35:08.798116  107547818 062 ECU1 CLSE CLSE log info V 1 [Offset 0144: 74 66 3a e6 ea 7b 09 25 17 75 fe a2 e0 7d 73 43 ]
2025/11/24 11:35:08.798118  107547818 063 ECU1 CLSE CLSE log info V 1 [Offset 0160: e6 f4 71 a2 11 3a 6d d3 8b ce 74 2c cc 02 d0 ac ]
2025/11/24 11:35:08.798120  107547818 064 ECU1 CLSE CLSE log info V 1 [Offset 0176: 76 a8 ae cd 4d 9f ca d4 dc cf 91 24 99 45 53 bf ]
2025/11/24 11:35:08.798126  107547818 065 ECU1 CLSE CLSE log info V 1 [Offset 0192: 06 79 4f 98 32 4b cc 6e 86 22 0e 66 b1 a0 10 dc ]
2025/11/24 11:35:08.798129  107547818 066 ECU1 CLSE CLSE log info V 1 [Offset 0208: ad f2 b4 39 a7 5c 8e 34 10 d5 1f a1 bd 78 5d ba ]
2025/11/24 11:35:08.798131  107547818 067 ECU1 CLSE CLSE log info V 1 [Offset 0224: 38 e9 2d 61 e5 b5 a9 0e e5 77 d2 b9 e0 a8 85 3a ]
2025/11/24 11:35:08.798133  107547818 068 ECU1 CLSE CLSE log info V 1 [Offset 0240: 6f 74 7d 23 05 f7 cf ba 9f 5d 49 a5 8a 84 a7 fb ]
2025/11/24 11:35:08.798135  107547818 069 ECU1 CLSE CLSE log info V 1 [Offset 0256: fe 10 62 eb e5 2c 2b bc a8 ba 1d 52 e6 80 1c 0d ]
2025/11/24 11:35:08.798137  107547818 070 ECU1 CLSE CLSE log info V 1 [Offset 0272: ef 5b 36 57 4d 7e f0 07 7b 0d bb 1e 9a cb ad cd ]
2025/11/24 11:35:08.798139  107547818 071 ECU1 CLSE CLSE log info V 1 [Offset 0288: 69 d3 b5 34 00 c1 c4 bd 7e ca 20 03 ca 9f d6 c0 ]
2025/11/24 11:35:08.798141  107547818 072 ECU1 CLSE CLSE log info V 1 [Offset 0304: 01 12 08 20 f4 37 52 4a 82 0c 88 3a 06 42 5a ac ]
2025/11/24 11:35:08.798143  107547818 073 ECU1 CLSE CLSE log info V 1 [Offset 0320: 68 32 f5 8a 14 43 3a 92 15 a5 53 f7 f5 df 3b 9f ]
2025/11/24 11:35:08.798145  107547818 074 ECU1 CLSE CLSE log info V 1 [Offset 0336: 00 ee de 10 a4 1a 68 68 39 1c 51 df 9c d0 fe 47 ]
2025/11/24 11:35:08.798147  107547818 075 ECU1 CLSE CLSE log info V 1 [Offset 0352: a5 d7 de 0b 25 58 d8 e7 b0 66 b3 68 3b 9e 53 94 ]
2025/11/24 11:35:08.798149  107547818 076 ECU1 CLSE CLSE log info V 1 [Offset 0368: 56 41 84 4b 52 5b 9f 0c 60 8a d1 8f 3c 69 07 fc ]
2025/11/24 11:35:08.798151  107547818 077 ECU1 CLSE CLSE log info V 1 [Offset 0384: 62 44 4e 58 9b f2 5e 59 d3 c2 9b e0 f1 6a 48 48 ]
2025/11/24 11:35:08.798153  107547818 078 ECU1 CLSE CLSE log info V 1 [Offset 0400: 4b ca eb be 97 73 15 b3 f6 f0 56 e7 1e d8 0e a5 ]
2025/11/24 11:35:08.798155  107547818 079 ECU1 CLSE CLSE log info V 1 [Offset 0416: da 16 26 23 a2 55 49 44 dc 7c 47 2b 68 f1 88 12 ]
2025/11/24 11:35:08.798157  107547818 080 ECU1 CLSE CLSE log info V 1 [Offset 0432: af 7a c4 67 87 f3 45 6d eb a0 19 df d9 56 9e f0 ]
2025/11/24 11:35:08.798159  107547818 081 ECU1 CLSE CLSE log info V 1 [Offset 0448: 61 01 0c 58 cd f0 1c 36 af 00 18 d0 fe 98 81 1d ]
2025/11/24 11:35:08.798161  107547818 082 ECU1 CLSE CLSE log info V 1 [Offset 0464: 00 78 98 af 6c 85 16 1a 70 c5 a8 85 4e cf e4 4b ]
2025/11/24 11:35:08.798163  107547818 083 ECU1 CLSE CLSE log info V 1 [Offset 0480: d0 24 5d 81 21 83 a4 e0 d1 1f a2 4e 8e f4 37 eb ]
2025/11/24 11:35:08.798165  107547818 084 ECU1 CLSE CLSE log info V 1 [Offset 0496: 43 9d 5d c3 ]
2025/11/24 11:35:08.798167  107547819 085 ECU1 CLSE CLSE log info V 3 [Sensorv2::ReceiveEventEvent_RequestData::GetNewSamples - Received  1  sample(s)]
2025/11/24 11:35:09.798170  107557819 086 ECU1 CLSE CLSE log verbose V 2 [Sensor::ReceiveEventEvent_transferData::GetNewSamples:: 1]
2025/11/24 11:35:09.798257  107557819 087 ECU1 CLSE CLSE log info V 3 [Sensorv2::ReadDataEvent_RequestData - Received  500  bytes]
2025/11/24 11:35:09.798305  107557820 088 ECU1 CLSE CLSE log info V 1 [Offset 0000: 4c f2 57 65 02 78 07 f3 ff 10 54 d5 42 96 08 d0 ]
2025/11/24 11:35:09.798309  107557820 089 ECU1 CLSE CLSE log info V 1 [Offset 0016: 65 c7 03 1d 38 e8 16 8c ea f4 7c 19 f4 87 3c 8f ]
2025/11/24 11:35:09.798311  107557820 090 ECU1 CLSE CLSE log info V 1 [Offset 0032: be 07 d9 ea 86 a6 a8 e6 73 65 b9 9b d6 70 80 af ]
2025/11/24 11:35:09.798314  107557820 091 ECU1 CLSE CLSE log info V 1 [Offset 0048: b6 70 ba 66 90 fe 8c 9a a2 27 1b 78 ce 5e 1c 5a ]
2025/11/24 11:35:09.798316  107557820 092 ECU1 CLSE CLSE log info V 1 [Offset 0064: 39 20 80 45 f7 58 47 41 79 b2 ab 33 8c fa c4 2e ]
2025/11/24 11:35:09.798318  107557820 093 ECU1 CLSE CLSE log info V 1 [Offset 0080: 69 0d 97 8c f6 64 33 84 e2 c0 88 69 01 bf 58 fb ]
2025/11/24 11:35:09.798320  107557820 094 ECU1 CLSE CLSE log info V 1 [Offset 0096: 84 5a c1 a6 9a 54 9a ac 0c f9 79 e3 59 cc 55 3a ]
2025/11/24 11:35:09.798322  107557820 095 ECU1 CLSE CLSE log info V 1 [Offset 0112: 93 6f 72 83 d8 9b 29 67 74 88 bd fa 98 85 69 a4 ]
2025/11/24 11:35:09.798329  107557820 096 ECU1 CLSE CLSE log info V 1 [Offset 0128: b1 c6 62 02 33 8b 19 e9 e4 27 23 8b b9 a2 a8 fc ]
2025/11/24 11:35:09.798331  107557820 097 ECU1 CLSE CLSE log info V 1 [Offset 0144: 74 66 3a e6 ea 7b 09 25 17 75 fe a2 e0 7d 73 43 ]
2025/11/24 11:35:09.798333  107557820 098 ECU1 CLSE CLSE log info V 1 [Offset 0160: e6 f4 71 a2 11 3a 6d d3 8b ce 74 2c cc 02 d0 ac ]
2025/11/24 11:35:09.798335  107557820 099 ECU1 CLSE CLSE log info V 1 [Offset 0176: 76 a8 ae cd 4d 9f ca d4 dc cf 91 24 99 45 53 bf ]
2025/11/24 11:35:09.798338  107557820 100 ECU1 CLSE CLSE log info V 1 [Offset 0192: 06 79 4f 98 32 4b cc 6e 86 22 0e 66 b1 a0 10 dc ]
2025/11/24 11:35:09.798340  107557820 101 ECU1 CLSE CLSE log info V 1 [Offset 0208: ad f2 b4 39 a7 5c 8e 34 10 d5 1f a1 bd 78 5d ba ]
2025/11/24 11:35:09.798342  107557820 102 ECU1 CLSE CLSE log info V 1 [Offset 0224: 38 e9 2d 61 e5 b5 a9 0e e5 77 d2 b9 e0 a8 85 3a ]
2025/11/24 11:35:09.798344  107557820 103 ECU1 CLSE CLSE log info V 1 [Offset 0240: 6f 74 7d 23 05 f7 cf ba 9f 5d 49 a5 8a 84 a7 fb ]
2025/11/24 11:35:09.798346  107557820 104 ECU1 CLSE CLSE log info V 1 [Offset 0256: fe 10 62 eb e5 2c 2b bc a8 ba 1d 52 e6 80 1c 0d ]
2025/11/24 11:35:09.798348  107557820 105 ECU1 CLSE CLSE log info V 1 [Offset 0272: ef 5b 36 57 4d 7e f0 07 7b 0d bb 1e 9a cb ad cd ]
2025/11/24 11:35:09.798350  107557820 106 ECU1 CLSE CLSE log info V 1 [Offset 0288: 69 d3 b5 34 00 c1 c4 bd 7e ca 20 03 ca 9f d6 c0 ]
2025/11/24 11:35:09.798352  107557820 107 ECU1 CLSE CLSE log info V 1 [Offset 0304: 01 12 08 20 f4 37 52 4a 82 0c 88 3a 06 42 5a ac ]
2025/11/24 11:35:09.798354  107557820 108 ECU1 CLSE CLSE log info V 1 [Offset 0320: 68 32 f5 8a 14 43 3a 92 15 a5 53 f7 f5 df 3b 9f ]
2025/11/24 11:35:09.798356  107557820 109 ECU1 CLSE CLSE log info V 1 [Offset 0336: 00 ee de 10 a4 1a 68 68 39 1c 51 df 9c d0 fe 47 ]
2025/11/24 11:35:09.798358  107557820 110 ECU1 CLSE CLSE log info V 1 [Offset 0352: a5 d7 de 0b 25 58 d8 e7 b0 66 b3 68 3b 9e 53 94 ]
2025/11/24 11:35:09.798360  107557820 111 ECU1 CLSE CLSE log info V 1 [Offset 0368: 56 41 84 4b 52 5b 9f 0c 60 8a d1 8f 3c 69 07 fc ]
2025/11/24 11:35:09.798362  107557820 112 ECU1 CLSE CLSE log info V 1 [Offset 0384: 62 44 4e 58 9b f2 5e 59 d3 c2 9b e0 f1 6a 48 48 ]
2025/11/24 11:35:09.798365  107557820 113 ECU1 CLSE CLSE log info V 1 [Offset 0400: 4b ca eb be 97 73 15 b3 f6 f0 56 e7 1e d8 0e a5 ]
2025/11/24 11:35:09.798367  107557821 114 ECU1 CLSE CLSE log info V 1 [Offset 0416: da 16 26 23 a2 55 49 44 dc 7c 47 2b 68 f1 88 12 ]
2025/11/24 11:35:09.798369  107557821 115 ECU1 CLSE CLSE log info V 1 [Offset 0432: af 7a c4 67 87 f3 45 6d eb a0 19 df d9 56 9e f0 ]
2025/11/24 11:35:09.798371  107557821 116 ECU1 CLSE CLSE log info V 1 [Offset 0448: 61 01 0c 58 cd f0 1c 36 af 00 18 d0 fe 98 81 1d ]
2025/11/24 11:35:09.798373  107557821 117 ECU1 CLSE CLSE log info V 1 [Offset 0464: 00 78 98 af 6c 85 16 1a 70 c5 a8 85 4e cf e4 4b ]
2025/11/24 11:35:09.798375  107557821 118 ECU1 CLSE CLSE log info V 1 [Offset 0480: d0 24 5d 81 21 83 a4 e0 d1 1f a2 4e 8e f4 37 eb ]
2025/11/24 11:35:09.798377  107557821 119 ECU1 CLSE CLSE log info V 1 [Offset 0496: 43 9d 5d c3 ]
2025/11/24 11:35:09.798379  107557821 120 ECU1 CLSE CLSE log info V 3 [Sensorv2::ReceiveEventEvent_RequestData::GetNewSamples - Received  1  sample(s)]
2025/11/24 11:35:10.798277  107567820 121 ECU1 CLSE CLSE log verbose V 2 [Sensor::ReceiveEventEvent_transferData::GetNewSamples:: 1]
2025/11/24 11:35:10.798446  107567821 122 ECU1 CLSE CLSE log info V 3 [Sensorv2::ReadDataEvent_RequestData - Received  500  bytes]
2025/11/24 11:35:10.798468  107567822 123 ECU1 CLSE CLSE log info V 1 [Offset 0000: 4c f2 57 65 02 78 07 f3 ff 10 54 d5 42 96 08 d0 ]
2025/11/24 11:35:10.798475  107567822 124 ECU1 CLSE CLSE log info V 1 [Offset 0016: 65 c7 03 1d 38 e8 16 8c ea f4 7c 19 f4 87 3c 8f ]
2025/11/24 11:35:10.798477  107567822 125 ECU1 CLSE CLSE log info V 1 [Offset 0032: be 07 d9 ea 86 a6 a8 e6 73 65 b9 9b d6 70 80 af ]
2025/11/24 11:35:10.798486  107567822 126 ECU1 CLSE CLSE log info V 1 [Offset 0048: b6 70 ba 66 90 fe 8c 9a a2 27 1b 78 ce 5e 1c 5a ]
2025/11/24 11:35:10.798488  107567822 127 ECU1 CLSE CLSE log info V 1 [Offset 0064: 39 20 80 45 f7 58 47 41 79 b2 ab 33 8c fa c4 2e ]
2025/11/24 11:35:10.798491  107567822 128 ECU1 CLSE CLSE log info V 1 [Offset 0080: 69 0d 97 8c f6 64 33 84 e2 c0 88 69 01 bf 58 fb ]
2025/11/24 11:35:10.798493  107567822 129 ECU1 CLSE CLSE log info V 1 [Offset 0096: 84 5a c1 a6 9a 54 9a ac 0c f9 79 e3 59 cc 55 3a ]
2025/11/24 11:35:10.798495  107567822 130 ECU1 CLSE CLSE log info V 1 [Offset 0112: 93 6f 72 83 d8 9b 29 67 74 88 bd fa 98 85 69 a4 ]
2025/11/24 11:35:10.798497  107567822 131 ECU1 CLSE CLSE log info V 1 [Offset 0128: b1 c6 62 02 33 8b 19 e9 e4 27 23 8b b9 a2 a8 fc ]
2025/11/24 11:35:10.798499  107567822 132 ECU1 CLSE CLSE log info V 1 [Offset 0144: 74 66 3a e6 ea 7b 09 25 17 75 fe a2 e0 7d 73 43 ]
2025/11/24 11:35:10.798501  107567822 133 ECU1 CLSE CLSE log info V 1 [Offset 0160: e6 f4 71 a2 11 3a 6d d3 8b ce 74 2c cc 02 d0 ac ]
2025/11/24 11:35:10.798503  107567822 134 ECU1 CLSE CLSE log info V 1 [Offset 0176: 76 a8 ae cd 4d 9f ca d4 dc cf 91 24 99 45 53 bf ]
2025/11/24 11:35:10.798509  107567822 135 ECU1 CLSE CLSE log info V 1 [Offset 0192: 06 79 4f 98 32 4b cc 6e 86 22 0e 66 b1 a0 10 dc ]
2025/11/24 11:35:10.798511  107567822 136 ECU1 CLSE CLSE log info V 1 [Offset 0208: ad f2 b4 39 a7 5c 8e 34 10 d5 1f a1 bd 78 5d ba ]
2025/11/24 11:35:10.798513  107567822 137 ECU1 CLSE CLSE log info V 1 [Offset 0224: 38 e9 2d 61 e5 b5 a9 0e e5 77 d2 b9 e0 a8 85 3a ]
2025/11/24 11:35:10.798515  107567822 138 ECU1 CLSE CLSE log info V 1 [Offset 0240: 6f 74 7d 23 05 f7 cf ba 9f 5d 49 a5 8a 84 a7 fb ]
2025/11/24 11:35:10.798517  107567822 139 ECU1 CLSE CLSE log info V 1 [Offset 0256: fe 10 62 eb e5 2c 2b bc a8 ba 1d 52 e6 80 1c 0d ]
2025/11/24 11:35:10.798519  107567822 140 ECU1 CLSE CLSE log info V 1 [Offset 0272: ef 5b 36 57 4d 7e f0 07 7b 0d bb 1e 9a cb ad cd ]
2025/11/24 11:35:10.798521  107567822 141 ECU1 CLSE CLSE log info V 1 [Offset 0288: 69 d3 b5 34 00 c1 c4 bd 7e ca 20 03 ca 9f d6 c0 ]
2025/11/24 11:35:10.798523  107567822 142 ECU1 CLSE CLSE log info V 1 [Offset 0304: 01 12 08 20 f4 37 52 4a 82 0c 88 3a 06 42 5a ac ]
2025/11/24 11:35:10.798525  107567822 143 ECU1 CLSE CLSE log info V 1 [Offset 0320: 68 32 f5 8a 14 43 3a 92 15 a5 53 f7 f5 df 3b 9f ]
2025/11/24 11:35:10.798527  107567822 144 ECU1 CLSE CLSE log info V 1 [Offset 0336: 00 ee de 10 a4 1a 68 68 39 1c 51 df 9c d0 fe 47 ]
2025/11/24 11:35:10.798529  107567822 145 ECU1 CLSE CLSE log info V 1 [Offset 0352: a5 d7 de 0b 25 58 d8 e7 b0 66 b3 68 3b 9e 53 94 ]
2025/11/24 11:35:10.798531  107567822 146 ECU1 CLSE CLSE log info V 1 [Offset 0368: 56 41 84 4b 52 5b 9f 0c 60 8a d1 8f 3c 69 07 fc ]
2025/11/24 11:35:10.798533  107567822 147 ECU1 CLSE CLSE log info V 1 [Offset 0384: 62 44 4e 58 9b f2 5e 59 d3 c2 9b e0 f1 6a 48 48 ]
2025/11/24 11:35:10.798535  107567822 148 ECU1 CLSE CLSE log info V 1 [Offset 0400: 4b ca eb be 97 73 15 b3 f6 f0 56 e7 1e d8 0e a5 ]
2025/11/24 11:35:10.798537  107567822 149 ECU1 CLSE CLSE log info V 1 [Offset 0416: da 16 26 23 a2 55 49 44 dc 7c 47 2b 68 f1 88 12 ]
2025/11/24 11:35:10.798539  107567822 150 ECU1 CLSE CLSE log info V 1 [Offset 0432: af 7a c4 67 87 f3 45 6d eb a0 19 df d9 56 9e f0 ]
2025/11/24 11:35:10.798541  107567822 151 ECU1 CLSE CLSE log info V 1 [Offset 0448: 61 01 0c 58 cd f0 1c 36 af 00 18 d0 fe 98 81 1d ]
2025/11/24 11:35:10.798543  107567822 152 ECU1 CLSE CLSE log info V 1 [Offset 0464: 00 78 98 af 6c 85 16 1a 70 c5 a8 85 4e cf e4 4b ]
2025/11/24 11:35:10.798545  107567822 153 ECU1 CLSE CLSE log info V 1 [Offset 0480: d0 24 5d 81 21 83 a4 e0 d1 1f a2 4e 8e f4 37 eb ]
2025/11/24 11:35:10.798547  107567822 154 ECU1 CLSE CLSE log info V 1 [Offset 0496: 43 9d 5d c3 ]
2025/11/24 11:35:10.798549  107567822 155 ECU1 CLSE CLSE log info V 3 [Sensorv2::ReceiveEventEvent_RequestData::GetNewSamples - Received  1  sample(s)]
2025/11/24 11:35:11.798392  107577821 156 ECU1 CLSE CLSE log verbose V 2 [Sensor::ReceiveEventEvent_transferData::GetNewSamples:: 1]
2025/11/24 11:35:11.798617  107577823 157 ECU1 CLSE CLSE log info V 3 [Sensorv2::ReadDataEvent_RequestData - Received  500  bytes]
2025/11/24 11:35:11.798624  107577823 158 ECU1 CLSE CLSE log info V 1 [Offset 0000: 4c f2 57 65 02 78 07 f3 ff 10 54 d5 42 96 08 d0 ]
2025/11/24 11:35:11.798627  107577823 159 ECU1 CLSE CLSE log info V 1 [Offset 0016: 65 c7 03 1d 38 e8 16 8c ea f4 7c 19 f4 87 3c 8f ]
2025/11/24 11:35:11.798629  107577823 160 ECU1 CLSE CLSE log info V 1 [Offset 0032: be 07 d9 ea 86 a6 a8 e6 73 65 b9 9b d6 70 80 af ]
2025/11/24 11:35:11.798632  107577823 161 ECU1 CLSE CLSE log info V 1 [Offset 0048: b6 70 ba 66 90 fe 8c 9a a2 27 1b 78 ce 5e 1c 5a ]
2025/11/24 11:35:11.798634  107577823 162 ECU1 CLSE CLSE log info V 1 [Offset 0064: 39 20 80 45 f7 58 47 41 79 b2 ab 33 8c fa c4 2e ]
2025/11/24 11:35:11.798636  107577823 163 ECU1 CLSE CLSE log info V 1 [Offset 0080: 69 0d 97 8c f6 64 33 84 e2 c0 88 69 01 bf 58 fb ]
2025/11/24 11:35:11.798638  107577823 164 ECU1 CLSE CLSE log info V 1 [Offset 0096: 84 5a c1 a6 9a 54 9a ac 0c f9 79 e3 59 cc 55 3a ]
2025/11/24 11:35:11.798640  107577823 165 ECU1 CLSE CLSE log info V 1 [Offset 0112: 93 6f 72 83 d8 9b 29 67 74 88 bd fa 98 85 69 a4 ]
2025/11/24 11:35:11.798642  107577823 166 ECU1 CLSE CLSE log info V 1 [Offset 0128: b1 c6 62 02 33 8b 19 e9 e4 27 23 8b b9 a2 a8 fc ]
2025/11/24 11:35:11.798644  107577823 167 ECU1 CLSE CLSE log info V 1 [Offset 0144: 74 66 3a e6 ea 7b 09 25 17 75 fe a2 e0 7d 73 43 ]
2025/11/24 11:35:11.798646  107577823 168 ECU1 CLSE CLSE log info V 1 [Offset 0160: e6 f4 71 a2 11 3a 6d d3 8b ce 74 2c cc 02 d0 ac ]
2025/11/24 11:35:11.798648  107577823 169 ECU1 CLSE CLSE log info V 1 [Offset 0176: 76 a8 ae cd 4d 9f ca d4 dc cf 91 24 99 45 53 bf ]
2025/11/24 11:35:11.798650  107577823 170 ECU1 CLSE CLSE log info V 1 [Offset 0192: 06 79 4f 98 32 4b cc 6e 86 22 0e 66 b1 a0 10 dc ]
2025/11/24 11:35:11.798652  107577823 171 ECU1 CLSE CLSE log info V 1 [Offset 0208: ad f2 b4 39 a7 5c 8e 34 10 d5 1f a1 bd 78 5d ba ]
2025/11/24 11:35:11.798654  107577823 172 ECU1 CLSE CLSE log info V 1 [Offset 0224: 38 e9 2d 61 e5 b5 a9 0e e5 77 d2 b9 e0 a8 85 3a ]
2025/11/24 11:35:11.798656  107577823 173 ECU1 CLSE CLSE log info V 1 [Offset 0240: 6f 74 7d 23 05 f7 cf ba 9f 5d 49 a5 8a 84 a7 fb ]
2025/11/24 11:35:11.798658  107577823 174 ECU1 CLSE CLSE log info V 1 [Offset 0256: fe 10 62 eb e5 2c 2b bc a8 ba 1d 52 e6 80 1c 0d ]
2025/11/24 11:35:11.798660  107577823 175 ECU1 CLSE CLSE log info V 1 [Offset 0272: ef 5b 36 57 4d 7e f0 07 7b 0d bb 1e 9a cb ad cd ]
2025/11/24 11:35:11.798662  107577823 176 ECU1 CLSE CLSE log info V 1 [Offset 0288: 69 d3 b5 34 00 c1 c4 bd 7e ca 20 03 ca 9f d6 c0 ]
2025/11/24 11:35:11.798664  107577823 177 ECU1 CLSE CLSE log info V 1 [Offset 0304: 01 12 08 20 f4 37 52 4a 82 0c 88 3a 06 42 5a ac ]
2025/11/24 11:35:11.798666  107577824 178 ECU1 CLSE CLSE log info V 1 [Offset 0320: 68 32 f5 8a 14 43 3a 92 15 a5 53 f7 f5 df 3b 9f ]
2025/11/24 11:35:11.798668  107577824 179 ECU1 CLSE CLSE log info V 1 [Offset 0336: 00 ee de 10 a4 1a 68 68 39 1c 51 df 9c d0 fe 47 ]
2025/11/24 11:35:11.798670  107577824 180 ECU1 CLSE CLSE log info V 1 [Offset 0352: a5 d7 de 0b 25 58 d8 e7 b0 66 b3 68 3b 9e 53 94 ]
2025/11/24 11:35:11.798672  107577824 181 ECU1 CLSE CLSE log info V 1 [Offset 0368: 56 41 84 4b 52 5b 9f 0c 60 8a d1 8f 3c 69 07 fc ]
2025/11/24 11:35:11.798674  107577824 182 ECU1 CLSE CLSE log info V 1 [Offset 0384: 62 44 4e 58 9b f2 5e 59 d3 c2 9b e0 f1 6a 48 48 ]
2025/11/24 11:35:11.798676  107577824 183 ECU1 CLSE CLSE log info V 1 [Offset 0400: 4b ca eb be 97 73 15 b3 f6 f0 56 e7 1e d8 0e a5 ]
2025/11/24 11:35:11.798678  107577824 184 ECU1 CLSE CLSE log info V 1 [Offset 0416: da 16 26 23 a2 55 49 44 dc 7c 47 2b 68 f1 88 12 ]
2025/11/24 11:35:11.798680  107577824 185 ECU1 CLSE CLSE log info V 1 [Offset 0432: af 7a c4 67 87 f3 45 6d eb a0 19 df d9 56 9e f0 ]
2025/11/24 11:35:11.798682  107577824 186 ECU1 CLSE CLSE log info V 1 [Offset 0448: 61 01 0c 58 cd f0 1c 36 af 00 18 d0 fe 98 81 1d ]
2025/11/24 11:35:11.798684  107577824 187 ECU1 CLSE CLSE log info V 1 [Offset 0464: 00 78 98 af 6c 85 16 1a 70 c5 a8 85 4e cf e4 4b ]
2025/11/24 11:35:11.798687  107577824 188 ECU1 CLSE CLSE log info V 1 [Offset 0480: d0 24 5d 81 21 83 a4 e0 d1 1f a2 4e 8e f4 37 eb ]
2025/11/24 11:35:11.798689  107577824 189 ECU1 CLSE CLSE log info V 1 [Offset 0496: 43 9d 5d c3 ]
2025/11/24 11:35:11.798691  107577824 190 ECU1 CLSE CLSE log info V 3 [Sensorv2::ReceiveEventEvent_RequestData::GetNewSamples - Received  1  sample(s)]
2025/11/24 11:35:12.798526  107587822 191 ECU1 CLSE CLSE log verbose V 2 [Sensor::ReceiveEventEvent_transferData::GetNewSamples:: 1]
2025/11/24 11:35:12.798769  107587825 192 ECU1 CLSE CLSE log info V 3 [Sensorv2::ReadDataEvent_RequestData - Received  500  bytes]
2025/11/24 11:35:12.798788  107587825 193 ECU1 CLSE CLSE log info V 1 [Offset 0000: 4c f2 57 65 02 78 07 f3 ff 10 54 d5 42 96 08 d0 ]
2025/11/24 11:35:12.798798  107587825 194 ECU1 CLSE CLSE log info V 1 [Offset 0016: 65 c7 03 1d 38 e8 16 8c ea f4 7c 19 f4 87 3c 8f ]
2025/11/24 11:35:12.798806  107587825 195 ECU1 CLSE CLSE log info V 1 [Offset 0032: be 07 d9 ea 86 a6 a8 e6 73 65 b9 9b d6 70 80 af ]
2025/11/24 11:35:12.798811  107587825 196 ECU1 CLSE CLSE log info V 1 [Offset 0048: b6 70 ba 66 90 fe 8c 9a a2 27 1b 78 ce 5e 1c 5a ]
2025/11/24 11:35:12.798814  107587825 197 ECU1 CLSE CLSE log info V 1 [Offset 0064: 39 20 80 45 f7 58 47 41 79 b2 ab 33 8c fa c4 2e ]
2025/11/24 11:35:12.798816  107587825 198 ECU1 CLSE CLSE log info V 1 [Offset 0080: 69 0d 97 8c f6 64 33 84 e2 c0 88 69 01 bf 58 fb ]
2025/11/24 11:35:12.798818  107587825 199 ECU1 CLSE CLSE log info V 1 [Offset 0096: 84 5a c1 a6 9a 54 9a ac 0c f9 79 e3 59 cc 55 3a ]
2025/11/24 11:35:12.798820  107587825 200 ECU1 CLSE CLSE log info V 1 [Offset 0112: 93 6f 72 83 d8 9b 29 67 74 88 bd fa 98 85 69 a4 ]
2025/11/24 11:35:12.798821  107587825 201 ECU1 CLSE CLSE log info V 1 [Offset 0128: b1 c6 62 02 33 8b 19 e9 e4 27 23 8b b9 a2 a8 fc ]
2025/11/24 11:35:12.798823  107587825 202 ECU1 CLSE CLSE log info V 1 [Offset 0144: 74 66 3a e6 ea 7b 09 25 17 75 fe a2 e0 7d 73 43 ]
2025/11/24 11:35:12.798825  107587825 203 ECU1 CLSE CLSE log info V 1 [Offset 0160: e6 f4 71 a2 11 3a 6d d3 8b ce 74 2c cc 02 d0 ac ]
2025/11/24 11:35:12.798827  107587825 204 ECU1 CLSE CLSE log info V 1 [Offset 0176: 76 a8 ae cd 4d 9f ca d4 dc cf 91 24 99 45 53 bf ]
2025/11/24 11:35:12.798829  107587825 205 ECU1 CLSE CLSE log info V 1 [Offset 0192: 06 79 4f 98 32 4b cc 6e 86 22 0e 66 b1 a0 10 dc ]
2025/11/24 11:35:12.798831  107587825 206 ECU1 CLSE CLSE log info V 1 [Offset 0208: ad f2 b4 39 a7 5c 8e 34 10 d5 1f a1 bd 78 5d ba ]
2025/11/24 11:35:12.798833  107587825 207 ECU1 CLSE CLSE log info V 1 [Offset 0224: 38 e9 2d 61 e5 b5 a9 0e e5 77 d2 b9 e0 a8 85 3a ]
2025/11/24 11:35:12.798835  107587825 208 ECU1 CLSE CLSE log info V 1 [Offset 0240: 6f 74 7d 23 05 f7 cf ba 9f 5d 49 a5 8a 84 a7 fb ]
2025/11/24 11:35:12.798837  107587825 209 ECU1 CLSE CLSE log info V 1 [Offset 0256: fe 10 62 eb e5 2c 2b bc a8 ba 1d 52 e6 80 1c 0d ]
2025/11/24 11:35:12.798839  107587825 210 ECU1 CLSE CLSE log info V 1 [Offset 0272: ef 5b 36 57 4d 7e f0 07 7b 0d bb 1e 9a cb ad cd ]
2025/11/24 11:35:12.798841  107587825 211 ECU1 CLSE CLSE log info V 1 [Offset 0288: 69 d3 b5 34 00 c1 c4 bd 7e ca 20 03 ca 9f d6 c0 ]
2025/11/24 11:35:12.798843  107587825 212 ECU1 CLSE CLSE log info V 1 [Offset 0304: 01 12 08 20 f4 37 52 4a 82 0c 88 3a 06 42 5a ac ]
2025/11/24 11:35:12.798845  107587825 213 ECU1 CLSE CLSE log info V 1 [Offset 0320: 68 32 f5 8a 14 43 3a 92 15 a5 53 f7 f5 df 3b 9f ]
2025/11/24 11:35:12.798847  107587825 214 ECU1 CLSE CLSE log info V 1 [Offset 0336: 00 ee de 10 a4 1a 68 68 39 1c 51 df 9c d0 fe 47 ]
2025/11/24 11:35:12.798849  107587825 215 ECU1 CLSE CLSE log info V 1 [Offset 0352: a5 d7 de 0b 25 58 d8 e7 b0 66 b3 68 3b 9e 53 94 ]
2025/11/24 11:35:12.798851  107587825 216 ECU1 CLSE CLSE log info V 1 [Offset 0368: 56 41 84 4b 52 5b 9f 0c 60 8a d1 8f 3c 69 07 fc ]
2025/11/24 11:35:12.798853  107587825 217 ECU1 CLSE CLSE log info V 1 [Offset 0384: 62 44 4e 58 9b f2 5e 52025/11/24 11:35:06.781893  107527656 001 ECU1 PVSE PVSE log info V 1 [Sensorv2::Constructor - Generated 500 random bytes]
2025/11/24 11:35:06.781896  107527656 002 ECU1 PVSE PVSE log verbose V 1 [ProviderSensor::Start]
2025/11/24 11:35:06.781898  107527656 003 ECU1 PVSE PVSE log verbose V 1 [Sensor::Start]
2025/11/24 11:35:06.783020  107527667 004 ECU1 PVSE PVSE log verbose V 1 [Sensor::Start::OfferService]
2025/11/24 11:35:06.783048  107527667 005 ECU1 PVSE PVSE log verbose V 1 [Sensorv2::Start]
2025/11/24 11:35:06.783748  107527674 006 ECU1 PVSE PVSE log verbose V 1 [Sensorv2::Start::OfferService]
2025/11/24 11:35:06.787182  107527709 007 ECU1 PVSE PVSE log verbose V 1 [Running adaptive application]
2025/11/24 11:35:06.787212  107527709 008 ECU1 PVSE PVSE log verbose V 1 [ProviderSensor::Run]
2025/11/24 11:35:06.787466  107527712 009 ECU1 PVSE PVSE log error V 2 [Sensor::SendEventEvent_transferDataCyclic::Send:: no clients]
2025/11/24 11:35:06.787533  107527712 010 ECU1 PVSE PVSE log error V 2 [Sensorv2::SendEventEvent_RequestDataCyclic::Send:: no clients]
2025/11/24 11:35:07.787960  107537716 011 ECU1 PVSE PVSE log verbose V 1 [Sensor::SendEventEvent_transferDataCyclic::Send]
2025/11/24 11:35:07.788080  107537718 012 ECU1 PVSE PVSE log info V 3 [Sensorv2::SendEventEvent_RequestDataCyclic::Send - Sent  500  bytes]
2025/11/24 11:35:07.788120  107537718 013 ECU1 PVSE PVSE log info V 1 [First 50 bytes: 4c f2 57 65 02 78 07 f3 ff 10 54 d5 42 96 08 d0 65 c7 03 1d 38 e8 16 8c ea f4 7c 19 f4 87 3c 8f be 07 d9 ea 86 a6 a8 e6 73 65 b9 9b d6 70 80 af b6 70 ]
2025/11/24 11:35:08.788422  107547721 014 ECU1 PVSE PVSE log verbose V 1 [Sensor::SendEventEvent_transferDataCyclic::Send]
2025/11/24 11:35:08.788562  107547722 015 ECU1 PVSE PVSE log info V 3 [Sensorv2::SendEventEvent_RequestDataCyclic::Send - Sent  500  bytes]
2025/11/24 11:35:08.788598  107547723 016 ECU1 PVSE PVSE log info V 1 [First 50 bytes: 4c f2 57 65 02 78 07 f3 ff 10 54 d5 42 96 08 d0 65 c7 03 1d 38 e8 16 8c ea f4 7c 19 f4 87 3c 8f be 07 d9 ea 86 a6 a8 e6 73 65 b9 9b d6 70 80 af b6 70 ]
2025/11/24 11:35:09.789168  107557729 017 ECU1 PVSE PVSE log verbose V 1 [Sensor::SendEventEvent_transferDataCyclic::Send]
2025/11/24 11:35:09.789299  107557730 018 ECU1 PVSE PVSE log info V 3 [Sensorv2::SendEventEvent_RequestDataCyclic::Send - Sent  500  bytes]
2025/11/24 11:35:09.789367  107557731 019 ECU1 PVSE PVSE log info V 1 [First 50 bytes: 4c f2 57 65 02 78 07 f3 ff 10 54 d5 42 96 08 d0 65 c7 03 1d 38 e8 16 8c ea f4 7c 19 f4 87 3c 8f be 07 d9 ea 86 a6 a8 e6 73 65 b9 9b d6 70 80 af b6 70 ]
2025/11/24 11:35:10.789793  107567735 020 ECU1 PVSE PVSE log info V 3 [Sensorv2::SendEventEvent_RequestDataCyclic::Send - Sent  500  bytes]
2025/11/24 11:35:10.789823  107567735 021 ECU1 PVSE PVSE log info V 1 [First 50 bytes: 4c f2 57 65 02 78 07 f3 ff 10 54 d5 42 96 08 d0 65 c7 03 1d 38 e8 16 8c ea f4 7c 19 f4 87 3c 8f be 07 d9 ea 86 a6 a8 e6 73 65 b9 9b d6 70 80 af b6 70 ]
2025/11/24 11:35:10.789923  107567736 022 ECU1 PVSE PVSE log verbose V 1 [Sensor::SendEventEvent_transferDataCyclic::Send]
2025/11/24 11:35:11.790287  107577740 023 ECU1 PVSE PVSE log info V 3 [Sensorv2::SendEventEvent_RequestDataCyclic::Send - Sent  500  bytes]
2025/11/24 11:35:11.790324  107577740 025 ECU1 PVSE PVSE log info V 1 [First 50 bytes: 4c f7902885 02 78 07 f3 ff 10 54 d5 42 96 08 d0 65 c7 03 1d 38 e8 16 8c ea f4 7c 19 f4 87 3c 8f be 07 d9 ea 86 a6 a8 e6 73 65 b9 9b d6 70 80 af b6 70 ]
First 50 bytes: 4c f790288  107577740 024 ECU1 PVSE PVSE log verbose V 1 [Sensor::SendEventEvent_transferDataCyclic::Send]
2025/11/24 11:35:12.790781  107587745 026 ECU1 PVSE PVSE log info V 3 [Sensorv2::SendEventEvent_RequestDataCyclic::Send - Sent  500  bytes]
2025/11/24 11:35:12.790819  107587745 028 ECU1 PVSE PVSE log info V 1 [First 50 bytes: 4c f2 57 65 02 78 07 f3 ff 10 54 d5 42 96 08 d0 65 c7 03 1d 38 e8 16 8c ea f4 7c 19 f4 87 3c 8f be 07 d9 ea 86 a6 a8 e6 73 65 b9 9b d6 70 80 af b6 70 ]
2025/11/24 11:35:12.790818  107587745 027 ECU1 PVSE PVSE log verbose V 1 [Sensor::SendEventEvent_transferDataCyclic::Send]
2025/11/9 d3 c2 9b e0 f1 6a 48 48 ]
2025/11/24 11:35:12.798861  107587825 218 ECU1 CLSE CLSE log info V 1 [Offset 0400: 4b ca eb be 97 73 15 b3 f6 f0 56 e7 1e d8 0e a5 ]
2025/11/24 11:35:12.798863  107587825 219 ECU1 CLSE CLSE log info V 1 [Offset 0416: da 16 26 23 a2 55 49 44 dc 7c 47 2b 68 f1 88 12 ]
2025/11/24 11:35:12.798865  107587825 220 ECU1 CLSE CLSE log info V 1 [Offset 0432: af 7a c4 67 87 f3 45 6d eb a0 19 df d9 56 9e f0 ]
2025/11/24 11:35:12.798867  107587826 221 ECU1 CLSE CLSE log info V 1 [Offset 0448: 61 01 0c 58 cd f0 1c 36 af 00 18 d0 fe 98 81 1d ]
2025/11/24 11:35:12.798869  107587826 222 ECU1 CLSE CLSE log info V 1 [Offset 0464: 00 78 98 af 6c 85 16 1a 70 c5 a8 85 4e cf e4 4b ]
2025/11/24 11:35:12.798871  107587826 223 ECU1 CLSE CLSE log info V 1 [Offset 0480: d0 24 5d 81 21 83 a4 e0 d1 1f a2 4e 8e f4 37 eb ]
2025/11/24 11:35:12.798873  107587826 224 ECU1 CLSE CLSE log info V 1 [Offset 0496: 43 9d 5d c3 ]
2025/11/24 11:35:12.798875  107587826 225 ECU1 CLSE CLSE log info V 3 [Sensorv2::ReceiveEventEvent_RequestData::GetNewSamples - Received  1  sample(s)]
2025/11/24 11:35:13.798655  107597823 226 ECU1 CLSE CLSE log verbose V 2 [Sensor::ReceiveEventEvent_transferData::GetNewSamples:: 1]
2025/11/24 11:35:13.798938  107597826 227 ECU1 CLSE CLSE log info V 3 [Sensorv2::ReadDataEvent_RequestData - Received  500  bytes]
2025/11/24 11:35:13.798946  107597826 228 ECU1 CLSE CLSE log info V 1 [Offset 0000: 4c f2 57 65 02 78 07 f3 ff 10 54 d5 42 96 08 d0 ]
2025/11/24 11:35:13.798948  107597826 229 ECU1 CLSE CLSE log info V 1 [Offset 0016: 65 c7 03 1d 38 e8 16 8c ea f4 7c 19 f4 87 3c 8f ]
2025/11/24 11:35:13.798951  107597826 230 ECU1 CLSE CLSE log info V 1 [Offset 0032: be 07 d9 ea 86 a6 a8 e6 73 65 b9 9b d6 70 80 af ]
2025/11/24 11:35:13.798953  107597826 231 ECU1 CLSE CLSE log info V 1 [Offset 0048: b6 70 ba 66 90 fe 8c 9a a2 27 1b 78 ce 5e 1c 5a ]
2025/11/24 11:35:13.798955  107597826 232 ECU1 CLSE CLSE log info V 1 [Offset 0064: 39 20 80 45 f7 58 47 41 79 b2 ab 33 8c fa c4 2e ]
2025/11/24 11:35:13.798957  107597826 233 ECU1 CLSE CLSE log info V 1 [Offset 0080: 69 0d 97 8c f6 64 33 84 e2 c0 88 69 01 bf 58 fb ]
2025/11/24 11:35:13.798959  107597826 234 ECU1 CLSE CLSE log info V 1 [Offset 0096: 84 5a c1 a6 9a 54 9a ac 0c f9 79 e3 59 cc 55 3a ]
2025/11/24 11:35:13.798961  107597826 235 ECU1 CLSE CLSE log info V 1 [Offset 0112: 93 6f 72 83 d8 9b 29 67 74 88 bd fa 98 85 69 a4 ]
2025/11/24 11:35:13.798963  107597826 236 ECU1 CLSE CLSE log info V 1 [Offset 0128: b1 c6 62 02 33 8b 19 e9 e4 27 23 8b b9 a2 a8 fc ]
2025/11/24 11:35:13.798965  107597826 237 ECU1 CLSE CLSE log info V 1 [Offset 0144: 74 66 3a e6 ea 7b 09 25 17 75 fe a2 e0 7d 73 43 ]
2025/11/24 11:35:13.798967  107597827 238 ECU1 CLSE CLSE log info V 1 [Offset 0160: e6 f4 71 a2 11 3a 6d d3 8b ce 74 2c cc 02 d0 ac ]
2025/11/24 11:35:13.798969  107597827 239 ECU1 CLSE CLSE log info V 1 [Offset 0176: 76 a8 ae cd 4d 9f ca d4 dc cf 91 24 99 45 53 bf ]
2025/11/24 11:35:13.798971  107597827 240 ECU1 CLSE CLSE log info V 1 [Offset 0192: 06 79 4f 98 32 4b cc 6e 86 22 0e 66 b1 a0 10 dc ]
2025/11/24 11:35:13.798973  107597827 241 ECU1 CLSE CLSE log info V 1 [Offset 0208: ad f2 b4 39 a7 5c 8e 34 10 d5 1f a1 bd 78 5d ba ]
2025/11/24 11:35:13.798975  107597827 242 ECU1 CLSE CLSE log info V 1 [Offset 0224: 38 e9 2d 61 e5 b5 a9 0e e5 77 d2 b9 e0 a8 85 3a ]
2025/11/24 11:35:13.798977  107597827 243 ECU1 CLSE CLSE log info V 1 [Offset 0240: 6f 74 7d 23 05 f7 cf ba 9f 5d 49 a5 8a 84 a7 fb ]
2025/11/24 11:35:13.798979  107597827 244 ECU1 CLSE CLSE log info V 1 [Offset 0256: fe 10 62 eb e5 2c 2b bc a8 ba 1d 52 e6 80 1c 0d ]
2025/11/24 11:35:13.798981  107597827 245 ECU1 CLSE CLSE log info V 1 [Offset 0272: ef 5b 36 57 4d 7e f0 07 7b 0d bb 1e 9a cb ad cd ]
2025/11/24 11:35:13.798983  107597827 246 ECU1 CLSE CLSE log info V 1 [Offset 0288: 69 d3 b5 34 00 c1 c4 bd 7e ca 20 03 ca 9f d6 c0 ]
2025/11/24 11:35:13.798985  107597827 247 ECU1 CLSE CLSE log info V 1 [Offset 0304: 01 12 08 20 f4 37 52 4a 82 0c 88 3a 06 42 5a ac ]
2025/11/24 11:35:13.798987  107597827 248 ECU1 CLSE CLSE log info V 1 [Offset 0320: 68 32 f5 8a 14 43 3a 92 15 a5 53 f7 f5 df 3b 9f ]
2025/11/24 11:35:13.798991  107597827 249 ECU1 CLSE CLSE log info V 1 [Offset 0336: 00 ee de 10 a4 1a 68 68 39 1c 51 df 9c d0 fe 47 ]
2025/11/24 11:35:13.798993  107597827 250 ECU1 CLSE CLSE log info V 1 [Offset 0352: a5 d7 de 0b 25 58 d8 e7 b0 66 b3 68 3b 9e 53 94 ]
2025/11/24 11:35:13.798995  107597827 251 ECU1 CLSE CLSE log info V 1 [Offset 0368: 56 41 84 4b 52 5b 9f 0c 60 8a d1 8f 3c 69 07 fc ]
2025/11/24 11:35:13.798997  107597827 252 ECU1 CLSE CLSE log info V 1 [Offset 0384: 62 44 4e 58 9b f2 5e 59 d3 c2 9b e0 f1 6a 48 48 ]
2025/11/24 11:35:13.798999  107597827 253 ECU1 CLSE CLSE log info V 1 [Offset 0400: 4b ca eb be 97 73 15 b3 f6 f0 56 e7 1e d8 0e a5 ]
2025/11/24 11:35:13.799001  107597827 254 ECU1 CLSE CLSE log info V 1 [Offset 0416: da 16 26 23 a2 55 49 44 dc 7c 47 2b 68 f1 88 12 ]
2025/11/24 11:35:13.799003  107597827 255 ECU1 CLSE CLSE log info V 1 [Offset 0432: af 7a c4 67 87 f3 45 6d eb a0 19 df d9 56 9e f0 ]
2025/11/24 11:35:13.799005  107597827 000 ECU1 CLSE CLSE log info V 1 [Offset 0448: 61 01 0c 58 cd f0 1c 36 af 00 18 d0 fe 98 81 1d ]
2025/11/24 11:35:13.799007  107597827 001 ECU1 CLSE CLSE log info V 1 [Offset 0464: 00 78 98 af 6c 85 16 1a 70 c5 a8 85 4e cf e4 4b ]
2025/11/24 11:35:13.799009  107597827 002 ECU1 CLSE CLSE log info V 1 [Offset 0480: d0 24 5d 81 21 83 a4 e0 d1 1f a2 4e 8e f4 37 eb ]
2025/11/24 11:35:13.799011  107597827 003 ECU1 CLSE CLSE log info V 1 [Offset 0496: 43 9d 5d c3 ]
2025/11/24 11:35:13.799013  107597827 004 ECU1 CLSE CLSE log info V 3 [Sensorv2::ReceiveEventEvent_RequestData::GetNewSamples - Received  1  sample(s)]
2025/11/24 11:35:14.798787  107607825 005 ECU1 CLSE CLSE log verbose V 2 [Sensor::ReceiveEventEvent_transferData::GetNewSamples:: 1]
2025/11/24 11:35:14.799101  107607828 006 ECU1 CLSE CLSE log info V 3 [Sensorv2::ReadDataEvent_RequestData - Received  500  bytes]
2025/11/24 11:35:14.799126  107607828 007 ECU1 CLSE CLSE log info V 1 [Offset 0000: 4c f2 57 65 02 78 07 f3 ff 10 54 d5 42 96 08 d0 ]
2025/11/24 11:35:14.799138  107607828 008 ECU1 CLSE CLSE log info V 1 [Offset 0016: 65 c7 03 1d 38 e8 16 8c ea f4 7c 19 f4 87 3c 8f ]
2025/11/24 11:35:14.799148  107607828 009 ECU1 CLSE CLSE log info V 1 [Offset 0032: be 07 d9 ea 86 a6 a8 e6 73 65 b9 9b d6 70 80 af ]
2025/11/24 11:35:14.799154  107607828 010 ECU1 CLSE CLSE log info V 1 [Offset 0048: b6 70 ba 66 90 fe 8c 9a a2 27 1b 78 ce 5e 1c 5a ]
2025/11/24 11:35:14.799156  107607828 011 ECU1 CLSE CLSE log info V 1 [Offset 0064: 39 20 80 45 f7 58 47 41 79 b2 ab 33 8c fa c4 2e ]
2025/11/24 11:35:14.799158  107607828 012 ECU1 CLSE CLSE log info V 1 [Offset 0080: 69 0d 97 8c f6 64 33 84 e2 c0 88 69 01 bf 58 fb ]
2025/11/24 11:35:14.799160  107607828 013 ECU1 CLSE CLSE log info V 1 [Offset 0096: 84 5a c1 a6 9a 54 9a ac 0c f9 79 e3 59 cc 55 3a ]
2025/11/24 11:35:14.799162  107607828 014 ECU1 CLSE CLSE log info V 1 [Offset 0112: 93 6f 72 83 d8 9b 29 67 74 88 bd fa 98 85 69 a4 ]
2025/11/24 11:35:14.799164  107607828 015 ECU1 CLSE CLSE log info V 1 [Offset 0128: b1 c6 62 02 33 8b 19 e9 e4 27 23 8b b9 a2 a8 fc ]
2025/11/24 11:35:14.799166  107607829 016 ECU1 CLSE CLSE log info V 1 [Offset 0144: 74 66 3a e6 ea 7b 09 25 17 75 fe a2 e0 7d 73 43 ]
2025/11/24 11:35:14.799168  107607829 017 ECU1 CLSE CLSE log info V 1 [Offset 0160: e6 f4 71 a2 11 3a 6d d3 8b ce 74 2c cc 02 d0 ac ]
2025/11/24 11:35:14.799170  107607829 018 ECU1 CLSE CLSE log info V 1 [Offset 0176: 76 a8 ae cd 4d 9f ca d4 dc cf 91 24 99 45 53 bf ]
2025/11/24 11:35:14.799172  107607829 019 ECU1 CLSE CLSE log info V 1 [Offset 0192: 06 79 4f 98 32 4b cc 6e 86 22 0e 66 b1 a0 10 dc ]
2025/11/24 11:35:14.799174  107607829 020 ECU1 CLSE CLSE log info V 1 [Offset 0208: ad f2 b4 39 a7 5c 8e 34 10 d5 1f a1 bd 78 5d ba ]
2025/11/24 11:35:14.799176  107607829 021 ECU1 CLSE CLSE log info V 1 [Offset 0224: 38 e9 2d 61 e5 b5 a9 0e e5 77 d2 b9 e0 a8 85 3a ]
2025/11/24 11:35:14.799178  107607829 022 ECU1 CLSE CLSE log info V 1 [Offset 0240: 6f 74 7d 23 05 f7 cf ba 9f 5d 49 a5 8a 84 a7 fb ]
2025/11/24 11:35:14.799180  107607829 023 ECU1 CLSE CLSE log info V 1 [Offset 0256: fe 10 62 eb e5 2c 2b bc a8 ba 1d 52 e6 80 1c 0d ]
2025/11/24 11:35:14.799187  107607829 024 ECU1 CLSE CLSE log info V 1 [Offset 0272: ef 5b 36 57 4d 7e f0 07 7b 0d bb 1e 9a cb ad cd ]
2025/11/24 11:35:14.799189  107607829 025 ECU1 CLSE CLSE log info V 1 [Offset 0288: 69 d3 b5 34 00 c1 c4 bd 7e ca 20 03 ca 9f d6 c0 ]
2025/11/24 11:35:14.799191  107607829 026 ECU1 CLSE CLSE log info V 1 [Offset 0304: 01 12 08 20 f4 37 52 4a 82 0c 88 3a 06 42 5a ac ]
2025/11/24 11:35:14.799193  107607829 027 ECU1 CLSE CLSE log info V 1 [Offset 0320: 68 32 f5 8a 14 43 3a 92 15 a5 53 f7 f5 df 3b 9f ]
2025/11/24 11:35:14.799195  107607829 028 ECU1 CLSE CLSE log info V 1 [Offset 0336: 00 ee de 10 a4 1a 68 68 39 1c 51 df 9c d0 fe 47 ]
2025/11/24 11:35:14.799197  107607829 029 ECU1 CLSE CLSE log info V 1 [Offset 0352: a5 d7 de 0b 25 58 d8 e7 b0 66 b3 68 3b 9e 53 94 ]
2025/11/24 11:35:14.799199  107607829 030 ECU1 CLSE CLSE log info V 1 [Offset 0368: 56 41 84 4b 52 5b 9f 0c 60 8a d1 8f 3c 69 07 fc ]
2025/11/24 11:35:14.799201  107607829 031 ECU1 CLSE CLSE log info V 1 [Offset 0384: 62 44 4e 58 9b f2 5e 59 d3 c2 9b e0 f1 6a 48 48 ]
2025/11/24 11:35:14.799203  107607829 032 ECU1 CLSE CLSE log info V 1 [Offset 0400: 4b ca eb be 97 73 15 b3 f6 f0 56 e7 1e d8 0e a5 ]
2025/11/24 11:35:14.799205  107607829 033 ECU1 CLSE CLSE log info V 1 [Offset 0416: da 16 26 23 a2 55 49 44 dc 7c 47 2b 68 f1 88 12 ]
2025/11/24 11:35:14.799207  107607829 034 ECU1 CLSE CLSE log info V 1 [Offset 0432: af 7a c4 67 87 f3 45 6d eb a0 19 df d9 56 9e f0 ]
2025/11/24 11:35:14.799209  107607829 035 ECU1 CLSE CLSE log info V 1 [Offset 0448: 61 01 0c 58 cd f0 1c 36 af 00 18 d0 fe 98 81 1d ]
2025/11/24 11:35:14.799211  107607829 036 ECU1 CLSE CLSE log info V 1 [Offset 0464: 00 78 98 af 6c 85 16 1a 70 c5 a8 85 4e cf e4 4b ]
2025/11/24 11:35:14.799213  107607829 037 ECU1 CLSE CLSE log info V 1 [Offset 0480: d0 24 5d 81 21 83 a4 e0 d1 1f a2 4e 8e f4 37 eb ]
2025/11/24 11:35:14.799215  107607829 038 ECU1 CLSE CLSE log info V 1 [Offset 0496: 43 9d 5d c3 ]
2025/11/24 11:35:14.799217  107607829 039 ECU1 CLSE CLSE log info V 3 [Sensorv2::ReceiveEventEvent_RequestData::GetNewSamples - Received  1  sample(s)]
2025/11/24 11:35:15.798963  107617826 040 ECU1 CLSE CLSE log verbose V 2 [Sensor::ReceiveEventEvent_transferData::GetNewSamples:: 1]
2025/11/24 11:35:15.799301  107617830 041 ECU1 CLSE CLSE log info V 3 [Sensorv2::ReadDataEvent_RequestData - Received  500  bytes]
2025/11/24 11:35:15.799322  107617830 042 ECU1 CLSE CLSE log info V 1 [Offset 0000: 4c f2 57 65 02 78 07 f3 ff 10 54 d5 42 96 08 d0 ]
2025/11/24 11:35:15.799326  107617830 043 ECU1 CLSE CLSE log info V 1 [Offset 0016: 65 c7 03 1d 38 e8 16 8c ea f4 7c 19 f4 87 3c 8f ]
2025/11/24 11:35:15.799328  107617830 044 ECU1 CLSE CLSE log info V 1 [Offset 0032: be 07 d9 ea 86 a6 a8 e6 73 65 b9 9b d6 70 80 af ]
2025/11/24 11:35:15.799330  107617830 045 ECU1 CLSE CLSE log info V 1 [Offset 0048: b6 70 ba 66 90 fe 8c 9a a2 27 1b 78 ce 5e 1c 5a ]
2025/11/24 11:35:15.799332  107617830 046 ECU1 CLSE CLSE log info V 1 [Offset 0064: 39 20 80 45 f7 58 47 41 79 b2 ab 33 8c fa c4 2e ]
2025/11/24 11:35:15.799334  107617830 047 ECU1 CLSE CLSE log info V 1 [Offset 0080: 69 0d 97 8c f6 64 33 84 e2 c0 88 69 01 bf 58 fb ]
2025/11/24 11:35:15.799336  107617830 048 ECU1 CLSE CLSE log info V 1 [Offset 0096: 84 5a c1 a6 9a 54 9a ac 0c f9 79 e3 59 cc 55 3a ]
2025/11/24 11:35:15.799338  107617830 049 ECU1 CLSE CLSE log info V 1 [Offset 0112: 93 6f 72 83 d8 9b 29 67 74 88 bd fa 98 85 69 a4 ]
2025/11/24 11:35:15.799340  107617830 050 ECU1 CLSE CLSE log info V 1 [Offset 0128: b1 c6 62 02 33 8b 19 e9 e4 27 23 8b b9 a2 a8 fc ]
2025/11/24 11:35:15.799342  107617830 051 ECU1 CLSE CLSE log info V 1 [Offset 0144: 74 66 3a e6 ea 7b 09 25 17 75 fe a2 e0 7d 73 43 ]
2025/11/24 11:35:15.799344  107617830 052 ECU1 CLSE CLSE log info V 1 [Offset 0160: e6 f4 71 a2 11 3a 6d d3 8b ce 74 2c cc 02 d0 ac ]
2025/11/24 11:35:15.799346  107617830 053 ECU1 CLSE CLSE log info V 1 [Offset 0176: 76 a8 ae cd 4d 9f ca d4 dc cf 91 24 99 45 53 bf ]
2025/11/24 11:35:15.799352  107617830 054 ECU1 CLSE CLSE log info V 1 [Offset 0192: 06 79 4f 98 32 4b cc 6e 86 22 0e 66 b1 a0 10 dc ]
2025/11/24 11:35:15.799355  107617830 055 ECU1 CLSE CLSE log info V 1 [Offset 0208: ad f2 b4 39 a7 5c 8e 34 10 d5 1f a1 bd 78 5d ba ]
2025/11/24 11:35:15.799357  107617830 056 ECU1 CLSE CLSE log info V 1 [Offset 0224: 38 e9 2d 61 e5 b5 a9 0e e5 77 d2 b9 e0 a8 85 3a ]
2025/11/24 11:35:15.799359  107617830 057 ECU1 CLSE CLSE log info V 1 [Offset 0240: 6f 74 7d 23 05 f7 cf ba 9f 5d 49 a5 8a 84 a7 fb ]
2025/11/24 11:35:15.799361  107617830 058 ECU1 CLSE CLSE log info V 1 [Offset 0256: fe 10 62 eb e5 2c 2b bc a8 ba 1d 52 e6 80 1c 0d ]
2025/11/24 11:35:15.799362  107617830 059 ECU1 CLSE CLSE log info V 1 [Offset 0272: ef 5b 36 57 4d 7e f0 07 7b 0d bb 1e 9a cb ad cd ]
2025/11/24 11:35:15.799364  107617830 060 ECU1 CLSE CLSE log info V 1 [Offset 0288: 69 d3 b5 34 00 c1 c4 bd 7e ca 20 03 ca 9f d6 c0 ]
2025/11/24 11:35:15.799366  107617831 061 ECU1 CLSE CLSE log info V 1 [Offset 0304: 01 12 08 20 f4 37 52 4a 82 0c 88 3a 06 42 5a ac ]
2025/11/24 11:35:15.799368  107617831 062 ECU1 CLSE CLSE log info V 1 [Offset 0320: 68 32 f5 8a 14 43 3a 92 15 a5 53 f7 f5 df 3b 9f ]
2025/11/24 11:35:15.799370  107617831 063 ECU1 CLSE CLSE log info V 1 [Offset 0336: 00 ee de 10 a4 1a 68 68 39 1c 51 df 9c d0 fe 47 ]
2025/11/24 11:35:15.799372  107617831 064 ECU1 CLSE CLSE log info V 1 [Offset 0352: a5 d7 de 0b 25 58 d8 e7 b0 66 b3 68 3b 9e 53 94 ]
2025/11/24 11:35:15.799374  107617831 065 ECU1 CLSE CLSE log info V 1 [Offset 0368: 56 41 84 4b 52 5b 9f 0c 60 8a d1 8f 3c 69 07 fc ]
2025/11/24 11:35:15.799376  107617831 066 ECU1 CLSE CLSE log info V 1 [Offset 0384: 62 44 4e 58 9b f2 5e 59 d3 c2 9b e0 f1 6a 48 48 ]
2025/11/24 11:35:15.799378  107617831 067 ECU1 CLSE CLSE log info V 1 [Offset 0400: 4b ca eb be 97 73 15 b3 f6 f0 56 e7 1e d8 0e a5 ]
2025/11/24 11:35:15.799380  107617831 068 ECU1 CLSE CLSE log info V 1 [Offset 0416: da 16 26 23 a2 55 49 44 dc 7c 47 2b 68 f1 88 12 ]
2025/11/24 11:35:15.799382  107617831 069 ECU1 CLSE CLSE log info V 1 [Offset 0432: af 7a c4 67 87 f3 45 6d eb a0 19 df d9 56 9e f0 ]
2025/11/24 11:35:15.799384  107617831 070 ECU1 CLSE CLSE log info V 1 [Offset 0448: 61 01 0c 58 cd f0 1c 36 af 00 18 d0 fe 98 81 1d ]
2025/11/24 11:35:15.799386  107617831 071 ECU1 CLSE CLSE log info V 1 [Offset 0464: 00 78 98 af 6c 85 16 1a 70 c5 a8 85 4e cf e4 4b ]
2025/11/24 11:35:15.799388  107617831 072 ECU1 CLSE CLSE log info V 1 [Offset 0480: d0 24 5d 81 21 83 a4 e0 d1 1f a2 4e 8e f4 37 eb ]
2025/11/24 11:35:15.799390  107617831 073 ECU1 CLSE CLSE log info V 1 [Offset 0496: 43 9d 5d c3 ]
2025/11/24 11:35:15.799392  107617831 074 ECU1 CLSE CLSE log info V 3 [Sensorv2::ReceiveEventEvent_RequestData::GetNewSamples - Received  1  sample(s)]
2025/11/24 11:35:16.799079  107627828 075 ECU1 CLSE CLSE log verbose V 2 [Sensor::ReceiveEventEvent_transferData::GetNewSamples:: 1]
2025/11/24 11:35:16.799472  107627832 076 ECU1 CLSE CLSE log info V 3 [Sensorv2::ReadDataEvent_RequestData - Received  500  bytes]
2025/11/24 11:35:16.799495  107627832 077 ECU1 CLSE CLSE log info V 1 [Offset 0000: 4c f2 57 65 02 78 07 f3 ff 10 54 d5 42 96 08 d0 ]
2025/11/24 11:35:16.799506  107627832 078 ECU1 CLSE CLSE log info V 1 [Offset 0016: 65 c7 03 1d 38 e8 16 8c ea f4 7c 19 f4 87 3c 8f ]
2025/11/24 11:35:16.799515  107627832 079 ECU1 CLSE CLSE log info V 1 [Offset 0032: be 07 d9 ea 86 a6 a8 e6 73 65 b9 9b d6 70 80 af ]
2025/11/24 11:35:16.799523  107627832 080 ECU1 CLSE CLSE log info V 1 [Offset 0048: b6 70 ba 66 90 fe 8c 9a a2 27 1b 78 ce 5e 1c 5a ]
2025/11/24 11:35:16.799531  107627832 081 ECU1 CLSE CLSE log info V 1 [Offset 0064: 39 20 80 45 f7 58 47 41 79 b2 ab 33 8c fa c4 2e ]
2025/11/24 11:35:16.799534  107627832 082 ECU1 CLSE CLSE log info V 1 [Offset 0080: 69 0d 97 8c f6 64 33 84 e2 c0 88 69 01 bf 58 fb ]
2025/11/24 11:35:16.799536  107627832 083 ECU1 CLSE CLSE log info V 1 [Offset 0096: 84 5a c1 a6 9a 54 9a ac 0c f9 79 e3 59 cc 55 3a ]
2025/11/24 11:35:16.799538  107627832 084 ECU1 CLSE CLSE log info V 1 [Offset 0112: 93 6f 72 83 d8 9b 29 67 74 88 bd fa 98 85 69 a4 ]
2025/11/24 11:35:16.799547  107627832 085 ECU1 CLSE CLSE log info V 1 [Offset 0128: b1 c6 62 02 33 8b 19 e9 e4 27 23 8b b9 a2 a8 fc ]
2025/11/24 11:35:16.799549  107627832 086 ECU1 CLSE CLSE log info V 1 [Offset 0144: 74 66 3a e6 ea 7b 09 25 17 75 fe a2 e0 7d 73 43 ]
2025/11/24 11:35:16.799552  107627832 087 ECU1 CLSE CLSE log info V 1 [Offset 0160: e6 f4 71 a2 11 3a 6d d3 8b ce 74 2c cc 02 d0 ac ]
2025/11/24 11:35:16.799554  107627832 088 ECU1 CLSE CLSE log info V 1 [Offset 0176: 76 a8 ae cd 4d 9f ca d4 dc cf 91 24 99 45 53 bf ]
2025/11/24 11:35:16.799555  107627832 089 ECU1 CLSE CLSE log info V 1 [Offset 0192: 06 79 4f 98 32 4b cc 6e 86 22 0e 66 b1 a0 10 dc ]
2025/11/24 11:35:16.799557  107627832 090 ECU1 CLSE CLSE log info V 1 [Offset 0208: ad f2 b4 39 a7 5c 8e 34 10 d5 1f a1 bd 78 5d ba ]
2025/11/24 11:35:16.799559  107627832 091 ECU1 CLSE CLSE log info V 1 [Offset 0224: 38 e9 2d 61 e5 b5 a9 0e e5 77 d2 b9 e0 a8 85 3a ]
2025/11/24 11:35:16.799561  107627832 092 ECU1 CLSE CLSE log info V 1 [Offset 0240: 6f 74 7d 23 05 f7 cf ba 9f 5d 49 a5 8a 84 a7 fb ]
2025/11/24 11:35:16.799563  107627832 093 ECU1 CLSE CLSE log info V 1 [Offset 0256: fe 10 62 eb e5 2c 2b bc a8 ba 1d 52 e6 80 1c 0d ]
2025/11/24 11:35:16.799565  107627832 094 ECU1 CLSE CLSE log info V 1 [Offset 0272: ef 5b 36 57 4d 7e f0 07 7b 0d bb 1e 9a cb ad cd ]
2025/11/24 11:35:16.799567  107627833 095 ECU1 CLSE CLSE log info V 1 [Offset 0288: 69 d3 b5 34 00 c1 c4 bd 7e ca 20 03 ca 9f d6 c0 ]
2025/11/24 11:35:16.799569  107627833 096 ECU1 CLSE CLSE log info V 1 [Offset 0304: 01 12 08 20 f4 37 52 4a 82 0c 88 3a 06 42 5a ac ]
2025/11/24 11:35:16.799571  107627833 097 ECU1 CLSE CLSE log info V 1 [Offset 0320: 68 32 f5 8a 14 43 3a 92 15 a5 53 f7 f5 df 3b 9f ]
2025/11/24 11:35:16.799573  107627833 098 ECU1 CLSE CLSE log info V 1 [Offset 0336: 00 ee de 10 a4 1a 68 68 39 1c 51 df 9c d0 fe 47 ]
2025/11/24 11:35:16.799575  107627833 099 ECU1 CLSE CLSE log info V 1 [Offset 0352: a5 d7 de 0b 25 58 d8 e7 b0 66 b3 68 3b 9e 53 94 ]
2025/11/24 11:35:16.799577  107627833 100 ECU1 CLSE CLSE log info V 1 [Offset 0368: 56 41 84 4b 52 5b 9f 0c 60 8a d1 8f 3c 69 07 fc ]
2025/11/24 11:35:16.799579  107627833 101 ECU1 CLSE CLSE log info V 1 [Offset 0384: 62 44 4e 58 9b f2 5e 59 d3 c2 9b e0 f1 6a 48 48 ]
2025/11/24 11:35:16.799581  107627833 102 ECU1 CLSE CLSE log info V 1 [Offset 0400: 4b ca eb be 97 73 15 b3 f6 f0 56 e7 1e d8 0e a5 ]
2025/11/24 11:35:16.799583  107627833 103 ECU1 CLSE CLSE log info V 1 [Offset 0416: da 16 26 23 a2 55 49 44 dc 7c 47 2b 68 f1 88 12 ]
2025/11/24 11:35:16.799585  107627833 104 ECU1 CLSE CLSE log info V 1 [Offset 0432: af 7a c4 67 87 f3 45 6d eb a0 19 df d9 56 9e f0 ]
2025/11/24 11:35:16.799587  107627833 105 ECU1 CLSE CLSE log info V 1 [Offset 0448: 61 01 0c 58 cd f0 1c 36 af 00 18 d0 fe 98 81 1d ]
2025/11/24 11:35:16.799589  107627833 106 ECU1 CLSE CLSE log info V 1 [Offset 0464: 00 78 98 af 6c 85 16 1a 70 c5 a8 85 4e cf e4 4b ]
2025/11/24 11:35:16.799591  107627833 107 ECU1 CLSE CLSE log info V 1 [Offset 0480: d0 24 5d 81 21 83 a4 e0 d1 1f a2 4e 8e f4 37 eb ]
2025/11/24 11:35:16.799593  107627833 108 ECU1 CLSE CLSE log info V 1 [Offset 0496: 43 9d 5d c3 ]
2025/11/24 11:35:16.799595  107627833 109 ECU1 CLSE CLSE log info V 3 [Sensorv2::ReceiveEventEvent_RequestData::GetNewSamples - Received  1  sample(s)]
2025/11/24 11:35:17.799220  107637829 110 ECU1 CLSE CLSE log verbose V 2 [Sensor::ReceiveEventEvent_transferData::GetNewSamples:: 1]
2025/11/24 11:35:17.799678  107637834 111 ECU1 CLSE CLSE log info V 3 [Sensorv2::ReadDataEvent_RequestData - Received  500  bytes]
2025/11/24 11:35:17.799702  107637834 112 ECU1 CLSE CLSE log info V 1 [Offset 0000: 4c f2 57 65 02 78 07 f3 ff 10 54 d5 42 96 08 d0 ]
2025/11/24 11:35:17.799712  107637834 113 ECU1 CLSE CLSE log info V 1 [Offset 0016: 65 c7 03 1d 38 e8 16 8c ea f4 7c 19 f4 87 3c 8f ]
2025/11/24 11:35:17.799715  107637834 114 ECU1 CLSE CLSE log info V 1 [Offset 0032: be 07 d9 ea 86 a6 a8 e6 73 65 b9 9b d6 70 80 af ]
2025/11/24 11:35:17.799717  107637834 115 ECU1 CLSE CLSE log info V 1 [Offset 0048: b6 70 ba 66 90 fe 8c 9a a2 27 1b 78 ce 5e 1c 5a ]
2025/11/24 11:35:17.799727  107637834 116 ECU1 CLSE CLSE log info V 1 [Offset 0064: 39 20 80 45 f7 58 47 41 79 b2 ab 33 8c fa c4 2e ]
2025/11/24 11:35:17.799729  107637834 117 ECU1 CLSE CLSE log info V 1 [Offset 0080: 69 0d 97 8c f6 64 33 84 e2 c0 88 69 01 bf 58 fb ]
2025/11/24 11:35:17.799731  107637834 118 ECU1 CLSE CLSE log info V 1 [Offset 0096: 84 5a c1 a6 9a 54 9a ac 0c f9 79 e3 59 cc 55 3a ]
2025/11/24 11:35:17.799733  107637834 119 ECU1 CLSE CLSE log info V 1 [Offset 0112: 93 6f 72 83 d8 9b 29 67 74 88 bd fa 98 85 69 a4 ]
2025/11/24 11:35:17.799735  107637834 120 ECU1 CLSE CLSE log info V 1 [Offset 0128: b1 c6 62 02 33 8b 19 e9 e4 27 23 8b b9 a2 a8 fc ]
2025/11/24 11:35:17.799737  107637834 121 ECU1 CLSE CLSE log info V 1 [Offset 0144: 74 66 3a e6 ea 7b 09 25 17 75 fe a2 e0 7d 73 43 ]
2025/11/24 11:35:17.799739  107637834 122 ECU1 CLSE CLSE log info V 1 [Offset 0160: e6 f4 71 a2 11 3a 6d d3 8b ce 74 2c cc 02 d0 ac ]
2025/11/24 11:35:17.799741  107637834 123 ECU1 CLSE CLSE log info V 1 [Offset 0176: 76 a8 ae cd 4d 9f ca d4 dc cf 91 24 99 45 53 bf ]
2025/11/24 11:35:17.799743  107637834 124 ECU1 CLSE CLSE log info V 1 [Offset 0192: 06 79 4f 98 32 4b cc 6e 86 22 0e 66 b1 a0 10 dc ]
2025/11/24 11:35:17.799745  107637834 125 ECU1 CLSE CLSE log info V 1 [Offset 0208: ad f2 b4 39 a7 5c 8e 34 10 d5 1f a1 bd 78 5d ba ]
2025/11/24 11:35:17.799747  107637834 126 ECU1 CLSE CLSE log info V 1 [Offset 0224: 38 e9 2d 61 e5 b5 a9 0e e5 77 d2 b9 e0 a8 85 3a ]
2025/11/24 11:35:17.799749  107637834 127 ECU1 CLSE CLSE log info V 1 [Offset 0240: 6f 74 7d 23 05 f7 cf ba 9f 5d 49 a5 8a 84 a7 fb ]
2025/11/24 11:35:17.799751  107637834 128 ECU1 CLSE CLSE log info V 1 [Offset 0256: fe 10 62 eb e5 2c 2b bc a8 ba 1d 52 e6 80 1c 0d ]
2025/11/24 11:35:17.799753  107637834 129 ECU1 CLSE CLSE log info V 1 [Offset 0272: ef 5b 36 57 4d 7e f0 07 7b 0d bb 1e 9a cb ad cd ]
2025/11/24 11:35:17.799755  107637834 130 ECU1 CLSE CLSE log info V 1 [Offset 0288: 69 d3 b5 34 00 c1 c4 bd 7e ca 20 03 ca 9f d6 c0 ]
2025/11/24 11:35:17.799757  107637834 131 ECU1 CLSE CLSE log info V 1 [Offset 0304: 01 12 08 20 f4 37 52 4a 82 0c 88 3a 06 42 5a ac ]
2025/11/24 11:35:17.799759  107637834 132 ECU1 CLSE CLSE log info V 1 [Offset 0320: 68 32 f5 8a 14 43 3a 92 15 a5 53 f7 f5 df 3b 9f ]
2025/11/24 11:35:17.799761  107637834 133 ECU1 CLSE CLSE log info V 1 [Offset 0336: 00 ee de 10 a4 1a 68 68 39 1c 51 df 9c d0 fe 47 ]
2025/11/24 11:35:17.799763  107637834 134 ECU1 CLSE CLSE log info V 1 [Offset 0352: a5 d7 de 0b 25 58 d8 e7 b0 66 b3 68 3b 9e 53 94 ]
2025/11/24 11:35:17.799765  107637834 135 ECU1 CLSE CLSE log info V 1 [Offset 0368: 56 41 84 4b 52 5b 9f 0c 60 8a d1 8f 3c 69 07 fc ]
2025/11/24 11:35:17.799767  107637835 136 ECU1 CLSE CLSE log info V 1 [Offset 0384: 62 44 4e 58 9b f2 5e 59 d3 c2 9b e0 f1 6a 48 48 ]
2025/11/24 11:35:17.799769  107637835 137 ECU1 CLSE CLSE log info V 1 [Offset 0400: 4b ca eb be 97 73 15 b3 f6 f0 56 e7 1e d8 0e a5 ]
2025/11/24 11:35:17.799771  107637835 138 ECU1 CLSE CLSE log info V 1 [Offset 0416: da 16 26 23 a2 55 49 44 dc 7c 47 2b 68 f1 88 12 ]
2025/11/24 11:35:17.799773  107637835 139 ECU1 CLSE CLSE log info V 1 [Offset 0432: af 7a c4 67 87 f3 45 6d eb a0 19 df d9 56 9e f0 ]
2025/11/24 11:35:17.799775  107637835 140 ECU1 CLSE CLSE log info V 1 [Offset 0448: 61 01 0c 58 cd f0 1c 36 af 00 18 d0 fe 98 81 1d ]
2025/11/24 11:35:17.799777  107637835 141 ECU1 CLSE CLSE log info V 1 [Offset 0464: 00 78 98 af 6c 85 16 1a 70 c5 a8 85 4e cf e4 4b ]
2025/11/24 11:35:17.799779  107637835 142 ECU1 CLSE CLSE log info V 1 [Offset 0480: d0 24 5d 81 21 83 a4 e0 d1 1f a2 4e 8e f4 37 eb ]
2025/11/24 11:35:17.799780  107637835 143 ECU1 CLSE CLSE log info V 1 [Offset 0496: 43 9d 5d c3 ]
2025/11/24 11:35:17.799782  107637835 144 ECU1 CLSE CLSE log info V 3 [Sensorv2::ReceiveEventEvent_RequestData::GetNewSamples - Received  1  sample(s)]
2025/11/24 11:35:18.799416  107647831 145 ECU1 CLSE CLSE log verbose V 2 [Sensor::ReceiveEventEvent_transferData::GetNewSamples:: 1]
2025/11/24 11:35:18.799861  107647835 146 ECU1 CLSE CLSE log info V 3 [Sensorv2::ReadDataEvent_RequestData - Received  500  bytes]
2025/11/24 11:35:18.799895  107647836 147 ECU1 CLSE CLSE log info V 1 [Offset 0000: 4c f2 57 65 02 78 07 f3 ff 10 54 d5 42 96 08 d0 ]
2025/11/24 11:35:18.799906  107647836 148 ECU1 CLSE CLSE log info V 1 [Offset 0016: 65 c7 03 1d 38 e8 16 8c ea f4 7c 19 f4 87 3c 8f ]
2025/11/24 11:35:18.799915  107647836 149 ECU1 CLSE CLSE log info V 1 [Offset 0032: be 07 d9 ea 86 a6 a8 e6 73 65 b9 9b d6 70 80 af ]
2025/11/24 11:35:18.799923  107647836 150 ECU1 CLSE CLSE log info V 1 [Offset 0048: b6 70 ba 66 90 fe 8c 9a a2 27 1b 78 ce 5e 1c 5a ]
2025/11/24 11:35:18.799927  107647836 151 ECU1 CLSE CLSE log info V 1 [Offset 0064: 39 20 80 45 f7 58 47 41 79 b2 ab 33 8c fa c4 2e ]
2025/11/24 11:35:18.799929  107647836 152 ECU1 CLSE CLSE log info V 1 [Offset 0080: 69 0d 97 8c f6 64 33 84 e2 c0 88 69 01 bf 58 fb ]
2025/11/24 11:35:18.799931  107647836 153 ECU1 CLSE CLSE log info V 1 [Offset 0096: 84 5a c1 a6 9a 54 9a ac 0c f9 79 e3 59 cc 55 3a ]
2025/11/24 11:35:18.799933  107647836 154 ECU1 CLSE CLSE log info V 1 [Offset 0112: 93 6f 72 83 d8 9b 29 67 74 88 bd fa 98 85 69 a4 ]
2025/11/24 11:35:18.799935  107647836 155 ECU1 CLSE CLSE log info V 1 [Offset 0128: b1 c6 62 02 33 8b 19 e9 e4 27 23 8b b9 a2 a8 fc ]
2025/11/24 11:35:18.799937  107647836 156 ECU1 CLSE CLSE log info V 1 [Offset 0144: 74 66 3a e6 ea 7b 09 25 17 75 fe a2 e0 7d 73 43 ]
2025/11/24 11:35:18.799939  107647836 157 ECU1 CLSE CLSE log info V 1 [Offset 0160: e6 f4 71 a2 11 3a 6d d3 8b ce 74 2c cc 02 d0 ac ]
2025/11/24 11:35:18.799941  107647836 158 ECU1 CLSE CLSE log info V 1 [Offset 0176: 76 a8 ae cd 4d 9f ca d4 dc cf 91 24 99 45 53 bf ]
2025/11/24 11:35:18.799943  107647836 159 ECU1 CLSE CLSE log info V 1 [Offset 0192: 06 79 4f 98 32 4b cc 6e 86 22 0e 66 b1 a0 10 dc ]
2025/11/24 11:35:18.799945  107647836 160 ECU1 CLSE CLSE log info V 1 [Offset 0208: ad f2 b4 39 a7 5c 8e 34 10 d5 1f a1 bd 78 5d ba ]
2025/11/24 11:35:18.799947  107647836 161 ECU1 CLSE CLSE log info V 1 [Offset 0224: 38 e9 2d 61 e5 b5 a9 0e e5 77 d2 b9 e0 a8 85 3a ]
2025/11/24 11:35:18.799949  107647836 162 ECU1 CLSE CLSE log info V 1 [Offset 0240: 6f 74 7d 23 05 f7 cf ba 9f 5d 49 a5 8a 84 a7 fb ]
2025/11/24 11:35:18.799951  107647836 163 ECU1 CLSE CLSE log info V 1 [Offset 0256: fe 10 62 eb e5 2c 2b bc a8 ba 1d 52 e6 80 1c 0d ]
2025/11/24 11:35:18.799953  107647836 164 ECU1 CLSE CLSE log info V 1 [Offset 0272: ef 5b 36 57 4d 7e f0 07 7b 0d bb 1e 9a cb ad cd ]
2025/11/24 11:35:18.799955  107647836 165 ECU1 CLSE CLSE log info V 1 [Offset 0288: 69 d3 b5 34 00 c1 c4 bd 7e ca 20 03 ca 9f d6 c0 ]
2025/11/24 11:35:18.799957  107647836 166 ECU1 CLSE CLSE log info V 1 [Offset 0304: 01 12 08 20 f4 37 52 4a 82 0c 88 3a 06 42 5a ac ]
2025/11/24 11:35:18.799959  107647836 167 ECU1 CLSE CLSE log info V 1 [Offset 0320: 68 32 f5 8a 14 43 3a 92 15 a5 53 f7 f5 df 3b 9f ]
2025/11/24 11:35:18.799961  107647836 168 ECU1 CLSE CLSE log info V 1 [Offset 0336: 00 ee de 10 a4 1a 68 68 39 1c 51 df 9c d0 fe 47 ]
2025/11/24 11:35:18.799963  107647836 169 ECU1 CLSE CLSE log info V 1 [Offset 0352: a5 d7 de 0b 25 58 d8 e7 b0 66 b3 68 3b 9e 53 94 ]
2025/11/24 11:35:18.799965  107647836 170 ECU1 CLSE CLSE log info V 1 [Offset 0368: 56 41 84 4b 52 5b 9f 0c 60 8a d1 8f 3c 69 07 fc ]
2025/11/24 11:35:18.799967  107647837 171 ECU1 CLSE CLSE log info V 1 [Offset 0384: 62 44 4e 58 9b f2 5e 59 d3 c2 9b e0 f1 6a 48 48 ]
2025/11/24 11:35:18.799969  107647837 172 ECU1 CLSE CLSE log info V 1 [Offset 0400: 4b ca eb be 97 73 15 b3 f6 f0 56 e7 1e d8 0e a5 ]
2025/11/24 11:35:18.799971  107647837 173 ECU1 CLSE CLSE log info V 1 [Offset 0416: da 16 26 23 a2 55 49 44 dc 7c 47 2b 68 f1 88 12 ]
2025/11/24 11:35:18.799972  107647837 174 ECU1 CLSE CLSE log info V 1 [Offset 0432: af 7a c4 67 87 f3 45 6d eb a0 19 df d9 56 9e f0 ]
2025/11/24 11:35:18.799975  107647837 175 ECU1 CLSE CLSE log info V 1 [Offset 0448: 61 01 0c 58 cd f0 1c 36 af 00 18 d0 fe 98 81 1d ]
2025/11/24 11:35:18.799976  107647837 176 ECU1 CLSE CLSE log info V 1 [Offset 0464: 00 78 98 af 6c 8