=== Run started at Mon Nov 24 12:08:32 UTC 2025 ===
[BUILD] Build directory found, running the script
[RUN] Starting para-exec.sh...
[0;90m2025-11-24 12:08:32.587 [0;1;96m[ Debug ][m: reopen RouDi's IPC channel!
[0;90m2025-11-24 12:08:32.587 [0;1;93m[Warning][m: RouDi not found - waiting ...
Log level set to: [0;1;93m[Warning][m
Reserving 92775704 bytes in the shared memory [iceoryx_mgmt]
[ Reserving shared memory successful ] 
Reserving 484809200 bytes in the shared memory [root]
[ Reserving shared memory successful ] 
RouDi is ready for clients
[0;90m2025-11-24 12:08:32.887 [0;1;96m[ Debug ][m: RouDi IPC Channel found!
[0;90m2025-11-24 12:08:32.887 [0;1;93m[Warning][m: ... RouDi found.
[0;90m2025-11-24 12:08:32.888 [0;1;96m[ Debug ][m: Application registered management segment 0x799d25d91000 with size 92775704 to id 1
[0;90m2025-11-24 12:08:32.888 [0;1;96m[ Debug ][m: Application registered payload data segment 0x799d08f37000 with size 484809200 to id 2
[0;90m2025-11-24 12:08:33.394 [0;1;96m[ Debug ][m: Application registered management segment 0x7f9ec2729000 with size 92775704 to id 1
[0;90m2025-11-24 12:08:33.394 [0;1;96m[ Debug ][m: Application registered payload data segment 0x7f9ea58cf000 with size 484809200 to id 2
[0;90m2025-11-24 12:08:33.408 [0;1;96m[ Debug ][m: Application registered management segment 0x7e4b80ed3000 with size 92775704 to id 1
[0;90m2025-11-24 12:08:33.408 [0;1;96m[ Debug ][m: Application registered payload data segment 0x7e4b64079000 with size 484809200 to id 2
[0;90m2025-11-24 12:08:33.418 [0;1;96m[ Debug ][m: Application registered management segment 0x7b6baa439000 with size 92775704 to id 1
[0;90m2025-11-24 12:08:33.418 [0;1;96m[ Debug ][m: Application registered payload data segment 0x7b6b8d5df000 with size 484809200 to id 2
2025/11/24 12:08:33.418657  127594023 000 ECU1 PVSE PVSE log verbose V 1 [ProviderSensor::Initialize]
[12759.402411]~DLT~38373~ERROR    ~dlt_user_log_send_log: File size (0 bytes) reached to defined maximum size (0 bytes)
[0;90m2025-11-24 12:08:33.428 [0;1;96m[ Debug ][m: Application registered management segment 0x7317d1707000 with size 92775704 to id 1
[0;90m2025-11-24 12:08:33.428 [0;1;96m[ Debug ][m: Application registered payload data segment 0x7317b48ad000 with size 484809200 to id 2
2025/11/24 12:08:33.429101  127594128 000 ECU1 CLSE CLSE log verbose V 1 [ClientSensor::Initialize]
[12759.412852]~DLT~38394~ERROR    ~dlt_user_log_send_log: File size (0 bytes) reached to defined maximum size (0 bytes)
2025/11/24 12:08:33.429124  127594128 001 ECU1 CLSE CLSE log verbose V 1 [ClientSensor::Start]
2025/11/24 12:08:33.429127  127594128 002 ECU1 CLSE CLSE log verbose V 1 [Sensor::Start]
2025/11/24 12:08:33.430256  127594139 003 ECU1 CLSE CLSE log verbose V 1 [Sensor::Find::Service Instances not found]
2025/11/24 12:08:33.430297  127594140 004 ECU1 CLSE CLSE log verbose V 1 [Sensor::Start::StartFindService]
2025/11/24 12:08:33.430305  127594140 005 ECU1 CLSE CLSE log verbose V 1 [Sensorv2::Start]
2025/11/24 12:08:33.430397  127594141 006 ECU1 CLSE CLSE log verbose V 1 [Sensorv2::Find::Service Instances not found]
2025/11/24 12:08:33.430406  127594141 007 ECU1 CLSE CLSE log verbose V 1 [Sensorv2::Start::StartFindService]
2025/11/24 12:08:33.435034  127594187 008 ECU1 CLSE CLSE log verbose V 1 [Running adaptive application]
2025/11/24 12:08:33.435043  127594187 009 ECU1 CLSE CLSE log verbose V 1 [ClientSensor::Run]
2025/11/24 12:08:33.437121  127594208 010 ECU1 CLSE CLSE log verbose V 4 [Sensor::Find::Searched Instance::ServiceId = 21 , InstanceId = 1]
2025/11/24 12:08:33.437130  127594208 011 ECU1 CLSE CLSE log verbose V 4 [Sensor::Find::Using Instance::ServiceId = 21 , InstanceId = 1]
2025/11/24 12:08:33.437751  127594214 012 ECU1 CLSE CLSE log verbose V 1 [Sensor::SubscribeEvent_transferData::Subscribed]
2025/11/24 12:08:33.465869  127594496 013 ECU1 CLSE CLSE log verbose V 4 [Sensorv2::Find::Searched Instance::ServiceId = 22 , InstanceId = 2]
2025/11/24 12:08:33.465885  127594496 014 ECU1 CLSE CLSE log verbose V 4 [Sensorv2::Find::Using Instance::ServiceId = 22 , InstanceId = 2]
2025/11/24 12:08:33.466377  127594501 015 ECU1 CLSE CLSE log verbose V 1 [Sensorv2::SubscribeEvent_RequestData::Subscribed]
2025/11/24 12:08:34.435201  127604189 016 ECU1 CLSE CLSE log verbose V 2 [Sensor::ReceiveEventEvent_transferData::GetNewSamples:: 1]
2025/11/24 12:08:34.435277  127604190 017 ECU1 CLSE CLSE log verbose V 2 [Sensorv2::ReceiveEventEvent_RequestData::GetNewSamples:: 0]
2025/11/24 12:08:35.435370  127614191 018 ECU1 CLSE CLSE log verbose V 2 [Sensor::ReceiveEventEvent_transferData::GetNewSamples:: 1]
2025/11/24 12:08:35.435414  127614191 019 ECU1 CLSE CLSE log verbose V 2 [Sensorv2::ReceiveEventEvent_RequestData::GetNewSamples:: 0]
2025/11/24 12:08:36.435532  127624192 020 ECU1 CLSE CLSE log verbose V 2 [Sensorv2::ReceiveEventEvent_RequestData::GetNewSamples:: 0]
2025/11/24 12:08:36.435581  127624193 021 ECU1 CLSE CLSE log verbose V 2 [Sensor::ReceiveEventEvent_transferData::GetNewSamples:: 1]
2025/11/24 12:08:37.435649  127634193 022 ECU1 CLSE CLSE log verbose V 2 [Sensorv2::ReceiveEventEvent_RequestData::GetNewSamples:: 0]
2025/11/24 12:08:37.435810  127634195 023 ECU1 CLSE CLSE log verbose V 2 [Sensor::ReceiveEventEvent_transferData::GetNewSamples:: 1]
2025/11/24 12:08:38.435777  127644195 024 ECU1 CLSE CLSE log verbose V 2 [Sensorv2::ReceiveEventEvent_RequestData::GetNewSamples:: 0]
2025/11/24 12:08:38.435957  127644196 025 ECU1 CLSE CLSE log verbose V 2 [Sensor::ReceiveEventEvent_transferData::GetNewSamples:: 1]
2025/11/24 12:08:39.435893  127654196 026 ECU1 CLSE CLSE log verbose V 2 [Sensorv2::ReceiveEventEvent_RequestData::GetNewSamples:: 0]
2025/11/24 12:08:39.436097  127654198 027 ECU1 CLSE CLSE log verbose V 2 [Sensor::ReceiveEventEvent_transferData::GetNewSamples:: 1]
2025/11/24 12:08:40.436030  127664197 028 ECU1 CLSE CLSE log verbose V 2 [Sensorv2::ReceiveEventEvent_RequestData::GetNewSamples:: 0]
2025/11/24 12:08:40.436260  127664199 029 ECU1 CLSE CLSE log verbose V 2 [Sensor::ReceiveEventEvent_transferData::GetNewSamples:: 1]
2025/11/24 12:08:41.436144  127674198 030 ECU1 CLSE CLSE log verbose V 2 [Sensorv2::ReceiveEventEvent_RequestData::GetNewSamples:: 0]
2025/11/24 12:08:41.436375  127674201 031 ECU1 CLSE CLSE log verbose V 2 [Sensor::ReceiveEventEvent_transferData::GetNewSamples:: 1]
2025/11/24 12:08:42.436355  127684200 032 ECU1 CLSE CLSE log verbose V 2 [Sensorv2::ReceiveEventEvent_RequestData::GetNewSamples:: 0]
2025/11/24 12:08:42.436518  127684202 033 ECU1 CLSE CLSE log verbose V 2 [Sensor::ReceiveEventEve2025/11/24 12:08:33.418683  127594024 001 ECU1 PVSE PVSE log verbose V 1 [ProviderSensor::Start]
2025/11/24 12:08:33.418686  127594024 002 ECU1 PVSE PVSE log verbose V 1 [Sensor::Start]
2025/11/24 12:08:33.419727  127594034 003 ECU1 PVSE PVSE log verbose V 1 [Sensor::Start::OfferService]
2025/11/24 12:08:33.419752  127594034 004 ECU1 PVSE PVSE log verbose V 1 [Sensorv2::Start]
2025/11/24 12:08:33.420575  127594043 005 ECU1 PVSE PVSE log verbose V 1 [Sensorv2::Start::OfferService]
2025/11/24 12:08:33.425176  127594089 006 ECU1 PVSE PVSE log verbose V 1 [Running adaptive application]
2025/11/24 12:08:33.425188  127594089 007 ECU1 PVSE PVSE log verbose V 1 [ProviderSensor::Run]
2025/11/24 12:08:33.425231  127594089 008 ECU1 PVSE PVSE log info V 3 [Sensorv2::SendEventEvent_RequestDataCyclic::Received  1000  bytes]
2025/11/24 12:08:33.425244  127594089 009 ECU1 PVSE PVSE log info V 1 [First 50 bytes: a7 13 50 08 6d d3 64 80 cd c6 3c 3d 2f 86 9d 03 4b b9 c5 b9 97 35 80 c7 f0 36 cf 85 4f a9 2b be 65 f8 17 02 96 f0 f4 0a c4 d0 48 f4 be e2 3e c8 0b 47 ]
2025/11/24 12:08:33.425471  127594092 010 ECU1 PVSE PVSE log error V 2 [Sensor::SendEventEvent_transferDataCyclic::Send:: no clients]
2025/11/24 12:08:33.425593  127594093 011 ECU1 PVSE PVSE log error V 2 [Sensorv2::SendEventEvent_RequestDataCyclic::Received:: no clients]
2025/11/24 12:08:34.426171  127604099 012 ECU1 PVSE PVSE log verbose V 1 [Sensor::SendEventEvent_transferDataCyclic::Send]
2025/11/24 12:08:35.426834  127614105 013 ECU1 PVSE PVSE log verbose V 1 [Sensor::SendEventEvent_transferDataCyclic::Send]
2025/11/24 12:08:36.427514  127624112 014 ECU1 PVSE PVSE log verbose V 1 [Sensor::SendEventEvent_transferDataCyclic::Send]
2025/11/24 12:08:37.428345  127634120 015 ECU1 PVSE PVSE log verbose V 1 [Sensor::SendEventEvent_transferDataCyclic::Send]
2025/11/24 12:08:38.429074  127644128 016 ECU1 PVSE PVSE log verbose V 1 [Sensor::SendEventEvent_transferDataCyclic::Send]
2025/11/24 12:08:39.429921  127654136 017 ECU1 PVSE PVSE log verbose V 1 [Sensor::SendEventEvent_transferDataCyclic::Send]
2025/11/24 12:08:40.430824  127664145 018 ECU1 PVSE PVSE log verbose V 1 [Sensor::SendEventEvent_transferDataCyclic::Send]
2025/11/24 12:08:41.431725  127674154 019 ECU1 PVSE PVSE log verbose V 1 [Sensor::SendEventEvent_transferDataCyclic::Send]
2025/11/24 12:08:42.432616  127684163 020 ECU1 PVSE PVSE log verbose V 1 [Sensor::SendEventEvent_transferDataCyclic::Send]
2025/11/24 12:08:43.425702  127694094 021 ECU1 PVSE PVSE log info V 3 [Sensorv2::SendEventEvent_RequestDataCyclic::Received  1000  bytes]
2025/11/24 12:08:43.425730  127694094 022 ECU1 PVSE PVSE log info V 1 [First 50 bytes: 69 7f 67 4b 4b 5d 2e 1a 19 ab 70 bc ff 8e 62 52 c3 a5 e2 02 3c 09 eb ac 66 6a b1 5b 55 61 3e 31 4e e3 46 11 78 3b 70 a5 89 9f 71 72 c3 1a fd e9 eb b1 ]
2025/11/24 12:08:43.426461  127694101 023 ECU1 PVSE PVSE log verbose V 1 [Sensorv2::SendEventEvent_RequestDataCyclic::Received]
2025/11/24 12:08:43.433046  127694167 024 ECU1 PVSE PVSE log verbose V 1 [Sensor::SendEventEvent_transferDataCyclic::Send]
2025/11/24 12:08:44.434016  127704177 025 ECU1 PVSE PVSE log verbose V 1 [Sensor::SendEventEvent_transferDataCyclic::Send]
2025/11/24 12:08:45.434859  127714185 026 ECU1 PVSE PVSE log verbose V 1 [Sensor::SendEventEvent_transferDataCyclic::Send]
2025/11/24 12:08:46.435732  127724194 027 ECU1 PVSE PVSE log verbose V 1 [Sensor::SendEventEvent_transferDataCyclic::Send]
2025/11/24 12:08:47.436545  127734202 028 ECU1 PVSE PVSE log verbose V 1 [Sensor::SendEventEvent_transferDataCyclic::Send]
2025/11/24 12:08:48.437141  127744208 029 ECU1 PVSE PVSE log verbose V 1 [Sensor::SendEventEvent_transferDataCyclic::Send]
2025/11/24 12:08:49.437817  127754215 030 ECU1 PVSE PVSE log verbose V 1 [Sensor::SendEventEvent_transferDataCyclic::Send]
2025/11/24 12:08:50.438772  127764225 031 ECU1 PVSE PVSE log verbose V 1 [Sensor::SendEventEvent_transferDataCyclic::Send]
2025/11/24 12:08:51.439427  127774231 032 ECU1 PVSE PVSE log verbose V 1 [Sensor::SendEventEvent_transferDataCyclic::Send]
2025/11/24 12:08:52.439739  127784234 033 Ent_transferData::GetNewSamples:: 1]
2025/11/24 12:08:43.436479  127694202 034 ECU1 CLSE CLSE log verbose V 2 [Sensorv2::ReceiveEventEvent_RequestData::GetNewSamples:: 1]
2025/11/24 12:08:43.436657  127694203 035 ECU1 CLSE CLSE log verbose V 2 [Sensor::ReceiveEventEvent_transferData::GetNewSamples:: 1]
2025/11/24 12:08:44.436576  127704203 036 ECU1 CLSE CLSE log verbose V 2 [Sensorv2::ReceiveEventEvent_RequestData::GetNewSamples:: 0]
2025/11/24 12:08:44.436829  127704205 037 ECU1 CLSE CLSE log verbose V 2 [Sensor::ReceiveEventEvent_transferData::GetNewSamples:: 1]
2025/11/24 12:08:45.436707  127714204 038 ECU1 CLSE CLSE log verbose V 2 [Sensorv2::ReceiveEventEvent_RequestData::GetNewSamples:: 0]
2025/11/24 12:08:45.437015  127714207 039 ECU1 CLSE CLSE log verbose V 2 [Sensor::ReceiveEventEvent_transferData::GetNewSamples:: 1]
2025/11/24 12:08:46.436839  127724205 040 ECU1 CLSE CLSE log verbose V 2 [Sensorv2::ReceiveEventEvent_RequestData::GetNewSamples:: 0]
2025/11/24 12:08:46.437189  127724209 041 ECU1 CLSE CLSE log verbose V 2 [Sensor::ReceiveEventEvent_transferData::GetNewSamples:: 1]
2025/11/24 12:08:47.437010  127734207 042 ECU1 CLSE CLSE log verbose V 2 [Sensorv2::ReceiveEventEvent_RequestData::GetNewSamples:: 0]
2025/11/24 12:08:47.437309  127734210 043 ECU1 CLSE CLSE log verbose V 2 [Sensor::ReceiveEventEvent_transferData::GetNewSamples:: 1]
2025/11/24 12:08:48.437209  127744209 044 ECU1 CLSE CLSE log verbose V 2 [Sensorv2::ReceiveEventEvent_RequestData::GetNewSamples:: 0]
2025/11/24 12:08:48.437443  127744211 045 ECU1 CLSE CLSE log verbose V 2 [Sensor::ReceiveEventEvent_transferData::GetNewSamples:: 1]
2025/11/24 12:08:49.437307  127754210 046 ECU1 CLSE CLSE log verbose V 2 [Sensorv2::ReceiveEventEvent_RequestData::GetNewSamples:: 0]
2025/11/24 12:08:49.437565  127754213 047 ECU1 CLSE CLSE log verbose V 2 [Sensor::ReceiveEventEvent_transferData::GetNewSamples:: 0]
2025/11/24 12:08:50.437456  127764211 048 ECU1 CLSE CLSE log verbose V 2 [Sensorv2::ReceiveEventEvent_RequestData::GetNewSamples:: 0]
2025/11/24 12:08:50.437694  127764214 049 ECU1 CLSE CLSE log verbose V 2 [Sensor::ReceiveEventEvent_transferData::GetNewSamples:: 1]
2025/11/24 12:08:51.437612  127774213 050 ECU1 CLSE CLSE log verbose V 2 [Sensorv2::ReceiveEventEvent_RequestData::GetNewSamples:: 0]
2025/11/24 12:08:51.437849  127774215 051 ECU1 CLSE CLSE log verbose V 2 [Sensor::ReceiveEventEvent_transferData::GetNewSamples:: 1]
2025/11/24 12:08:52.437747  127784214 052 ECU1 CLSE CLSE log verbose V 2 [Sensorv2::ReceiveEventEvent_RequestData::GetNewSamples:: 0]
2025/11/24 12:08:52.437984  127784217 053 ECU1 CLSE CLSE log verbose V 2 [Sensor::ReceiveEventEvent_transferData::GetNewSamples:: 1]
2025/11/24 12:08:53.437874  127794216 054 ECU1 CLSE CLSE log verbose V 2 [Sensorv2::ReceiveEventEvent_RequestData::GetNewSamples:: 1]
2025/11/24 12:08:53.438098  127794218 055 ECU1 CLSE CLSE log verbose V 2 [Sensor::ReceiveEventEvent_transferData::GetNewSamples:: 1]
2025/11/24 12:08:54.438011  127804217 056 ECU1 CLSE CLSE log verbose V 2 [Sensorv2::ReceiveEventEvent_RequestData::GetNewSamples:: 0]
2025/11/24 12:08:54.438203  127804219 057 ECU1 CLSE CLSE log verbose V 2 [Sensor::ReceiveEventEvent_transferData::GetNewSamples:: 1]
2025/11/24 12:08:55.438205  127814219 058 ECU1 CLSE CLSE log verbose V 2 [Sensorv2::ReceiveEventEvent_RequestData::GetNewSamples:: 0]
2025/11/24 12:08:55.438306  127814220 059 ECU1 CLSE CLSE log verbose V 2 [Sensor::ReceiveEventEvent_transferData::GetNewSamples:: 1]
2025/11/24 12:08:56.438398  127824221 061 ECU1 CLSE CLSE log verbose V 2 [Sensor::ReceiveEventEvent_transferData::GetNewSamples:: 1]
2025/11/24 12:08:56.438395  127824221 060 ECU1 CLSE CLSE log verbose V 2 [Sensorv2::ReceiveEventEvent_RequestData::GetNewSamples:: 0]
062 ECU1 CLSE CLSE log verbose V 2 [Sensor::ReceiveEventEvent_transferData::GetNewSamples:: 1]
2025/11/24 12:08:57.438603  127834223 063 ECU1 CLSE CLSE log verbose V 2 [Sensorv2::ReceiveEventEvent_RequestData::GetNewSamples:: 0]
2025/11/24 12:08:58.438729  127844224 064 ECU1 CLSE CLSE log verbose V 2 [Sensor::ReceiveEven